swanlab: \ Creating experiment...                                                                                                    swanlab:Tracking run with swanlab version 0.3.0
swanlab:Run data will be saved locally in /home/aaron/Aaron/projects/QRC/legged_gym/legged_gym/scripts/swanlog/run-20240501_215106-aab94a2e
swanlab:👋 Hi Aaron, welcome to swanlab!
swanlab:Syncing run exp_May01_21-51-06 to the cloud
swanlab:🌟 Run `swanlab watch -l /home/aaron/Aaron/projects/QRC/legged_gym/legged_gym/scripts/swanlog` to view SwanLab Experiment Dashboard locally
swanlab:🏠 View project at https://dev101.swanlab.cn/@Aaron/parkour_new
swanlab:🚀 View run at https://dev101.swanlab.cn/@Aaron/parkour_new/runs/6pgofhlvalhk3hoseqxl4
Setting seed: 1
********************************************************************************
Start creating ground...
Converting heightmap to trimesh...
Created 1140800 vertices
Created 2277282 triangles
Adding trimesh to simulation...
Trimesh added
Finished creating ground. Time taken 3.30 s
********************************************************************************
force sensors set at: ['base', 'FL_hip', 'FL_thigh', 'FL_calf', 'FL_foot', 'FR_hip', 'FR_thigh', 'FR_calf', 'FR_foot', 'Head_upper', 'RL_hip', 'RL_thigh', 'RL_calf', 'RL_foot', 'RR_hip', 'RR_thigh', 'RR_calf', 'RR_foot']
Creating env...
Using MLP and Priviliged Env encoder ActorCritic structure
ActorCritic.__init__ got unexpected arguments, which will be ignored: ['continue_from_last_std', 'priv_encoder_dims', 'rnn_hidden_size', 'rnn_num_layers', 'rnn_type', 'sigmoid_output']
################################################################################
                       Learning iteration 0/50000                       

                       Computation: 19680 steps/s (collection: 4.858s, learning 0.137s)
             Mean action noise std: 1.00
               Mean reward (total): 0.03
               Mean episode length: 20.01
                  Priv latent loss: 0.9002
                  Depth actor loss: 0.0316
--------------------------------------------------------------------------------
      Mean episode rew_action_rate: -0.0000
       Mean episode rew_ang_vel_xy: -0.0022
        Mean episode rew_collision: -0.0457
    Mean episode rew_delta_torques: -0.0000
          Mean episode rew_dof_acc: -0.0012
        Mean episode rew_dof_error: -0.0003
   Mean episode rew_dof_pos_limits: -0.0002
     Mean episode rew_feet_stumble: -0.0013
          Mean episode rew_hip_pos: -0.0006
        Mean episode rew_lin_vel_z: -0.0049
          Mean episode rew_torques: -0.0001
 Mean episode rew_tracking_lin_vel: 0.0001
     Mean episode rew_tracking_yaw: 0.0050
--------------------------------------------------------------------------------
                   Total timesteps: 98304
                    Iteration time: 4.99s
                        Total time: 4.99s
                               ETA: 4162 mins 29.9 s

################################################################################
                       Learning iteration 1/50000                       

                       Computation: 85038 steps/s (collection: 1.122s, learning 0.034s)
             Mean action noise std: 1.00
               Mean reward (total): 0.20
               Mean episode length: 42.13
                  Priv latent loss: 0.9007
                  Depth actor loss: 0.4112
--------------------------------------------------------------------------------
      Mean episode rew_action_rate: -0.0001
       Mean episode rew_ang_vel_xy: -0.0014
        Mean episode rew_collision: -0.0348
    Mean episode rew_delta_torques: -0.0000
          Mean episode rew_dof_acc: -0.0033
        Mean episode rew_dof_error: -0.0007
   Mean episode rew_dof_pos_limits: 0.0000
     Mean episode rew_feet_stumble: -0.0004
          Mean episode rew_hip_pos: -0.0005
        Mean episode rew_lin_vel_z: -0.0034
          Mean episode rew_torques: -0.0002
 Mean episode rew_tracking_lin_vel: 0.0006
     Mean episode rew_tracking_yaw: 0.0159
--------------------------------------------------------------------------------
                   Total timesteps: 196608
                    Iteration time: 1.16s
                        Total time: 6.15s
                               ETA: 2562 mins 51.6 s

################################################################################
                       Learning iteration 2/50000                       

                       Computation: 89431 steps/s (collection: 1.066s, learning 0.033s)
             Mean action noise std: 1.00
               Mean reward (total): 0.15
               Mean episode length: 36.29
                  Priv latent loss: 0.8959
                  Depth actor loss: 0.3224
--------------------------------------------------------------------------------
      Mean episode rew_action_rate: -0.0001
       Mean episode rew_ang_vel_xy: -0.0013
        Mean episode rew_collision: -0.0451
    Mean episode rew_delta_torques: -0.0000
          Mean episode rew_dof_acc: -0.0039
        Mean episode rew_dof_error: -0.0008
   Mean episode rew_dof_pos_limits: -0.0000
     Mean episode rew_feet_stumble: -0.0004
          Mean episode rew_hip_pos: -0.0007
        Mean episode rew_lin_vel_z: -0.0033
          Mean episode rew_torques: -0.0002
 Mean episode rew_tracking_lin_vel: 0.0009
     Mean episode rew_tracking_yaw: 0.0176
--------------------------------------------------------------------------------
                   Total timesteps: 294912
                    Iteration time: 1.10s
                        Total time: 7.25s
                               ETA: 2013 mins 51.8 s

################################################################################
                       Learning iteration 3/50000                       

                       Computation: 89872 steps/s (collection: 1.060s, learning 0.034s)
             Mean action noise std: 1.00
               Mean reward (total): 0.18
               Mean episode length: 41.31
                  Priv latent loss: 0.8941
                  Depth actor loss: 0.1754
--------------------------------------------------------------------------------
      Mean episode rew_action_rate: -0.0002
       Mean episode rew_ang_vel_xy: -0.0013
        Mean episode rew_collision: -0.0537
    Mean episode rew_delta_torques: -0.0000
          Mean episode rew_dof_acc: -0.0043
        Mean episode rew_dof_error: -0.0009
   Mean episode rew_dof_pos_limits: -0.0000
     Mean episode rew_feet_stumble: -0.0003
          Mean episode rew_hip_pos: -0.0007
        Mean episode rew_lin_vel_z: -0.0033
          Mean episode rew_torques: -0.0002
 Mean episode rew_tracking_lin_vel: 0.0009
     Mean episode rew_tracking_yaw: 0.0183
--------------------------------------------------------------------------------
                   Total timesteps: 393216
                    Iteration time: 1.09s
                        Total time: 8.34s
                               ETA: 1738 mins 14.0 s

################################################################################
                       Learning iteration 4/50000                       

                       Computation: 91049 steps/s (collection: 1.048s, learning 0.032s)
             Mean action noise std: 1.00
               Mean reward (total): 0.15
               Mean episode length: 37.27
                  Priv latent loss: 0.8934
                  Depth actor loss: 0.0513
--------------------------------------------------------------------------------
      Mean episode rew_action_rate: -0.0001
       Mean episode rew_ang_vel_xy: -0.0013
        Mean episode rew_collision: -0.0369
    Mean episode rew_delta_torques: -0.0000
          Mean episode rew_dof_acc: -0.0041
        Mean episode rew_dof_error: -0.0007
   Mean episode rew_dof_pos_limits: -0.0000
     Mean episode rew_feet_stumble: -0.0003
          Mean episode rew_hip_pos: -0.0006
        Mean episode rew_lin_vel_z: -0.0034
          Mean episode rew_torques: -0.0002
 Mean episode rew_tracking_lin_vel: 0.0008
     Mean episode rew_tracking_yaw: 0.0169
--------------------------------------------------------------------------------
                   Total timesteps: 491520
                    Iteration time: 1.08s
                        Total time: 9.42s
                               ETA: 1570 mins 29.4 s

################################################################################
                       Learning iteration 5/50000                       

                       Computation: 106020 steps/s (collection: 0.895s, learning 0.032s)
             Mean action noise std: 1.00
               Mean reward (total): 0.16
               Mean episode length: 35.57
                  Priv latent loss: 0.8952
                  Depth actor loss: 0.1096
--------------------------------------------------------------------------------
      Mean episode rew_action_rate: -0.0001
       Mean episode rew_ang_vel_xy: -0.0014
        Mean episode rew_collision: -0.0397
    Mean episode rew_delta_torques: -0.0000
          Mean episode rew_dof_acc: -0.0043
        Mean episode rew_dof_error: -0.0008
   Mean episode rew_dof_pos_limits: -0.0000
     Mean episode rew_feet_stumble: -0.0002
          Mean episode rew_hip_pos: -0.0005
        Mean episode rew_lin_vel_z: -0.0031
          Mean episode rew_torques: -0.0002
 Mean episode rew_tracking_lin_vel: 0.0010
     Mean episode rew_tracking_yaw: 0.0178
--------------------------------------------------------------------------------
                   Total timesteps: 589824
                    Iteration time: 0.93s
                        Total time: 10.35s
                               ETA: 1437 mins 29.0 s

################################################################################
                       Learning iteration 6/50000                       

                       Computation: 101191 steps/s (collection: 0.940s, learning 0.032s)
             Mean action noise std: 1.00
               Mean reward (total): 0.18
               Mean episode length: 39.90
                  Priv latent loss: 0.8973
                  Depth actor loss: 0.1271
--------------------------------------------------------------------------------
      Mean episode rew_action_rate: -0.0001
       Mean episode rew_ang_vel_xy: -0.0014
        Mean episode rew_collision: -0.0363
    Mean episode rew_delta_torques: -0.0000
          Mean episode rew_dof_acc: -0.0041
        Mean episode rew_dof_error: -0.0007
   Mean episode rew_dof_pos_limits: -0.0000
     Mean episode rew_feet_stumble: -0.0002
          Mean episode rew_hip_pos: -0.0006
        Mean episode rew_lin_vel_z: -0.0031
          Mean episode rew_torques: -0.0002
 Mean episode rew_tracking_lin_vel: 0.0007
     Mean episode rew_tracking_yaw: 0.0166
--------------------------------------------------------------------------------
                   Total timesteps: 688128
                    Iteration time: 0.97s
                        Total time: 11.32s
                               ETA: 1347 mins 44.4 s

################################################################################
                       Learning iteration 7/50000                       

                       Computation: 99205 steps/s (collection: 0.959s, learning 0.032s)
             Mean action noise std: 1.00
               Mean reward (total): 0.18
               Mean episode length: 41.06
                  Priv latent loss: 0.8988
                  Depth actor loss: 0.0964
--------------------------------------------------------------------------------
      Mean episode rew_action_rate: -0.0001
       Mean episode rew_ang_vel_xy: -0.0014
        Mean episode rew_collision: -0.0313
    Mean episode rew_delta_torques: -0.0000
          Mean episode rew_dof_acc: -0.0041
        Mean episode rew_dof_error: -0.0007
   Mean episode rew_dof_pos_limits: 0.0000
     Mean episode rew_feet_stumble: -0.0003
          Mean episode rew_hip_pos: -0.0004
        Mean episode rew_lin_vel_z: -0.0030
          Mean episode rew_torques: -0.0002
 Mean episode rew_tracking_lin_vel: 0.0008
     Mean episode rew_tracking_yaw: 0.0173
--------------------------------------------------------------------------------
                   Total timesteps: 786432
                    Iteration time: 0.99s
                        Total time: 12.31s
                               ETA: 1282 mins 27.3 s

################################################################################
                       Learning iteration 8/50000                       

                       Computation: 104651 steps/s (collection: 0.907s, learning 0.032s)
             Mean action noise std: 1.00
               Mean reward (total): 0.16
               Mean episode length: 36.01
                  Priv latent loss: 0.8998
                  Depth actor loss: 0.0486
--------------------------------------------------------------------------------
      Mean episode rew_action_rate: -0.0001
       Mean episode rew_ang_vel_xy: -0.0014
        Mean episode rew_collision: -0.0411
    Mean episode rew_delta_torques: -0.0000
          Mean episode rew_dof_acc: -0.0039
        Mean episode rew_dof_error: -0.0007
   Mean episode rew_dof_pos_limits: -0.0000
     Mean episode rew_feet_stumble: -0.0004
          Mean episode rew_hip_pos: -0.0006
        Mean episode rew_lin_vel_z: -0.0029
          Mean episode rew_torques: -0.0002
 Mean episode rew_tracking_lin_vel: 0.0008
     Mean episode rew_tracking_yaw: 0.0176
--------------------------------------------------------------------------------
                   Total timesteps: 884736
                    Iteration time: 0.94s
                        Total time: 13.25s
                               ETA: 1226 mins 54.0 s

################################################################################
                       Learning iteration 9/50000                       

                       Computation: 99673 steps/s (collection: 0.954s, learning 0.032s)
             Mean action noise std: 1.00
               Mean reward (total): 0.19
               Mean episode length: 38.00
                  Priv latent loss: 0.9027
                  Depth actor loss: 0.0431
--------------------------------------------------------------------------------
      Mean episode rew_action_rate: -0.0001
       Mean episode rew_ang_vel_xy: -0.0014
        Mean episode rew_collision: -0.0268
    Mean episode rew_delta_torques: -0.0000
          Mean episode rew_dof_acc: -0.0043
        Mean episode rew_dof_error: -0.0007
   Mean episode rew_dof_pos_limits: 0.0000
     Mean episode rew_feet_stumble: -0.0002
          Mean episode rew_hip_pos: -0.0004
        Mean episode rew_lin_vel_z: -0.0030
          Mean episode rew_torques: -0.0002
 Mean episode rew_tracking_lin_vel: 0.0008
     Mean episode rew_tracking_yaw: 0.0174
--------------------------------------------------------------------------------
                   Total timesteps: 983040
                    Iteration time: 0.99s
                        Total time: 14.24s
                               ETA: 1186 mins 21.7 s

################################################################################
                      Learning iteration 10/50000                       

                       Computation: 98984 steps/s (collection: 0.961s, learning 0.032s)
             Mean action noise std: 1.00
               Mean reward (total): 0.14
               Mean episode length: 32.68
                  Priv latent loss: 0.9085
                  Depth actor loss: 0.0562
--------------------------------------------------------------------------------
      Mean episode rew_action_rate: -0.0001
       Mean episode rew_ang_vel_xy: -0.0014
        Mean episode rew_collision: -0.0527
    Mean episode rew_delta_torques: -0.0000
          Mean episode rew_dof_acc: -0.0043
        Mean episode rew_dof_error: -0.0007
   Mean episode rew_dof_pos_limits: 0.0000
     Mean episode rew_feet_stumble: -0.0004
          Mean episode rew_hip_pos: -0.0007
        Mean episode rew_lin_vel_z: -0.0031
          Mean episode rew_torques: -0.0002
 Mean episode rew_tracking_lin_vel: 0.0008
     Mean episode rew_tracking_yaw: 0.0174
--------------------------------------------------------------------------------
                   Total timesteps: 1081344
                    Iteration time: 0.99s
                        Total time: 15.23s
                               ETA: 1153 mins 42.6 s

################################################################################
                      Learning iteration 11/50000                       

                       Computation: 97955 steps/s (collection: 0.972s, learning 0.032s)
             Mean action noise std: 1.00
               Mean reward (total): 0.15
               Mean episode length: 35.01
                  Priv latent loss: 0.9108
                  Depth actor loss: 0.0634
--------------------------------------------------------------------------------
      Mean episode rew_action_rate: -0.0001
       Mean episode rew_ang_vel_xy: -0.0014
        Mean episode rew_collision: -0.0577
    Mean episode rew_delta_torques: -0.0000
          Mean episode rew_dof_acc: -0.0039
        Mean episode rew_dof_error: -0.0007
   Mean episode rew_dof_pos_limits: -0.0000
     Mean episode rew_feet_stumble: -0.0004
          Mean episode rew_hip_pos: -0.0008
        Mean episode rew_lin_vel_z: -0.0032
          Mean episode rew_torques: -0.0002
 Mean episode rew_tracking_lin_vel: 0.0007
     Mean episode rew_tracking_yaw: 0.0159
--------------------------------------------------------------------------------
                   Total timesteps: 1179648
                    Iteration time: 1.00s
                        Total time: 16.24s
                               ETA: 1127 mins 13.4 s

################################################################################
                      Learning iteration 12/50000                       

                       Computation: 96509 steps/s (collection: 0.987s, learning 0.032s)
             Mean action noise std: 1.00
               Mean reward (total): 0.15
               Mean episode length: 34.61
                  Priv latent loss: 0.9090
                  Depth actor loss: 0.0450
--------------------------------------------------------------------------------
      Mean episode rew_action_rate: -0.0001
       Mean episode rew_ang_vel_xy: -0.0014
        Mean episode rew_collision: -0.0763
    Mean episode rew_delta_torques: -0.0000
          Mean episode rew_dof_acc: -0.0045
        Mean episode rew_dof_error: -0.0007
   Mean episode rew_dof_pos_limits: 0.0000
     Mean episode rew_feet_stumble: -0.0002
          Mean episode rew_hip_pos: -0.0007
        Mean episode rew_lin_vel_z: -0.0030
          Mean episode rew_torques: -0.0002
 Mean episode rew_tracking_lin_vel: 0.0008
     Mean episode rew_tracking_yaw: 0.0168
--------------------------------------------------------------------------------
                   Total timesteps: 1277952
                    Iteration time: 1.02s
                        Total time: 17.25s
                               ETA: 1105 mins 46.3 s

################################################################################
                      Learning iteration 13/50000                       

                       Computation: 107302 steps/s (collection: 0.884s, learning 0.032s)
             Mean action noise std: 1.00
               Mean reward (total): 0.13
               Mean episode length: 31.10
                  Priv latent loss: 0.9049
                  Depth actor loss: 0.0195
--------------------------------------------------------------------------------
      Mean episode rew_action_rate: -0.0001
       Mean episode rew_ang_vel_xy: -0.0014
        Mean episode rew_collision: -0.0468
    Mean episode rew_delta_torques: -0.0000
          Mean episode rew_dof_acc: -0.0038
        Mean episode rew_dof_error: -0.0006
   Mean episode rew_dof_pos_limits: 0.0000
     Mean episode rew_feet_stumble: -0.0003
          Mean episode rew_hip_pos: -0.0005
        Mean episode rew_lin_vel_z: -0.0033
          Mean episode rew_torques: -0.0002
 Mean episode rew_tracking_lin_vel: 0.0006
     Mean episode rew_tracking_yaw: 0.0153
--------------------------------------------------------------------------------
                   Total timesteps: 1376256
                    Iteration time: 0.92s
                        Total time: 18.17s
                               ETA: 1081 mins 17.1 s

################################################################################
                      Learning iteration 14/50000                       

                       Computation: 100996 steps/s (collection: 0.941s, learning 0.032s)
             Mean action noise std: 1.00
               Mean reward (total): 0.14
               Mean episode length: 35.08
                  Priv latent loss: 0.9020
                  Depth actor loss: 0.0268
--------------------------------------------------------------------------------
      Mean episode rew_action_rate: -0.0001
       Mean episode rew_ang_vel_xy: -0.0014
        Mean episode rew_collision: -0.0405
    Mean episode rew_delta_torques: -0.0000
          Mean episode rew_dof_acc: -0.0039
        Mean episode rew_dof_error: -0.0007
   Mean episode rew_dof_pos_limits: 0.0000
     Mean episode rew_feet_stumble: -0.0004
          Mean episode rew_hip_pos: -0.0007
        Mean episode rew_lin_vel_z: -0.0031
          Mean episode rew_torques: -0.0002
 Mean episode rew_tracking_lin_vel: 0.0005
     Mean episode rew_tracking_yaw: 0.0155
--------------------------------------------------------------------------------
                   Total timesteps: 1474560
                    Iteration time: 0.97s
                        Total time: 19.14s
                               ETA: 1063 mins 14.3 s

################################################################################
                      Learning iteration 15/50000                       

                       Computation: 105375 steps/s (collection: 0.900s, learning 0.032s)
             Mean action noise std: 1.00
               Mean reward (total): 0.15
               Mean episode length: 33.33
                  Priv latent loss: 0.9008
                  Depth actor loss: 0.0336
--------------------------------------------------------------------------------
      Mean episode rew_action_rate: -0.0001
       Mean episode rew_ang_vel_xy: -0.0014
        Mean episode rew_collision: -0.0418
    Mean episode rew_delta_torques: -0.0000
          Mean episode rew_dof_acc: -0.0038
        Mean episode rew_dof_error: -0.0006
   Mean episode rew_dof_pos_limits: 0.0000
     Mean episode rew_feet_stumble: -0.0004
          Mean episode rew_hip_pos: -0.0005
        Mean episode rew_lin_vel_z: -0.0030
          Mean episode rew_torques: -0.0002
 Mean episode rew_tracking_lin_vel: 0.0008
     Mean episode rew_tracking_yaw: 0.0157
--------------------------------------------------------------------------------
                   Total timesteps: 1572864
                    Iteration time: 0.93s
                        Total time: 20.08s
                               ETA: 1045 mins 20.4 s

################################################################################
                      Learning iteration 16/50000                       

                       Computation: 102076 steps/s (collection: 0.931s, learning 0.032s)
             Mean action noise std: 1.00
               Mean reward (total): 0.15
               Mean episode length: 37.05
                  Priv latent loss: 0.8993
                  Depth actor loss: 0.0351
--------------------------------------------------------------------------------
      Mean episode rew_action_rate: -0.0001
       Mean episode rew_ang_vel_xy: -0.0014
        Mean episode rew_collision: -0.0497
    Mean episode rew_delta_torques: -0.0000
          Mean episode rew_dof_acc: -0.0040
        Mean episode rew_dof_error: -0.0007
   Mean episode rew_dof_pos_limits: 0.0000
     Mean episode rew_feet_stumble: -0.0003
          Mean episode rew_hip_pos: -0.0008
        Mean episode rew_lin_vel_z: -0.0032
          Mean episode rew_torques: -0.0002
 Mean episode rew_tracking_lin_vel: 0.0007
     Mean episode rew_tracking_yaw: 0.0161
--------------------------------------------------------------------------------
                   Total timesteps: 1671168
                    Iteration time: 0.96s
                        Total time: 21.04s
                               ETA: 1031 mins 1.3 s

################################################################################
                      Learning iteration 17/50000                       

                       Computation: 105105 steps/s (collection: 0.903s, learning 0.032s)
             Mean action noise std: 1.00
               Mean reward (total): 0.14
               Mean episode length: 33.04
                  Priv latent loss: 0.8977
                  Depth actor loss: 0.0305
--------------------------------------------------------------------------------
      Mean episode rew_action_rate: -0.0001
       Mean episode rew_ang_vel_xy: -0.0014
        Mean episode rew_collision: -0.0496
    Mean episode rew_delta_torques: -0.0000
          Mean episode rew_dof_acc: -0.0041
        Mean episode rew_dof_error: -0.0006
   Mean episode rew_dof_pos_limits: -0.0000
     Mean episode rew_feet_stumble: -0.0005
          Mean episode rew_hip_pos: -0.0006
        Mean episode rew_lin_vel_z: -0.0031
          Mean episode rew_torques: -0.0002
 Mean episode rew_tracking_lin_vel: 0.0005
     Mean episode rew_tracking_yaw: 0.0150
--------------------------------------------------------------------------------
                   Total timesteps: 1769472
                    Iteration time: 0.94s
                        Total time: 21.97s
                               ETA: 1017 mins 0.6 s

################################################################################
                      Learning iteration 18/50000                       

                       Computation: 100696 steps/s (collection: 0.944s, learning 0.032s)
             Mean action noise std: 1.00
               Mean reward (total): 0.13
               Mean episode length: 38.06
                  Priv latent loss: 0.8955
                  Depth actor loss: 0.0167
--------------------------------------------------------------------------------
      Mean episode rew_action_rate: -0.0001
       Mean episode rew_ang_vel_xy: -0.0014
        Mean episode rew_collision: -0.0633
    Mean episode rew_delta_torques: -0.0000
          Mean episode rew_dof_acc: -0.0041
        Mean episode rew_dof_error: -0.0007
   Mean episode rew_dof_pos_limits: 0.0000
     Mean episode rew_feet_stumble: -0.0003
          Mean episode rew_hip_pos: -0.0010
        Mean episode rew_lin_vel_z: -0.0033
          Mean episode rew_torques: -0.0002
 Mean episode rew_tracking_lin_vel: 0.0008
     Mean episode rew_tracking_yaw: 0.0159
--------------------------------------------------------------------------------
                   Total timesteps: 1867776
                    Iteration time: 0.98s
                        Total time: 22.95s
                               ETA: 1006 mins 15.9 s

################################################################################
                      Learning iteration 19/50000                       

                       Computation: 111264 steps/s (collection: 0.852s, learning 0.032s)
             Mean action noise std: 1.00
               Mean reward (total): 0.13
               Mean episode length: 32.05
                  Priv latent loss: 0.8925
                  Depth actor loss: 0.0221
--------------------------------------------------------------------------------
      Mean episode rew_action_rate: -0.0001
       Mean episode rew_ang_vel_xy: -0.0014
        Mean episode rew_collision: -0.0388
    Mean episode rew_delta_torques: -0.0000
          Mean episode rew_dof_acc: -0.0039
        Mean episode rew_dof_error: -0.0006
   Mean episode rew_dof_pos_limits: 0.0000
     Mean episode rew_feet_stumble: -0.0004
          Mean episode rew_hip_pos: -0.0006
        Mean episode rew_lin_vel_z: -0.0030
          Mean episode rew_torques: -0.0002
 Mean episode rew_tracking_lin_vel: 0.0005
     Mean episode rew_tracking_yaw: 0.0147
--------------------------------------------------------------------------------
                   Total timesteps: 1966080
                    Iteration time: 0.88s
                        Total time: 23.83s
                               ETA: 992 mins 43.9 s

################################################################################
                      Learning iteration 20/50000                       

                       Computation: 107466 steps/s (collection: 0.882s, learning 0.032s)
             Mean action noise std: 1.00
               Mean reward (total): 0.13
               Mean episode length: 31.50
                  Priv latent loss: 0.8929
                  Depth actor loss: 0.0271
--------------------------------------------------------------------------------
      Mean episode rew_action_rate: -0.0001
       Mean episode rew_ang_vel_xy: -0.0014
        Mean episode rew_collision: -0.0273
    Mean episode rew_delta_torques: -0.0000
          Mean episode rew_dof_acc: -0.0037
        Mean episode rew_dof_error: -0.0006
   Mean episode rew_dof_pos_limits: 0.0000
     Mean episode rew_feet_stumble: -0.0003
          Mean episode rew_hip_pos: -0.0004
        Mean episode rew_lin_vel_z: -0.0031
          Mean episode rew_torques: -0.0002
 Mean episode rew_tracking_lin_vel: 0.0004
     Mean episode rew_tracking_yaw: 0.0143
--------------------------------------------------------------------------------
                   Total timesteps: 2064384
                    Iteration time: 0.91s
                        Total time: 24.75s
                               ETA: 981 mins 43.5 s

################################################################################
                      Learning iteration 21/50000                       

                       Computation: 100257 steps/s (collection: 0.948s, learning 0.032s)
             Mean action noise std: 1.00
               Mean reward (total): 0.14
               Mean episode length: 33.39
                  Priv latent loss: 0.8926
                  Depth actor loss: 0.0264
--------------------------------------------------------------------------------
      Mean episode rew_action_rate: -0.0001
       Mean episode rew_ang_vel_xy: -0.0014
        Mean episode rew_collision: -0.0203
    Mean episode rew_delta_torques: -0.0000
          Mean episode rew_dof_acc: -0.0037
        Mean episode rew_dof_error: -0.0005
   Mean episode rew_dof_pos_limits: -0.0000
     Mean episode rew_feet_stumble: -0.0004
          Mean episode rew_hip_pos: -0.0004
        Mean episode rew_lin_vel_z: -0.0030
          Mean episode rew_torques: -0.0002
 Mean episode rew_tracking_lin_vel: 0.0004
     Mean episode rew_tracking_yaw: 0.0141
--------------------------------------------------------------------------------
                   Total timesteps: 2162688
                    Iteration time: 0.98s
                        Total time: 25.73s
                               ETA: 974 mins 12.4 s

################################################################################
                      Learning iteration 22/50000                       

                       Computation: 94963 steps/s (collection: 1.003s, learning 0.032s)
             Mean action noise std: 1.00
               Mean reward (total): 0.14
               Mean episode length: 39.80
                  Priv latent loss: 0.8919
                  Depth actor loss: 0.0280
--------------------------------------------------------------------------------
      Mean episode rew_action_rate: -0.0001
       Mean episode rew_ang_vel_xy: -0.0014
        Mean episode rew_collision: -0.0938
    Mean episode rew_delta_torques: -0.0000
          Mean episode rew_dof_acc: -0.0045
        Mean episode rew_dof_error: -0.0007
   Mean episode rew_dof_pos_limits: 0.0000
     Mean episode rew_feet_stumble: -0.0003
          Mean episode rew_hip_pos: -0.0011
        Mean episode rew_lin_vel_z: -0.0030
          Mean episode rew_torques: -0.0002
 Mean episode rew_tracking_lin_vel: 0.0005
     Mean episode rew_tracking_yaw: 0.0151
--------------------------------------------------------------------------------
                   Total timesteps: 2260992
                    Iteration time: 1.04s
                        Total time: 26.77s
                               ETA: 969 mins 19.3 s

################################################################################
                      Learning iteration 23/50000                       

                       Computation: 102919 steps/s (collection: 0.923s, learning 0.032s)
             Mean action noise std: 1.00
               Mean reward (total): 0.15
               Mean episode length: 33.51
                  Priv latent loss: 0.8917
                  Depth actor loss: 0.0232
--------------------------------------------------------------------------------
      Mean episode rew_action_rate: -0.0001
       Mean episode rew_ang_vel_xy: -0.0015
        Mean episode rew_collision: -0.0667
    Mean episode rew_delta_torques: -0.0000
          Mean episode rew_dof_acc: -0.0045
        Mean episode rew_dof_error: -0.0007
   Mean episode rew_dof_pos_limits: -0.0000
     Mean episode rew_feet_stumble: -0.0005
          Mean episode rew_hip_pos: -0.0016
        Mean episode rew_lin_vel_z: -0.0032
          Mean episode rew_torques: -0.0002
 Mean episode rew_tracking_lin_vel: 0.0009
     Mean episode rew_tracking_yaw: 0.0158
--------------------------------------------------------------------------------
                   Total timesteps: 2359296
                    Iteration time: 0.96s
                        Total time: 27.72s
                               ETA: 962 mins 3.9 s

################################################################################
                      Learning iteration 24/50000                       

                       Computation: 106961 steps/s (collection: 0.887s, learning 0.032s)
             Mean action noise std: 1.00
               Mean reward (total): 0.14
               Mean episode length: 38.92
                  Priv latent loss: 0.8907
                  Depth actor loss: 0.0146
--------------------------------------------------------------------------------
      Mean episode rew_action_rate: -0.0001
       Mean episode rew_ang_vel_xy: -0.0014
        Mean episode rew_collision: -0.0522
    Mean episode rew_delta_torques: -0.0000
          Mean episode rew_dof_acc: -0.0042
        Mean episode rew_dof_error: -0.0006
   Mean episode rew_dof_pos_limits: 0.0000
     Mean episode rew_feet_stumble: -0.0003
          Mean episode rew_hip_pos: -0.0005
        Mean episode rew_lin_vel_z: -0.0030
          Mean episode rew_torques: -0.0002
 Mean episode rew_tracking_lin_vel: 0.0008
     Mean episode rew_tracking_yaw: 0.0157
--------------------------------------------------------------------------------
                   Total timesteps: 2457600
                    Iteration time: 0.92s
                        Total time: 28.64s
                               ETA: 954 mins 11.0 s

################################################################################
                      Learning iteration 25/50000                       

                       Computation: 104442 steps/s (collection: 0.909s, learning 0.032s)
             Mean action noise std: 1.00
               Mean reward (total): 0.13
               Mean episode length: 31.94
                  Priv latent loss: 0.8900
                  Depth actor loss: 0.0192
--------------------------------------------------------------------------------
      Mean episode rew_action_rate: -0.0001
       Mean episode rew_ang_vel_xy: -0.0014
        Mean episode rew_collision: -0.0769
    Mean episode rew_delta_torques: -0.0000
          Mean episode rew_dof_acc: -0.0044
        Mean episode rew_dof_error: -0.0007
   Mean episode rew_dof_pos_limits: 0.0000
     Mean episode rew_feet_stumble: -0.0005
          Mean episode rew_hip_pos: -0.0012
        Mean episode rew_lin_vel_z: -0.0033
          Mean episode rew_torques: -0.0002
 Mean episode rew_tracking_lin_vel: 0.0007
     Mean episode rew_tracking_yaw: 0.0153
--------------------------------------------------------------------------------
                   Total timesteps: 2555904
                    Iteration time: 0.94s
                        Total time: 29.58s
                               ETA: 947 mins 37.1 s

################################################################################
                      Learning iteration 26/50000                       

                       Computation: 100587 steps/s (collection: 0.945s, learning 0.032s)
             Mean action noise std: 1.00
               Mean reward (total): 0.11
               Mean episode length: 29.03
                  Priv latent loss: 0.8903
                  Depth actor loss: 0.0178
--------------------------------------------------------------------------------
      Mean episode rew_action_rate: -0.0001
       Mean episode rew_ang_vel_xy: -0.0014
        Mean episode rew_collision: -0.0249
    Mean episode rew_delta_torques: -0.0000
          Mean episode rew_dof_acc: -0.0034
        Mean episode rew_dof_error: -0.0005
   Mean episode rew_dof_pos_limits: 0.0000
     Mean episode rew_feet_stumble: -0.0004
          Mean episode rew_hip_pos: -0.0003
        Mean episode rew_lin_vel_z: -0.0031
          Mean episode rew_torques: -0.0002
 Mean episode rew_tracking_lin_vel: 0.0005
     Mean episode rew_tracking_yaw: 0.0138
--------------------------------------------------------------------------------
                   Total timesteps: 2654208
                    Iteration time: 0.98s
                        Total time: 30.56s
                               ETA: 942 mins 39.1 s

################################################################################
                      Learning iteration 27/50000                       

                       Computation: 103884 steps/s (collection: 0.913s, learning 0.033s)
             Mean action noise std: 1.00
               Mean reward (total): 0.12
               Mean episode length: 36.18
                  Priv latent loss: 0.8896
                  Depth actor loss: 0.0208
--------------------------------------------------------------------------------
      Mean episode rew_action_rate: -0.0001
       Mean episode rew_ang_vel_xy: -0.0016
        Mean episode rew_collision: -0.0569
    Mean episode rew_delta_torques: -0.0000
          Mean episode rew_dof_acc: -0.0044
        Mean episode rew_dof_error: -0.0007
   Mean episode rew_dof_pos_limits: -0.0000
     Mean episode rew_feet_stumble: -0.0006
          Mean episode rew_hip_pos: -0.0006
        Mean episode rew_lin_vel_z: -0.0032
          Mean episode rew_torques: -0.0002
 Mean episode rew_tracking_lin_vel: 0.0006
     Mean episode rew_tracking_yaw: 0.0148
--------------------------------------------------------------------------------
                   Total timesteps: 2752512
                    Iteration time: 0.95s
                        Total time: 31.50s
                               ETA: 937 mins 6.9 s

################################################################################
                      Learning iteration 28/50000                       

                       Computation: 110484 steps/s (collection: 0.858s, learning 0.032s)
             Mean action noise std: 1.00
               Mean reward (total): 0.11
               Mean episode length: 30.73
                  Priv latent loss: 0.8895
                  Depth actor loss: 0.0207
--------------------------------------------------------------------------------
      Mean episode rew_action_rate: -0.0001
       Mean episode rew_ang_vel_xy: -0.0014
        Mean episode rew_collision: -0.0355
    Mean episode rew_delta_torques: -0.0000
          Mean episode rew_dof_acc: -0.0038
        Mean episode rew_dof_error: -0.0006
   Mean episode rew_dof_pos_limits: 0.0000
     Mean episode rew_feet_stumble: -0.0004
          Mean episode rew_hip_pos: -0.0003
        Mean episode rew_lin_vel_z: -0.0031
          Mean episode rew_torques: -0.0002
 Mean episode rew_tracking_lin_vel: 0.0005
     Mean episode rew_tracking_yaw: 0.0142
--------------------------------------------------------------------------------
                   Total timesteps: 2850816
                    Iteration time: 0.89s
                        Total time: 32.39s
                               ETA: 930 mins 20.1 s

################################################################################
                      Learning iteration 29/50000                       

                       Computation: 103055 steps/s (collection: 0.922s, learning 0.032s)
             Mean action noise std: 1.00
               Mean reward (total): 0.12
               Mean episode length: 30.53
                  Priv latent loss: 0.8900
                  Depth actor loss: 0.0188
--------------------------------------------------------------------------------
      Mean episode rew_action_rate: -0.0001
       Mean episode rew_ang_vel_xy: -0.0014
        Mean episode rew_collision: -0.0254
    Mean episode rew_delta_torques: -0.0000
          Mean episode rew_dof_acc: -0.0035
        Mean episode rew_dof_error: -0.0006
   Mean episode rew_dof_pos_limits: -0.0000
     Mean episode rew_feet_stumble: -0.0003
          Mean episode rew_hip_pos: -0.0003
        Mean episode rew_lin_vel_z: -0.0031
          Mean episode rew_torques: -0.0002
 Mean episode rew_tracking_lin_vel: 0.0004
     Mean episode rew_tracking_yaw: 0.0136
--------------------------------------------------------------------------------
                   Total timesteps: 2949120
                    Iteration time: 0.95s
                        Total time: 33.35s
                               ETA: 925 mins 47.3 s

################################################################################
                      Learning iteration 30/50000                       

                       Computation: 105133 steps/s (collection: 0.903s, learning 0.032s)
             Mean action noise std: 1.00
               Mean reward (total): 0.13
               Mean episode length: 31.53
                  Priv latent loss: 0.8895
                  Depth actor loss: 0.0159
--------------------------------------------------------------------------------
      Mean episode rew_action_rate: -0.0001
       Mean episode rew_ang_vel_xy: -0.0014
        Mean episode rew_collision: -0.0537
    Mean episode rew_delta_torques: -0.0000
          Mean episode rew_dof_acc: -0.0040
        Mean episode rew_dof_error: -0.0006
   Mean episode rew_dof_pos_limits: -0.0000
     Mean episode rew_feet_stumble: -0.0005
          Mean episode rew_hip_pos: -0.0008
        Mean episode rew_lin_vel_z: -0.0033
          Mean episode rew_torques: -0.0002
 Mean episode rew_tracking_lin_vel: 0.0006
     Mean episode rew_tracking_yaw: 0.0152
--------------------------------------------------------------------------------
                   Total timesteps: 3047424
                    Iteration time: 0.94s
                        Total time: 34.28s
                               ETA: 921 mins 1.6 s

################################################################################
                      Learning iteration 31/50000                       

                       Computation: 91389 steps/s (collection: 1.043s, learning 0.032s)
             Mean action noise std: 1.00
               Mean reward (total): 0.14
               Mean episode length: 32.38
                  Priv latent loss: 0.8885
                  Depth actor loss: 0.0151
--------------------------------------------------------------------------------
      Mean episode rew_action_rate: -0.0001
       Mean episode rew_ang_vel_xy: -0.0014
        Mean episode rew_collision: -0.1179
    Mean episode rew_delta_torques: -0.0000
          Mean episode rew_dof_acc: -0.0046
        Mean episode rew_dof_error: -0.0007
   Mean episode rew_dof_pos_limits: 0.0000
     Mean episode rew_feet_stumble: -0.0002
          Mean episode rew_hip_pos: -0.0006
        Mean episode rew_lin_vel_z: -0.0030
          Mean episode rew_torques: -0.0002
 Mean episode rew_tracking_lin_vel: 0.0007
     Mean episode rew_tracking_yaw: 0.0166
--------------------------------------------------------------------------------
                   Total timesteps: 3145728
                    Iteration time: 1.08s
                        Total time: 35.36s
                               ETA: 920 mins 13.3 s

################################################################################
                      Learning iteration 32/50000                       

                       Computation: 110429 steps/s (collection: 0.858s, learning 0.032s)
             Mean action noise std: 1.00
               Mean reward (total): 0.11
               Mean episode length: 28.62
                  Priv latent loss: 0.8887
                  Depth actor loss: 0.0138
--------------------------------------------------------------------------------
      Mean episode rew_action_rate: -0.0001
       Mean episode rew_ang_vel_xy: -0.0014
        Mean episode rew_collision: -0.0223
    Mean episode rew_delta_torques: -0.0000
          Mean episode rew_dof_acc: -0.0038
        Mean episode rew_dof_error: -0.0006
   Mean episode rew_dof_pos_limits: -0.0000
     Mean episode rew_feet_stumble: -0.0003
          Mean episode rew_hip_pos: -0.0004
        Mean episode rew_lin_vel_z: -0.0033
          Mean episode rew_torques: -0.0002
 Mean episode rew_tracking_lin_vel: 0.0008
     Mean episode rew_tracking_yaw: 0.0149
--------------------------------------------------------------------------------
                   Total timesteps: 3244032
                    Iteration time: 0.89s
                        Total time: 36.25s
                               ETA: 914 mins 47.0 s

################################################################################
                      Learning iteration 33/50000                       

                       Computation: 106768 steps/s (collection: 0.889s, learning 0.032s)
             Mean action noise std: 1.00
               Mean reward (total): 0.13
               Mean episode length: 31.32
                  Priv latent loss: 0.8895
                  Depth actor loss: 0.0159
--------------------------------------------------------------------------------
      Mean episode rew_action_rate: -0.0001
       Mean episode rew_ang_vel_xy: -0.0015
        Mean episode rew_collision: -0.0242
    Mean episode rew_delta_torques: -0.0000
          Mean episode rew_dof_acc: -0.0034
        Mean episode rew_dof_error: -0.0006
   Mean episode rew_dof_pos_limits: 0.0000
     Mean episode rew_feet_stumble: -0.0004
          Mean episode rew_hip_pos: -0.0004
        Mean episode rew_lin_vel_z: -0.0033
          Mean episode rew_torques: -0.0002
 Mean episode rew_tracking_lin_vel: 0.0005
     Mean episode rew_tracking_yaw: 0.0139
--------------------------------------------------------------------------------
                   Total timesteps: 3342336
                    Iteration time: 0.92s
                        Total time: 37.17s
                               ETA: 910 mins 24.7 s

################################################################################
                      Learning iteration 34/50000                       

                       Computation: 99142 steps/s (collection: 0.960s, learning 0.032s)
             Mean action noise std: 1.00
               Mean reward (total): 0.15
               Mean episode length: 34.07
                  Priv latent loss: 0.8881
                  Depth actor loss: 0.0168
--------------------------------------------------------------------------------
      Mean episode rew_action_rate: -0.0001
       Mean episode rew_ang_vel_xy: -0.0014
        Mean episode rew_collision: -0.0196
    Mean episode rew_delta_torques: -0.0000
          Mean episode rew_dof_acc: -0.0038
        Mean episode rew_dof_error: -0.0006
   Mean episode rew_dof_pos_limits: 0.0000
     Mean episode rew_feet_stumble: -0.0003
          Mean episode rew_hip_pos: -0.0003
        Mean episode rew_lin_vel_z: -0.0029
          Mean episode rew_torques: -0.0002
 Mean episode rew_tracking_lin_vel: 0.0004
     Mean episode rew_tracking_yaw: 0.0147
--------------------------------------------------------------------------------
                   Total timesteps: 3440640
                    Iteration time: 0.99s
                        Total time: 38.16s
                               ETA: 907 mins 58.5 s

################################################################################
                      Learning iteration 35/50000                       

                       Computation: 103012 steps/s (collection: 0.922s, learning 0.032s)
             Mean action noise std: 1.00
               Mean reward (total): 0.12
               Mean episode length: 30.74
                  Priv latent loss: 0.8874
                  Depth actor loss: 0.0137
--------------------------------------------------------------------------------
      Mean episode rew_action_rate: -0.0001
       Mean episode rew_ang_vel_xy: -0.0015
        Mean episode rew_collision: -0.1190
    Mean episode rew_delta_torques: -0.0000
          Mean episode rew_dof_acc: -0.0052
        Mean episode rew_dof_error: -0.0007
   Mean episode rew_dof_pos_limits: 0.0000
     Mean episode rew_feet_stumble: -0.0004
          Mean episode rew_hip_pos: -0.0013
        Mean episode rew_lin_vel_z: -0.0034
          Mean episode rew_torques: -0.0002
 Mean episode rew_tracking_lin_vel: 0.0005
     Mean episode rew_tracking_yaw: 0.0153
--------------------------------------------------------------------------------
                   Total timesteps: 3538944
                    Iteration time: 0.95s
                        Total time: 39.12s
                               ETA: 904 mins 48.6 s

################################################################################
                      Learning iteration 36/50000                       

                       Computation: 102153 steps/s (collection: 0.931s, learning 0.032s)
             Mean action noise std: 1.00
               Mean reward (total): 0.11
               Mean episode length: 30.51
                  Priv latent loss: 0.8876
                  Depth actor loss: 0.0161
--------------------------------------------------------------------------------
      Mean episode rew_action_rate: -0.0001
       Mean episode rew_ang_vel_xy: -0.0015
        Mean episode rew_collision: -0.0218
    Mean episode rew_delta_torques: -0.0000
          Mean episode rew_dof_acc: -0.0035
        Mean episode rew_dof_error: -0.0006
   Mean episode rew_dof_pos_limits: 0.0000
     Mean episode rew_feet_stumble: -0.0004
          Mean episode rew_hip_pos: -0.0004
        Mean episode rew_lin_vel_z: -0.0032
          Mean episode rew_torques: -0.0002
 Mean episode rew_tracking_lin_vel: 0.0004
     Mean episode rew_tracking_yaw: 0.0133
--------------------------------------------------------------------------------
                   Total timesteps: 3637248
                    Iteration time: 0.96s
                        Total time: 40.08s
                               ETA: 901 mins 59.8 s

################################################################################
                      Learning iteration 37/50000                       

                       Computation: 103833 steps/s (collection: 0.915s, learning 0.032s)
             Mean action noise std: 1.00
               Mean reward (total): 0.12
               Mean episode length: 29.75
                  Priv latent loss: 0.8859
                  Depth actor loss: 0.0126
--------------------------------------------------------------------------------
      Mean episode rew_action_rate: -0.0001
       Mean episode rew_ang_vel_xy: -0.0014
        Mean episode rew_collision: -0.0451
    Mean episode rew_delta_torques: -0.0000
          Mean episode rew_dof_acc: -0.0039
        Mean episode rew_dof_error: -0.0007
   Mean episode rew_dof_pos_limits: 0.0000
     Mean episode rew_feet_stumble: -0.0003
          Mean episode rew_hip_pos: -0.0006
        Mean episode rew_lin_vel_z: -0.0031
          Mean episode rew_torques: -0.0002
 Mean episode rew_tracking_lin_vel: 0.0006
     Mean episode rew_tracking_yaw: 0.0148
--------------------------------------------------------------------------------
                   Total timesteps: 3735552
                    Iteration time: 0.95s
                        Total time: 41.02s
                               ETA: 898 mins 59.3 s

################################################################################
                      Learning iteration 38/50000                       

                       Computation: 108100 steps/s (collection: 0.877s, learning 0.032s)
             Mean action noise std: 1.00
               Mean reward (total): 0.13
               Mean episode length: 49.24
                  Priv latent loss: 0.8849
                  Depth actor loss: 0.0144
--------------------------------------------------------------------------------
      Mean episode rew_action_rate: -0.0001
       Mean episode rew_ang_vel_xy: -0.0015
        Mean episode rew_collision: -0.1424
    Mean episode rew_delta_torques: -0.0000
          Mean episode rew_dof_acc: -0.0044
        Mean episode rew_dof_error: -0.0010
   Mean episode rew_dof_pos_limits: -0.0000
     Mean episode rew_feet_stumble: -0.0005
          Mean episode rew_hip_pos: -0.0014
        Mean episode rew_lin_vel_z: -0.0031
          Mean episode rew_torques: -0.0003
 Mean episode rew_tracking_lin_vel: 0.0012
     Mean episode rew_tracking_yaw: 0.0188
--------------------------------------------------------------------------------
                   Total timesteps: 3833856
                    Iteration time: 0.91s
                        Total time: 41.93s
                               ETA: 895 mins 20.2 s

################################################################################
                      Learning iteration 39/50000                       

                       Computation: 100086 steps/s (collection: 0.950s, learning 0.032s)
             Mean action noise std: 1.00
               Mean reward (total): 0.13
               Mean episode length: 30.95
                  Priv latent loss: 0.8846
                  Depth actor loss: 0.0135
--------------------------------------------------------------------------------
      Mean episode rew_action_rate: -0.0001
       Mean episode rew_ang_vel_xy: -0.0014
        Mean episode rew_collision: -0.0177
    Mean episode rew_delta_torques: -0.0000
          Mean episode rew_dof_acc: -0.0036
        Mean episode rew_dof_error: -0.0005
   Mean episode rew_dof_pos_limits: 0.0000
     Mean episode rew_feet_stumble: -0.0003
          Mean episode rew_hip_pos: -0.0004
        Mean episode rew_lin_vel_z: -0.0033
          Mean episode rew_torques: -0.0002
 Mean episode rew_tracking_lin_vel: 0.0004
     Mean episode rew_tracking_yaw: 0.0136
--------------------------------------------------------------------------------
                   Total timesteps: 3932160
                    Iteration time: 0.98s
                        Total time: 42.92s
                               ETA: 893 mins 22.9 s

################################################################################
                      Learning iteration 40/50000                       

                       Computation: 99414 steps/s (collection: 0.957s, learning 0.032s)
             Mean action noise std: 1.00
               Mean reward (total): 0.17
               Mean episode length: 43.38
                  Priv latent loss: 0.8841
                  Depth actor loss: 0.0139
--------------------------------------------------------------------------------
      Mean episode rew_action_rate: -0.0001
       Mean episode rew_ang_vel_xy: -0.0015
        Mean episode rew_collision: -0.0359
    Mean episode rew_delta_torques: -0.0000
          Mean episode rew_dof_acc: -0.0044
        Mean episode rew_dof_error: -0.0006
   Mean episode rew_dof_pos_limits: 0.0000
     Mean episode rew_feet_stumble: -0.0002
          Mean episode rew_hip_pos: -0.0009
        Mean episode rew_lin_vel_z: -0.0032
          Mean episode rew_torques: -0.0002
 Mean episode rew_tracking_lin_vel: 0.0008
     Mean episode rew_tracking_yaw: 0.0161
--------------------------------------------------------------------------------
                   Total timesteps: 4030464
                    Iteration time: 0.99s
                        Total time: 43.90s
                               ETA: 891 mins 39.4 s

################################################################################
                      Learning iteration 41/50000                       

                       Computation: 85422 steps/s (collection: 1.106s, learning 0.045s)
             Mean action noise std: 1.00
               Mean reward (total): 4.79
               Mean episode length: 584.81
                  Priv latent loss: 0.8830
                  Depth actor loss: 0.0127
--------------------------------------------------------------------------------
      Mean episode rew_action_rate: -0.0001
       Mean episode rew_ang_vel_xy: -0.0015
        Mean episode rew_collision: -0.1557
    Mean episode rew_delta_torques: -0.0000
          Mean episode rew_dof_acc: -0.0040
        Mean episode rew_dof_error: -0.0014
   Mean episode rew_dof_pos_limits: -0.0000
     Mean episode rew_feet_stumble: -0.0011
          Mean episode rew_hip_pos: -0.0010
        Mean episode rew_lin_vel_z: -0.0033
          Mean episode rew_torques: -0.0004
 Mean episode rew_tracking_lin_vel: 0.0059
     Mean episode rew_tracking_yaw: 0.0542
--------------------------------------------------------------------------------
                   Total timesteps: 4128768
                    Iteration time: 1.15s
                        Total time: 45.06s
                               ETA: 893 mins 13.4 s

################################################################################
                      Learning iteration 42/50000                       

                       Computation: 98416 steps/s (collection: 0.967s, learning 0.032s)
             Mean action noise std: 1.00
               Mean reward (total): 1.58
               Mean episode length: 312.13
                  Priv latent loss: 0.8830
                  Depth actor loss: 0.0141
--------------------------------------------------------------------------------
      Mean episode rew_action_rate: -0.0002
       Mean episode rew_ang_vel_xy: -0.0014
        Mean episode rew_collision: -0.3821
    Mean episode rew_delta_torques: -0.0000
          Mean episode rew_dof_acc: -0.0061
        Mean episode rew_dof_error: -0.0027
   Mean episode rew_dof_pos_limits: 0.0000
     Mean episode rew_feet_stumble: -0.0067
          Mean episode rew_hip_pos: -0.0031
        Mean episode rew_lin_vel_z: -0.0032
          Mean episode rew_torques: -0.0007
 Mean episode rew_tracking_lin_vel: 0.0112
     Mean episode rew_tracking_yaw: 0.1022
--------------------------------------------------------------------------------
                   Total timesteps: 4227072
                    Iteration time: 1.00s
                        Total time: 46.05s
                               ETA: 891 mins 46.5 s

################################################################################
                      Learning iteration 43/50000                       

                       Computation: 98741 steps/s (collection: 0.964s, learning 0.032s)
             Mean action noise std: 1.00
               Mean reward (total): 2.79
               Mean episode length: 336.30
                  Priv latent loss: 0.8834
                  Depth actor loss: 0.0121
--------------------------------------------------------------------------------
      Mean episode rew_action_rate: -0.0002
       Mean episode rew_ang_vel_xy: -0.0010
        Mean episode rew_collision: -0.9895
    Mean episode rew_delta_torques: -0.0000
          Mean episode rew_dof_acc: -0.0092
        Mean episode rew_dof_error: -0.0047
   Mean episode rew_dof_pos_limits: 0.0000
     Mean episode rew_feet_stumble: -0.0145
          Mean episode rew_hip_pos: -0.0052
        Mean episode rew_lin_vel_z: -0.0029
          Mean episode rew_torques: -0.0012
 Mean episode rew_tracking_lin_vel: 0.0190
     Mean episode rew_tracking_yaw: 0.1660
--------------------------------------------------------------------------------
                   Total timesteps: 4325376
                    Iteration time: 1.00s
                        Total time: 47.05s
                               ETA: 890 mins 19.7 s

################################################################################
                      Learning iteration 44/50000                       

                       Computation: 106621 steps/s (collection: 0.890s, learning 0.032s)
             Mean action noise std: 1.00
               Mean reward (total): 1.12
               Mean episode length: 218.91
                  Priv latent loss: 0.8826
                  Depth actor loss: 0.0131
--------------------------------------------------------------------------------
      Mean episode rew_action_rate: -0.0002
       Mean episode rew_ang_vel_xy: -0.0011
        Mean episode rew_collision: -1.1485
    Mean episode rew_delta_torques: -0.0000
          Mean episode rew_dof_acc: -0.0090
        Mean episode rew_dof_error: -0.0038
   Mean episode rew_dof_pos_limits: -0.0000
     Mean episode rew_feet_stumble: -0.0170
          Mean episode rew_hip_pos: -0.0041
        Mean episode rew_lin_vel_z: -0.0029
          Mean episode rew_torques: -0.0011
 Mean episode rew_tracking_lin_vel: 0.0151
     Mean episode rew_tracking_yaw: 0.1279
--------------------------------------------------------------------------------
                   Total timesteps: 4423680
                    Iteration time: 0.92s
                        Total time: 47.97s
                               ETA: 887 mins 35.1 s

################################################################################
                      Learning iteration 45/50000                       

                       Computation: 107961 steps/s (collection: 0.878s, learning 0.032s)
             Mean action noise std: 1.00
               Mean reward (total): 0.95
               Mean episode length: 198.41
                  Priv latent loss: 0.8829
                  Depth actor loss: 0.0134
--------------------------------------------------------------------------------
      Mean episode rew_action_rate: -0.0002
       Mean episode rew_ang_vel_xy: -0.0011
        Mean episode rew_collision: -0.9665
    Mean episode rew_delta_torques: -0.0000
          Mean episode rew_dof_acc: -0.0093
        Mean episode rew_dof_error: -0.0033
   Mean episode rew_dof_pos_limits: -0.0000
     Mean episode rew_feet_stumble: -0.0148
          Mean episode rew_hip_pos: -0.0034
        Mean episode rew_lin_vel_z: -0.0028
          Mean episode rew_torques: -0.0009
 Mean episode rew_tracking_lin_vel: 0.0143
     Mean episode rew_tracking_yaw: 0.1184
--------------------------------------------------------------------------------
                   Total timesteps: 4521984
                    Iteration time: 0.91s
                        Total time: 48.88s
                               ETA: 884 mins 45.2 s

################################################################################
                      Learning iteration 46/50000                       

                       Computation: 107774 steps/s (collection: 0.880s, learning 0.032s)
             Mean action noise std: 1.00
               Mean reward (total): 0.71
               Mean episode length: 170.76
                  Priv latent loss: 0.8825
                  Depth actor loss: 0.0118
--------------------------------------------------------------------------------
      Mean episode rew_action_rate: -0.0002
       Mean episode rew_ang_vel_xy: -0.0012
        Mean episode rew_collision: -0.7429
    Mean episode rew_delta_torques: -0.0000
          Mean episode rew_dof_acc: -0.0079
        Mean episode rew_dof_error: -0.0026
   Mean episode rew_dof_pos_limits: -0.0000
     Mean episode rew_feet_stumble: -0.0113
          Mean episode rew_hip_pos: -0.0044
        Mean episode rew_lin_vel_z: -0.0030
          Mean episode rew_torques: -0.0008
 Mean episode rew_tracking_lin_vel: 0.0105
     Mean episode rew_tracking_yaw: 0.0833
--------------------------------------------------------------------------------
                   Total timesteps: 4620288
                    Iteration time: 0.91s
                        Total time: 49.79s
                               ETA: 882 mins 4.1 s

################################################################################
                      Learning iteration 47/50000                       

                       Computation: 108950 steps/s (collection: 0.870s, learning 0.032s)
             Mean action noise std: 1.00
               Mean reward (total): 0.88
               Mean episode length: 192.04
                  Priv latent loss: 0.8822
                  Depth actor loss: 0.0130
--------------------------------------------------------------------------------
      Mean episode rew_action_rate: -0.0002
       Mean episode rew_ang_vel_xy: -0.0012
        Mean episode rew_collision: -0.9315
    Mean episode rew_delta_torques: -0.0000
          Mean episode rew_dof_acc: -0.0091
        Mean episode rew_dof_error: -0.0030
   Mean episode rew_dof_pos_limits: -0.0000
     Mean episode rew_feet_stumble: -0.0100
          Mean episode rew_hip_pos: -0.0052
        Mean episode rew_lin_vel_z: -0.0029
          Mean episode rew_torques: -0.0009
 Mean episode rew_tracking_lin_vel: 0.0093
     Mean episode rew_tracking_yaw: 0.0899
--------------------------------------------------------------------------------
                   Total timesteps: 4718592
                    Iteration time: 0.90s
                        Total time: 50.70s
                               ETA: 879 mins 19.5 s

################################################################################
                      Learning iteration 48/50000                       

                       Computation: 109218 steps/s (collection: 0.868s, learning 0.032s)
             Mean action noise std: 1.00
               Mean reward (total): 0.98
               Mean episode length: 169.77
                  Priv latent loss: 0.8818
                  Depth actor loss: 0.0121
--------------------------------------------------------------------------------
      Mean episode rew_action_rate: -0.0002
       Mean episode rew_ang_vel_xy: -0.0012
        Mean episode rew_collision: -0.7714
    Mean episode rew_delta_torques: -0.0000
          Mean episode rew_dof_acc: -0.0075
        Mean episode rew_dof_error: -0.0023
   Mean episode rew_dof_pos_limits: 0.0000
     Mean episode rew_feet_stumble: -0.0080
          Mean episode rew_hip_pos: -0.0047
        Mean episode rew_lin_vel_z: -0.0029
          Mean episode rew_torques: -0.0007
 Mean episode rew_tracking_lin_vel: 0.0075
     Mean episode rew_tracking_yaw: 0.0719
--------------------------------------------------------------------------------
                   Total timesteps: 4816896
                    Iteration time: 0.90s
                        Total time: 51.60s
                               ETA: 876 mins 39.3 s

################################################################################
                      Learning iteration 49/50000                       

                       Computation: 109420 steps/s (collection: 0.866s, learning 0.032s)
             Mean action noise std: 1.00
               Mean reward (total): 0.83
               Mean episode length: 180.66
                  Priv latent loss: 0.8814
                  Depth actor loss: 0.0118
--------------------------------------------------------------------------------
      Mean episode rew_action_rate: -0.0001
       Mean episode rew_ang_vel_xy: -0.0012
        Mean episode rew_collision: -0.7536
    Mean episode rew_delta_torques: -0.0000
          Mean episode rew_dof_acc: -0.0060
        Mean episode rew_dof_error: -0.0024
   Mean episode rew_dof_pos_limits: -0.0000
     Mean episode rew_feet_stumble: -0.0089
          Mean episode rew_hip_pos: -0.0034
        Mean episode rew_lin_vel_z: -0.0030
          Mean episode rew_torques: -0.0006
 Mean episode rew_tracking_lin_vel: 0.0085
     Mean episode rew_tracking_yaw: 0.0728
--------------------------------------------------------------------------------
                   Total timesteps: 4915200
                    Iteration time: 0.90s
                        Total time: 52.50s
                               ETA: 874 mins 3.8 s

################################################################################
                      Learning iteration 50/50000                       

                       Computation: 110831 steps/s (collection: 0.855s, learning 0.032s)
             Mean action noise std: 1.00
               Mean reward (total): 0.66
               Mean episode length: 122.72
                  Priv latent loss: 0.8810
                  Depth actor loss: 0.0122
--------------------------------------------------------------------------------
      Mean episode rew_action_rate: -0.0002
       Mean episode rew_ang_vel_xy: -0.0013
        Mean episode rew_collision: -0.4932
    Mean episode rew_delta_torques: -0.0000
          Mean episode rew_dof_acc: -0.0075
        Mean episode rew_dof_error: -0.0018
   Mean episode rew_dof_pos_limits: 0.0000
     Mean episode rew_feet_stumble: -0.0059
          Mean episode rew_hip_pos: -0.0028
        Mean episode rew_lin_vel_z: -0.0030
          Mean episode rew_torques: -0.0005
 Mean episode rew_tracking_lin_vel: 0.0049
     Mean episode rew_tracking_yaw: 0.0493
--------------------------------------------------------------------------------
                   Total timesteps: 5013504
                    Iteration time: 0.89s
                        Total time: 53.38s
                               ETA: 871 mins 23.2 s

################################################################################
                      Learning iteration 51/50000                       

                       Computation: 111148 steps/s (collection: 0.853s, learning 0.032s)
             Mean action noise std: 1.00
               Mean reward (total): 0.33
               Mean episode length: 85.14
                  Priv latent loss: 0.8809
                  Depth actor loss: 0.0120
--------------------------------------------------------------------------------
      Mean episode rew_action_rate: -0.0001
       Mean episode rew_ang_vel_xy: -0.0013
        Mean episode rew_collision: -0.4186
    Mean episode rew_delta_torques: -0.0000
          Mean episode rew_dof_acc: -0.0061
        Mean episode rew_dof_error: -0.0018
   Mean episode rew_dof_pos_limits: -0.0000
     Mean episode rew_feet_stumble: -0.0088
          Mean episode rew_hip_pos: -0.0023
        Mean episode rew_lin_vel_z: -0.0028
          Mean episode rew_torques: -0.0005
 Mean episode rew_tracking_lin_vel: 0.0048
     Mean episode rew_tracking_yaw: 0.0465
--------------------------------------------------------------------------------
                   Total timesteps: 5111808
                    Iteration time: 0.88s
                        Total time: 54.27s
                               ETA: 868 mins 46.3 s

################################################################################
                      Learning iteration 52/50000                       

                       Computation: 109976 steps/s (collection: 0.862s, learning 0.032s)
             Mean action noise std: 1.00
               Mean reward (total): 0.75
               Mean episode length: 114.44
                  Priv latent loss: 0.8804
                  Depth actor loss: 0.0112
--------------------------------------------------------------------------------
      Mean episode rew_action_rate: -0.0001
       Mean episode rew_ang_vel_xy: -0.0013
        Mean episode rew_collision: -0.3942
    Mean episode rew_delta_torques: -0.0000
          Mean episode rew_dof_acc: -0.0047
        Mean episode rew_dof_error: -0.0017
   Mean episode rew_dof_pos_limits: 0.0000
     Mean episode rew_feet_stumble: -0.0080
          Mean episode rew_hip_pos: -0.0014
        Mean episode rew_lin_vel_z: -0.0029
          Mean episode rew_torques: -0.0004
 Mean episode rew_tracking_lin_vel: 0.0051
     Mean episode rew_tracking_yaw: 0.0544
--------------------------------------------------------------------------------
                   Total timesteps: 5210112
                    Iteration time: 0.89s
                        Total time: 55.16s
                               ETA: 866 mins 24.1 s

################################################################################
                      Learning iteration 53/50000                       

                       Computation: 109705 steps/s (collection: 0.864s, learning 0.032s)
             Mean action noise std: 1.00
               Mean reward (total): 0.72
               Mean episode length: 115.21
                  Priv latent loss: 0.8800
                  Depth actor loss: 0.0117
--------------------------------------------------------------------------------
      Mean episode rew_action_rate: -0.0001
       Mean episode rew_ang_vel_xy: -0.0013
        Mean episode rew_collision: -0.4537
    Mean episode rew_delta_torques: -0.0000
          Mean episode rew_dof_acc: -0.0049
        Mean episode rew_dof_error: -0.0018
   Mean episode rew_dof_pos_limits: -0.0000
     Mean episode rew_feet_stumble: -0.0155
          Mean episode rew_hip_pos: -0.0034
        Mean episode rew_lin_vel_z: -0.0030
          Mean episode rew_torques: -0.0005
 Mean episode rew_tracking_lin_vel: 0.0053
     Mean episode rew_tracking_yaw: 0.0523
--------------------------------------------------------------------------------
                   Total timesteps: 5308416
                    Iteration time: 0.90s
                        Total time: 56.06s
                               ETA: 864 mins 9.2 s

################################################################################
                      Learning iteration 54/50000                       

                       Computation: 107565 steps/s (collection: 0.880s, learning 0.034s)
             Mean action noise std: 1.00
               Mean reward (total): 0.34
               Mean episode length: 63.93
                  Priv latent loss: 0.8801
                  Depth actor loss: 0.0113
--------------------------------------------------------------------------------
      Mean episode rew_action_rate: -0.0001
       Mean episode rew_ang_vel_xy: -0.0013
        Mean episode rew_collision: -0.4781
    Mean episode rew_delta_torques: -0.0000
          Mean episode rew_dof_acc: -0.0064
        Mean episode rew_dof_error: -0.0017
   Mean episode rew_dof_pos_limits: 0.0000
     Mean episode rew_feet_stumble: -0.0032
          Mean episode rew_hip_pos: -0.0029
        Mean episode rew_lin_vel_z: -0.0030
          Mean episode rew_torques: -0.0005
 Mean episode rew_tracking_lin_vel: 0.0044
     Mean episode rew_tracking_yaw: 0.0474
--------------------------------------------------------------------------------
                   Total timesteps: 5406720
                    Iteration time: 0.91s
                        Total time: 56.97s
                               ETA: 862 mins 15.4 s

swanlab:KeyboardInterrupt by user
swanlab: \ Waiting for uploading completeswanlab: | Waiting for uploading completeswanlab: / Waiting for uploading completeswanlab: - Waiting for uploading completeswanlab: \ Waiting for uploading completeswanlab: | Waiting for uploading complete                                                                                                    swanlab: \ Updating experiment status...                                                                                                    