swanlab: \ Creating experiment...                                                                                                    swanlab:Tracking run with swanlab version 0.3.0
swanlab:Run data will be saved locally in /home/aaron/Aaron/projects/Locomotion_Baseline/legged_train/legged_gym/scripts/swanlog/run-20240601_180306-beaf81ad
swanlab:👋 Hi Aaron, welcome to swanlab!
swanlab:Syncing run wow_test_Jun01_18-03-06 to the cloud
swanlab:🌟 Run `swanlab watch -l /home/aaron/Aaron/projects/Locomotion_Baseline/legged_train/legged_gym/scripts/swanlog` to view SwanLab Experiment Dashboard locally
swanlab:🏠 View project at https://dev101.swanlab.cn/@Aaron/wow
swanlab:🚀 View run at https://dev101.swanlab.cn/@Aaron/wow/runs/zghr0i86tcndsml27pkl1
Setting seed: 1
********************************************************************************
Start creating ground...
Converting heightmap to trimesh...
Created 5913600 vertices
Created 11816962 triangles
Adding trimesh to simulation...
Trimesh added
Finished creating ground. Time taken 18.48 s
********************************************************************************
force sensors set at: ['body', 'left_roll_Link', 'left_yaw_Link', 'left_pitch_Link', 'left_knee_Link', 'left_foot_Link', 'right_roll_Link', 'right_yaw_Link', 'right_pitch_Link', 'right_knee_Link', 'right_foot_Link']
Creating env...
wow
ActorCritic.__init__ got unexpected arguments, which will be ignored: ['adapt_hidden_dims', 'estimate_hidden_dims']
Actor MLP: Sequential(
  (0): Linear(in_features=41, out_features=512, bias=True)
  (1): ELU(alpha=1.0)
  (2): Linear(in_features=512, out_features=256, bias=True)
  (3): ELU(alpha=1.0)
  (4): Linear(in_features=256, out_features=128, bias=True)
  (5): ELU(alpha=1.0)
  (6): Linear(in_features=128, out_features=10, bias=True)
)
Critic MLP: Sequential(
  (0): Linear(in_features=611, out_features=512, bias=True)
  (1): ELU(alpha=1.0)
  (2): Linear(in_features=512, out_features=256, bias=True)
  (3): ELU(alpha=1.0)
  (4): Linear(in_features=256, out_features=128, bias=True)
  (5): ELU(alpha=1.0)
  (6): Linear(in_features=128, out_features=1, bias=True)
)
swanlab:Data type error, tag: Loss/value_function, data type: list, excepted: ['float', 'int']
swanlab:Chart Loss/value_function has been marked as error, ignored.
################################################################################
                       Learning iteration 0/50000                       

                       Computation: 30586 steps/s (collection: 3.072s, learning 0.142s)
               Value function loss: 3.3554
                    Surrogate loss: 0.0099
             Mean action noise std: 1.01
               Mean reward (total): -3.93
               Mean episode length: 21.01
--------------------------------------------------------------------------------
      Mean episode rew_action_rate: -0.0033
       Mean episode rew_ang_vel_xy: -0.0160
          Mean episode rew_dof_acc: -0.0322
   Mean episode rew_dof_pos_limits: -0.0012
      Mean episode rew_joint_power: -0.0007
        Mean episode rew_lin_vel_z: -0.0538
      Mean episode rew_orientation: -0.0007
       Mean episode rew_smoothness: -0.0092
      Mean episode rew_stand_still: -0.0001
      Mean episode rew_termination: -0.1352
          Mean episode rew_torques: -0.0004
 Mean episode rew_tracking_ang_vel: 0.0016
 Mean episode rew_tracking_lin_vel: 0.0074
        Mean episode terrain_level: 1.6369
--------------------------------------------------------------------------------
                   Total timesteps: 98304
                    Iteration time: 3.21s
                        Total time: 3.21s
                               ETA: 2678 mins 16.6 s

swanlab:Chart Loss/value_function has been marked as error, ignored.
################################################################################
                       Learning iteration 1/50001                       

                       Computation: 163887 steps/s (collection: 0.494s, learning 0.106s)
               Value function loss: 3.7741
                    Surrogate loss: 0.0021
             Mean action noise std: 1.01
               Mean reward (total): -3.98
               Mean episode length: 19.92
--------------------------------------------------------------------------------
      Mean episode rew_action_rate: -0.0060
       Mean episode rew_ang_vel_xy: -0.0213
          Mean episode rew_dof_acc: -0.0396
   Mean episode rew_dof_pos_limits: -0.0019
      Mean episode rew_joint_power: -0.0009
        Mean episode rew_lin_vel_z: -0.0582
      Mean episode rew_orientation: -0.0013
       Mean episode rew_smoothness: -0.0175
      Mean episode rew_stand_still: -0.0002
      Mean episode rew_termination: -0.1998
          Mean episode rew_torques: -0.0006
 Mean episode rew_tracking_ang_vel: 0.0026
 Mean episode rew_tracking_lin_vel: 0.0096
        Mean episode terrain_level: 1.0385
--------------------------------------------------------------------------------
                   Total timesteps: 196608
                    Iteration time: 0.60s
                        Total time: 3.81s
                               ETA: 1589 mins 2.0 s

swanlab:Chart Loss/value_function has been marked as error, ignored.
################################################################################
                       Learning iteration 2/50002                       

                       Computation: 154454 steps/s (collection: 0.531s, learning 0.105s)
               Value function loss: 3.1965
                    Surrogate loss: 0.0027
             Mean action noise std: 1.01
               Mean reward (total): -3.98
               Mean episode length: 19.62
--------------------------------------------------------------------------------
      Mean episode rew_action_rate: -0.0060
       Mean episode rew_ang_vel_xy: -0.0215
          Mean episode rew_dof_acc: -0.0409
   Mean episode rew_dof_pos_limits: -0.0019
      Mean episode rew_joint_power: -0.0009
        Mean episode rew_lin_vel_z: -0.0587
      Mean episode rew_orientation: -0.0013
       Mean episode rew_smoothness: -0.0175
      Mean episode rew_stand_still: -0.0002
      Mean episode rew_termination: -0.2000
          Mean episode rew_torques: -0.0006
 Mean episode rew_tracking_ang_vel: 0.0024
 Mean episode rew_tracking_lin_vel: 0.0091
        Mean episode terrain_level: 0.5711
--------------------------------------------------------------------------------
                   Total timesteps: 294912
                    Iteration time: 0.64s
                        Total time: 4.45s
                               ETA: 1236 mins 7.3 s

swanlab:swanlab api error, status code: 400, reason: Bad Request
swanlab:Chart Loss/value_function has been marked as error, ignored.
################################################################################
                       Learning iteration 3/50003                       

                       Computation: 145172 steps/s (collection: 0.576s, learning 0.101s)
               Value function loss: 2.6265
                    Surrogate loss: 0.0038
             Mean action noise std: 1.02
               Mean reward (total): -3.99
               Mean episode length: 20.36
--------------------------------------------------------------------------------
      Mean episode rew_action_rate: -0.0061
       Mean episode rew_ang_vel_xy: -0.0216
          Mean episode rew_dof_acc: -0.0410
   Mean episode rew_dof_pos_limits: -0.0019
      Mean episode rew_joint_power: -0.0009
        Mean episode rew_lin_vel_z: -0.0598
      Mean episode rew_orientation: -0.0013
       Mean episode rew_smoothness: -0.0180
      Mean episode rew_stand_still: -0.0002
      Mean episode rew_termination: -0.2000
          Mean episode rew_torques: -0.0006
 Mean episode rew_tracking_ang_vel: 0.0025
 Mean episode rew_tracking_lin_vel: 0.0092
        Mean episode terrain_level: 0.2903
--------------------------------------------------------------------------------
                   Total timesteps: 393216
                    Iteration time: 0.68s
                        Total time: 5.13s
                               ETA: 1068 mins 8.2 s

swanlab:Chart Loss/value_function has been marked as error, ignored.
################################################################################
                       Learning iteration 4/50004                       

                       Computation: 132397 steps/s (collection: 0.647s, learning 0.096s)
               Value function loss: 2.2208
                    Surrogate loss: 0.0023
             Mean action noise std: 1.02
               Mean reward (total): -3.98
               Mean episode length: 20.73
--------------------------------------------------------------------------------
      Mean episode rew_action_rate: -0.0062
       Mean episode rew_ang_vel_xy: -0.0217
          Mean episode rew_dof_acc: -0.0421
   Mean episode rew_dof_pos_limits: -0.0019
      Mean episode rew_joint_power: -0.0009
        Mean episode rew_lin_vel_z: -0.0601
      Mean episode rew_orientation: -0.0013
       Mean episode rew_smoothness: -0.0181
      Mean episode rew_stand_still: -0.0003
      Mean episode rew_termination: -0.2000
          Mean episode rew_torques: -0.0006
 Mean episode rew_tracking_ang_vel: 0.0025
 Mean episode rew_tracking_lin_vel: 0.0093
        Mean episode terrain_level: 0.1429
--------------------------------------------------------------------------------
                   Total timesteps: 491520
                    Iteration time: 0.74s
                        Total time: 5.87s
                               ETA: 978 mins 13.9 s

swanlab:swanlab api error, status code: 409, reason: Conflict
swanlab:Chart Loss/value_function has been marked as error, ignored.
################################################################################
                       Learning iteration 5/50005                       

                       Computation: 145252 steps/s (collection: 0.582s, learning 0.095s)
               Value function loss: 1.8014
                    Surrogate loss: 0.0004
             Mean action noise std: 1.03
               Mean reward (total): -3.99
               Mean episode length: 21.35
--------------------------------------------------------------------------------
      Mean episode rew_action_rate: -0.0063
       Mean episode rew_ang_vel_xy: -0.0219
          Mean episode rew_dof_acc: -0.0420
   Mean episode rew_dof_pos_limits: -0.0019
      Mean episode rew_joint_power: -0.0009
        Mean episode rew_lin_vel_z: -0.0586
      Mean episode rew_orientation: -0.0013
       Mean episode rew_smoothness: -0.0186
      Mean episode rew_stand_still: -0.0003
      Mean episode rew_termination: -0.2000
          Mean episode rew_torques: -0.0006
 Mean episode rew_tracking_ang_vel: 0.0024
 Mean episode rew_tracking_lin_vel: 0.0093
        Mean episode terrain_level: 0.0733
--------------------------------------------------------------------------------
                   Total timesteps: 589824
                    Iteration time: 0.68s
                        Total time: 6.55s
                               ETA: 909 mins 9.9 s

swanlab:swanlab api error, status code: 409, reason: Conflict
swanlab:Chart Loss/value_function has been marked as error, ignored.
################################################################################
                       Learning iteration 6/50006                       

                       Computation: 144108 steps/s (collection: 0.589s, learning 0.093s)
               Value function loss: 1.4071
                    Surrogate loss: 0.0039
             Mean action noise std: 1.03
               Mean reward (total): -3.98
               Mean episode length: 20.16
--------------------------------------------------------------------------------
      Mean episode rew_action_rate: -0.0064
       Mean episode rew_ang_vel_xy: -0.0214
          Mean episode rew_dof_acc: -0.0425
   Mean episode rew_dof_pos_limits: -0.0019
      Mean episode rew_joint_power: -0.0010
        Mean episode rew_lin_vel_z: -0.0578
      Mean episode rew_orientation: -0.0013
       Mean episode rew_smoothness: -0.0187
      Mean episode rew_stand_still: -0.0003
      Mean episode rew_termination: -0.2000
          Mean episode rew_torques: -0.0006
 Mean episode rew_tracking_ang_vel: 0.0024
 Mean episode rew_tracking_lin_vel: 0.0095
        Mean episode terrain_level: 0.0375
--------------------------------------------------------------------------------
                   Total timesteps: 688128
                    Iteration time: 0.68s
                        Total time: 7.23s
                               ETA: 860 mins 28.0 s

swanlab:Chart Loss/value_function has been marked as error, ignored.
################################################################################
                       Learning iteration 7/50007                       

                       Computation: 143367 steps/s (collection: 0.587s, learning 0.098s)
               Value function loss: 0.9451
                    Surrogate loss: 0.0035
             Mean action noise std: 1.03
               Mean reward (total): -3.98
               Mean episode length: 21.01
--------------------------------------------------------------------------------
      Mean episode rew_action_rate: -0.0065
       Mean episode rew_ang_vel_xy: -0.0213
          Mean episode rew_dof_acc: -0.0425
   Mean episode rew_dof_pos_limits: -0.0019
      Mean episode rew_joint_power: -0.0009
        Mean episode rew_lin_vel_z: -0.0566
      Mean episode rew_orientation: -0.0013
       Mean episode rew_smoothness: -0.0189
      Mean episode rew_stand_still: -0.0002
      Mean episode rew_termination: -0.2000
          Mean episode rew_torques: -0.0006
 Mean episode rew_tracking_ang_vel: 0.0025
 Mean episode rew_tracking_lin_vel: 0.0092
        Mean episode terrain_level: 0.0202
--------------------------------------------------------------------------------
                   Total timesteps: 786432
                    Iteration time: 0.69s
                        Total time: 7.91s
                               ETA: 824 mins 18.5 s

swanlab:swanlab api error, status code: 409, reason: Conflict
swanlab:Chart Loss/value_function has been marked as error, ignored.
################################################################################
                       Learning iteration 8/50008                       

                       Computation: 129882 steps/s (collection: 0.655s, learning 0.102s)
               Value function loss: 0.7714
                    Surrogate loss: 0.0033
             Mean action noise std: 1.04
               Mean reward (total): -3.98
               Mean episode length: 19.95
--------------------------------------------------------------------------------
      Mean episode rew_action_rate: -0.0066
       Mean episode rew_ang_vel_xy: -0.0211
          Mean episode rew_dof_acc: -0.0433
   Mean episode rew_dof_pos_limits: -0.0019
      Mean episode rew_joint_power: -0.0010
        Mean episode rew_lin_vel_z: -0.0582
      Mean episode rew_orientation: -0.0013
       Mean episode rew_smoothness: -0.0192
      Mean episode rew_stand_still: -0.0002
      Mean episode rew_termination: -0.2000
          Mean episode rew_torques: -0.0006
 Mean episode rew_tracking_ang_vel: 0.0025
 Mean episode rew_tracking_lin_vel: 0.0094
        Mean episode terrain_level: 0.0096
--------------------------------------------------------------------------------
                   Total timesteps: 884736
                    Iteration time: 0.76s
                        Total time: 8.67s
                               ETA: 802 mins 46.4 s

swanlab:Chart Loss/value_function has been marked as error, ignored.
################################################################################
                       Learning iteration 9/50009                       

                       Computation: 141384 steps/s (collection: 0.599s, learning 0.096s)
               Value function loss: 0.5440
                    Surrogate loss: 0.0016
             Mean action noise std: 1.04
               Mean reward (total): -3.98
               Mean episode length: 20.45
--------------------------------------------------------------------------------
      Mean episode rew_action_rate: -0.0067
       Mean episode rew_ang_vel_xy: -0.0216
          Mean episode rew_dof_acc: -0.0433
   Mean episode rew_dof_pos_limits: -0.0019
      Mean episode rew_joint_power: -0.0010
        Mean episode rew_lin_vel_z: -0.0586
      Mean episode rew_orientation: -0.0013
       Mean episode rew_smoothness: -0.0194
      Mean episode rew_stand_still: -0.0003
      Mean episode rew_termination: -0.2000
          Mean episode rew_torques: -0.0006
 Mean episode rew_tracking_ang_vel: 0.0025
 Mean episode rew_tracking_lin_vel: 0.0094
        Mean episode terrain_level: 0.0048
--------------------------------------------------------------------------------
                   Total timesteps: 983040
                    Iteration time: 0.70s
                        Total time: 9.37s
                               ETA: 780 mins 24.7 s

swanlab:swanlab api error, status code: 409, reason: Conflict
swanlab:Chart Loss/value_function has been marked as error, ignored.
################################################################################
                      Learning iteration 10/50010                       

                       Computation: 151834 steps/s (collection: 0.553s, learning 0.095s)
               Value function loss: 0.3676
                    Surrogate loss: 0.0010
             Mean action noise std: 1.04
               Mean reward (total): -3.98
               Mean episode length: 21.58
--------------------------------------------------------------------------------
      Mean episode rew_action_rate: -0.0068
       Mean episode rew_ang_vel_xy: -0.0213
          Mean episode rew_dof_acc: -0.0442
   Mean episode rew_dof_pos_limits: -0.0020
      Mean episode rew_joint_power: -0.0010
        Mean episode rew_lin_vel_z: -0.0586
      Mean episode rew_orientation: -0.0013
       Mean episode rew_smoothness: -0.0198
      Mean episode rew_stand_still: -0.0003
      Mean episode rew_termination: -0.2000
          Mean episode rew_torques: -0.0006
 Mean episode rew_tracking_ang_vel: 0.0025
 Mean episode rew_tracking_lin_vel: 0.0097
        Mean episode terrain_level: 0.0029
--------------------------------------------------------------------------------
                   Total timesteps: 1081344
                    Iteration time: 0.65s
                        Total time: 10.01s
                               ETA: 758 mins 29.4 s

swanlab:Chart Loss/value_function has been marked as error, ignored.
################################################################################
                      Learning iteration 11/50011                       

                       Computation: 139999 steps/s (collection: 0.603s, learning 0.099s)
               Value function loss: 0.2482
                    Surrogate loss: -0.0002
             Mean action noise std: 1.05
               Mean reward (total): -3.98
               Mean episode length: 22.70
--------------------------------------------------------------------------------
      Mean episode rew_action_rate: -0.0068
       Mean episode rew_ang_vel_xy: -0.0211
          Mean episode rew_dof_acc: -0.0436
   Mean episode rew_dof_pos_limits: -0.0020
      Mean episode rew_joint_power: -0.0010
        Mean episode rew_lin_vel_z: -0.0622
      Mean episode rew_orientation: -0.0013
       Mean episode rew_smoothness: -0.0198
      Mean episode rew_stand_still: -0.0003
      Mean episode rew_termination: -0.2000
          Mean episode rew_torques: -0.0006
 Mean episode rew_tracking_ang_vel: 0.0025
 Mean episode rew_tracking_lin_vel: 0.0095
        Mean episode terrain_level: 0.0019
--------------------------------------------------------------------------------
                   Total timesteps: 1179648
                    Iteration time: 0.70s
                        Total time: 10.72s
                               ETA: 744 mins 1.2 s

swanlab:swanlab api error, status code: 409, reason: Conflict
swanlab:Chart Loss/value_function has been marked as error, ignored.
################################################################################
                      Learning iteration 12/50012                       

                       Computation: 130141 steps/s (collection: 0.657s, learning 0.098s)
               Value function loss: 0.1583
                    Surrogate loss: -0.0018
             Mean action noise std: 1.05
               Mean reward (total): -3.99
               Mean episode length: 21.49
--------------------------------------------------------------------------------
      Mean episode rew_action_rate: -0.0070
       Mean episode rew_ang_vel_xy: -0.0209
          Mean episode rew_dof_acc: -0.0442
   Mean episode rew_dof_pos_limits: -0.0020
      Mean episode rew_joint_power: -0.0010
        Mean episode rew_lin_vel_z: -0.0601
      Mean episode rew_orientation: -0.0013
       Mean episode rew_smoothness: -0.0203
      Mean episode rew_stand_still: -0.0003
      Mean episode rew_termination: -0.2000
          Mean episode rew_torques: -0.0006
 Mean episode rew_tracking_ang_vel: 0.0026
 Mean episode rew_tracking_lin_vel: 0.0098
        Mean episode terrain_level: 0.0013
--------------------------------------------------------------------------------
                   Total timesteps: 1277952
                    Iteration time: 0.76s
                        Total time: 11.47s
                               ETA: 735 mins 11.0 s

swanlab:Chart Loss/value_function has been marked as error, ignored.
################################################################################
                      Learning iteration 13/50013                       

                       Computation: 121329 steps/s (collection: 0.705s, learning 0.105s)
               Value function loss: 0.0762
                    Surrogate loss: -0.0005
             Mean action noise std: 1.05
               Mean reward (total): -3.98
               Mean episode length: 21.59
--------------------------------------------------------------------------------
      Mean episode rew_action_rate: -0.0071
       Mean episode rew_ang_vel_xy: -0.0208
          Mean episode rew_dof_acc: -0.0443
   Mean episode rew_dof_pos_limits: -0.0021
      Mean episode rew_joint_power: -0.0010
        Mean episode rew_lin_vel_z: -0.0583
      Mean episode rew_orientation: -0.0013
       Mean episode rew_smoothness: -0.0205
      Mean episode rew_stand_still: -0.0002
      Mean episode rew_termination: -0.2000
          Mean episode rew_torques: -0.0006
 Mean episode rew_tracking_ang_vel: 0.0026
 Mean episode rew_tracking_lin_vel: 0.0096
        Mean episode terrain_level: 0.0007
--------------------------------------------------------------------------------
                   Total timesteps: 1376256
                    Iteration time: 0.81s
                        Total time: 12.28s
                               ETA: 730 mins 52.3 s

swanlab:swanlab api error, status code: 409, reason: Conflict
swanlab:Chart Loss/value_function has been marked as error, ignored.
################################################################################
                      Learning iteration 14/50014                       

                       Computation: 141483 steps/s (collection: 0.595s, learning 0.100s)
               Value function loss: 0.0477
                    Surrogate loss: -0.0006
             Mean action noise std: 1.06
               Mean reward (total): -3.98
               Mean episode length: 20.12
--------------------------------------------------------------------------------
      Mean episode rew_action_rate: -0.0072
       Mean episode rew_ang_vel_xy: -0.0210
          Mean episode rew_dof_acc: -0.0448
   Mean episode rew_dof_pos_limits: -0.0021
      Mean episode rew_joint_power: -0.0010
        Mean episode rew_lin_vel_z: -0.0590
      Mean episode rew_orientation: -0.0013
       Mean episode rew_smoothness: -0.0208
      Mean episode rew_stand_still: -0.0003
      Mean episode rew_termination: -0.2000
          Mean episode rew_torques: -0.0006
 Mean episode rew_tracking_ang_vel: 0.0026
 Mean episode rew_tracking_lin_vel: 0.0101
        Mean episode terrain_level: 0.0003
--------------------------------------------------------------------------------
                   Total timesteps: 1474560
                    Iteration time: 0.69s
                        Total time: 12.98s
                               ETA: 720 mins 43.4 s

swanlab:swanlab api error, status code: 409, reason: Conflict
swanlab:Chart Loss/value_function has been marked as error, ignored.
################################################################################
                      Learning iteration 15/50015                       

                       Computation: 126904 steps/s (collection: 0.675s, learning 0.099s)
               Value function loss: 0.0292
                    Surrogate loss: -0.0007
             Mean action noise std: 1.06
               Mean reward (total): -3.98
               Mean episode length: 23.09
--------------------------------------------------------------------------------
      Mean episode rew_action_rate: -0.0074
       Mean episode rew_ang_vel_xy: -0.0212
          Mean episode rew_dof_acc: -0.0461
   Mean episode rew_dof_pos_limits: -0.0022
      Mean episode rew_joint_power: -0.0010
        Mean episode rew_lin_vel_z: -0.0607
      Mean episode rew_orientation: -0.0013
       Mean episode rew_smoothness: -0.0211
      Mean episode rew_stand_still: -0.0002
      Mean episode rew_termination: -0.2000
          Mean episode rew_torques: -0.0007
 Mean episode rew_tracking_ang_vel: 0.0026
 Mean episode rew_tracking_lin_vel: 0.0101
        Mean episode terrain_level: 0.0003
--------------------------------------------------------------------------------
                   Total timesteps: 1572864
                    Iteration time: 0.77s
                        Total time: 13.75s
                               ETA: 715 mins 59.8 s

swanlab:Chart Loss/value_function has been marked as error, ignored.
################################################################################
                      Learning iteration 16/50016                       

                       Computation: 127194 steps/s (collection: 0.680s, learning 0.093s)
               Value function loss: 0.0173
                    Surrogate loss: -0.0028
             Mean action noise std: 1.06
               Mean reward (total): -3.99
               Mean episode length: 22.09
--------------------------------------------------------------------------------
      Mean episode rew_action_rate: -0.0076
       Mean episode rew_ang_vel_xy: -0.0210
          Mean episode rew_dof_acc: -0.0457
   Mean episode rew_dof_pos_limits: -0.0022
      Mean episode rew_joint_power: -0.0010
        Mean episode rew_lin_vel_z: -0.0592
      Mean episode rew_orientation: -0.0013
       Mean episode rew_smoothness: -0.0217
      Mean episode rew_stand_still: -0.0003
      Mean episode rew_termination: -0.2000
          Mean episode rew_torques: -0.0007
 Mean episode rew_tracking_ang_vel: 0.0028
 Mean episode rew_tracking_lin_vel: 0.0105
        Mean episode terrain_level: 0.0000
--------------------------------------------------------------------------------
                   Total timesteps: 1671168
                    Iteration time: 0.77s
                        Total time: 14.52s
                               ETA: 711 mins 44.4 s

swanlab:swanlab api error, status code: 409, reason: Conflict
swanlab:Chart Loss/value_function has been marked as error, ignored.
################################################################################
                      Learning iteration 17/50017                       

                       Computation: 138241 steps/s (collection: 0.617s, learning 0.094s)
               Value function loss: 0.0147
                    Surrogate loss: -0.0010
             Mean action noise std: 1.06
               Mean reward (total): -3.98
               Mean episode length: 23.51
--------------------------------------------------------------------------------
      Mean episode rew_action_rate: -0.0076
       Mean episode rew_ang_vel_xy: -0.0209
          Mean episode rew_dof_acc: -0.0464
   Mean episode rew_dof_pos_limits: -0.0022
      Mean episode rew_joint_power: -0.0010
        Mean episode rew_lin_vel_z: -0.0584
      Mean episode rew_orientation: -0.0013
       Mean episode rew_smoothness: -0.0219
      Mean episode rew_stand_still: -0.0003
      Mean episode rew_termination: -0.2000
          Mean episode rew_torques: -0.0007
 Mean episode rew_tracking_ang_vel: 0.0027
 Mean episode rew_tracking_lin_vel: 0.0102
        Mean episode terrain_level: 0.0000
--------------------------------------------------------------------------------
                   Total timesteps: 1769472
                    Iteration time: 0.71s
                        Total time: 15.24s
                               ETA: 705 mins 5.7 s

swanlab:Chart Loss/value_function has been marked as error, ignored.
################################################################################
                      Learning iteration 18/50018                       

                       Computation: 143919 steps/s (collection: 0.587s, learning 0.096s)
               Value function loss: 0.0133
                    Surrogate loss: -0.0004
             Mean action noise std: 1.07
               Mean reward (total): -3.99
               Mean episode length: 22.23
--------------------------------------------------------------------------------
      Mean episode rew_action_rate: -0.0079
       Mean episode rew_ang_vel_xy: -0.0206
          Mean episode rew_dof_acc: -0.0481
   Mean episode rew_dof_pos_limits: -0.0023
      Mean episode rew_joint_power: -0.0011
        Mean episode rew_lin_vel_z: -0.0578
      Mean episode rew_orientation: -0.0013
       Mean episode rew_smoothness: -0.0226
      Mean episode rew_stand_still: -0.0003
      Mean episode rew_termination: -0.2000
          Mean episode rew_torques: -0.0007
 Mean episode rew_tracking_ang_vel: 0.0027
 Mean episode rew_tracking_lin_vel: 0.0106
        Mean episode terrain_level: 0.0002
--------------------------------------------------------------------------------
                   Total timesteps: 1867776
                    Iteration time: 0.68s
                        Total time: 15.92s
                               ETA: 697 mins 55.1 s

swanlab:swanlab api error, status code: 409, reason: Conflict
