{"index": 2000, "data": -0.006135120056569576, "create_time": "2024-05-31T11:03:55.286450Z"}
{"index": 2001, "data": -0.0037062650779262187, "create_time": "2024-05-31T11:03:56.068593Z"}
{"index": 2002, "data": -0.0015745395852718503, "create_time": "2024-05-31T11:03:56.781839Z"}
{"index": 2003, "data": -0.0057740296004340054, "create_time": "2024-05-31T11:03:57.498210Z"}
{"index": 2004, "data": -0.0033825304213678463, "create_time": "2024-05-31T11:03:58.238085Z"}
{"index": 2005, "data": 0.0013987579819513484, "create_time": "2024-05-31T11:03:59.010978Z"}
{"index": 2006, "data": -0.002534651881433092, "create_time": "2024-05-31T11:03:59.726321Z"}
{"index": 2007, "data": -0.003241966382483952, "create_time": "2024-05-31T11:04:00.389401Z"}
{"index": 2008, "data": -0.0007979458081535995, "create_time": "2024-05-31T11:04:01.179401Z"}
{"index": 2009, "data": -0.0032119424558914034, "create_time": "2024-05-31T11:04:01.915944Z"}
{"index": 2010, "data": -0.00299314702351694, "create_time": "2024-05-31T11:04:02.729033Z"}
{"index": 2011, "data": -0.0006645842528087087, "create_time": "2024-05-31T11:04:03.376384Z"}
{"index": 2012, "data": -0.005857203601044603, "create_time": "2024-05-31T11:04:04.125231Z"}
{"index": 2013, "data": -0.0016676439525326713, "create_time": "2024-05-31T11:04:04.855278Z"}
{"index": 2014, "data": -0.0025861446963972414, "create_time": "2024-05-31T11:04:05.545440Z"}
{"index": 2015, "data": -0.0020762802334502338, "create_time": "2024-05-31T11:04:06.247224Z"}
{"index": 2016, "data": -0.0065397377009503545, "create_time": "2024-05-31T11:04:06.908426Z"}
{"index": 2017, "data": -0.0015330582536989823, "create_time": "2024-05-31T11:04:07.584440Z"}
{"index": 2018, "data": -0.0016225147886871128, "create_time": "2024-05-31T11:04:08.292189Z"}
{"index": 2019, "data": -0.006203246128279716, "create_time": "2024-05-31T11:04:09.020078Z"}
{"index": 2020, "data": -0.004197863175068051, "create_time": "2024-05-31T11:04:09.708228Z"}
{"index": 2021, "data": -0.003143741865642369, "create_time": "2024-05-31T11:04:10.427238Z"}
{"index": 2022, "data": -0.00011071923654526472, "create_time": "2024-05-31T11:04:11.100064Z"}
{"index": 2023, "data": -0.00476570071768947, "create_time": "2024-05-31T11:04:11.816078Z"}
{"index": 2024, "data": -0.005845906853210181, "create_time": "2024-05-31T11:04:12.484261Z"}
{"index": 2025, "data": -0.0013625252933707089, "create_time": "2024-05-31T11:04:13.274196Z"}
{"index": 2026, "data": -0.00394820876972517, "create_time": "2024-05-31T11:04:13.966972Z"}
{"index": 2027, "data": -0.003742836421588436, "create_time": "2024-05-31T11:04:14.673814Z"}
{"index": 2028, "data": -0.0013402404394582846, "create_time": "2024-05-31T11:04:15.396956Z"}
{"index": 2029, "data": -0.0052762901061214505, "create_time": "2024-05-31T11:04:16.128570Z"}
{"index": 2030, "data": -0.0015911412716377526, "create_time": "2024-05-31T11:04:16.769121Z"}
{"index": 2031, "data": -0.0015049237001221627, "create_time": "2024-05-31T11:04:17.450989Z"}
{"index": 2032, "data": -0.004858496267115697, "create_time": "2024-05-31T11:04:18.221479Z"}
{"index": 2033, "data": -0.003457443611114286, "create_time": "2024-05-31T11:04:18.867497Z"}
{"index": 2034, "data": -0.00499170293478528, "create_time": "2024-05-31T11:04:19.582213Z"}
{"index": 2035, "data": -0.002001736207603244, "create_time": "2024-05-31T11:04:20.211464Z"}
{"index": 2036, "data": -0.0038421872901380993, "create_time": "2024-05-31T11:04:20.905519Z"}
{"index": 2037, "data": -0.0032600674041532328, "create_time": "2024-05-31T11:04:21.599116Z"}
{"index": 2038, "data": -0.004429127852199599, "create_time": "2024-05-31T11:04:22.356283Z"}
{"index": 2039, "data": -0.001168984198011458, "create_time": "2024-05-31T11:04:23.068133Z"}
{"index": 2040, "data": -0.0033955328675801867, "create_time": "2024-05-31T11:04:23.698388Z"}
{"index": 2041, "data": -0.0038979553173703607, "create_time": "2024-05-31T11:04:24.325658Z"}
{"index": 2042, "data": -0.0023061203959514388, "create_time": "2024-05-31T11:04:25.035229Z"}
{"index": 2043, "data": -0.005322917815647088, "create_time": "2024-05-31T11:04:25.674861Z"}
{"index": 2044, "data": -7.749093638267368e-05, "create_time": "2024-05-31T11:04:26.343664Z"}
{"index": 2045, "data": -0.006426213297527283, "create_time": "2024-05-31T11:04:27.136128Z"}
{"index": 2046, "data": -0.0021945809770841152, "create_time": "2024-05-31T11:04:27.862067Z"}
{"index": 2047, "data": -0.003591126704122871, "create_time": "2024-05-31T11:04:28.623186Z"}
{"index": 2048, "data": 0.00014178478450048714, "create_time": "2024-05-31T11:04:29.265676Z"}
{"index": 2049, "data": -0.00372555482754251, "create_time": "2024-05-31T11:04:29.967717Z"}
{"index": 2050, "data": -0.004418334350339137, "create_time": "2024-05-31T11:04:30.745065Z"}
{"index": 2051, "data": -0.0006293393031228334, "create_time": "2024-05-31T11:04:31.474655Z"}
{"index": 2052, "data": -0.0019888795213773847, "create_time": "2024-05-31T11:04:32.150283Z"}
{"index": 2053, "data": -0.0007733870268566533, "create_time": "2024-05-31T11:04:32.839290Z"}
{"index": 2054, "data": -0.0038568091338675005, "create_time": "2024-05-31T11:04:33.477038Z"}
{"index": 2055, "data": -0.00348172037047334, "create_time": "2024-05-31T11:04:34.151962Z"}
{"index": 2056, "data": -0.0054143565779668276, "create_time": "2024-05-31T11:04:34.917883Z"}
{"index": 2057, "data": -0.001862641367915785, "create_time": "2024-05-31T11:04:35.746538Z"}
{"index": 2058, "data": -0.002661474757223914, "create_time": "2024-05-31T11:04:36.370694Z"}
{"index": 2059, "data": -0.0006782883079722524, "create_time": "2024-05-31T11:04:37.107720Z"}
{"index": 2060, "data": -0.0057940685790526915, "create_time": "2024-05-31T11:04:37.799060Z"}
{"index": 2061, "data": -0.003947660271660425, "create_time": "2024-05-31T11:04:38.446138Z"}
{"index": 2062, "data": -0.001993058400694281, "create_time": "2024-05-31T11:04:39.138772Z"}
{"index": 2063, "data": -0.0036069025562028402, "create_time": "2024-05-31T11:04:39.854407Z"}
{"index": 2064, "data": 0.0018662778995349072, "create_time": "2024-05-31T11:04:40.626294Z"}
{"index": 2065, "data": -0.0022960637441428846, "create_time": "2024-05-31T11:04:41.371076Z"}
{"index": 2066, "data": -0.0009539504098938778, "create_time": "2024-05-31T11:04:42.021147Z"}
{"index": 2067, "data": -0.003996722420561127, "create_time": "2024-05-31T11:04:42.752493Z"}
{"index": 2068, "data": 0.0006123110943008214, "create_time": "2024-05-31T11:04:43.493401Z"}
{"index": 2069, "data": -0.007143992857891135, "create_time": "2024-05-31T11:04:44.131897Z"}
{"index": 2070, "data": -0.002840925962664187, "create_time": "2024-05-31T11:04:44.859530Z"}
{"index": 2071, "data": -0.0061637542225071226, "create_time": "2024-05-31T11:04:45.634244Z"}
{"index": 2072, "data": -0.004640811559511349, "create_time": "2024-05-31T11:04:46.383554Z"}
{"index": 2073, "data": -0.0023807016590581044, "create_time": "2024-05-31T11:04:47.027372Z"}
{"index": 2074, "data": -0.002486934867920354, "create_time": "2024-05-31T11:04:47.792398Z"}
{"index": 2075, "data": -0.0030354091606568543, "create_time": "2024-05-31T11:04:48.542070Z"}
{"index": 2076, "data": -0.000851629084581873, "create_time": "2024-05-31T11:04:49.264429Z"}
{"index": 2077, "data": -0.0022474586294265464, "create_time": "2024-05-31T11:04:49.968791Z"}
{"index": 2078, "data": -0.0039001592551358042, "create_time": "2024-05-31T11:04:50.580187Z"}
{"index": 2079, "data": -0.002427850302774459, "create_time": "2024-05-31T11:04:51.257403Z"}
{"index": 2080, "data": -0.005878943966672523, "create_time": "2024-05-31T11:04:51.957747Z"}
{"index": 2081, "data": -0.0018818880002072547, "create_time": "2024-05-31T11:04:52.721638Z"}
{"index": 2082, "data": -0.005465850504697301, "create_time": "2024-05-31T11:04:53.383602Z"}
{"index": 2083, "data": -0.002632319674012251, "create_time": "2024-05-31T11:04:54.052293Z"}
{"index": 2084, "data": -0.004247551719890908, "create_time": "2024-05-31T11:04:54.860462Z"}
{"index": 2085, "data": -0.0020524620660580693, "create_time": "2024-05-31T11:04:55.643358Z"}
{"index": 2086, "data": -0.006394362814899068, "create_time": "2024-05-31T11:04:56.381822Z"}
{"index": 2087, "data": 0.0016210604138905183, "create_time": "2024-05-31T11:04:57.076590Z"}
{"index": 2088, "data": -0.005025498004397377, "create_time": "2024-05-31T11:04:57.816692Z"}
{"index": 2089, "data": -0.001261711335973814, "create_time": "2024-05-31T11:04:58.558795Z"}
{"index": 2090, "data": -0.002561486003105529, "create_time": "2024-05-31T11:04:59.291579Z"}
{"index": 2091, "data": -0.0017900445556733758, "create_time": "2024-05-31T11:04:59.926100Z"}
{"index": 2092, "data": 0.004463067470351234, "create_time": "2024-05-31T11:05:00.680950Z"}
{"index": 2093, "data": -0.005545558934682049, "create_time": "2024-05-31T11:05:01.399909Z"}
{"index": 2094, "data": -0.0006488734943559393, "create_time": "2024-05-31T11:05:02.071894Z"}
{"index": 2095, "data": -0.00502977439755341, "create_time": "2024-05-31T11:05:02.746913Z"}
{"index": 2096, "data": -0.0043719424749724565, "create_time": "2024-05-31T11:05:03.497974Z"}
{"index": 2097, "data": -0.0006212353953742422, "create_time": "2024-05-31T11:05:04.293656Z"}
{"index": 2098, "data": -0.00572394368937239, "create_time": "2024-05-31T11:05:04.915905Z"}
{"index": 2099, "data": -0.002609792913426645, "create_time": "2024-05-31T11:05:05.716904Z"}
{"index": 2100, "data": -0.003647524249390699, "create_time": "2024-05-31T11:05:06.447562Z"}
{"index": 2101, "data": -0.0049472003287519325, "create_time": "2024-05-31T11:05:07.230205Z"}
{"index": 2102, "data": -0.0037727694405475633, "create_time": "2024-05-31T11:05:07.929937Z"}
{"index": 2103, "data": 0.004246129918283259, "create_time": "2024-05-31T11:05:08.607573Z"}
{"index": 2104, "data": -0.004690504643804161, "create_time": "2024-05-31T11:05:09.274601Z"}
{"index": 2105, "data": -0.006238340192066971, "create_time": "2024-05-31T11:05:09.957661Z"}
{"index": 2106, "data": -0.0035850292260874994, "create_time": "2024-05-31T11:05:10.740348Z"}
{"index": 2107, "data": -0.00020719099775305948, "create_time": "2024-05-31T11:05:11.423136Z"}
{"index": 2108, "data": -0.004104500613175332, "create_time": "2024-05-31T11:05:12.110735Z"}
{"index": 2109, "data": -0.003757695565582253, "create_time": "2024-05-31T11:05:12.804214Z"}
{"index": 2110, "data": 0.002796107424364891, "create_time": "2024-05-31T11:05:13.484464Z"}
{"index": 2111, "data": -0.004701654250675346, "create_time": "2024-05-31T11:05:14.156286Z"}
{"index": 2112, "data": -0.005204379516362679, "create_time": "2024-05-31T11:05:14.885019Z"}
{"index": 2113, "data": -0.000595167420397047, "create_time": "2024-05-31T11:05:15.555608Z"}
{"index": 2114, "data": -0.005190792076609796, "create_time": "2024-05-31T11:05:16.267075Z"}
{"index": 2115, "data": -0.0022230949009099275, "create_time": "2024-05-31T11:05:16.992019Z"}
{"index": 2116, "data": -0.005105840496253222, "create_time": "2024-05-31T11:05:17.707777Z"}
{"index": 2117, "data": 0.004120413078635465, "create_time": "2024-05-31T11:05:18.420765Z"}
{"index": 2118, "data": -0.004111028878833167, "create_time": "2024-05-31T11:05:19.064369Z"}
{"index": 2119, "data": -0.0031532377150142567, "create_time": "2024-05-31T11:05:19.814840Z"}
{"index": 2120, "data": -0.0013540146246668883, "create_time": "2024-05-31T11:05:20.594673Z"}
{"index": 2121, "data": -0.005136860336642712, "create_time": "2024-05-31T11:05:21.217308Z"}
{"index": 2122, "data": 0.0021195887500653045, "create_time": "2024-05-31T11:05:21.924433Z"}
{"index": 2123, "data": -0.005441955757851247, "create_time": "2024-05-31T11:05:22.615325Z"}
{"index": 2124, "data": -0.004444392514415085, "create_time": "2024-05-31T11:05:23.292366Z"}
{"index": 2125, "data": 0.00028401826857589186, "create_time": "2024-05-31T11:05:24.021382Z"}
{"index": 2126, "data": -0.006315253663342446, "create_time": "2024-05-31T11:05:24.709682Z"}
{"index": 2127, "data": -0.004504543109214864, "create_time": "2024-05-31T11:05:25.420681Z"}
{"index": 2128, "data": -0.00321096861443948, "create_time": "2024-05-31T11:05:26.049801Z"}
{"index": 2129, "data": -0.0026101205105078405, "create_time": "2024-05-31T11:05:26.804956Z"}
{"index": 2130, "data": -0.0027134536299854516, "create_time": "2024-05-31T11:05:27.501256Z"}
{"index": 2131, "data": -0.0010258555179461838, "create_time": "2024-05-31T11:05:28.263258Z"}
{"index": 2132, "data": -0.0048973482611472715, "create_time": "2024-05-31T11:05:28.993861Z"}
{"index": 2133, "data": -0.0005455376871395856, "create_time": "2024-05-31T11:05:29.668788Z"}
{"index": 2134, "data": -0.004855783688253723, "create_time": "2024-05-31T11:05:30.344503Z"}
{"index": 2135, "data": -0.0033502896287245674, "create_time": "2024-05-31T11:05:31.114293Z"}
{"index": 2136, "data": -0.0013913813978433608, "create_time": "2024-05-31T11:05:31.821784Z"}
{"index": 2137, "data": -0.003123821038752794, "create_time": "2024-05-31T11:05:32.472077Z"}
{"index": 2138, "data": -0.0057061057013925165, "create_time": "2024-05-31T11:05:33.181010Z"}
{"index": 2139, "data": -0.0023279725399333985, "create_time": "2024-05-31T11:05:33.985551Z"}
{"index": 2140, "data": 0.007408686855342239, "create_time": "2024-05-31T11:05:34.684166Z"}
{"index": 2141, "data": -0.004563124716878519, "create_time": "2024-05-31T11:05:35.361717Z"}
{"index": 2142, "data": -0.005367023755752598, "create_time": "2024-05-31T11:05:36.047202Z"}
{"index": 2143, "data": -0.0021178881434025243, "create_time": "2024-05-31T11:05:36.781222Z"}
{"index": 2144, "data": -0.0028119504771893845, "create_time": "2024-05-31T11:05:37.408540Z"}
{"index": 2145, "data": -0.001937603834994661, "create_time": "2024-05-31T11:05:38.039786Z"}
{"index": 2146, "data": -0.0045310203982808165, "create_time": "2024-05-31T11:05:38.677059Z"}
{"index": 2147, "data": -0.005544625349648414, "create_time": "2024-05-31T11:05:39.418623Z"}
{"index": 2148, "data": -0.0008422546678048092, "create_time": "2024-05-31T11:05:40.202679Z"}
{"index": 2149, "data": -0.0048240376770991135, "create_time": "2024-05-31T11:05:40.864094Z"}
{"index": 2150, "data": -0.0010298551176674664, "create_time": "2024-05-31T11:05:41.517144Z"}
{"index": 2151, "data": 0.005653297080425545, "create_time": "2024-05-31T11:05:42.311418Z"}
{"index": 2152, "data": -0.005878195102559403, "create_time": "2024-05-31T11:05:42.964605Z"}
{"index": 2153, "data": -0.005287568777566776, "create_time": "2024-05-31T11:05:43.657879Z"}
{"index": 2154, "data": -0.00313449134118855, "create_time": "2024-05-31T11:05:44.356142Z"}
{"index": 2155, "data": -0.0019754036344238556, "create_time": "2024-05-31T11:05:45.001453Z"}
{"index": 2156, "data": -0.002513333118531591, "create_time": "2024-05-31T11:05:45.747123Z"}
{"index": 2157, "data": -0.00035213584183111377, "create_time": "2024-05-31T11:05:46.444435Z"}
{"index": 2158, "data": -0.004729850092553533, "create_time": "2024-05-31T11:05:47.092654Z"}
{"index": 2159, "data": -0.004071859002579004, "create_time": "2024-05-31T11:05:47.884322Z"}
{"index": 2160, "data": -0.004756736928538885, "create_time": "2024-05-31T11:05:48.552651Z"}
{"index": 2161, "data": 0.0035428489034529777, "create_time": "2024-05-31T11:05:49.305347Z"}
{"index": 2162, "data": -0.005210445256670937, "create_time": "2024-05-31T11:05:49.969144Z"}
{"index": 2163, "data": 0.0026253544609062375, "create_time": "2024-05-31T11:05:50.581020Z"}
{"index": 2164, "data": -0.004310262331273407, "create_time": "2024-05-31T11:05:51.341960Z"}
{"index": 2165, "data": -0.004981298861093819, "create_time": "2024-05-31T11:05:52.110440Z"}
{"index": 2166, "data": -0.002376700750028249, "create_time": "2024-05-31T11:05:52.789782Z"}
{"index": 2167, "data": -0.002710964965081075, "create_time": "2024-05-31T11:05:53.481168Z"}
{"index": 2168, "data": -0.0011603130682487973, "create_time": "2024-05-31T11:05:54.168554Z"}
{"index": 2169, "data": -0.004551786874071695, "create_time": "2024-05-31T11:05:54.902439Z"}
{"index": 2170, "data": -0.0020932323386659846, "create_time": "2024-05-31T11:05:55.666175Z"}
{"index": 2171, "data": -0.0009409687001607381, "create_time": "2024-05-31T11:05:56.318056Z"}
{"index": 2172, "data": -0.004011341126170009, "create_time": "2024-05-31T11:05:56.993064Z"}
{"index": 2173, "data": -0.0013087729224935175, "create_time": "2024-05-31T11:05:57.679586Z"}
{"index": 2174, "data": -0.004640830057905987, "create_time": "2024-05-31T11:05:58.456940Z"}
{"index": 2175, "data": -0.004269116255454719, "create_time": "2024-05-31T11:05:59.090087Z"}
{"index": 2176, "data": -0.0029976866382639853, "create_time": "2024-05-31T11:05:59.749928Z"}
{"index": 2177, "data": -0.0024336998039871105, "create_time": "2024-05-31T11:06:00.416947Z"}
{"index": 2178, "data": -0.002058708679396659, "create_time": "2024-05-31T11:06:01.200648Z"}
{"index": 2179, "data": -0.0031425506400410085, "create_time": "2024-05-31T11:06:01.814379Z"}
{"index": 2180, "data": 0.0018209973291959613, "create_time": "2024-05-31T11:06:02.441437Z"}
{"index": 2181, "data": -0.004344807278175722, "create_time": "2024-05-31T11:06:03.255451Z"}
{"index": 2182, "data": -0.0018874087661970406, "create_time": "2024-05-31T11:06:04.050382Z"}
{"index": 2183, "data": -0.0053233685186569344, "create_time": "2024-05-31T11:06:04.670799Z"}
{"index": 2184, "data": -0.00390449079714017, "create_time": "2024-05-31T11:06:05.288742Z"}
{"index": 2185, "data": -0.001754579582484439, "create_time": "2024-05-31T11:06:05.983291Z"}
{"index": 2186, "data": -0.006603872933192178, "create_time": "2024-05-31T11:06:06.671708Z"}
{"index": 2187, "data": -0.002222396177239716, "create_time": "2024-05-31T11:06:07.472744Z"}
{"index": 2188, "data": -0.0028686160920187833, "create_time": "2024-05-31T11:06:08.149079Z"}
{"index": 2189, "data": -0.003396688454085961, "create_time": "2024-05-31T11:06:08.767527Z"}
{"index": 2190, "data": -0.003313042368972674, "create_time": "2024-05-31T11:06:09.423545Z"}
{"index": 2191, "data": -0.003677743258049304, "create_time": "2024-05-31T11:06:10.226302Z"}
{"index": 2192, "data": 0.0069046271237311885, "create_time": "2024-05-31T11:06:10.896401Z"}
{"index": 2193, "data": -0.005450234965246636, "create_time": "2024-05-31T11:06:11.523016Z"}
{"index": 2194, "data": -0.005695310518331098, "create_time": "2024-05-31T11:06:12.224045Z"}
{"index": 2195, "data": -0.0022223351679713232, "create_time": "2024-05-31T11:06:12.936833Z"}
{"index": 2196, "data": -0.004110368130682218, "create_time": "2024-05-31T11:06:13.687891Z"}
{"index": 2197, "data": -0.0006081395578803495, "create_time": "2024-05-31T11:06:14.390882Z"}
{"index": 2198, "data": -0.0038613319033174776, "create_time": "2024-05-31T11:06:15.090239Z"}
{"index": 2199, "data": -0.0043059595205704685, "create_time": "2024-05-31T11:06:15.815464Z"}
{"index": 2200, "data": -0.006295668649181607, "create_time": "2024-05-31T11:06:16.458719Z"}
{"index": 2201, "data": -0.002999978681327775, "create_time": "2024-05-31T11:06:17.175937Z"}
{"index": 2202, "data": -0.0012684599569183774, "create_time": "2024-05-31T11:06:17.893215Z"}
{"index": 2203, "data": -0.003327138070494584, "create_time": "2024-05-31T11:06:18.520637Z"}
{"index": 2204, "data": -0.00017571404023328797, "create_time": "2024-05-31T11:06:19.279795Z"}
{"index": 2205, "data": -0.004598493390949443, "create_time": "2024-05-31T11:06:19.973607Z"}
{"index": 2206, "data": -0.0018159271028707735, "create_time": "2024-05-31T11:06:20.705183Z"}
{"index": 2207, "data": -0.004896229546284303, "create_time": "2024-05-31T11:06:21.382631Z"}
{"index": 2208, "data": -0.0020120841763855424, "create_time": "2024-05-31T11:06:22.010799Z"}
{"index": 2209, "data": -0.0039976132607989715, "create_time": "2024-05-31T11:06:22.680402Z"}
{"index": 2210, "data": 0.000477722380310297, "create_time": "2024-05-31T11:06:23.330913Z"}
{"index": 2211, "data": -0.006147910820436664, "create_time": "2024-05-31T11:06:24.040533Z"}
{"index": 2212, "data": -0.0006052259996067733, "create_time": "2024-05-31T11:06:24.764361Z"}
{"index": 2213, "data": -0.005399466067319736, "create_time": "2024-05-31T11:06:25.440515Z"}
{"index": 2214, "data": -0.0020757002968821324, "create_time": "2024-05-31T11:06:26.164203Z"}
{"index": 2215, "data": -0.0033587549754884095, "create_time": "2024-05-31T11:06:26.879849Z"}
{"index": 2216, "data": -0.0036734997178427876, "create_time": "2024-05-31T11:06:27.568223Z"}
{"index": 2217, "data": -0.005827349825995043, "create_time": "2024-05-31T11:06:28.292588Z"}
{"index": 2218, "data": -0.0044778605544706805, "create_time": "2024-05-31T11:06:28.951231Z"}
{"index": 2219, "data": -0.001908333256142214, "create_time": "2024-05-31T11:06:29.604369Z"}
{"index": 2220, "data": 0.007767017231344653, "create_time": "2024-05-31T11:06:30.286101Z"}
{"index": 2221, "data": -0.003413472976535559, "create_time": "2024-05-31T11:06:31.061214Z"}
{"index": 2222, "data": -0.004723847545392346, "create_time": "2024-05-31T11:06:31.719614Z"}
{"index": 2223, "data": -0.002861323195975274, "create_time": "2024-05-31T11:06:32.359353Z"}
{"index": 2224, "data": 0.002668052204535343, "create_time": "2024-05-31T11:06:32.993358Z"}
{"index": 2225, "data": -0.005949962924933061, "create_time": "2024-05-31T11:06:33.617974Z"}
{"index": 2226, "data": 0.0021881207969272507, "create_time": "2024-05-31T11:06:34.244835Z"}
{"index": 2227, "data": -0.0048770694469567385, "create_time": "2024-05-31T11:06:34.858615Z"}
{"index": 2228, "data": -0.003937723087437917, "create_time": "2024-05-31T11:06:35.462320Z"}
{"index": 2229, "data": -0.0008705935761099681, "create_time": "2024-05-31T11:06:36.073344Z"}
{"index": 2230, "data": -0.0021072299816296434, "create_time": "2024-05-31T11:06:36.695240Z"}
{"index": 2231, "data": -0.004731516970787197, "create_time": "2024-05-31T11:06:37.308924Z"}
{"index": 2232, "data": -0.007163029436196666, "create_time": "2024-05-31T11:06:37.934839Z"}
{"index": 2233, "data": -0.00026880454970523715, "create_time": "2024-05-31T11:06:38.546651Z"}
{"index": 2234, "data": -0.004517226223833859, "create_time": "2024-05-31T11:06:39.158342Z"}
{"index": 2235, "data": -0.003980977943865582, "create_time": "2024-05-31T11:06:39.800032Z"}
{"index": 2236, "data": -0.00249529623251874, "create_time": "2024-05-31T11:06:40.436220Z"}
{"index": 2237, "data": -0.005762614558625501, "create_time": "2024-05-31T11:06:41.065281Z"}
{"index": 2238, "data": -0.002559386343637016, "create_time": "2024-05-31T11:06:41.775527Z"}
{"index": 2239, "data": -0.004791931656654924, "create_time": "2024-05-31T11:06:42.470800Z"}
{"index": 2240, "data": -0.00368306837262935, "create_time": "2024-05-31T11:06:43.208327Z"}
{"index": 2241, "data": 0.003821427878574468, "create_time": "2024-05-31T11:06:43.944606Z"}
{"index": 2242, "data": -0.006201773612338002, "create_time": "2024-05-31T11:06:44.635714Z"}
{"index": 2243, "data": -0.006407570489682257, "create_time": "2024-05-31T11:06:45.377344Z"}
{"index": 2244, "data": -0.0023504568845964966, "create_time": "2024-05-31T11:06:46.055845Z"}
{"index": 2245, "data": -0.0036746028046763966, "create_time": "2024-05-31T11:06:46.708724Z"}
{"index": 2246, "data": -0.0023874223392340355, "create_time": "2024-05-31T11:06:47.381428Z"}
{"index": 2247, "data": -0.006200146429546294, "create_time": "2024-05-31T11:06:48.105927Z"}
{"index": 2248, "data": -0.0030857514415401966, "create_time": "2024-05-31T11:06:48.869324Z"}
{"index": 2249, "data": -0.001536499010398984, "create_time": "2024-05-31T11:06:49.580192Z"}
{"index": 2250, "data": -0.005268380013148999, "create_time": "2024-05-31T11:06:50.227348Z"}
{"index": 2251, "data": -0.006303172156913206, "create_time": "2024-05-31T11:06:50.900033Z"}
{"index": 2252, "data": 0.002222526859259233, "create_time": "2024-05-31T11:06:51.557677Z"}
{"index": 2253, "data": -0.005148848382668802, "create_time": "2024-05-31T11:06:52.273250Z"}
{"index": 2254, "data": -0.004315738560399041, "create_time": "2024-05-31T11:06:52.989012Z"}
{"index": 2255, "data": -0.0038431473105447365, "create_time": "2024-05-31T11:06:53.613622Z"}
{"index": 2256, "data": 1.11152752651833e-05, "create_time": "2024-05-31T11:06:54.275894Z"}
{"index": 2257, "data": -0.006361970881698653, "create_time": "2024-05-31T11:06:54.891328Z"}
{"index": 2258, "data": -0.002017268689814955, "create_time": "2024-05-31T11:06:55.566255Z"}
{"index": 2259, "data": -0.0045803642482496795, "create_time": "2024-05-31T11:06:56.280095Z"}
{"index": 2260, "data": -0.00298154967604205, "create_time": "2024-05-31T11:06:56.957261Z"}
{"index": 2261, "data": -0.00319466536748223, "create_time": "2024-05-31T11:06:57.667467Z"}
{"index": 2262, "data": -0.003531130403280258, "create_time": "2024-05-31T11:06:58.388918Z"}
{"index": 2263, "data": -0.0023468235071050004, "create_time": "2024-05-31T11:06:59.123600Z"}
{"index": 2264, "data": -0.003961376426741481, "create_time": "2024-05-31T11:06:59.872864Z"}
{"index": 2265, "data": 0.0019213989784475417, "create_time": "2024-05-31T11:07:00.547228Z"}
{"index": 2266, "data": -0.0051517666492145505, "create_time": "2024-05-31T11:07:01.195535Z"}
{"index": 2267, "data": -0.0037191281822742893, "create_time": "2024-05-31T11:07:01.898449Z"}
{"index": 2268, "data": -0.003700980750727467, "create_time": "2024-05-31T11:07:02.680659Z"}
{"index": 2269, "data": -0.0012031936210405547, "create_time": "2024-05-31T11:07:03.438151Z"}
{"index": 2270, "data": -0.005982660222798586, "create_time": "2024-05-31T11:07:04.185616Z"}
{"index": 2271, "data": -0.004650394601048902, "create_time": "2024-05-31T11:07:04.859661Z"}
{"index": 2272, "data": -0.0006199290044605732, "create_time": "2024-05-31T11:07:05.513313Z"}
{"index": 2273, "data": -0.004349081736290827, "create_time": "2024-05-31T11:07:06.214173Z"}
{"index": 2274, "data": -0.0026872624643146993, "create_time": "2024-05-31T11:07:06.960821Z"}
{"index": 2275, "data": -0.0056881851167418064, "create_time": "2024-05-31T11:07:07.658701Z"}
{"index": 2276, "data": -0.002023497794289142, "create_time": "2024-05-31T11:07:08.355507Z"}
{"index": 2277, "data": 0.005637625919189304, "create_time": "2024-05-31T11:07:09.117336Z"}
{"index": 2278, "data": -0.00532088894615299, "create_time": "2024-05-31T11:07:09.912830Z"}
{"index": 2279, "data": -0.0019697569834534077, "create_time": "2024-05-31T11:07:10.660037Z"}
{"index": 2280, "data": -0.00474531261716038, "create_time": "2024-05-31T11:07:11.304196Z"}
{"index": 2281, "data": -0.0032340891484636813, "create_time": "2024-05-31T11:07:12.008575Z"}
{"index": 2282, "data": -0.004504237306537107, "create_time": "2024-05-31T11:07:12.671226Z"}
{"index": 2283, "data": -0.001901206694310531, "create_time": "2024-05-31T11:07:13.355444Z"}
{"index": 2284, "data": -0.0020628097117878497, "create_time": "2024-05-31T11:07:13.977695Z"}
{"index": 2285, "data": -0.004754476030939259, "create_time": "2024-05-31T11:07:14.671070Z"}
{"index": 2286, "data": -0.0057925888686440885, "create_time": "2024-05-31T11:07:15.483690Z"}
{"index": 2287, "data": -0.0033119391388026997, "create_time": "2024-05-31T11:07:16.257782Z"}
{"index": 2288, "data": -0.0016914544947212562, "create_time": "2024-05-31T11:07:16.876961Z"}
{"index": 2289, "data": -0.004641546547645703, "create_time": "2024-05-31T11:07:17.524316Z"}
{"index": 2290, "data": -0.0023939647537190465, "create_time": "2024-05-31T11:07:18.299189Z"}
{"index": 2291, "data": -0.004292855235325988, "create_time": "2024-05-31T11:07:18.939051Z"}
{"index": 2292, "data": -0.0035050436657911633, "create_time": "2024-05-31T11:07:19.697661Z"}
{"index": 2293, "data": -0.00361666389144375, "create_time": "2024-05-31T11:07:20.421107Z"}
{"index": 2294, "data": -0.0024655045563122258, "create_time": "2024-05-31T11:07:21.120355Z"}
{"index": 2295, "data": -0.0027583890565438195, "create_time": "2024-05-31T11:07:21.857653Z"}
{"index": 2296, "data": -0.006464561191387474, "create_time": "2024-05-31T11:07:22.599527Z"}
{"index": 2297, "data": -0.0051654758251970636, "create_time": "2024-05-31T11:07:23.315558Z"}
{"index": 2298, "data": -0.002699323632987216, "create_time": "2024-05-31T11:07:23.946333Z"}
{"index": 2299, "data": -0.0028493559540947897, "create_time": "2024-05-31T11:07:24.603941Z"}
{"index": 2300, "data": 0.00041438297339482235, "create_time": "2024-05-31T11:07:25.285406Z"}
{"index": 2301, "data": -0.005275342232198455, "create_time": "2024-05-31T11:07:26.093271Z"}
{"index": 2302, "data": -0.00554805340943858, "create_time": "2024-05-31T11:07:26.876975Z"}
{"index": 2303, "data": -0.0005827263899846003, "create_time": "2024-05-31T11:07:27.549209Z"}
{"index": 2304, "data": -0.006172833076561801, "create_time": "2024-05-31T11:07:28.262692Z"}
{"index": 2305, "data": -0.006629296889877878, "create_time": "2024-05-31T11:07:28.994208Z"}
{"index": 2306, "data": 0.0034931101574329658, "create_time": "2024-05-31T11:07:29.672012Z"}
{"index": 2307, "data": -0.005184476242720848, "create_time": "2024-05-31T11:07:30.412147Z"}
{"index": 2308, "data": -0.006293158631888218, "create_time": "2024-05-31T11:07:31.118715Z"}
{"index": 2309, "data": -0.001740442102891393, "create_time": "2024-05-31T11:07:31.887348Z"}
{"index": 2310, "data": -0.0039652309933444485, "create_time": "2024-05-31T11:07:32.596935Z"}
{"index": 2311, "data": -0.00299602738377871, "create_time": "2024-05-31T11:07:33.341600Z"}
{"index": 2312, "data": -0.002407116227550432, "create_time": "2024-05-31T11:07:34.028956Z"}
{"index": 2313, "data": -0.0021367392619140446, "create_time": "2024-05-31T11:07:34.660805Z"}
{"index": 2314, "data": -0.0027227035723626615, "create_time": "2024-05-31T11:07:35.280783Z"}
{"index": 2315, "data": -0.0043349131010472775, "create_time": "2024-05-31T11:07:35.948213Z"}
{"index": 2316, "data": -0.003695028432412073, "create_time": "2024-05-31T11:07:37.055504Z"}
{"index": 2317, "data": -0.0036388824810273945, "create_time": "2024-05-31T11:07:38.164209Z"}
{"index": 2318, "data": 0.0060811098344856875, "create_time": "2024-05-31T11:07:39.428573Z"}
{"index": 2319, "data": -0.005300697785060038, "create_time": "2024-05-31T11:07:40.673539Z"}
{"index": 2320, "data": -0.005648727661173325, "create_time": "2024-05-31T11:07:41.829223Z"}
{"index": 2321, "data": -0.002819222171092406, "create_time": "2024-05-31T11:07:43.057231Z"}
{"index": 2322, "data": -0.004037064257499878, "create_time": "2024-05-31T11:07:44.158722Z"}
{"index": 2323, "data": 0.0018267209485202328, "create_time": "2024-05-31T11:07:45.253819Z"}
{"index": 2324, "data": -0.005563046411134564, "create_time": "2024-05-31T11:07:46.382031Z"}
{"index": 2325, "data": -0.004819677368504927, "create_time": "2024-05-31T11:07:47.482118Z"}
{"index": 2326, "data": 0.0026402803370729087, "create_time": "2024-05-31T11:07:48.513005Z"}
{"index": 2327, "data": -0.002306801349914167, "create_time": "2024-05-31T11:07:49.540490Z"}
{"index": 2328, "data": -0.0028394926397595555, "create_time": "2024-05-31T11:07:50.626083Z"}
{"index": 2329, "data": -0.00414372241939418, "create_time": "2024-05-31T11:07:51.771092Z"}
{"index": 2330, "data": -0.002744997628906276, "create_time": "2024-05-31T11:07:53.040330Z"}
{"index": 2331, "data": -0.0018021695577772334, "create_time": "2024-05-31T11:07:54.163054Z"}
{"index": 2332, "data": -0.0026383214240922825, "create_time": "2024-05-31T11:07:55.348007Z"}
{"index": 2333, "data": -0.00378782321640756, "create_time": "2024-05-31T11:07:56.539989Z"}
{"index": 2334, "data": -0.005262373201549053, "create_time": "2024-05-31T11:07:57.687453Z"}
{"index": 2335, "data": -0.004233658491284586, "create_time": "2024-05-31T11:07:58.834375Z"}
{"index": 2336, "data": 0.0049401029536966234, "create_time": "2024-05-31T11:08:00.000846Z"}
{"index": 2337, "data": -0.006268691923469305, "create_time": "2024-05-31T11:08:01.108527Z"}
{"index": 2338, "data": -0.006277955643599853, "create_time": "2024-05-31T11:08:02.305092Z"}
{"index": 2339, "data": -0.0024887446186767194, "create_time": "2024-05-31T11:08:03.393638Z"}
{"index": 2340, "data": -0.0016760400307248347, "create_time": "2024-05-31T11:08:04.138940Z"}
{"index": 2341, "data": -0.004486031799751799, "create_time": "2024-05-31T11:08:04.891126Z"}
{"index": 2342, "data": -0.0028890988149214538, "create_time": "2024-05-31T11:08:05.668988Z"}
{"index": 2343, "data": -0.0017584695338882738, "create_time": "2024-05-31T11:08:06.424650Z"}
{"index": 2344, "data": -0.0053262932691723105, "create_time": "2024-05-31T11:08:07.226935Z"}
{"index": 2345, "data": -0.002687687531579286, "create_time": "2024-05-31T11:08:07.997790Z"}
{"index": 2346, "data": -0.0055561232002219185, "create_time": "2024-05-31T11:08:08.680621Z"}
{"index": 2347, "data": -0.0026953896885970607, "create_time": "2024-05-31T11:08:09.443193Z"}
{"index": 2348, "data": -0.0020216621245708667, "create_time": "2024-05-31T11:08:10.246322Z"}
{"index": 2349, "data": -0.0026462124864337967, "create_time": "2024-05-31T11:08:11.030444Z"}
{"index": 2350, "data": 0.0007091573905199766, "create_time": "2024-05-31T11:08:11.856847Z"}
{"index": 2351, "data": 0.0010751162801170722, "create_time": "2024-05-31T11:08:12.585241Z"}
{"index": 2352, "data": -0.004608066829678137, "create_time": "2024-05-31T11:08:13.322635Z"}
{"index": 2353, "data": -0.0030222968198359013, "create_time": "2024-05-31T11:08:14.024189Z"}
{"index": 2354, "data": -0.004848595702787862, "create_time": "2024-05-31T11:08:14.767636Z"}
{"index": 2355, "data": -0.0029634433391038328, "create_time": "2024-05-31T11:08:15.519739Z"}
{"index": 2356, "data": -0.003601958358194679, "create_time": "2024-05-31T11:08:16.331485Z"}
{"index": 2357, "data": -0.005621295523815207, "create_time": "2024-05-31T11:08:17.084652Z"}
{"index": 2358, "data": -0.00462096537812613, "create_time": "2024-05-31T11:08:17.856163Z"}
{"index": 2359, "data": -0.0028228363808011636, "create_time": "2024-05-31T11:08:18.639707Z"}
{"index": 2360, "data": -0.0023646895017009227, "create_time": "2024-05-31T11:08:19.353459Z"}
{"index": 2361, "data": -0.00505600254618912, "create_time": "2024-05-31T11:08:20.122821Z"}
{"index": 2362, "data": 7.754820107948035e-05, "create_time": "2024-05-31T11:08:20.860365Z"}
{"index": 2363, "data": -0.005264124943641946, "create_time": "2024-05-31T11:08:21.670430Z"}
{"index": 2364, "data": -0.005167560108748148, "create_time": "2024-05-31T11:08:22.391714Z"}
{"index": 2365, "data": 0.004234452487435192, "create_time": "2024-05-31T11:08:23.130083Z"}
{"index": 2366, "data": -0.0052036713226698336, "create_time": "2024-05-31T11:08:23.847771Z"}
{"index": 2367, "data": -0.0035510452536982482, "create_time": "2024-05-31T11:08:24.548339Z"}
{"index": 2368, "data": -0.0037855114856938598, "create_time": "2024-05-31T11:08:25.239415Z"}
{"index": 2369, "data": 0.0027152693521202307, "create_time": "2024-05-31T11:08:25.943682Z"}
{"index": 2370, "data": -0.003786211184342392, "create_time": "2024-05-31T11:08:26.682893Z"}
{"index": 2371, "data": -0.0014091476739849895, "create_time": "2024-05-31T11:08:27.459422Z"}
{"index": 2372, "data": -0.003322427850798704, "create_time": "2024-05-31T11:08:28.133749Z"}
{"index": 2373, "data": -0.0069955572427716104, "create_time": "2024-05-31T11:08:28.845617Z"}
{"index": 2374, "data": -0.0030089874650002456, "create_time": "2024-05-31T11:08:29.526558Z"}
{"index": 2375, "data": 0.005431134536047466, "create_time": "2024-05-31T11:08:30.265737Z"}
{"index": 2376, "data": -0.0043421514623332765, "create_time": "2024-05-31T11:08:30.970511Z"}
{"index": 2377, "data": -0.003152998438599752, "create_time": "2024-05-31T11:08:31.682886Z"}
{"index": 2378, "data": -0.0037597764942802316, "create_time": "2024-05-31T11:08:32.468815Z"}
{"index": 2379, "data": -0.004865148724638857, "create_time": "2024-05-31T11:08:33.191068Z"}
{"index": 2380, "data": 0.0001216782140545547, "create_time": "2024-05-31T11:08:33.924479Z"}
{"index": 2381, "data": -0.0045660709423827935, "create_time": "2024-05-31T11:08:34.619053Z"}
{"index": 2382, "data": -0.0025338711318909192, "create_time": "2024-05-31T11:08:35.370703Z"}
{"index": 2383, "data": -0.002049982841708697, "create_time": "2024-05-31T11:08:36.093853Z"}
{"index": 2384, "data": -0.0021659834756974305, "create_time": "2024-05-31T11:08:36.750256Z"}
{"index": 2385, "data": -0.002316898974822834, "create_time": "2024-05-31T11:08:37.479105Z"}
{"index": 2386, "data": -0.0031905420473776758, "create_time": "2024-05-31T11:08:38.294668Z"}
{"index": 2387, "data": -0.0024903000114136374, "create_time": "2024-05-31T11:08:38.948190Z"}
{"index": 2388, "data": -0.002026854798896238, "create_time": "2024-05-31T11:08:39.619107Z"}
{"index": 2389, "data": -0.005367591745016398, "create_time": "2024-05-31T11:08:40.423565Z"}
{"index": 2390, "data": -0.005869793653255328, "create_time": "2024-05-31T11:08:41.223104Z"}
{"index": 2391, "data": 0.0006288220873102545, "create_time": "2024-05-31T11:08:41.891705Z"}
{"index": 2392, "data": -0.004723006900167093, "create_time": "2024-05-31T11:08:42.684601Z"}
{"index": 2393, "data": -0.002980121030122973, "create_time": "2024-05-31T11:08:43.387670Z"}
{"index": 2394, "data": -0.003306403465103358, "create_time": "2024-05-31T11:08:44.062790Z"}
{"index": 2395, "data": -0.004034071980277077, "create_time": "2024-05-31T11:08:44.731200Z"}
{"index": 2396, "data": -0.0040155930153559895, "create_time": "2024-05-31T11:08:45.460742Z"}
{"index": 2397, "data": -0.0019126277737086638, "create_time": "2024-05-31T11:08:46.197915Z"}
{"index": 2398, "data": 0.00018613196880323812, "create_time": "2024-05-31T11:08:46.869372Z"}
{"index": 2399, "data": -0.006314545337227173, "create_time": "2024-05-31T11:08:47.610795Z"}
{"index": 2400, "data": -0.00638065916573396, "create_time": "2024-05-31T11:08:48.383050Z"}
{"index": 2401, "data": -0.00335237464569218, "create_time": "2024-05-31T11:08:49.141666Z"}
{"index": 2402, "data": -0.0018855835078284144, "create_time": "2024-05-31T11:08:49.945641Z"}
{"index": 2403, "data": -0.0006146271625766531, "create_time": "2024-05-31T11:08:50.716958Z"}
{"index": 2404, "data": -0.005664532304217573, "create_time": "2024-05-31T11:08:51.514721Z"}
{"index": 2405, "data": -0.002747681404071045, "create_time": "2024-05-31T11:08:52.239068Z"}
{"index": 2406, "data": -0.0031860043978667817, "create_time": "2024-05-31T11:08:52.906579Z"}
{"index": 2407, "data": -0.006886754184961319, "create_time": "2024-05-31T11:08:53.642437Z"}
{"index": 2408, "data": -0.004285762592917308, "create_time": "2024-05-31T11:08:54.362340Z"}
{"index": 2409, "data": -0.0029817208298482, "create_time": "2024-05-31T11:08:55.001368Z"}
{"index": 2410, "data": -0.00070154584464035, "create_time": "2024-05-31T11:08:55.759757Z"}
{"index": 2411, "data": -0.005060471132583189, "create_time": "2024-05-31T11:08:56.480637Z"}
{"index": 2412, "data": -0.006342117916210555, "create_time": "2024-05-31T11:08:57.171446Z"}
{"index": 2413, "data": -0.0015260697065968998, "create_time": "2024-05-31T11:08:57.873361Z"}
{"index": 2414, "data": -0.004518414265476167, "create_time": "2024-05-31T11:08:58.664433Z"}
{"index": 2415, "data": 0.003102898909128271, "create_time": "2024-05-31T11:08:59.403984Z"}
{"index": 2416, "data": -0.004731285443995148, "create_time": "2024-05-31T11:09:00.063982Z"}
{"index": 2417, "data": -0.003926647669868544, "create_time": "2024-05-31T11:09:00.856709Z"}
{"index": 2418, "data": -0.004159271495882422, "create_time": "2024-05-31T11:09:01.558063Z"}
{"index": 2419, "data": -0.002921314028208144, "create_time": "2024-05-31T11:09:02.239332Z"}
{"index": 2420, "data": -0.0029395864534308203, "create_time": "2024-05-31T11:09:03.024362Z"}
{"index": 2421, "data": -0.002738268714165315, "create_time": "2024-05-31T11:09:03.828738Z"}
{"index": 2422, "data": -0.00544206399426912, "create_time": "2024-05-31T11:09:04.620339Z"}
{"index": 2423, "data": -0.002830749936401844, "create_time": "2024-05-31T11:09:05.327968Z"}
{"index": 2424, "data": -0.0034294085533474574, "create_time": "2024-05-31T11:09:06.008657Z"}
{"index": 2425, "data": -0.0028920743367052636, "create_time": "2024-05-31T11:09:06.787709Z"}
{"index": 2426, "data": -0.002564233893644996, "create_time": "2024-05-31T11:09:07.575360Z"}
{"index": 2427, "data": -0.0047116349684074525, "create_time": "2024-05-31T11:09:08.351839Z"}
{"index": 2428, "data": -0.0028855143813416363, "create_time": "2024-05-31T11:09:08.998962Z"}
{"index": 2429, "data": -0.005659021959581878, "create_time": "2024-05-31T11:09:09.673810Z"}
{"index": 2430, "data": 0.006020276807248592, "create_time": "2024-05-31T11:09:10.447442Z"}
{"index": 2431, "data": -0.0037215537238807885, "create_time": "2024-05-31T11:09:11.168785Z"}
{"index": 2432, "data": -0.002824780240189284, "create_time": "2024-05-31T11:09:11.793990Z"}
{"index": 2433, "data": -0.0011851688497699798, "create_time": "2024-05-31T11:09:12.552093Z"}
{"index": 2434, "data": -0.005261188910662895, "create_time": "2024-05-31T11:09:13.329577Z"}
{"index": 2435, "data": -0.0030978126655099914, "create_time": "2024-05-31T11:09:14.015700Z"}
{"index": 2436, "data": -0.003969559294637293, "create_time": "2024-05-31T11:09:14.810914Z"}
{"index": 2437, "data": 0.0013154488406144083, "create_time": "2024-05-31T11:09:15.491737Z"}
{"index": 2438, "data": -0.00131040207343176, "create_time": "2024-05-31T11:09:16.259397Z"}
{"index": 2439, "data": -0.005424101293465355, "create_time": "2024-05-31T11:09:16.983884Z"}
{"index": 2440, "data": -0.004378912004176528, "create_time": "2024-05-31T11:09:17.626268Z"}
{"index": 2441, "data": -0.005644080339698121, "create_time": "2024-05-31T11:09:18.347362Z"}
{"index": 2442, "data": -0.002350722560368013, "create_time": "2024-05-31T11:09:19.014647Z"}
{"index": 2443, "data": -0.0029502226272597907, "create_time": "2024-05-31T11:09:19.722980Z"}
{"index": 2444, "data": -0.0055726568680256605, "create_time": "2024-05-31T11:09:20.365096Z"}
{"index": 2445, "data": -0.0023020817723590882, "create_time": "2024-05-31T11:09:21.062286Z"}
{"index": 2446, "data": 0.0021783559845061974, "create_time": "2024-05-31T11:09:21.751064Z"}
{"index": 2447, "data": -0.004783079825574532, "create_time": "2024-05-31T11:09:22.372459Z"}
{"index": 2448, "data": -0.006242356511211256, "create_time": "2024-05-31T11:09:23.120668Z"}
{"index": 2449, "data": -0.005145552748581394, "create_time": "2024-05-31T11:09:23.848078Z"}
{"index": 2450, "data": -0.006404543868848122, "create_time": "2024-05-31T11:09:24.531111Z"}
{"index": 2451, "data": -0.002004495746223256, "create_time": "2024-05-31T11:09:25.264755Z"}
{"index": 2452, "data": -0.005823368972050958, "create_time": "2024-05-31T11:09:25.912766Z"}
{"index": 2453, "data": -0.0032694256864488126, "create_time": "2024-05-31T11:09:26.601696Z"}
{"index": 2454, "data": 0.0013594178220955656, "create_time": "2024-05-31T11:09:27.296523Z"}
{"index": 2455, "data": -0.005683969482197427, "create_time": "2024-05-31T11:09:28.085020Z"}
{"index": 2456, "data": -0.006159914948511869, "create_time": "2024-05-31T11:09:28.802314Z"}
{"index": 2457, "data": -0.0018257424497278407, "create_time": "2024-05-31T11:09:29.553939Z"}
{"index": 2458, "data": -0.0023421734251314772, "create_time": "2024-05-31T11:09:30.264942Z"}
{"index": 2459, "data": -0.0034639696357771756, "create_time": "2024-05-31T11:09:31.050904Z"}
{"index": 2460, "data": -0.004181006267026532, "create_time": "2024-05-31T11:09:31.749884Z"}
{"index": 2461, "data": -0.0035368368960916998, "create_time": "2024-05-31T11:09:32.483416Z"}
{"index": 2462, "data": -0.002255315048387274, "create_time": "2024-05-31T11:09:33.225406Z"}
{"index": 2463, "data": -0.005445259873522445, "create_time": "2024-05-31T11:09:33.965245Z"}
{"index": 2464, "data": -0.005560182818589965, "create_time": "2024-05-31T11:09:34.676696Z"}
{"index": 2465, "data": -0.0034721139330940788, "create_time": "2024-05-31T11:09:35.371132Z"}
{"index": 2466, "data": 0.0010401090934465174, "create_time": "2024-05-31T11:09:36.096708Z"}
{"index": 2467, "data": -0.005714611709117889, "create_time": "2024-05-31T11:09:36.846252Z"}
{"index": 2468, "data": -0.002098657988244668, "create_time": "2024-05-31T11:09:37.630793Z"}
{"index": 2469, "data": -0.004994747796445154, "create_time": "2024-05-31T11:09:38.247898Z"}
{"index": 2470, "data": -0.004916782105283346, "create_time": "2024-05-31T11:09:38.883341Z"}
{"index": 2471, "data": -0.0018278588744578884, "create_time": "2024-05-31T11:09:39.611795Z"}
{"index": 2472, "data": -0.0022297091822110816, "create_time": "2024-05-31T11:09:40.355389Z"}
{"index": 2473, "data": -0.0021468380371516107, "create_time": "2024-05-31T11:09:41.021146Z"}
{"index": 2474, "data": -0.002835355461866129, "create_time": "2024-05-31T11:09:41.645009Z"}
{"index": 2475, "data": -0.005932017418672331, "create_time": "2024-05-31T11:09:42.334039Z"}
{"index": 2476, "data": -0.002185154790640809, "create_time": "2024-05-31T11:09:43.062881Z"}
{"index": 2477, "data": -0.004840095169492997, "create_time": "2024-05-31T11:09:43.755470Z"}
{"index": 2478, "data": 0.0007030416745692492, "create_time": "2024-05-31T11:09:44.483827Z"}
{"index": 2479, "data": -0.004999020460672909, "create_time": "2024-05-31T11:09:45.179020Z"}
{"index": 2480, "data": 0.0009829971968429163, "create_time": "2024-05-31T11:09:45.932970Z"}
{"index": 2481, "data": -0.00605274382251082, "create_time": "2024-05-31T11:09:46.583827Z"}
{"index": 2482, "data": -0.002677872049389407, "create_time": "2024-05-31T11:09:47.227177Z"}
{"index": 2483, "data": -0.0029011993436142804, "create_time": "2024-05-31T11:09:47.962063Z"}
{"index": 2484, "data": -0.007049438910325989, "create_time": "2024-05-31T11:09:49.082423Z"}
{"index": 2485, "data": -0.006241900588247517, "create_time": "2024-05-31T11:09:50.234319Z"}
{"index": 2486, "data": -0.0029042884649243205, "create_time": "2024-05-31T11:09:51.410869Z"}
{"index": 2487, "data": -0.003917165347229456, "create_time": "2024-05-31T11:09:52.562013Z"}
{"index": 2488, "data": -0.0007501182408304885, "create_time": "2024-05-31T11:09:53.720352Z"}
{"index": 2489, "data": -0.007633870706195011, "create_time": "2024-05-31T11:09:54.942216Z"}
{"index": 2490, "data": -0.0026953376480378212, "create_time": "2024-05-31T11:09:56.033764Z"}
{"index": 2491, "data": 0.0014207272193743846, "create_time": "2024-05-31T11:09:57.141732Z"}
{"index": 2492, "data": -0.0038156771544890942, "create_time": "2024-05-31T11:09:58.234955Z"}
{"index": 2493, "data": -0.0022082807699916884, "create_time": "2024-05-31T11:09:59.390490Z"}
{"index": 2494, "data": -0.006451442220713944, "create_time": "2024-05-31T11:10:00.531012Z"}
{"index": 2495, "data": -0.0026004737097537144, "create_time": "2024-05-31T11:10:01.605042Z"}
{"index": 2496, "data": -0.0038652198738418518, "create_time": "2024-05-31T11:10:02.630346Z"}
{"index": 2497, "data": -0.002599701372673735, "create_time": "2024-05-31T11:10:03.746865Z"}
{"index": 2498, "data": -0.002756912956829183, "create_time": "2024-05-31T11:10:04.800979Z"}
{"index": 2499, "data": -0.006319783501385246, "create_time": "2024-05-31T11:10:05.933064Z"}
{"index": 2500, "data": -0.00280500078224577, "create_time": "2024-05-31T11:10:07.136554Z"}
{"index": 2501, "data": -0.00043392620282247665, "create_time": "2024-05-31T11:10:08.243418Z"}
{"index": 2502, "data": -0.003179844206897542, "create_time": "2024-05-31T11:10:09.283055Z"}
{"index": 2503, "data": -0.0040983936283737425, "create_time": "2024-05-31T11:10:10.416470Z"}
{"index": 2504, "data": -0.0023892952827736734, "create_time": "2024-05-31T11:10:11.600270Z"}
{"index": 2505, "data": -0.004631559085100889, "create_time": "2024-05-31T11:10:12.707033Z"}
{"index": 2506, "data": -0.0025841907765425274, "create_time": "2024-05-31T11:10:13.819540Z"}
{"index": 2507, "data": -0.002269273658748716, "create_time": "2024-05-31T11:10:14.993991Z"}
{"index": 2508, "data": -0.002063721894228365, "create_time": "2024-05-31T11:10:15.999289Z"}
{"index": 2509, "data": -0.004926918235651101, "create_time": "2024-05-31T11:10:16.780940Z"}
{"index": 2510, "data": -0.0028040092780429403, "create_time": "2024-05-31T11:10:17.524918Z"}
{"index": 2511, "data": 0.002736497946898453, "create_time": "2024-05-31T11:10:18.215327Z"}
{"index": 2512, "data": -0.005404295003972948, "create_time": "2024-05-31T11:10:18.992972Z"}
{"index": 2513, "data": 0.00019879102474078535, "create_time": "2024-05-31T11:10:19.656364Z"}
{"index": 2514, "data": -0.004266270768130198, "create_time": "2024-05-31T11:10:20.275144Z"}
{"index": 2515, "data": -0.002058636205038056, "create_time": "2024-05-31T11:10:20.982882Z"}
{"index": 2516, "data": -0.005215276349917986, "create_time": "2024-05-31T11:10:21.684638Z"}
{"index": 2517, "data": -0.003377568722862634, "create_time": "2024-05-31T11:10:22.360350Z"}
{"index": 2518, "data": -0.002721053180539457, "create_time": "2024-05-31T11:10:23.023099Z"}
{"index": 2519, "data": -0.0033529666368849577, "create_time": "2024-05-31T11:10:23.659858Z"}
{"index": 2520, "data": -0.004191800684202463, "create_time": "2024-05-31T11:10:24.373464Z"}
{"index": 2521, "data": -0.003129367728251964, "create_time": "2024-05-31T11:10:25.148383Z"}
{"index": 2522, "data": -0.0003622263044235297, "create_time": "2024-05-31T11:10:25.903596Z"}
{"index": 2523, "data": -0.0035600828803580955, "create_time": "2024-05-31T11:10:26.667868Z"}
{"index": 2524, "data": -0.0037593037006445227, "create_time": "2024-05-31T11:10:27.374539Z"}
{"index": 2525, "data": -0.002657709989580326, "create_time": "2024-05-31T11:10:28.088490Z"}
{"index": 2526, "data": 0.0005019898038881365, "create_time": "2024-05-31T11:10:28.820437Z"}
{"index": 2527, "data": -0.0056498744699638335, "create_time": "2024-05-31T11:10:29.525900Z"}
{"index": 2528, "data": -0.005116458915290422, "create_time": "2024-05-31T11:10:30.238099Z"}
{"index": 2529, "data": -0.0010917981009697542, "create_time": "2024-05-31T11:10:30.958229Z"}
{"index": 2530, "data": 0.005382930985069834, "create_time": "2024-05-31T11:10:31.688934Z"}
{"index": 2531, "data": -0.004498757301553269, "create_time": "2024-05-31T11:10:32.295104Z"}
{"index": 2532, "data": -0.0059720585501054305, "create_time": "2024-05-31T11:10:32.942585Z"}
{"index": 2533, "data": -0.00556035012123175, "create_time": "2024-05-31T11:10:33.578862Z"}
{"index": 2534, "data": -0.005989010143093765, "create_time": "2024-05-31T11:10:34.329184Z"}
{"index": 2535, "data": -0.0021320531064702663, "create_time": "2024-05-31T11:10:35.027305Z"}
{"index": 2536, "data": -0.0037464430133695714, "create_time": "2024-05-31T11:10:35.648389Z"}
{"index": 2537, "data": -0.0012486844105296768, "create_time": "2024-05-31T11:10:36.316011Z"}
{"index": 2538, "data": -0.005042810682971322, "create_time": "2024-05-31T11:10:36.953250Z"}
{"index": 2539, "data": -0.0030628484906628727, "create_time": "2024-05-31T11:10:37.558393Z"}
{"index": 2540, "data": -0.004203174247959396, "create_time": "2024-05-31T11:10:38.161513Z"}
{"index": 2541, "data": -0.002228258149989415, "create_time": "2024-05-31T11:10:38.763800Z"}
{"index": 2542, "data": -0.0030841335965305916, "create_time": "2024-05-31T11:10:39.373983Z"}
{"index": 2543, "data": -0.002446223023434868, "create_time": "2024-05-31T11:10:39.997978Z"}
{"index": 2544, "data": -0.004297371721804666, "create_time": "2024-05-31T11:10:40.619539Z"}
{"index": 2545, "data": -0.0021117722149938344, "create_time": "2024-05-31T11:10:41.237091Z"}
{"index": 2546, "data": -0.0013689246668945998, "create_time": "2024-05-31T11:10:41.876007Z"}
{"index": 2547, "data": -0.006986173157201847, "create_time": "2024-05-31T11:10:42.492741Z"}
{"index": 2548, "data": -0.0031253784662112595, "create_time": "2024-05-31T11:10:43.098863Z"}
{"index": 2549, "data": -0.006027795450063422, "create_time": "2024-05-31T11:10:43.703088Z"}
{"index": 2550, "data": -0.0010037437139544636, "create_time": "2024-05-31T11:10:44.315874Z"}
{"index": 2551, "data": -0.005995506889303215, "create_time": "2024-05-31T11:10:44.920396Z"}
{"index": 2552, "data": 7.904448066256009e-05, "create_time": "2024-05-31T11:10:45.525623Z"}
{"index": 2553, "data": -0.006464616943412693, "create_time": "2024-05-31T11:10:46.143527Z"}
{"index": 2554, "data": -0.0033599821050302125, "create_time": "2024-05-31T11:10:46.756451Z"}
{"index": 2555, "data": -0.0030995798180811105, "create_time": "2024-05-31T11:10:47.390200Z"}
{"index": 2556, "data": -0.0021533668837946606, "create_time": "2024-05-31T11:10:48.085570Z"}
{"index": 2557, "data": -0.0037067970983727604, "create_time": "2024-05-31T11:10:48.783314Z"}
{"index": 2558, "data": -0.002437807485694066, "create_time": "2024-05-31T11:10:49.560531Z"}
{"index": 2559, "data": -0.006083395285531879, "create_time": "2024-05-31T11:10:50.231185Z"}
{"index": 2560, "data": -0.0027195304428460076, "create_time": "2024-05-31T11:10:50.931597Z"}
{"index": 2561, "data": -0.005134394398191943, "create_time": "2024-05-31T11:10:51.732904Z"}
{"index": 2562, "data": -0.001568564733315725, "create_time": "2024-05-31T11:10:52.379584Z"}
{"index": 2563, "data": -0.006035521917510778, "create_time": "2024-05-31T11:10:53.008258Z"}
{"index": 2564, "data": -0.002255218496429734, "create_time": "2024-05-31T11:10:53.632871Z"}
{"index": 2565, "data": 0.000633353236480616, "create_time": "2024-05-31T11:10:54.297376Z"}
{"index": 2566, "data": -0.003547199592321704, "create_time": "2024-05-31T11:10:54.974612Z"}
{"index": 2567, "data": -0.004553838685387746, "create_time": "2024-05-31T11:10:55.685181Z"}
{"index": 2568, "data": -0.003026510990457609, "create_time": "2024-05-31T11:10:56.377540Z"}
{"index": 2569, "data": -0.0017379715893184767, "create_time": "2024-05-31T11:10:56.988432Z"}
{"index": 2570, "data": -0.005419687787070871, "create_time": "2024-05-31T11:10:57.634999Z"}
{"index": 2571, "data": -0.0032043316430645065, "create_time": "2024-05-31T11:10:58.313222Z"}
{"index": 2572, "data": -0.0022735190366802273, "create_time": "2024-05-31T11:10:58.920632Z"}
{"index": 2573, "data": -0.00570709440507926, "create_time": "2024-05-31T11:10:59.609772Z"}
{"index": 2574, "data": -0.0034293425240321087, "create_time": "2024-05-31T11:11:00.332696Z"}
{"index": 2575, "data": 3.048651706194505e-05, "create_time": "2024-05-31T11:11:01.107065Z"}
{"index": 2576, "data": -0.002609460429448518, "create_time": "2024-05-31T11:11:01.770280Z"}
{"index": 2577, "data": -0.005831035079609137, "create_time": "2024-05-31T11:11:02.530054Z"}
{"index": 2578, "data": -0.00443306755823869, "create_time": "2024-05-31T11:11:03.192675Z"}
{"index": 2579, "data": 0.011120399984065443, "create_time": "2024-05-31T11:11:03.908825Z"}
{"index": 2580, "data": -0.003785168218018953, "create_time": "2024-05-31T11:11:04.580338Z"}
{"index": 2581, "data": -0.005732400076522026, "create_time": "2024-05-31T11:11:05.330591Z"}
{"index": 2582, "data": 0.004081069981839392, "create_time": "2024-05-31T11:11:06.106824Z"}
{"index": 2583, "data": -0.0048079796164529395, "create_time": "2024-05-31T11:11:06.723203Z"}
{"index": 2584, "data": -0.003989682420069585, "create_time": "2024-05-31T11:11:07.404073Z"}
{"index": 2585, "data": -0.006470055197132752, "create_time": "2024-05-31T11:11:08.181408Z"}
{"index": 2586, "data": 0.00043595315655693413, "create_time": "2024-05-31T11:11:08.825633Z"}
{"index": 2587, "data": -0.003856895663193427, "create_time": "2024-05-31T11:11:09.526731Z"}
{"index": 2588, "data": -0.0032493815786438065, "create_time": "2024-05-31T11:11:10.231391Z"}
{"index": 2589, "data": -0.001667228783480823, "create_time": "2024-05-31T11:11:10.902193Z"}
{"index": 2590, "data": -0.004110995082737645, "create_time": "2024-05-31T11:11:11.621580Z"}
{"index": 2591, "data": -0.0016769501176895573, "create_time": "2024-05-31T11:11:12.266211Z"}
{"index": 2592, "data": -0.00480393412290141, "create_time": "2024-05-31T11:11:13.062622Z"}
{"index": 2593, "data": -0.002671826275764033, "create_time": "2024-05-31T11:11:13.790238Z"}
{"index": 2594, "data": -0.0025070290190342347, "create_time": "2024-05-31T11:11:14.506163Z"}
{"index": 2595, "data": -0.003767309180693701, "create_time": "2024-05-31T11:11:15.181341Z"}
{"index": 2596, "data": -0.0025242102914489807, "create_time": "2024-05-31T11:11:15.817897Z"}
{"index": 2597, "data": -0.00715792101691477, "create_time": "2024-05-31T11:11:16.484396Z"}
{"index": 2598, "data": -0.003984651860082522, "create_time": "2024-05-31T11:11:17.152638Z"}
{"index": 2599, "data": -0.0024175581987947226, "create_time": "2024-05-31T11:11:17.897908Z"}
{"index": 2600, "data": -0.0068188601668225605, "create_time": "2024-05-31T11:11:18.627828Z"}
{"index": 2601, "data": -0.0037971989106154068, "create_time": "2024-05-31T11:11:19.282853Z"}
{"index": 2602, "data": -0.0024748583484324625, "create_time": "2024-05-31T11:11:19.948706Z"}
{"index": 2603, "data": -0.0020248179673217235, "create_time": "2024-05-31T11:11:20.598637Z"}
{"index": 2604, "data": -0.0032378649601014333, "create_time": "2024-05-31T11:11:21.266773Z"}
{"index": 2605, "data": -0.002486244718124908, "create_time": "2024-05-31T11:11:21.980393Z"}
{"index": 2606, "data": -0.002295007613929556, "create_time": "2024-05-31T11:11:22.622434Z"}
{"index": 2607, "data": -0.0028884944098535926, "create_time": "2024-05-31T11:11:23.313896Z"}
{"index": 2608, "data": -0.0029321598209207877, "create_time": "2024-05-31T11:11:24.052787Z"}
{"index": 2609, "data": -0.005449380904610735, "create_time": "2024-05-31T11:11:24.757778Z"}
{"index": 2610, "data": -0.002623945102095604, "create_time": "2024-05-31T11:11:25.405038Z"}
{"index": 2611, "data": -0.0012470463436329738, "create_time": "2024-05-31T11:11:26.077294Z"}
{"index": 2612, "data": -0.00045232372067403046, "create_time": "2024-05-31T11:11:26.795196Z"}
{"index": 2613, "data": -0.004562100481416564, "create_time": "2024-05-31T11:11:27.520530Z"}
{"index": 2614, "data": -0.005946001285337843, "create_time": "2024-05-31T11:11:28.175341Z"}
{"index": 2615, "data": -0.0024874937400454654, "create_time": "2024-05-31T11:11:28.882311Z"}
{"index": 2616, "data": -0.0022846578664029948, "create_time": "2024-05-31T11:11:29.561073Z"}
{"index": 2617, "data": -0.004468749037187081, "create_time": "2024-05-31T11:11:30.349126Z"}
{"index": 2618, "data": 0.008366061974084005, "create_time": "2024-05-31T11:11:31.157891Z"}
{"index": 2619, "data": -0.004407084098784253, "create_time": "2024-05-31T11:11:31.866292Z"}
{"index": 2620, "data": -0.0038663322979118676, "create_time": "2024-05-31T11:11:32.571592Z"}
{"index": 2621, "data": -0.00725020459794905, "create_time": "2024-05-31T11:11:33.218197Z"}
{"index": 2622, "data": -0.003488847838889342, "create_time": "2024-05-31T11:11:33.912211Z"}
{"index": 2623, "data": -0.0017030939008691349, "create_time": "2024-05-31T11:11:34.685664Z"}
{"index": 2624, "data": -0.002541017526527867, "create_time": "2024-05-31T11:11:35.310794Z"}
{"index": 2625, "data": -0.00594225584063679, "create_time": "2024-05-31T11:11:35.976003Z"}
{"index": 2626, "data": -0.003446872072527185, "create_time": "2024-05-31T11:11:36.614981Z"}
{"index": 2627, "data": -0.0028957407543202863, "create_time": "2024-05-31T11:11:37.325428Z"}
{"index": 2628, "data": -0.004528987663798034, "create_time": "2024-05-31T11:11:38.130824Z"}
{"index": 2629, "data": -0.003038258184096776, "create_time": "2024-05-31T11:11:38.840727Z"}
{"index": 2630, "data": -0.0036438599279790653, "create_time": "2024-05-31T11:11:39.456032Z"}
{"index": 2631, "data": -0.00030549118091585117, "create_time": "2024-05-31T11:11:40.185634Z"}
{"index": 2632, "data": -0.005745498748729006, "create_time": "2024-05-31T11:11:40.941052Z"}
{"index": 2633, "data": 0.002271601833490422, "create_time": "2024-05-31T11:11:41.661174Z"}
{"index": 2634, "data": -0.0055088862914999485, "create_time": "2024-05-31T11:11:42.381262Z"}
{"index": 2635, "data": 0.0027133593146572823, "create_time": "2024-05-31T11:11:43.097028Z"}
{"index": 2636, "data": -0.005226453303475864, "create_time": "2024-05-31T11:11:43.839442Z"}
{"index": 2637, "data": -0.0039057481568306684, "create_time": "2024-05-31T11:11:44.548441Z"}
{"index": 2638, "data": -0.0013800429209368304, "create_time": "2024-05-31T11:11:45.337631Z"}
{"index": 2639, "data": -0.0035730560426600277, "create_time": "2024-05-31T11:11:46.016491Z"}
{"index": 2640, "data": -0.0014385818765731528, "create_time": "2024-05-31T11:11:46.753830Z"}
{"index": 2641, "data": 0.0003694692219141871, "create_time": "2024-05-31T11:11:47.437962Z"}
{"index": 2642, "data": -0.004370729177026078, "create_time": "2024-05-31T11:11:48.174111Z"}
{"index": 2643, "data": -0.0030828965633645567, "create_time": "2024-05-31T11:11:48.859326Z"}
{"index": 2644, "data": 0.0059314726328011606, "create_time": "2024-05-31T11:11:49.568988Z"}
{"index": 2645, "data": -0.005453526100973249, "create_time": "2024-05-31T11:11:50.270605Z"}
{"index": 2646, "data": 0.003014797420473769, "create_time": "2024-05-31T11:11:50.941524Z"}
{"index": 2647, "data": -0.004910537405521609, "create_time": "2024-05-31T11:11:51.547878Z"}
{"index": 2648, "data": -0.0023335493518970908, "create_time": "2024-05-31T11:11:52.189565Z"}
{"index": 2649, "data": -0.005198271086555906, "create_time": "2024-05-31T11:11:52.840159Z"}
{"index": 2650, "data": -0.005472537966306845, "create_time": "2024-05-31T11:11:53.583611Z"}
{"index": 2651, "data": -0.0021784008757094854, "create_time": "2024-05-31T11:11:54.282607Z"}
{"index": 2652, "data": 0.0021798699163127822, "create_time": "2024-05-31T11:11:55.034518Z"}
{"index": 2653, "data": -0.006011069414671511, "create_time": "2024-05-31T11:11:55.710502Z"}
{"index": 2654, "data": -0.001940844615455717, "create_time": "2024-05-31T11:11:56.388134Z"}
{"index": 2655, "data": -0.0064106578211067244, "create_time": "2024-05-31T11:11:57.031764Z"}
{"index": 2656, "data": -0.0029045820203464244, "create_time": "2024-05-31T11:11:57.704169Z"}
{"index": 2657, "data": -0.00045149847137508913, "create_time": "2024-05-31T11:11:58.397397Z"}
{"index": 2658, "data": -0.001977599546080455, "create_time": "2024-05-31T11:11:59.153296Z"}
{"index": 2659, "data": -0.006142911297501996, "create_time": "2024-05-31T11:11:59.804121Z"}
{"index": 2660, "data": -0.0034570421190437627, "create_time": "2024-05-31T11:12:00.526511Z"}
{"index": 2661, "data": -0.002871712646447122, "create_time": "2024-05-31T11:12:01.270816Z"}
{"index": 2662, "data": 0.0008099307073280215, "create_time": "2024-05-31T11:12:02.000076Z"}
{"index": 2663, "data": -0.005713306504185311, "create_time": "2024-05-31T11:12:02.674740Z"}
{"index": 2664, "data": -0.005523642043408472, "create_time": "2024-05-31T11:12:03.398731Z"}
{"index": 2665, "data": -0.0039322555006947365, "create_time": "2024-05-31T11:12:04.176568Z"}
{"index": 2666, "data": -0.002121801895555109, "create_time": "2024-05-31T11:12:04.956928Z"}
{"index": 2667, "data": -0.001967283690464683, "create_time": "2024-05-31T11:12:05.619138Z"}
{"index": 2668, "data": -0.006237682222854346, "create_time": "2024-05-31T11:12:06.416996Z"}
{"index": 2669, "data": -0.00362257971719373, "create_time": "2024-05-31T11:12:07.209818Z"}
{"index": 2670, "data": -0.002016005546465749, "create_time": "2024-05-31T11:12:07.934302Z"}
{"index": 2671, "data": -0.005919215150061064, "create_time": "2024-05-31T11:12:08.576865Z"}
{"index": 2672, "data": -0.0018795813986798749, "create_time": "2024-05-31T11:12:09.189969Z"}
{"index": 2673, "data": -0.003368351972858363, "create_time": "2024-05-31T11:12:09.937150Z"}
{"index": 2674, "data": -0.00016576455673202872, "create_time": "2024-05-31T11:12:10.555317Z"}
{"index": 2675, "data": -0.006343002076027915, "create_time": "2024-05-31T11:12:11.186384Z"}
{"index": 2676, "data": -0.0031993407872505488, "create_time": "2024-05-31T11:12:11.888425Z"}
{"index": 2677, "data": -0.001964404189493507, "create_time": "2024-05-31T11:12:12.587411Z"}
{"index": 2678, "data": -0.004704039815624128, "create_time": "2024-05-31T11:12:13.264367Z"}
{"index": 2679, "data": -0.004018616189569002, "create_time": "2024-05-31T11:12:13.896636Z"}
{"index": 2680, "data": -0.0011505367656354792, "create_time": "2024-05-31T11:12:14.548802Z"}
{"index": 2681, "data": -0.005528287345805438, "create_time": "2024-05-31T11:12:15.272758Z"}
{"index": 2682, "data": -0.002140589272312354, "create_time": "2024-05-31T11:12:15.959261Z"}
{"index": 2683, "data": 0.00026169912985096744, "create_time": "2024-05-31T11:12:16.683389Z"}
{"index": 2684, "data": -0.004975267066038213, "create_time": "2024-05-31T11:12:17.311441Z"}
{"index": 2685, "data": -0.0027265866752713918, "create_time": "2024-05-31T11:12:18.020695Z"}
{"index": 2686, "data": -0.0046606991905719045, "create_time": "2024-05-31T11:12:18.701332Z"}
{"index": 2687, "data": -0.00167080259998329, "create_time": "2024-05-31T11:12:19.497303Z"}
{"index": 2688, "data": -0.0026721714421000797, "create_time": "2024-05-31T11:12:20.229171Z"}
{"index": 2689, "data": -0.0037222708691842855, "create_time": "2024-05-31T11:12:20.959970Z"}
{"index": 2690, "data": -0.004662990552606061, "create_time": "2024-05-31T11:12:21.624471Z"}
{"index": 2691, "data": -0.0025960846920497715, "create_time": "2024-05-31T11:12:22.318763Z"}
{"index": 2692, "data": -0.00569368517408293, "create_time": "2024-05-31T11:12:22.974749Z"}
{"index": 2693, "data": -0.0014368402160471305, "create_time": "2024-05-31T11:12:23.704314Z"}
{"index": 2694, "data": -0.0026997417327947913, "create_time": "2024-05-31T11:12:24.338493Z"}
{"index": 2695, "data": 0.005610064949723892, "create_time": "2024-05-31T11:12:24.989890Z"}
{"index": 2696, "data": -0.005479901662329212, "create_time": "2024-05-31T11:12:25.702507Z"}
{"index": 2697, "data": -0.005545370525214821, "create_time": "2024-05-31T11:12:26.455965Z"}
{"index": 2698, "data": -0.0026253593881847338, "create_time": "2024-05-31T11:12:27.183678Z"}
{"index": 2699, "data": 0.002478679545038176, "create_time": "2024-05-31T11:12:27.905380Z"}
{"index": 2700, "data": -0.0047263691871194165, "create_time": "2024-05-31T11:12:28.561124Z"}
{"index": 2701, "data": -0.0012974831537576393, "create_time": "2024-05-31T11:12:29.256245Z"}
{"index": 2702, "data": -0.006674907635897398, "create_time": "2024-05-31T11:12:29.994780Z"}
{"index": 2703, "data": -0.0032523161673452703, "create_time": "2024-05-31T11:12:30.710585Z"}
{"index": 2704, "data": -0.002448272594483569, "create_time": "2024-05-31T11:12:31.342342Z"}
{"index": 2705, "data": -0.004865253300522454, "create_time": "2024-05-31T11:12:32.076268Z"}
{"index": 2706, "data": -0.001330043957568705, "create_time": "2024-05-31T11:12:32.860891Z"}
{"index": 2707, "data": -0.00577605419093743, "create_time": "2024-05-31T11:12:33.569906Z"}
{"index": 2708, "data": -0.005005511338822544, "create_time": "2024-05-31T11:12:34.311667Z"}
{"index": 2709, "data": -0.004325377003988251, "create_time": "2024-05-31T11:12:34.985703Z"}
{"index": 2710, "data": -0.00102345989580499, "create_time": "2024-05-31T11:12:35.741983Z"}
{"index": 2711, "data": -0.0034082779282471167, "create_time": "2024-05-31T11:12:36.452657Z"}
{"index": 2712, "data": -0.0014949325632187538, "create_time": "2024-05-31T11:12:37.170513Z"}
{"index": 2713, "data": -0.0060658450282062406, "create_time": "2024-05-31T11:12:37.876065Z"}
{"index": 2714, "data": -0.0021933257201453673, "create_time": "2024-05-31T11:12:38.553605Z"}
{"index": 2715, "data": -0.0029742549995717127, "create_time": "2024-05-31T11:12:39.209025Z"}
{"index": 2716, "data": -0.0060664861841360105, "create_time": "2024-05-31T11:12:39.844191Z"}
{"index": 2717, "data": -0.002731967028375948, "create_time": "2024-05-31T11:12:40.469365Z"}
{"index": 2718, "data": -0.001725191407604143, "create_time": "2024-05-31T11:12:41.141133Z"}
{"index": 2719, "data": -0.0042188329913187776, "create_time": "2024-05-31T11:12:41.880272Z"}
{"index": 2720, "data": -0.002206346624006983, "create_time": "2024-05-31T11:12:42.556228Z"}
{"index": 2721, "data": -0.001917505988967605, "create_time": "2024-05-31T11:12:43.185561Z"}
{"index": 2722, "data": -0.003030768971075304, "create_time": "2024-05-31T11:12:43.826871Z"}
{"index": 2723, "data": -0.0018091884492605459, "create_time": "2024-05-31T11:12:44.623489Z"}
{"index": 2724, "data": -0.0038712735258741304, "create_time": "2024-05-31T11:12:45.320468Z"}
{"index": 2725, "data": -0.006006737865391187, "create_time": "2024-05-31T11:12:46.078804Z"}
{"index": 2726, "data": -0.001525069202762097, "create_time": "2024-05-31T11:12:46.787868Z"}
{"index": 2727, "data": -0.001338490188936703, "create_time": "2024-05-31T11:12:47.448948Z"}
{"index": 2728, "data": -0.0027804573153844105, "create_time": "2024-05-31T11:12:48.210288Z"}
{"index": 2729, "data": -0.004481446649879217, "create_time": "2024-05-31T11:12:48.965116Z"}
{"index": 2730, "data": -0.003854892315575853, "create_time": "2024-05-31T11:12:49.593485Z"}
{"index": 2731, "data": 0.0006988787732552737, "create_time": "2024-05-31T11:12:50.335291Z"}
{"index": 2732, "data": -0.006945249869022519, "create_time": "2024-05-31T11:12:51.079469Z"}
{"index": 2733, "data": -0.007046821032417938, "create_time": "2024-05-31T11:12:51.694154Z"}
{"index": 2734, "data": -0.0037691596982767804, "create_time": "2024-05-31T11:12:52.344102Z"}
{"index": 2735, "data": -0.0004795358399860561, "create_time": "2024-05-31T11:12:53.042947Z"}
{"index": 2736, "data": -0.004979231581091881, "create_time": "2024-05-31T11:12:53.654910Z"}
{"index": 2737, "data": -0.003518952618469484, "create_time": "2024-05-31T11:12:54.417582Z"}
{"index": 2738, "data": -0.004902619094355032, "create_time": "2024-05-31T11:12:55.170834Z"}
{"index": 2739, "data": -0.0016714321527615539, "create_time": "2024-05-31T11:12:55.778057Z"}
{"index": 2740, "data": -0.002198477979982272, "create_time": "2024-05-31T11:12:56.421350Z"}
{"index": 2741, "data": -0.004210001332103275, "create_time": "2024-05-31T11:12:57.087974Z"}
{"index": 2742, "data": -0.0041773711709538475, "create_time": "2024-05-31T11:12:57.772562Z"}
{"index": 2743, "data": -0.0041177599418006135, "create_time": "2024-05-31T11:12:58.567715Z"}
{"index": 2744, "data": -0.005260092223761603, "create_time": "2024-05-31T11:12:59.287813Z"}
{"index": 2745, "data": -0.002445940075267572, "create_time": "2024-05-31T11:12:59.942767Z"}
{"index": 2746, "data": -0.004899509387905709, "create_time": "2024-05-31T11:13:00.578778Z"}
{"index": 2747, "data": 0.0018382997252047062, "create_time": "2024-05-31T11:13:01.314021Z"}
{"index": 2748, "data": -0.0038675464413245207, "create_time": "2024-05-31T11:13:01.988785Z"}
{"index": 2749, "data": -0.0019789823098108174, "create_time": "2024-05-31T11:13:02.713851Z"}
{"index": 2750, "data": -0.0046562007773900405, "create_time": "2024-05-31T11:13:03.388896Z"}
{"index": 2751, "data": -0.001915845832263585, "create_time": "2024-05-31T11:13:04.051536Z"}
{"index": 2752, "data": -0.005314597105461871, "create_time": "2024-05-31T11:13:04.760355Z"}
{"index": 2753, "data": -0.003128136368468404, "create_time": "2024-05-31T11:13:05.494965Z"}
{"index": 2754, "data": -0.003355466344510205, "create_time": "2024-05-31T11:13:06.183134Z"}
{"index": 2755, "data": -0.005697694143236731, "create_time": "2024-05-31T11:13:06.942919Z"}
{"index": 2756, "data": -0.004090575419832021, "create_time": "2024-05-31T11:13:07.692878Z"}
{"index": 2757, "data": 0.000555531308054924, "create_time": "2024-05-31T11:13:08.433446Z"}
{"index": 2758, "data": -0.005330568307545036, "create_time": "2024-05-31T11:13:09.062923Z"}
{"index": 2759, "data": -0.003511175919766174, "create_time": "2024-05-31T11:13:09.744401Z"}
{"index": 2760, "data": -0.005151113370084203, "create_time": "2024-05-31T11:13:10.424097Z"}
{"index": 2761, "data": -0.005995569989318028, "create_time": "2024-05-31T11:13:11.153454Z"}
{"index": 2762, "data": -0.0027797924769402014, "create_time": "2024-05-31T11:13:11.790562Z"}
{"index": 2763, "data": -0.0054206687374971805, "create_time": "2024-05-31T11:13:12.478812Z"}
{"index": 2764, "data": -0.0012693402357399463, "create_time": "2024-05-31T11:13:13.149077Z"}
{"index": 2765, "data": -0.005104678036877886, "create_time": "2024-05-31T11:13:13.821873Z"}
{"index": 2766, "data": -0.001963954555685632, "create_time": "2024-05-31T11:13:14.615208Z"}
{"index": 2767, "data": -0.004127215915650595, "create_time": "2024-05-31T11:13:15.268875Z"}
{"index": 2768, "data": -0.0027213073350139893, "create_time": "2024-05-31T11:13:16.052325Z"}
{"index": 2769, "data": -0.0017273813078645616, "create_time": "2024-05-31T11:13:16.826745Z"}
{"index": 2770, "data": -0.0017268928233534098, "create_time": "2024-05-31T11:13:17.458053Z"}
{"index": 2771, "data": -0.006851984618697316, "create_time": "2024-05-31T11:13:18.277959Z"}
{"index": 2772, "data": -0.0023846330703236164, "create_time": "2024-05-31T11:13:18.907220Z"}
{"index": 2773, "data": -0.005254663650703151, "create_time": "2024-05-31T11:13:19.630763Z"}
{"index": 2774, "data": -0.0027101691615825985, "create_time": "2024-05-31T11:13:20.327126Z"}
{"index": 2775, "data": -0.005801837757462636, "create_time": "2024-05-31T11:13:20.980841Z"}
{"index": 2776, "data": -0.0019933043244236615, "create_time": "2024-05-31T11:13:21.692600Z"}
{"index": 2777, "data": -0.0033956782252062114, "create_time": "2024-05-31T11:13:22.336932Z"}
{"index": 2778, "data": -0.0043933587628998795, "create_time": "2024-05-31T11:13:23.082965Z"}
{"index": 2779, "data": -0.0021567686257185415, "create_time": "2024-05-31T11:13:23.821521Z"}
{"index": 2780, "data": -0.0051069377368548885, "create_time": "2024-05-31T11:13:24.512987Z"}
{"index": 2781, "data": -0.0033695102494675664, "create_time": "2024-05-31T11:13:25.317360Z"}
{"index": 2782, "data": 0.0031013684118079256, "create_time": "2024-05-31T11:13:26.072040Z"}
{"index": 2783, "data": -0.0026346788101363925, "create_time": "2024-05-31T11:13:26.833208Z"}
{"index": 2784, "data": -0.004206584408530034, "create_time": "2024-05-31T11:13:27.596276Z"}
{"index": 2785, "data": -0.0028620791737921534, "create_time": "2024-05-31T11:13:28.272823Z"}
{"index": 2786, "data": -0.004506475458038039, "create_time": "2024-05-31T11:13:28.926268Z"}
{"index": 2787, "data": -0.003807206432611565, "create_time": "2024-05-31T11:13:29.683726Z"}
{"index": 2788, "data": 0.002522785200926592, "create_time": "2024-05-31T11:13:30.415614Z"}
{"index": 2789, "data": -0.005332531282329, "create_time": "2024-05-31T11:13:31.140219Z"}
{"index": 2790, "data": -0.005673832920729182, "create_time": "2024-05-31T11:13:31.915571Z"}
{"index": 2791, "data": -0.004142505905474536, "create_time": "2024-05-31T11:13:32.587869Z"}
{"index": 2792, "data": -0.003243935338105075, "create_time": "2024-05-31T11:13:33.330291Z"}
{"index": 2793, "data": -0.004387731472888845, "create_time": "2024-05-31T11:13:34.067902Z"}
{"index": 2794, "data": -0.004702408487355569, "create_time": "2024-05-31T11:13:34.739448Z"}
{"index": 2795, "data": 0.0003458243911154568, "create_time": "2024-05-31T11:13:35.460763Z"}
{"index": 2796, "data": -0.005895389786746819, "create_time": "2024-05-31T11:13:36.141481Z"}
{"index": 2797, "data": 0.000739044362489949, "create_time": "2024-05-31T11:13:36.850458Z"}
{"index": 2798, "data": -0.004730650006968063, "create_time": "2024-05-31T11:13:37.536719Z"}
{"index": 2799, "data": -0.0037863297930016415, "create_time": "2024-05-31T11:13:38.287093Z"}
{"index": 2800, "data": -0.0027116635828861035, "create_time": "2024-05-31T11:13:38.956427Z"}
{"index": 2801, "data": -0.004993505554739386, "create_time": "2024-05-31T11:13:39.695964Z"}
{"index": 2802, "data": -0.0021898079197853805, "create_time": "2024-05-31T11:13:40.454010Z"}
{"index": 2803, "data": -0.0008639968553325161, "create_time": "2024-05-31T11:13:41.226564Z"}
{"index": 2804, "data": -0.001413052292264183, "create_time": "2024-05-31T11:13:41.898721Z"}
{"index": 2805, "data": -0.005928963699261658, "create_time": "2024-05-31T11:13:42.593826Z"}
{"index": 2806, "data": -0.004982696182560175, "create_time": "2024-05-31T11:13:43.352048Z"}
{"index": 2807, "data": 0.0026554335723631083, "create_time": "2024-05-31T11:13:43.974241Z"}
{"index": 2808, "data": -0.005439030734123662, "create_time": "2024-05-31T11:13:44.693914Z"}
{"index": 2809, "data": -0.005444261165393982, "create_time": "2024-05-31T11:13:45.478829Z"}
{"index": 2810, "data": -0.002266457019140944, "create_time": "2024-05-31T11:13:46.160919Z"}
{"index": 2811, "data": -0.001819268257895601, "create_time": "2024-05-31T11:13:46.918996Z"}
{"index": 2812, "data": -0.0065310084377415475, "create_time": "2024-05-31T11:13:47.629264Z"}
{"index": 2813, "data": -0.0033885398355778308, "create_time": "2024-05-31T11:13:48.311038Z"}
{"index": 2814, "data": -0.0035828765772748738, "create_time": "2024-05-31T11:13:49.074661Z"}
{"index": 2815, "data": 0.006441154074855149, "create_time": "2024-05-31T11:13:49.851625Z"}
{"index": 2816, "data": -0.003987278343993239, "create_time": "2024-05-31T11:13:50.595996Z"}
{"index": 2817, "data": -0.005961372240562923, "create_time": "2024-05-31T11:13:51.285805Z"}
{"index": 2818, "data": -0.004547309063491411, "create_time": "2024-05-31T11:13:51.953297Z"}
{"index": 2819, "data": -0.004810596024617553, "create_time": "2024-05-31T11:13:52.674906Z"}
{"index": 2820, "data": -0.002601729992602486, "create_time": "2024-05-31T11:13:53.444827Z"}
{"index": 2821, "data": -0.0031717933976324274, "create_time": "2024-05-31T11:13:54.213132Z"}
{"index": 2822, "data": -0.003772375549306162, "create_time": "2024-05-31T11:13:54.843822Z"}
{"index": 2823, "data": 0.0004938190097163897, "create_time": "2024-05-31T11:13:55.524973Z"}
{"index": 2824, "data": -0.005975355792907066, "create_time": "2024-05-31T11:13:56.199807Z"}
{"index": 2825, "data": -0.0013322005746886135, "create_time": "2024-05-31T11:13:56.814790Z"}
{"index": 2826, "data": -0.002694637852255255, "create_time": "2024-05-31T11:13:57.492297Z"}
{"index": 2827, "data": -0.006041956865738029, "create_time": "2024-05-31T11:13:58.136942Z"}
{"index": 2828, "data": -0.004255664072115905, "create_time": "2024-05-31T11:13:58.763235Z"}
{"index": 2829, "data": 0.0075606790574966, "create_time": "2024-05-31T11:13:59.529016Z"}
{"index": 2830, "data": -0.0034312561037950218, "create_time": "2024-05-31T11:14:00.179674Z"}
{"index": 2831, "data": -0.005309544145711697, "create_time": "2024-05-31T11:14:00.888525Z"}
{"index": 2832, "data": -0.004968184509561979, "create_time": "2024-05-31T11:14:01.601674Z"}
{"index": 2833, "data": -0.0032263368697385887, "create_time": "2024-05-31T11:14:02.250890Z"}
{"index": 2834, "data": -0.0021508849633391945, "create_time": "2024-05-31T11:14:02.945101Z"}
{"index": 2835, "data": -0.0039038049057126046, "create_time": "2024-05-31T11:14:03.694314Z"}
{"index": 2836, "data": -0.004125527878204594, "create_time": "2024-05-31T11:14:04.468103Z"}
{"index": 2837, "data": -0.00770027432590723, "create_time": "2024-05-31T11:14:05.256108Z"}
{"index": 2838, "data": -0.0014894679683493451, "create_time": "2024-05-31T11:14:05.903984Z"}
{"index": 2839, "data": 0.00312615807633847, "create_time": "2024-05-31T11:14:06.571282Z"}
{"index": 2840, "data": -0.005484992358833552, "create_time": "2024-05-31T11:14:07.254839Z"}
{"index": 2841, "data": -0.005590771313291043, "create_time": "2024-05-31T11:14:07.998893Z"}
{"index": 2842, "data": -0.006046363696805201, "create_time": "2024-05-31T11:14:08.631405Z"}
{"index": 2843, "data": -0.0014906661002896727, "create_time": "2024-05-31T11:14:09.246893Z"}
{"index": 2844, "data": -0.005857942922739312, "create_time": "2024-05-31T11:14:10.010196Z"}
{"index": 2845, "data": 0.0013922990183345973, "create_time": "2024-05-31T11:14:10.743914Z"}
{"index": 2846, "data": -0.0048320482059352795, "create_time": "2024-05-31T11:14:11.446957Z"}
{"index": 2847, "data": -0.004108781341346912, "create_time": "2024-05-31T11:14:12.230331Z"}
{"index": 2848, "data": -0.0016638133820379153, "create_time": "2024-05-31T11:14:12.941974Z"}
{"index": 2849, "data": -0.004838351381476968, "create_time": "2024-05-31T11:14:13.599343Z"}
{"index": 2850, "data": -0.002368913555983454, "create_time": "2024-05-31T11:14:14.292396Z"}
{"index": 2851, "data": -0.00566585072374437, "create_time": "2024-05-31T11:14:14.958982Z"}
{"index": 2852, "data": 0.0019016139121958986, "create_time": "2024-05-31T11:14:15.676807Z"}
{"index": 2853, "data": -0.00525826199882431, "create_time": "2024-05-31T11:14:16.387859Z"}
{"index": 2854, "data": -0.006145164411282167, "create_time": "2024-05-31T11:14:17.102001Z"}
{"index": 2855, "data": -0.004480032973151538, "create_time": "2024-05-31T11:14:17.743678Z"}
{"index": 2856, "data": -0.0012650480105776297, "create_time": "2024-05-31T11:14:18.450746Z"}
{"index": 2857, "data": -0.006474581605289131, "create_time": "2024-05-31T11:14:19.150276Z"}
{"index": 2858, "data": -0.004541470273397863, "create_time": "2024-05-31T11:14:19.810610Z"}
{"index": 2859, "data": -0.0025125232874415814, "create_time": "2024-05-31T11:14:20.433425Z"}
{"index": 2860, "data": -0.004869126988342032, "create_time": "2024-05-31T11:14:21.139200Z"}
{"index": 2861, "data": 0.0010653615221599467, "create_time": "2024-05-31T11:14:21.953090Z"}
{"index": 2862, "data": -0.005754513101419434, "create_time": "2024-05-31T11:14:22.680741Z"}
{"index": 2863, "data": -0.0022809367161244153, "create_time": "2024-05-31T11:14:23.338316Z"}
{"index": 2864, "data": -0.0022858414449729025, "create_time": "2024-05-31T11:14:24.033354Z"}
{"index": 2865, "data": -0.006078419962432235, "create_time": "2024-05-31T11:14:24.804258Z"}
{"index": 2866, "data": -0.002571374041144736, "create_time": "2024-05-31T11:14:25.524897Z"}
{"index": 2867, "data": -0.002116386918351054, "create_time": "2024-05-31T11:14:26.209042Z"}
{"index": 2868, "data": -0.0018615884851897135, "create_time": "2024-05-31T11:14:26.836842Z"}
{"index": 2869, "data": -0.0023202706317533737, "create_time": "2024-05-31T11:14:27.581007Z"}
{"index": 2870, "data": -0.0055707196748699065, "create_time": "2024-05-31T11:14:28.310214Z"}
{"index": 2871, "data": -0.006029985542409122, "create_time": "2024-05-31T11:14:28.923772Z"}
{"index": 2872, "data": -0.0006542487069964408, "create_time": "2024-05-31T11:14:29.641498Z"}
{"index": 2873, "data": -0.004623200614332745, "create_time": "2024-05-31T11:14:30.368763Z"}
{"index": 2874, "data": -0.0032001076178858057, "create_time": "2024-05-31T11:14:30.996703Z"}
{"index": 2875, "data": -0.0016680742526659742, "create_time": "2024-05-31T11:14:31.713085Z"}
{"index": 2876, "data": -0.004895267068059183, "create_time": "2024-05-31T11:14:32.319991Z"}
{"index": 2877, "data": -0.006022803735686466, "create_time": "2024-05-31T11:14:33.067141Z"}
{"index": 2878, "data": -0.007184726052219048, "create_time": "2024-05-31T11:14:33.786116Z"}
{"index": 2879, "data": -0.0020000592339783907, "create_time": "2024-05-31T11:14:34.538654Z"}
{"index": 2880, "data": -0.001965024096716661, "create_time": "2024-05-31T11:14:35.303546Z"}
{"index": 2881, "data": -0.005300413692020811, "create_time": "2024-05-31T11:14:36.106995Z"}
{"index": 2882, "data": -0.0005595522932708263, "create_time": "2024-05-31T11:14:36.759076Z"}
{"index": 2883, "data": -0.006520681334950496, "create_time": "2024-05-31T11:14:37.523743Z"}
{"index": 2884, "data": -0.003021177454502322, "create_time": "2024-05-31T11:14:38.310816Z"}
{"index": 2885, "data": -0.00047424594667973, "create_time": "2024-05-31T11:14:38.998325Z"}
{"index": 2886, "data": -0.0049288586480543016, "create_time": "2024-05-31T11:14:39.760505Z"}
{"index": 2887, "data": -0.001349912265141029, "create_time": "2024-05-31T11:14:40.542136Z"}
{"index": 2888, "data": -0.000882946232741233, "create_time": "2024-05-31T11:14:41.176026Z"}
{"index": 2889, "data": -0.0039949280151631685, "create_time": "2024-05-31T11:14:41.946404Z"}
{"index": 2890, "data": -0.003746804361435352, "create_time": "2024-05-31T11:14:42.629417Z"}
{"index": 2891, "data": -0.002937400071823504, "create_time": "2024-05-31T11:14:43.352723Z"}
{"index": 2892, "data": -0.00438413493684493, "create_time": "2024-05-31T11:14:44.070859Z"}
{"index": 2893, "data": -0.0013931055378634482, "create_time": "2024-05-31T11:14:44.769311Z"}
{"index": 2894, "data": 0.0002491686143912375, "create_time": "2024-05-31T11:14:45.491116Z"}
{"index": 2895, "data": -0.005786604550667107, "create_time": "2024-05-31T11:14:46.158050Z"}
{"index": 2896, "data": -0.0024799430932034737, "create_time": "2024-05-31T11:14:46.805461Z"}
{"index": 2897, "data": -0.004258344644586032, "create_time": "2024-05-31T11:14:47.500775Z"}
{"index": 2898, "data": -0.0020023148754262365, "create_time": "2024-05-31T11:14:48.202428Z"}
{"index": 2899, "data": -0.0032855044817551972, "create_time": "2024-05-31T11:14:48.982908Z"}
{"index": 2900, "data": -0.004299284657463431, "create_time": "2024-05-31T11:14:49.651644Z"}
{"index": 2901, "data": -0.005554038030095398, "create_time": "2024-05-31T11:14:50.445547Z"}
{"index": 2902, "data": -0.0028411457416950723, "create_time": "2024-05-31T11:14:51.167878Z"}
{"index": 2903, "data": -0.005441668117418886, "create_time": "2024-05-31T11:14:51.925800Z"}
{"index": 2904, "data": -0.002560112904757261, "create_time": "2024-05-31T11:14:52.559176Z"}
{"index": 2905, "data": -0.0025017626234330238, "create_time": "2024-05-31T11:14:53.184252Z"}
{"index": 2906, "data": -0.004239478555973619, "create_time": "2024-05-31T11:14:53.905154Z"}
{"index": 2907, "data": 0.0006651737778156531, "create_time": "2024-05-31T11:14:54.583934Z"}
{"index": 2908, "data": -0.003939093986991793, "create_time": "2024-05-31T11:14:55.194153Z"}
{"index": 2909, "data": -0.0024509183596819637, "create_time": "2024-05-31T11:14:55.884165Z"}
{"index": 2910, "data": -0.006172167672775686, "create_time": "2024-05-31T11:14:56.605943Z"}
{"index": 2911, "data": -0.0033625160962401424, "create_time": "2024-05-31T11:14:57.307147Z"}
{"index": 2912, "data": 0.0009090100105822785, "create_time": "2024-05-31T11:14:57.987455Z"}
{"index": 2913, "data": -0.007003739969513844, "create_time": "2024-05-31T11:14:58.736842Z"}
{"index": 2914, "data": -0.003304048901190981, "create_time": "2024-05-31T11:14:59.541297Z"}
{"index": 2915, "data": -0.006353534100344405, "create_time": "2024-05-31T11:15:00.257443Z"}
{"index": 2916, "data": -0.00253166156289808, "create_time": "2024-05-31T11:15:00.926215Z"}
{"index": 2917, "data": -0.003125877850106917, "create_time": "2024-05-31T11:15:01.590739Z"}
{"index": 2918, "data": -0.0017742839176207782, "create_time": "2024-05-31T11:15:02.343465Z"}
{"index": 2919, "data": -0.002839113969821483, "create_time": "2024-05-31T11:15:03.069344Z"}
{"index": 2920, "data": -0.005790517789137084, "create_time": "2024-05-31T11:15:03.734250Z"}
{"index": 2921, "data": -0.00442493043756258, "create_time": "2024-05-31T11:15:04.443895Z"}
{"index": 2922, "data": -0.002285363501869142, "create_time": "2024-05-31T11:15:05.167230Z"}
{"index": 2923, "data": -0.003836589562706649, "create_time": "2024-05-31T11:15:05.893961Z"}
{"index": 2924, "data": -0.00255969685385935, "create_time": "2024-05-31T11:15:06.578447Z"}
{"index": 2925, "data": -0.0029860676600947044, "create_time": "2024-05-31T11:15:07.197631Z"}
{"index": 2926, "data": -0.0016390092263463885, "create_time": "2024-05-31T11:15:07.970230Z"}
{"index": 2927, "data": 0.0010576998814940453, "create_time": "2024-05-31T11:15:08.681459Z"}
{"index": 2928, "data": -0.005802219957695342, "create_time": "2024-05-31T11:15:09.412507Z"}
{"index": 2929, "data": -0.005906768440036103, "create_time": "2024-05-31T11:15:10.128808Z"}
{"index": 2930, "data": 0.0039523391516922855, "create_time": "2024-05-31T11:15:10.772551Z"}
{"index": 2931, "data": -0.005472279110108502, "create_time": "2024-05-31T11:15:11.380583Z"}
{"index": 2932, "data": -0.007145707675954327, "create_time": "2024-05-31T11:15:12.039085Z"}
{"index": 2933, "data": -0.0027970667026238514, "create_time": "2024-05-31T11:15:12.764649Z"}
{"index": 2934, "data": -0.004061511174222687, "create_time": "2024-05-31T11:15:13.429783Z"}
{"index": 2935, "data": -0.0032040650810813533, "create_time": "2024-05-31T11:15:14.117865Z"}
{"index": 2936, "data": -0.003069189791494864, "create_time": "2024-05-31T11:15:14.783285Z"}
{"index": 2937, "data": -0.004077707277610898, "create_time": "2024-05-31T11:15:15.528933Z"}
{"index": 2938, "data": -0.0001647323719225824, "create_time": "2024-05-31T11:15:16.342968Z"}
{"index": 2939, "data": -0.004766072414349764, "create_time": "2024-05-31T11:15:17.005858Z"}
{"index": 2940, "data": -0.006275277402892243, "create_time": "2024-05-31T11:15:17.777336Z"}
{"index": 2941, "data": -0.005931203078944236, "create_time": "2024-05-31T11:15:18.455565Z"}
{"index": 2942, "data": -0.0045935452522826384, "create_time": "2024-05-31T11:15:19.184097Z"}
{"index": 2943, "data": -0.00018565959471743553, "create_time": "2024-05-31T11:15:19.979278Z"}
{"index": 2944, "data": -0.005716579107684083, "create_time": "2024-05-31T11:15:20.664066Z"}
{"index": 2945, "data": -0.0032344166829716414, "create_time": "2024-05-31T11:15:21.329222Z"}
{"index": 2946, "data": -0.006140007433714345, "create_time": "2024-05-31T11:15:22.034477Z"}
{"index": 2947, "data": -0.002599585335701704, "create_time": "2024-05-31T11:15:22.730797Z"}
{"index": 2948, "data": -0.004904126761175576, "create_time": "2024-05-31T11:15:23.391525Z"}
{"index": 2949, "data": -0.0028591595939360557, "create_time": "2024-05-31T11:15:24.095956Z"}
{"index": 2950, "data": -0.0009386114823428215, "create_time": "2024-05-31T11:15:24.841710Z"}
{"index": 2951, "data": -0.002834304233692819, "create_time": "2024-05-31T11:15:25.590623Z"}
{"index": 2952, "data": -0.004963389059412293, "create_time": "2024-05-31T11:15:26.266981Z"}
{"index": 2953, "data": -0.000808743700326886, "create_time": "2024-05-31T11:15:26.959665Z"}
{"index": 2954, "data": -0.0047206477742292915, "create_time": "2024-05-31T11:15:27.618513Z"}
{"index": 2955, "data": -0.0016199803678318859, "create_time": "2024-05-31T11:15:28.268659Z"}
{"index": 2956, "data": -0.0030562190055206883, "create_time": "2024-05-31T11:15:28.937895Z"}
{"index": 2957, "data": -0.0020752655284013597, "create_time": "2024-05-31T11:15:29.665185Z"}
{"index": 2958, "data": -0.003562745146336965, "create_time": "2024-05-31T11:15:30.343928Z"}
{"index": 2959, "data": -0.0039856049970694585, "create_time": "2024-05-31T11:15:31.013675Z"}
{"index": 2960, "data": -0.0019917967292713, "create_time": "2024-05-31T11:15:31.747511Z"}
{"index": 2961, "data": 0.0042959890968631955, "create_time": "2024-05-31T11:15:32.532186Z"}
{"index": 2962, "data": -0.0065726847107725915, "create_time": "2024-05-31T11:15:33.229080Z"}
{"index": 2963, "data": -0.0031553777458611875, "create_time": "2024-05-31T11:15:34.002672Z"}
{"index": 2964, "data": -0.004851737146964297, "create_time": "2024-05-31T11:15:34.798627Z"}
{"index": 2965, "data": -0.0035899830450944136, "create_time": "2024-05-31T11:15:35.489629Z"}
{"index": 2966, "data": -0.003408359902095981, "create_time": "2024-05-31T11:15:36.231680Z"}
{"index": 2967, "data": -0.005724439079494914, "create_time": "2024-05-31T11:15:37.028450Z"}
{"index": 2968, "data": -0.003210515616228804, "create_time": "2024-05-31T11:15:37.742823Z"}
{"index": 2969, "data": -0.0015302345622330905, "create_time": "2024-05-31T11:15:38.449675Z"}
{"index": 2970, "data": -0.00769714008201845, "create_time": "2024-05-31T11:15:39.146777Z"}
{"index": 2971, "data": -0.0023670135007705538, "create_time": "2024-05-31T11:15:39.856988Z"}
{"index": 2972, "data": -0.005048525383836022, "create_time": "2024-05-31T11:15:40.647772Z"}
{"index": 2973, "data": -0.004564266849774868, "create_time": "2024-05-31T11:15:41.385065Z"}
{"index": 2974, "data": -0.0025939324114006013, "create_time": "2024-05-31T11:15:42.164701Z"}
{"index": 2975, "data": -0.005870135649092845, "create_time": "2024-05-31T11:15:42.805844Z"}
{"index": 2976, "data": -0.0025062287342734633, "create_time": "2024-05-31T11:15:43.446277Z"}
{"index": 2977, "data": -0.004608284198911861, "create_time": "2024-05-31T11:15:44.155906Z"}
{"index": 2978, "data": -0.002885438838984555, "create_time": "2024-05-31T11:15:44.907953Z"}
{"index": 2979, "data": -0.004412575140304398, "create_time": "2024-05-31T11:15:45.551138Z"}
{"index": 2980, "data": -0.004417100954742637, "create_time": "2024-05-31T11:15:46.161905Z"}
{"index": 2981, "data": -0.004239638060607831, "create_time": "2024-05-31T11:15:46.776470Z"}
{"index": 2982, "data": -0.00629141779281781, "create_time": "2024-05-31T11:15:47.491308Z"}
{"index": 2983, "data": -0.00406078802770935, "create_time": "2024-05-31T11:15:48.182060Z"}
{"index": 2984, "data": -0.000407434965018183, "create_time": "2024-05-31T11:15:48.919023Z"}
{"index": 2985, "data": -0.005461529429885559, "create_time": "2024-05-31T11:15:49.556851Z"}
{"index": 2986, "data": -0.004386939776304643, "create_time": "2024-05-31T11:15:50.230475Z"}
{"index": 2987, "data": -0.0026792618198669517, "create_time": "2024-05-31T11:15:50.885767Z"}
{"index": 2988, "data": -0.004671455308562144, "create_time": "2024-05-31T11:15:51.653266Z"}
{"index": 2989, "data": 0.0036234780098311605, "create_time": "2024-05-31T11:15:52.406879Z"}
{"index": 2990, "data": -0.003763407836959232, "create_time": "2024-05-31T11:15:53.010026Z"}
{"index": 2991, "data": -0.004620479942241218, "create_time": "2024-05-31T11:15:53.651758Z"}
{"index": 2992, "data": -0.0033914094034116714, "create_time": "2024-05-31T11:15:54.332382Z"}
{"index": 2993, "data": -0.005571176866942551, "create_time": "2024-05-31T11:15:55.007331Z"}
{"index": 2994, "data": -0.0023960623773746194, "create_time": "2024-05-31T11:15:55.674086Z"}
{"index": 2995, "data": -0.006071877956856042, "create_time": "2024-05-31T11:15:56.373541Z"}
{"index": 2996, "data": -0.003541581766330637, "create_time": "2024-05-31T11:15:56.983772Z"}
{"index": 2997, "data": -0.005538007360883057, "create_time": "2024-05-31T11:15:57.650223Z"}
{"index": 2998, "data": -0.0021209716811426914, "create_time": "2024-05-31T11:15:58.385377Z"}
{"index": 2999, "data": -0.004116453581082169, "create_time": "2024-05-31T11:15:59.053693Z"}
