{"index": 0, "data": 0.007921515649650246, "create_time": "2024-06-01T05:28:55.786510Z"}
{"index": 1, "data": 9.272730967495591e-05, "create_time": "2024-06-01T05:29:00.371604Z"}
{"index": 2, "data": 0.002781915880041197, "create_time": "2024-06-01T05:29:01.051962Z"}
{"index": 3, "data": 0.0071497121301945295, "create_time": "2024-06-01T05:29:01.762209Z"}
{"index": 4, "data": 0.0018388514989055693, "create_time": "2024-06-01T05:29:02.474942Z"}
{"index": 5, "data": 0.0028856966877356172, "create_time": "2024-06-01T05:29:03.240555Z"}
{"index": 6, "data": 0.0027803703240351753, "create_time": "2024-06-01T05:29:03.932593Z"}
{"index": 7, "data": 0.0027194493217393757, "create_time": "2024-06-01T05:29:04.743250Z"}
{"index": 8, "data": 0.0021598398132482545, "create_time": "2024-06-01T05:29:05.515886Z"}
{"index": 9, "data": -0.00034873065087595025, "create_time": "2024-06-01T05:29:06.294238Z"}
{"index": 10, "data": -0.0021512160270503954, "create_time": "2024-06-01T05:29:07.104401Z"}
{"index": 11, "data": -0.0016621212475001813, "create_time": "2024-06-01T05:29:07.842899Z"}
{"index": 12, "data": -0.00010583382972981781, "create_time": "2024-06-01T05:29:08.685599Z"}
{"index": 13, "data": -0.0002574623009422794, "create_time": "2024-06-01T05:29:09.450555Z"}
{"index": 14, "data": 0.005362232343759388, "create_time": "2024-06-01T05:29:10.299193Z"}
{"index": 15, "data": -0.0012727363675367088, "create_time": "2024-06-01T05:29:11.053592Z"}
{"index": 16, "data": -0.00029088218288961796, "create_time": "2024-06-01T05:29:11.815909Z"}
{"index": 17, "data": 0.0037468329363036902, "create_time": "2024-06-01T05:29:12.598607Z"}
{"index": 18, "data": -0.0006842881120974198, "create_time": "2024-06-01T05:29:13.421431Z"}
{"index": 19, "data": 0.001219410710473312, "create_time": "2024-06-01T05:29:14.289197Z"}
{"index": 20, "data": 0.00035527915752027185, "create_time": "2024-06-01T05:29:15.096982Z"}
{"index": 21, "data": -0.0018958168882818427, "create_time": "2024-06-01T05:29:15.890283Z"}
{"index": 22, "data": -0.00022632598993368446, "create_time": "2024-06-01T05:29:16.638138Z"}
{"index": 23, "data": -3.8497224886668845e-05, "create_time": "2024-06-01T05:29:17.356251Z"}
{"index": 24, "data": -0.0019159094688802724, "create_time": "2024-06-01T05:29:18.108570Z"}
{"index": 25, "data": -0.0015835674770642073, "create_time": "2024-06-01T05:29:18.951237Z"}
{"index": 26, "data": -0.0007796804147801595, "create_time": "2024-06-01T05:29:19.727518Z"}
{"index": 27, "data": -0.001787159421655815, "create_time": "2024-06-01T05:29:20.460040Z"}
{"index": 28, "data": -0.004789021890610456, "create_time": "2024-06-01T05:29:21.150074Z"}
{"index": 29, "data": -0.0012305643314903137, "create_time": "2024-06-01T05:29:21.908333Z"}
{"index": 30, "data": -0.002463606162928045, "create_time": "2024-06-01T05:29:22.719837Z"}
{"index": 31, "data": -0.002538197848480195, "create_time": "2024-06-01T05:29:23.411757Z"}
{"index": 32, "data": -0.0015422186716023134, "create_time": "2024-06-01T05:29:24.155619Z"}
{"index": 33, "data": -0.0029262808326166122, "create_time": "2024-06-01T05:29:24.968608Z"}
{"index": 34, "data": -0.0036617080157157035, "create_time": "2024-06-01T05:29:25.771159Z"}
{"index": 35, "data": -0.0012586036426455393, "create_time": "2024-06-01T05:29:26.490426Z"}
{"index": 36, "data": -0.005544161068974063, "create_time": "2024-06-01T05:29:27.205535Z"}
{"index": 37, "data": -0.0027833951433422046, "create_time": "2024-06-01T05:29:28.024157Z"}
{"index": 38, "data": -0.0048743260296760125, "create_time": "2024-06-01T05:29:28.829101Z"}
{"index": 39, "data": -0.0022423247079132124, "create_time": "2024-06-01T05:29:29.601906Z"}
{"index": 40, "data": -0.004701830755584524, "create_time": "2024-06-01T05:29:30.380397Z"}
{"index": 41, "data": -0.0035392838472034782, "create_time": "2024-06-01T05:29:31.146995Z"}
{"index": 42, "data": -0.0036186927114613353, "create_time": "2024-06-01T05:29:31.937304Z"}
{"index": 43, "data": -0.0028970613464480268, "create_time": "2024-06-01T05:29:32.690127Z"}
{"index": 44, "data": -0.004087207614065847, "create_time": "2024-06-01T05:29:33.485131Z"}
{"index": 45, "data": -0.00311477471066155, "create_time": "2024-06-01T05:29:34.228222Z"}
{"index": 46, "data": -0.00441507474752143, "create_time": "2024-06-01T05:29:34.993897Z"}
{"index": 47, "data": -0.003420506083057262, "create_time": "2024-06-01T05:29:35.801707Z"}
{"index": 48, "data": -0.003793648241844494, "create_time": "2024-06-01T05:29:36.561025Z"}
{"index": 49, "data": -0.003261365283105988, "create_time": "2024-06-01T05:29:37.281377Z"}
{"index": 50, "data": -0.0046134076314046975, "create_time": "2024-06-01T05:29:37.997439Z"}
{"index": 51, "data": -0.0049995687822956825, "create_time": "2024-06-01T05:29:38.721778Z"}
{"index": 52, "data": -0.004728733794763684, "create_time": "2024-06-01T05:29:39.403351Z"}
{"index": 53, "data": -0.004928850736177992, "create_time": "2024-06-01T05:29:40.142084Z"}
{"index": 54, "data": -0.004742354090558365, "create_time": "2024-06-01T05:29:40.856981Z"}
{"index": 55, "data": -0.006298364041140303, "create_time": "2024-06-01T05:29:41.551558Z"}
{"index": 56, "data": -0.0032600559708953368, "create_time": "2024-06-01T05:29:42.256508Z"}
{"index": 57, "data": -0.005617991276085377, "create_time": "2024-06-01T05:29:42.986752Z"}
{"index": 58, "data": -0.0052947519661756814, "create_time": "2024-06-01T05:29:43.695612Z"}
{"index": 59, "data": -0.005397393001476303, "create_time": "2024-06-01T05:29:44.400242Z"}
{"index": 60, "data": -0.0035795334726572035, "create_time": "2024-06-01T05:29:45.158645Z"}
{"index": 61, "data": -0.0044063792651286345, "create_time": "2024-06-01T05:29:45.881185Z"}
{"index": 62, "data": -0.006198626634432003, "create_time": "2024-06-01T05:29:46.644275Z"}
{"index": 63, "data": -0.005921274919819553, "create_time": "2024-06-01T05:29:47.336902Z"}
{"index": 64, "data": -0.004294240671151783, "create_time": "2024-06-01T05:29:48.073857Z"}
{"index": 65, "data": -0.005007579445373267, "create_time": "2024-06-01T05:29:48.845502Z"}
{"index": 66, "data": -0.004596732412392157, "create_time": "2024-06-01T05:29:49.612122Z"}
{"index": 67, "data": -0.006680153359775431, "create_time": "2024-06-01T05:29:50.334653Z"}
{"index": 68, "data": -0.005830116915603867, "create_time": "2024-06-01T05:29:51.041297Z"}
{"index": 69, "data": -0.005512060126056895, "create_time": "2024-06-01T05:29:51.807106Z"}
{"index": 70, "data": -0.0057297997322166335, "create_time": "2024-06-01T05:29:52.506609Z"}
{"index": 71, "data": -0.002480529254535213, "create_time": "2024-06-01T05:29:53.270730Z"}
{"index": 72, "data": -0.007481382654805202, "create_time": "2024-06-01T05:29:53.988188Z"}
{"index": 73, "data": -0.004924555770412553, "create_time": "2024-06-01T05:29:54.668576Z"}
{"index": 74, "data": -0.006029254951863549, "create_time": "2024-06-01T05:29:55.437803Z"}
{"index": 75, "data": -0.00459682190357853, "create_time": "2024-06-01T05:29:56.139066Z"}
{"index": 76, "data": -0.0059139964519999925, "create_time": "2024-06-01T05:29:56.845160Z"}
{"index": 77, "data": -0.005219104897696525, "create_time": "2024-06-01T05:29:57.531989Z"}
{"index": 78, "data": -0.006168911719578318, "create_time": "2024-06-01T05:29:58.247240Z"}
{"index": 79, "data": -0.0066824521403759714, "create_time": "2024-06-01T05:29:58.944446Z"}
{"index": 80, "data": -0.005844311582040973, "create_time": "2024-06-01T05:29:59.636070Z"}
{"index": 81, "data": -0.006402489438187331, "create_time": "2024-06-01T05:30:00.340259Z"}
{"index": 82, "data": -0.006963376733619952, "create_time": "2024-06-01T05:30:01.029946Z"}
{"index": 83, "data": -0.006671086954884231, "create_time": "2024-06-01T05:30:01.816777Z"}
{"index": 84, "data": -0.006265563363558613, "create_time": "2024-06-01T05:30:02.497073Z"}
{"index": 85, "data": -0.0054728920455090705, "create_time": "2024-06-01T05:30:03.246488Z"}
{"index": 86, "data": -0.0067619077839481175, "create_time": "2024-06-01T05:30:03.916296Z"}
{"index": 87, "data": -0.007230890238133725, "create_time": "2024-06-01T05:30:04.668682Z"}
{"index": 88, "data": -0.006944983571884222, "create_time": "2024-06-01T05:30:05.374338Z"}
{"index": 89, "data": -0.0062301559140905734, "create_time": "2024-06-01T05:30:06.136091Z"}
{"index": 90, "data": -0.004983987176092342, "create_time": "2024-06-01T05:30:06.828197Z"}
{"index": 91, "data": -0.006818347331136465, "create_time": "2024-06-01T05:30:07.528205Z"}
{"index": 92, "data": -0.006522878888063133, "create_time": "2024-06-01T05:30:08.251067Z"}
{"index": 93, "data": -0.007014779742166866, "create_time": "2024-06-01T05:30:09.023610Z"}
{"index": 94, "data": -0.0072480463772080835, "create_time": "2024-06-01T05:30:09.738569Z"}
{"index": 95, "data": -0.00688234610715881, "create_time": "2024-06-01T05:30:10.431768Z"}
{"index": 96, "data": -0.006280190861434676, "create_time": "2024-06-01T05:30:11.104763Z"}
{"index": 97, "data": -0.005631489140796475, "create_time": "2024-06-01T05:30:11.852912Z"}
{"index": 98, "data": -0.007153378911971231, "create_time": "2024-06-01T05:30:12.545960Z"}
{"index": 99, "data": -0.006640660035191104, "create_time": "2024-06-01T05:30:13.347655Z"}
{"index": 100, "data": -0.005895971838617698, "create_time": "2024-06-01T05:30:14.168667Z"}
{"index": 101, "data": -0.006660438678227365, "create_time": "2024-06-01T05:30:14.888194Z"}
{"index": 102, "data": -0.0060944596072658895, "create_time": "2024-06-01T05:30:15.561295Z"}
{"index": 103, "data": -0.006855454020478646, "create_time": "2024-06-01T05:30:16.289652Z"}
{"index": 104, "data": -0.008228297604364342, "create_time": "2024-06-01T05:30:17.061860Z"}
{"index": 105, "data": -0.007967616667156108, "create_time": "2024-06-01T05:30:17.833148Z"}
{"index": 106, "data": -0.007411327346926555, "create_time": "2024-06-01T05:30:18.616818Z"}
{"index": 107, "data": -0.00716228271194268, "create_time": "2024-06-01T05:30:19.307696Z"}
{"index": 108, "data": -0.006778757472056895, "create_time": "2024-06-01T05:30:19.995160Z"}
{"index": 109, "data": -0.007103473079041578, "create_time": "2024-06-01T05:30:20.737738Z"}
{"index": 110, "data": -0.00815994293516269, "create_time": "2024-06-01T05:30:21.425513Z"}
{"index": 111, "data": -0.007893822506412107, "create_time": "2024-06-01T05:30:22.090570Z"}
{"index": 112, "data": -0.006562395649962127, "create_time": "2024-06-01T05:30:22.849040Z"}
{"index": 113, "data": -0.007076485373545438, "create_time": "2024-06-01T05:30:23.632659Z"}
{"index": 114, "data": -0.007379458262585103, "create_time": "2024-06-01T05:30:24.305175Z"}
{"index": 115, "data": -0.0053472640653126294, "create_time": "2024-06-01T05:30:24.985448Z"}
{"index": 116, "data": -0.004646564598806436, "create_time": "2024-06-01T05:30:25.715745Z"}
{"index": 117, "data": -0.005484395136591047, "create_time": "2024-06-01T05:30:26.401842Z"}
{"index": 118, "data": -0.00712667457992211, "create_time": "2024-06-01T05:30:27.115982Z"}
{"index": 119, "data": -0.0075945949312881565, "create_time": "2024-06-01T05:30:27.799729Z"}
{"index": 120, "data": -0.006439438526285812, "create_time": "2024-06-01T05:30:28.496230Z"}
{"index": 121, "data": -0.0058584660990163686, "create_time": "2024-06-01T05:30:29.180263Z"}
{"index": 122, "data": -0.007316495115810539, "create_time": "2024-06-01T05:30:29.945857Z"}
{"index": 123, "data": -0.006677994516212493, "create_time": "2024-06-01T05:30:30.658399Z"}
{"index": 124, "data": -0.005316999777278397, "create_time": "2024-06-01T05:30:31.339824Z"}
{"index": 125, "data": -0.006527782947523519, "create_time": "2024-06-01T05:30:32.024430Z"}
{"index": 126, "data": -0.004576250482932665, "create_time": "2024-06-01T05:30:32.756634Z"}
{"index": 127, "data": -0.006214595462733996, "create_time": "2024-06-01T05:30:33.456838Z"}
{"index": 128, "data": -0.002902384751359932, "create_time": "2024-06-01T05:30:34.222914Z"}
{"index": 129, "data": -0.007395341057053884, "create_time": "2024-06-01T05:30:34.924541Z"}
{"index": 130, "data": -0.005192143176100217, "create_time": "2024-06-01T05:30:35.632050Z"}
{"index": 131, "data": -0.005251061491435394, "create_time": "2024-06-01T05:30:36.386130Z"}
{"index": 132, "data": -0.00439247852191329, "create_time": "2024-06-01T05:30:37.070886Z"}
{"index": 133, "data": -0.006376730522606522, "create_time": "2024-06-01T05:30:37.729066Z"}
{"index": 134, "data": -0.004437130957376212, "create_time": "2024-06-01T05:30:38.416719Z"}
{"index": 135, "data": -0.004835973551962525, "create_time": "2024-06-01T05:30:39.132677Z"}
{"index": 136, "data": -0.005391142258304171, "create_time": "2024-06-01T05:30:39.802770Z"}
{"index": 137, "data": -0.007982286193873733, "create_time": "2024-06-01T05:30:40.490392Z"}
{"index": 138, "data": -0.004818346500542248, "create_time": "2024-06-01T05:30:41.189877Z"}
{"index": 139, "data": -0.005463854421395809, "create_time": "2024-06-01T05:30:41.857709Z"}
{"index": 140, "data": -0.004692901758244261, "create_time": "2024-06-01T05:30:42.506496Z"}
{"index": 141, "data": -0.0015321388714710337, "create_time": "2024-06-01T05:30:43.257235Z"}
{"index": 142, "data": -0.007247419763734797, "create_time": "2024-06-01T05:30:43.932896Z"}
{"index": 143, "data": -0.006262247741688043, "create_time": "2024-06-01T05:30:44.629130Z"}
{"index": 144, "data": -0.002923430286196549, "create_time": "2024-06-01T05:30:45.323331Z"}
{"index": 145, "data": -0.006543617736406304, "create_time": "2024-06-01T05:30:46.040385Z"}
{"index": 146, "data": -0.0054675546678481625, "create_time": "2024-06-01T05:30:46.690957Z"}
{"index": 147, "data": -0.004619033285052865, "create_time": "2024-06-01T05:30:47.373857Z"}
{"index": 148, "data": -0.005276701369439252, "create_time": "2024-06-01T05:30:48.053600Z"}
{"index": 149, "data": -0.0045431658765664905, "create_time": "2024-06-01T05:30:48.714838Z"}
{"index": 150, "data": -0.0077463818757678386, "create_time": "2024-06-01T05:30:49.389814Z"}
{"index": 151, "data": -0.005382894798822235, "create_time": "2024-06-01T05:30:50.075518Z"}
{"index": 152, "data": -0.0035178115165763304, "create_time": "2024-06-01T05:30:50.792481Z"}
{"index": 153, "data": -0.004843213648109667, "create_time": "2024-06-01T05:30:51.435027Z"}
{"index": 154, "data": -0.004170272900955752, "create_time": "2024-06-01T05:30:52.247461Z"}
{"index": 155, "data": -0.006048167403787374, "create_time": "2024-06-01T05:30:52.936271Z"}
{"index": 156, "data": -0.004557450418360531, "create_time": "2024-06-01T05:30:53.628430Z"}
{"index": 157, "data": -0.00618575366679579, "create_time": "2024-06-01T05:30:54.309095Z"}
{"index": 158, "data": -0.003980893154948717, "create_time": "2024-06-01T05:30:54.982731Z"}
{"index": 159, "data": -0.00337377791875042, "create_time": "2024-06-01T05:30:55.718674Z"}
{"index": 160, "data": -0.004147639948268988, "create_time": "2024-06-01T05:30:56.438965Z"}
{"index": 161, "data": -0.005251800001133233, "create_time": "2024-06-01T05:30:57.111445Z"}
{"index": 162, "data": -0.005023354385048151, "create_time": "2024-06-01T05:30:57.764354Z"}
{"index": 163, "data": -0.005160480726044625, "create_time": "2024-06-01T05:30:58.490816Z"}
{"index": 164, "data": -0.0033390506949217526, "create_time": "2024-06-01T05:30:59.147957Z"}
{"index": 165, "data": -0.006146935806464171, "create_time": "2024-06-01T05:30:59.810393Z"}
{"index": 166, "data": -0.004584763379534706, "create_time": "2024-06-01T05:31:00.501733Z"}
{"index": 167, "data": -0.004759951209416613, "create_time": "2024-06-01T05:31:01.140773Z"}
{"index": 168, "data": -0.004487316458107671, "create_time": "2024-06-01T05:31:01.841056Z"}
{"index": 169, "data": -0.003454259320278652, "create_time": "2024-06-01T05:31:02.510411Z"}
{"index": 170, "data": -0.00372221737052314, "create_time": "2024-06-01T05:31:03.252057Z"}
{"index": 171, "data": -0.004232196851262415, "create_time": "2024-06-01T05:31:03.936641Z"}
{"index": 172, "data": -0.004161019122693688, "create_time": "2024-06-01T05:31:04.586114Z"}
{"index": 173, "data": -0.003537399583728984, "create_time": "2024-06-01T05:31:05.229439Z"}
{"index": 174, "data": -0.003885267278019455, "create_time": "2024-06-01T05:31:05.881859Z"}
{"index": 175, "data": -0.0051629857392981645, "create_time": "2024-06-01T05:31:06.535146Z"}
{"index": 176, "data": -0.004671417872305028, "create_time": "2024-06-01T05:31:07.266593Z"}
{"index": 177, "data": -0.0038909866168978626, "create_time": "2024-06-01T05:31:07.975257Z"}
{"index": 178, "data": -0.0023631563992239533, "create_time": "2024-06-01T05:31:08.653819Z"}
{"index": 179, "data": -0.004057075793389231, "create_time": "2024-06-01T05:31:09.416481Z"}
{"index": 180, "data": -0.002542927925242111, "create_time": "2024-06-01T05:31:10.115266Z"}
{"index": 181, "data": -0.004402255386230536, "create_time": "2024-06-01T05:31:10.827290Z"}
{"index": 182, "data": -0.0047139860689640045, "create_time": "2024-06-01T05:31:11.457077Z"}
{"index": 183, "data": -0.00345887218718417, "create_time": "2024-06-01T05:31:12.124523Z"}
{"index": 184, "data": -0.0015299209975637496, "create_time": "2024-06-01T05:31:12.799688Z"}
{"index": 185, "data": -0.0038911681756871987, "create_time": "2024-06-01T05:31:13.469654Z"}
{"index": 186, "data": -0.0029617949621751904, "create_time": "2024-06-01T05:31:14.133751Z"}
{"index": 187, "data": -0.005187467625364661, "create_time": "2024-06-01T05:31:14.812313Z"}
{"index": 188, "data": -0.004377419533557259, "create_time": "2024-06-01T05:31:15.550213Z"}
{"index": 189, "data": -0.005174594909931329, "create_time": "2024-06-01T05:31:16.247916Z"}
{"index": 190, "data": -0.003200045437552035, "create_time": "2024-06-01T05:31:16.908616Z"}
{"index": 191, "data": -0.003256747400155291, "create_time": "2024-06-01T05:31:17.560890Z"}
{"index": 192, "data": -0.00341177550071734, "create_time": "2024-06-01T05:31:18.213717Z"}
{"index": 193, "data": -0.004774111075676046, "create_time": "2024-06-01T05:31:18.897572Z"}
{"index": 194, "data": -0.0018445522408001124, "create_time": "2024-06-01T05:31:19.603908Z"}
{"index": 195, "data": -0.0024742773093748838, "create_time": "2024-06-01T05:31:20.284186Z"}
{"index": 196, "data": -0.0031103670509764923, "create_time": "2024-06-01T05:31:20.983760Z"}
{"index": 197, "data": -0.0037652359926141797, "create_time": "2024-06-01T05:31:21.644234Z"}
{"index": 198, "data": -0.0022787929250625894, "create_time": "2024-06-01T05:31:22.276017Z"}
{"index": 199, "data": -0.005108273634687066, "create_time": "2024-06-01T05:31:22.956853Z"}
{"index": 200, "data": -0.003442095677019097, "create_time": "2024-06-01T05:31:23.638225Z"}
{"index": 201, "data": -0.003797638940523029, "create_time": "2024-06-01T05:31:24.316190Z"}
{"index": 202, "data": -0.0036610445764381438, "create_time": "2024-06-01T05:31:24.985547Z"}
{"index": 203, "data": -0.0010606778727378697, "create_time": "2024-06-01T05:31:25.699941Z"}
{"index": 204, "data": -0.0022749239491531626, "create_time": "2024-06-01T05:31:26.345382Z"}
{"index": 205, "data": -0.003491077991202474, "create_time": "2024-06-01T05:31:27.019637Z"}
{"index": 206, "data": -0.0008322806592332199, "create_time": "2024-06-01T05:31:27.744337Z"}
{"index": 207, "data": -0.00589351425296627, "create_time": "2024-06-01T05:31:28.405879Z"}
{"index": 208, "data": -0.0030799709958955644, "create_time": "2024-06-01T05:31:29.068905Z"}
{"index": 209, "data": -0.0031706795169156978, "create_time": "2024-06-01T05:31:29.715451Z"}
{"index": 210, "data": -0.003951622586464509, "create_time": "2024-06-01T05:31:30.402070Z"}
{"index": 211, "data": -0.002742357226088643, "create_time": "2024-06-01T05:31:31.089560Z"}
{"index": 212, "data": -0.002440166814812983, "create_time": "2024-06-01T05:31:31.789727Z"}
{"index": 213, "data": -0.003216201701434329, "create_time": "2024-06-01T05:31:32.502526Z"}
{"index": 214, "data": -0.0022640168899670243, "create_time": "2024-06-01T05:31:33.159365Z"}
{"index": 215, "data": -0.004938249220140278, "create_time": "2024-06-01T05:31:33.848197Z"}
{"index": 216, "data": -0.003502236431813799, "create_time": "2024-06-01T05:31:34.512953Z"}
{"index": 217, "data": -0.002586202826933004, "create_time": "2024-06-01T05:31:35.178068Z"}
{"index": 218, "data": -0.005177955245017074, "create_time": "2024-06-01T05:31:35.924146Z"}
{"index": 219, "data": -0.0024265646876301616, "create_time": "2024-06-01T05:31:36.630059Z"}
{"index": 220, "data": -0.00123579750652425, "create_time": "2024-06-01T05:31:37.344319Z"}
{"index": 221, "data": -0.0014255246322136372, "create_time": "2024-06-01T05:31:38.012132Z"}
{"index": 222, "data": -0.0039146569441072645, "create_time": "2024-06-01T05:31:38.670732Z"}
{"index": 223, "data": -0.0019480537623167038, "create_time": "2024-06-01T05:31:39.302099Z"}
{"index": 224, "data": 0.0025817319969064557, "create_time": "2024-06-01T05:31:40.014197Z"}
{"index": 225, "data": -0.00442964667272463, "create_time": "2024-06-01T05:31:40.637558Z"}
{"index": 226, "data": -0.001667627656570403, "create_time": "2024-06-01T05:31:41.326310Z"}
{"index": 227, "data": -0.002794039831496775, "create_time": "2024-06-01T05:31:42.015885Z"}
{"index": 228, "data": -0.005363513450720348, "create_time": "2024-06-01T05:31:42.765976Z"}
{"index": 229, "data": -0.003175219107652083, "create_time": "2024-06-01T05:31:43.404670Z"}
{"index": 230, "data": -0.001999933790648356, "create_time": "2024-06-01T05:31:44.080184Z"}
{"index": 231, "data": -0.0034613341034855694, "create_time": "2024-06-01T05:31:44.757766Z"}
{"index": 232, "data": -0.0018495193275157363, "create_time": "2024-06-01T05:31:45.396684Z"}
{"index": 233, "data": -0.0013879117323085666, "create_time": "2024-06-01T05:31:46.031017Z"}
{"index": 234, "data": -0.005045056163726258, "create_time": "2024-06-01T05:31:46.662445Z"}
{"index": 235, "data": -0.0019862251220729376, "create_time": "2024-06-01T05:31:47.325754Z"}
{"index": 236, "data": -0.005055978166637942, "create_time": "2024-06-01T05:31:47.979313Z"}
{"index": 237, "data": -0.003042939967417624, "create_time": "2024-06-01T05:31:48.668358Z"}
{"index": 238, "data": -0.0031271556741558014, "create_time": "2024-06-01T05:31:49.308255Z"}
{"index": 239, "data": -0.0025801422714721413, "create_time": "2024-06-01T05:31:50.019717Z"}
{"index": 240, "data": -0.004321687432820909, "create_time": "2024-06-01T05:31:50.737373Z"}
{"index": 241, "data": -0.000990217027720064, "create_time": "2024-06-01T05:31:51.396330Z"}
{"index": 242, "data": -0.0034336877535679376, "create_time": "2024-06-01T05:31:52.058514Z"}
{"index": 243, "data": -0.0012432923020242014, "create_time": "2024-06-01T05:31:52.696706Z"}
{"index": 244, "data": -0.004350338681979338, "create_time": "2024-06-01T05:31:53.343345Z"}
{"index": 245, "data": -0.0016199874982703478, "create_time": "2024-06-01T05:31:54.061681Z"}
{"index": 246, "data": -0.002521894634628552, "create_time": "2024-06-01T05:31:54.694734Z"}
{"index": 247, "data": -0.001746139460010454, "create_time": "2024-06-01T05:31:55.331912Z"}
{"index": 248, "data": -0.004285626832279376, "create_time": "2024-06-01T05:31:55.965746Z"}
{"index": 249, "data": -0.0021836724517925177, "create_time": "2024-06-01T05:31:56.650135Z"}
{"index": 250, "data": 3.888399951392785e-05, "create_time": "2024-06-01T05:31:57.321540Z"}
{"index": 251, "data": -0.005413627487723715, "create_time": "2024-06-01T05:31:58.020144Z"}
{"index": 252, "data": -0.0033400664309738205, "create_time": "2024-06-01T05:31:58.647152Z"}
{"index": 253, "data": -0.0023759339877869935, "create_time": "2024-06-01T05:31:59.274931Z"}
{"index": 254, "data": 0.0007016093055426609, "create_time": "2024-06-01T05:31:59.910594Z"}
{"index": 255, "data": -0.00472949082031846, "create_time": "2024-06-01T05:32:00.532986Z"}
{"index": 256, "data": -0.0014375917773577385, "create_time": "2024-06-01T05:32:01.148172Z"}
{"index": 257, "data": 0.006058874167501926, "create_time": "2024-06-01T05:32:01.774652Z"}
{"index": 258, "data": -0.0007592980709887343, "create_time": "2024-06-01T05:32:02.395639Z"}
{"index": 259, "data": -0.004436952579999343, "create_time": "2024-06-01T05:32:03.029319Z"}
{"index": 260, "data": -0.0015480792499147356, "create_time": "2024-06-01T05:32:03.651126Z"}
{"index": 261, "data": -0.0018507144315663027, "create_time": "2024-06-01T05:32:04.277478Z"}
{"index": 262, "data": -0.0011866083194036036, "create_time": "2024-06-01T05:32:04.911566Z"}
{"index": 263, "data": -0.0012789849686669185, "create_time": "2024-06-01T05:32:05.528631Z"}
{"index": 264, "data": -0.0008428892644587905, "create_time": "2024-06-01T05:32:06.214597Z"}
{"index": 265, "data": -0.0030070698543568143, "create_time": "2024-06-01T05:32:06.880814Z"}
{"index": 266, "data": -0.0008991447313746904, "create_time": "2024-06-01T05:32:07.510819Z"}
{"index": 267, "data": -0.0032019503676565366, "create_time": "2024-06-01T05:32:08.143127Z"}
{"index": 268, "data": -0.0022798511505243368, "create_time": "2024-06-01T05:32:08.858881Z"}
{"index": 269, "data": -0.0006276486654314794, "create_time": "2024-06-01T05:32:09.573301Z"}
{"index": 270, "data": -0.00417997675249353, "create_time": "2024-06-01T05:32:10.206794Z"}
{"index": 271, "data": -0.00154784257611027, "create_time": "2024-06-01T05:32:10.928588Z"}
{"index": 272, "data": -0.004429373602033593, "create_time": "2024-06-01T05:32:11.692945Z"}
{"index": 273, "data": -0.0011605137689912226, "create_time": "2024-06-01T05:32:12.460886Z"}
{"index": 274, "data": -0.0034355742667685264, "create_time": "2024-06-01T05:32:13.168721Z"}
{"index": 275, "data": -0.00022933899708732497, "create_time": "2024-06-01T05:32:13.787229Z"}
{"index": 276, "data": -0.0038859824475366623, "create_time": "2024-06-01T05:32:14.423405Z"}
{"index": 277, "data": 0.0010362327651819215, "create_time": "2024-06-01T05:32:15.086301Z"}
{"index": 278, "data": -0.0014702167056384497, "create_time": "2024-06-01T05:32:15.763537Z"}
{"index": 279, "data": -0.004808994341874495, "create_time": "2024-06-01T05:32:16.502409Z"}
{"index": 280, "data": -0.0010642745561199262, "create_time": "2024-06-01T05:32:17.113173Z"}
{"index": 281, "data": -0.0018763916741590947, "create_time": "2024-06-01T05:32:17.736894Z"}
{"index": 282, "data": -0.0021238857414573433, "create_time": "2024-06-01T05:32:18.411862Z"}
{"index": 283, "data": -0.0027111384668387474, "create_time": "2024-06-01T05:32:19.036433Z"}
{"index": 284, "data": 0.002879043124994496, "create_time": "2024-06-01T05:32:19.675319Z"}
{"index": 285, "data": -0.002696806739550084, "create_time": "2024-06-01T05:32:20.339884Z"}
{"index": 286, "data": -0.0024096054206893315, "create_time": "2024-06-01T05:32:20.979122Z"}
{"index": 287, "data": -0.001876493589952588, "create_time": "2024-06-01T05:32:21.621393Z"}
{"index": 288, "data": -0.003933878226962406, "create_time": "2024-06-01T05:32:22.272778Z"}
{"index": 289, "data": -0.0038357847835868595, "create_time": "2024-06-01T05:32:22.946085Z"}
{"index": 290, "data": -0.002737634169170633, "create_time": "2024-06-01T05:32:23.649461Z"}
{"index": 291, "data": -0.0041546938446117565, "create_time": "2024-06-01T05:32:24.311732Z"}
{"index": 292, "data": 0.000666384375654161, "create_time": "2024-06-01T05:32:24.944034Z"}
{"index": 293, "data": -0.003144189543672837, "create_time": "2024-06-01T05:32:25.590245Z"}
{"index": 294, "data": -0.0031656792874855456, "create_time": "2024-06-01T05:32:26.271392Z"}
{"index": 295, "data": -0.0026291636284440758, "create_time": "2024-06-01T05:32:26.912136Z"}
{"index": 296, "data": 0.0009668135055107996, "create_time": "2024-06-01T05:32:27.588048Z"}
{"index": 297, "data": -0.0030163639050442724, "create_time": "2024-06-01T05:32:28.222827Z"}
{"index": 298, "data": -0.000950055057182908, "create_time": "2024-06-01T05:32:28.852159Z"}
{"index": 299, "data": -0.004923316580607207, "create_time": "2024-06-01T05:32:29.511305Z"}
{"index": 300, "data": -0.0035918794194003565, "create_time": "2024-06-01T05:32:30.213821Z"}
{"index": 301, "data": 0.002100570942275226, "create_time": "2024-06-01T05:32:30.895980Z"}
{"index": 302, "data": -0.003204872085188981, "create_time": "2024-06-01T05:32:31.556061Z"}
{"index": 303, "data": -0.0025746933017217087, "create_time": "2024-06-01T05:32:32.339528Z"}
{"index": 304, "data": 0.0019993369758594783, "create_time": "2024-06-01T05:32:33.095848Z"}
{"index": 305, "data": -0.0034431322943419217, "create_time": "2024-06-01T05:32:33.724159Z"}
{"index": 306, "data": -0.0005950745980953798, "create_time": "2024-06-01T05:32:34.400776Z"}
{"index": 307, "data": -0.0022957460081670434, "create_time": "2024-06-01T05:32:35.082138Z"}
{"index": 308, "data": 0.0035591335989010988, "create_time": "2024-06-01T05:32:35.784576Z"}
{"index": 309, "data": -0.003272588756226469, "create_time": "2024-06-01T05:32:36.428801Z"}
{"index": 310, "data": -0.00228843445511302, "create_time": "2024-06-01T05:32:37.071137Z"}
{"index": 311, "data": -0.004214322732877918, "create_time": "2024-06-01T05:32:37.802935Z"}
{"index": 312, "data": -0.0010362181230448187, "create_time": "2024-06-01T05:32:38.434620Z"}
{"index": 313, "data": -0.004859342435520375, "create_time": "2024-06-01T05:32:39.071684Z"}
{"index": 314, "data": 0.00011258605372859165, "create_time": "2024-06-01T05:32:39.774802Z"}
{"index": 315, "data": -0.002490578926517628, "create_time": "2024-06-01T05:32:40.424710Z"}
{"index": 316, "data": -0.0020786828114069066, "create_time": "2024-06-01T05:32:41.101035Z"}
{"index": 317, "data": -0.002124489823472686, "create_time": "2024-06-01T05:32:41.744582Z"}
{"index": 318, "data": -0.0018143054068787024, "create_time": "2024-06-01T05:32:42.375073Z"}
{"index": 319, "data": 0.002002506019198336, "create_time": "2024-06-01T05:32:43.040811Z"}
{"index": 320, "data": -0.0036494250351097436, "create_time": "2024-06-01T05:32:43.713599Z"}
{"index": 321, "data": -0.0009263997402740642, "create_time": "2024-06-01T05:32:44.395723Z"}
{"index": 322, "data": -0.003880218745325692, "create_time": "2024-06-01T05:32:45.085178Z"}
{"index": 323, "data": -0.003511686233105138, "create_time": "2024-06-01T05:32:45.764794Z"}
{"index": 324, "data": -0.00056275444367202, "create_time": "2024-06-01T05:32:46.422687Z"}
{"index": 325, "data": -0.00332892121768964, "create_time": "2024-06-01T05:32:47.098288Z"}
{"index": 326, "data": -0.0017234651430044323, "create_time": "2024-06-01T05:32:47.743169Z"}
{"index": 327, "data": -0.00039895642548799516, "create_time": "2024-06-01T05:32:48.475723Z"}
{"index": 328, "data": -0.00295739469002001, "create_time": "2024-06-01T05:32:49.193043Z"}
{"index": 329, "data": -0.002003030361083802, "create_time": "2024-06-01T05:32:49.826464Z"}
{"index": 330, "data": -0.0015585213957820087, "create_time": "2024-06-01T05:32:50.470769Z"}
{"index": 331, "data": -0.002488348481711, "create_time": "2024-06-01T05:32:51.156424Z"}
{"index": 332, "data": -0.003590161785541568, "create_time": "2024-06-01T05:32:51.778510Z"}
{"index": 333, "data": 0.00250826230912935, "create_time": "2024-06-01T05:32:52.431899Z"}
{"index": 334, "data": -0.002604103357589338, "create_time": "2024-06-01T05:32:53.093770Z"}
{"index": 335, "data": -0.002816469088429585, "create_time": "2024-06-01T05:32:53.770139Z"}
{"index": 336, "data": -0.001631609388277866, "create_time": "2024-06-01T05:32:54.411618Z"}
{"index": 337, "data": -0.0016399695858126506, "create_time": "2024-06-01T05:32:55.030851Z"}
{"index": 338, "data": -0.0008179293217835948, "create_time": "2024-06-01T05:32:55.688517Z"}
{"index": 339, "data": -0.0022631120664300397, "create_time": "2024-06-01T05:32:56.338880Z"}
{"index": 340, "data": -0.0018130678712623195, "create_time": "2024-06-01T05:32:57.048807Z"}
{"index": 341, "data": -0.0003165388421621174, "create_time": "2024-06-01T05:32:57.673993Z"}
{"index": 342, "data": -0.0025626872054999696, "create_time": "2024-06-01T05:32:58.306819Z"}
{"index": 343, "data": 0.004875234705104958, "create_time": "2024-06-01T05:32:58.993130Z"}
{"index": 344, "data": -0.003761938413663302, "create_time": "2024-06-01T05:32:59.658104Z"}
{"index": 345, "data": -0.004000179423746886, "create_time": "2024-06-01T05:33:00.289296Z"}
{"index": 346, "data": -0.0022306452883640304, "create_time": "2024-06-01T05:33:00.944479Z"}
{"index": 347, "data": -0.00206114690809045, "create_time": "2024-06-01T05:33:01.579996Z"}
{"index": 348, "data": -0.00046500239113811404, "create_time": "2024-06-01T05:33:02.250495Z"}
{"index": 349, "data": 0.0005011335088056512, "create_time": "2024-06-01T05:33:02.959184Z"}
{"index": 350, "data": -0.0010875347208639142, "create_time": "2024-06-01T05:33:03.641234Z"}
{"index": 351, "data": 2.988643063872587e-05, "create_time": "2024-06-01T05:33:04.267043Z"}
{"index": 352, "data": -0.0021617768914438786, "create_time": "2024-06-01T05:33:05.015846Z"}
{"index": 353, "data": -0.0026433156177517957, "create_time": "2024-06-01T05:33:05.721043Z"}
{"index": 354, "data": -0.002836067823227495, "create_time": "2024-06-01T05:33:06.374086Z"}
{"index": 355, "data": -0.0028640352516958955, "create_time": "2024-06-01T05:33:07.010046Z"}
{"index": 356, "data": 0.004524782709631836, "create_time": "2024-06-01T05:33:07.685347Z"}
{"index": 357, "data": -0.0005312587338266895, "create_time": "2024-06-01T05:33:08.406642Z"}
{"index": 358, "data": -0.0019386978805414402, "create_time": "2024-06-01T05:33:09.103879Z"}
{"index": 359, "data": -0.003386353998212144, "create_time": "2024-06-01T05:33:09.749451Z"}
{"index": 360, "data": 0.00032700380543246863, "create_time": "2024-06-01T05:33:10.413679Z"}
{"index": 361, "data": -0.00274205350142438, "create_time": "2024-06-01T05:33:11.028489Z"}
{"index": 362, "data": -0.0019020321044081357, "create_time": "2024-06-01T05:33:11.703873Z"}
{"index": 363, "data": -0.0017282944230828435, "create_time": "2024-06-01T05:33:12.317436Z"}
{"index": 364, "data": -0.0038319507701089607, "create_time": "2024-06-01T05:33:12.934785Z"}
{"index": 365, "data": -0.0026946755358949305, "create_time": "2024-06-01T05:33:13.565114Z"}
{"index": 366, "data": -0.0026054140296764674, "create_time": "2024-06-01T05:33:14.183411Z"}
{"index": 367, "data": -0.0015949999855365605, "create_time": "2024-06-01T05:33:14.863477Z"}
{"index": 368, "data": 0.0005294048867654055, "create_time": "2024-06-01T05:33:15.559222Z"}
{"index": 369, "data": 0.0012842801224905998, "create_time": "2024-06-01T05:33:16.232479Z"}
{"index": 370, "data": -0.003551668833461008, "create_time": "2024-06-01T05:33:16.892244Z"}
{"index": 371, "data": -0.0039035659458022563, "create_time": "2024-06-01T05:33:17.528189Z"}
{"index": 372, "data": 0.0007621573415235617, "create_time": "2024-06-01T05:33:18.246133Z"}
{"index": 373, "data": -0.004761923976184334, "create_time": "2024-06-01T05:33:18.979847Z"}
{"index": 374, "data": -0.00302425465779379, "create_time": "2024-06-01T05:33:19.622379Z"}
{"index": 375, "data": -0.0009476278559304774, "create_time": "2024-06-01T05:33:20.331749Z"}
{"index": 376, "data": 0.0002039284081547521, "create_time": "2024-06-01T05:33:21.044137Z"}
{"index": 377, "data": -0.0011164632975123822, "create_time": "2024-06-01T05:33:21.697836Z"}
{"index": 378, "data": -0.0018686434221308445, "create_time": "2024-06-01T05:33:22.329349Z"}
{"index": 379, "data": 0.0006021226436132565, "create_time": "2024-06-01T05:33:22.972184Z"}
{"index": 380, "data": 0.0010506359554710797, "create_time": "2024-06-01T05:33:23.610011Z"}
{"index": 381, "data": -0.004314329975750297, "create_time": "2024-06-01T05:33:24.256461Z"}
{"index": 382, "data": -0.0022847218671813605, "create_time": "2024-06-01T05:33:24.869597Z"}
{"index": 383, "data": -0.004338248056592419, "create_time": "2024-06-01T05:33:25.531554Z"}
{"index": 384, "data": -0.0022840488571091557, "create_time": "2024-06-01T05:33:26.177965Z"}
{"index": 385, "data": 0.0012894327031972353, "create_time": "2024-06-01T05:33:26.849734Z"}
{"index": 386, "data": -0.0032973312612739392, "create_time": "2024-06-01T05:33:27.490344Z"}
{"index": 387, "data": -0.002108867854985874, "create_time": "2024-06-01T05:33:28.108989Z"}
{"index": 388, "data": 0.005728266603546217, "create_time": "2024-06-01T05:33:28.746426Z"}
{"index": 389, "data": -0.002984597010072321, "create_time": "2024-06-01T05:33:29.394298Z"}
{"index": 390, "data": -0.0045831203358829955, "create_time": "2024-06-01T05:33:30.118121Z"}
{"index": 391, "data": -0.0015056097428896465, "create_time": "2024-06-01T05:33:30.738269Z"}
{"index": 392, "data": -0.0017312762356596068, "create_time": "2024-06-01T05:33:31.389625Z"}
{"index": 393, "data": -0.003888491874386091, "create_time": "2024-06-01T05:33:32.110212Z"}
{"index": 394, "data": -0.0007595495058922097, "create_time": "2024-06-01T05:33:32.798759Z"}
{"index": 395, "data": -0.003197628806810826, "create_time": "2024-06-01T05:33:33.436390Z"}
{"index": 396, "data": -0.000284655622090213, "create_time": "2024-06-01T05:33:34.139209Z"}
{"index": 397, "data": -0.0005288154799927725, "create_time": "2024-06-01T05:33:34.758874Z"}
{"index": 398, "data": 0.006521418977717986, "create_time": "2024-06-01T05:33:35.394327Z"}
{"index": 399, "data": -0.003054466460889671, "create_time": "2024-06-01T05:33:36.074379Z"}
{"index": 400, "data": -0.0026725056057330223, "create_time": "2024-06-01T05:33:36.686880Z"}
{"index": 401, "data": -0.0001497365337854717, "create_time": "2024-06-01T05:33:37.321723Z"}
{"index": 402, "data": -0.0037622433854267003, "create_time": "2024-06-01T05:33:37.961753Z"}
{"index": 403, "data": -0.00023323026252910494, "create_time": "2024-06-01T05:33:38.588725Z"}
{"index": 404, "data": -0.0023475274079828522, "create_time": "2024-06-01T05:33:39.327304Z"}
{"index": 405, "data": -0.0037431598022521937, "create_time": "2024-06-01T05:33:39.947996Z"}
{"index": 406, "data": -0.0012614925246452913, "create_time": "2024-06-01T05:33:40.591968Z"}
{"index": 407, "data": -0.0007550846959929914, "create_time": "2024-06-01T05:33:41.215204Z"}
{"index": 408, "data": -0.0036772071005543696, "create_time": "2024-06-01T05:33:41.877344Z"}
{"index": 409, "data": -0.0015743634285172448, "create_time": "2024-06-01T05:33:42.558878Z"}
{"index": 410, "data": 0.000983394676586613, "create_time": "2024-06-01T05:33:43.209431Z"}
{"index": 411, "data": -0.0033911424776306375, "create_time": "2024-06-01T05:33:43.886503Z"}
{"index": 412, "data": -0.0024124652554746717, "create_time": "2024-06-01T05:33:44.542708Z"}
{"index": 413, "data": -0.0027962284596469546, "create_time": "2024-06-01T05:33:45.157127Z"}
{"index": 414, "data": -0.003643242531688884, "create_time": "2024-06-01T05:33:45.764477Z"}
{"index": 415, "data": -0.0018558360519818962, "create_time": "2024-06-01T05:33:46.391468Z"}
{"index": 416, "data": -0.0020190757044474595, "create_time": "2024-06-01T05:33:47.031368Z"}
{"index": 417, "data": -0.0011993894382612779, "create_time": "2024-06-01T05:33:47.753199Z"}
{"index": 418, "data": -0.0028583943654666654, "create_time": "2024-06-01T05:33:48.426893Z"}
{"index": 419, "data": 0.0017823147441959008, "create_time": "2024-06-01T05:33:49.084904Z"}
{"index": 420, "data": -0.0028873922943603247, "create_time": "2024-06-01T05:33:49.697564Z"}
{"index": 421, "data": -0.0013486156822182238, "create_time": "2024-06-01T05:33:50.466044Z"}
{"index": 422, "data": -0.0007221887462947052, "create_time": "2024-06-01T05:33:51.082749Z"}
{"index": 423, "data": -0.0007117051689419895, "create_time": "2024-06-01T05:33:51.737084Z"}
{"index": 424, "data": 0.008472883235663175, "create_time": "2024-06-01T05:33:52.340510Z"}
{"index": 425, "data": -0.0027222034579608588, "create_time": "2024-06-01T05:33:52.945506Z"}
{"index": 426, "data": -0.0032164754113182424, "create_time": "2024-06-01T05:33:53.556661Z"}
{"index": 427, "data": -0.0007958384929224848, "create_time": "2024-06-01T05:33:54.250867Z"}
{"index": 428, "data": -0.0028136127919424327, "create_time": "2024-06-01T05:33:54.854665Z"}
{"index": 429, "data": -0.00034271951590199025, "create_time": "2024-06-01T05:33:55.457295Z"}
{"index": 430, "data": -0.003602742968359962, "create_time": "2024-06-01T05:33:56.065264Z"}
{"index": 431, "data": 0.0008699321326275822, "create_time": "2024-06-01T05:33:56.719091Z"}
{"index": 432, "data": -0.0011779934997321107, "create_time": "2024-06-01T05:33:57.329191Z"}
{"index": 433, "data": -0.0012452100578229874, "create_time": "2024-06-01T05:33:57.972245Z"}
{"index": 434, "data": -0.0019176304165739566, "create_time": "2024-06-01T05:33:58.580874Z"}
{"index": 435, "data": 0.00930468977894634, "create_time": "2024-06-01T05:33:59.249090Z"}
{"index": 436, "data": -0.002992060351607506, "create_time": "2024-06-01T05:33:59.859624Z"}
{"index": 437, "data": -0.0027823550641187466, "create_time": "2024-06-01T05:34:00.472709Z"}
{"index": 438, "data": -0.0013037931363214738, "create_time": "2024-06-01T05:34:01.069481Z"}
{"index": 439, "data": 0.0004542253966064891, "create_time": "2024-06-01T05:34:01.710045Z"}
{"index": 440, "data": -0.0006414027477148921, "create_time": "2024-06-01T05:34:02.364533Z"}
{"index": 441, "data": -0.002608788962243125, "create_time": "2024-06-01T05:34:03.005427Z"}
{"index": 442, "data": 0.0008855493702867534, "create_time": "2024-06-01T05:34:03.687852Z"}
{"index": 443, "data": -0.0018719220170169137, "create_time": "2024-06-01T05:34:04.316281Z"}
{"index": 444, "data": -0.0013100886797474231, "create_time": "2024-06-01T05:34:04.928137Z"}
{"index": 445, "data": -0.0009196794359013438, "create_time": "2024-06-01T05:34:05.576759Z"}
{"index": 446, "data": -0.002673221123404801, "create_time": "2024-06-01T05:34:06.247037Z"}
{"index": 447, "data": -0.00019987272680737077, "create_time": "2024-06-01T05:34:06.964594Z"}
{"index": 448, "data": -0.003342873630754184, "create_time": "2024-06-01T05:34:07.673574Z"}
{"index": 449, "data": -0.0029319970097276384, "create_time": "2024-06-01T05:34:08.345748Z"}
{"index": 450, "data": -0.003634734486695379, "create_time": "2024-06-01T05:34:08.970320Z"}
{"index": 451, "data": -0.0007425855117617175, "create_time": "2024-06-01T05:34:09.660192Z"}
{"index": 452, "data": -0.001997984922491014, "create_time": "2024-06-01T05:34:10.302445Z"}
{"index": 453, "data": -0.003539953689323738, "create_time": "2024-06-01T05:34:10.934529Z"}
{"index": 454, "data": 0.0031440154125448316, "create_time": "2024-06-01T05:34:11.632110Z"}
{"index": 455, "data": -0.00351420413935557, "create_time": "2024-06-01T05:34:12.311887Z"}
{"index": 456, "data": -0.00160892944754778, "create_time": "2024-06-01T05:34:12.926806Z"}
{"index": 457, "data": -0.0016653766942908987, "create_time": "2024-06-01T05:34:13.622478Z"}
{"index": 458, "data": -0.0007761844812193885, "create_time": "2024-06-01T05:34:14.274329Z"}
{"index": 459, "data": 0.0016118075902340934, "create_time": "2024-06-01T05:34:14.958252Z"}
{"index": 460, "data": -0.0034882265991655003, "create_time": "2024-06-01T05:34:15.646757Z"}
{"index": 461, "data": -0.00015740650123916567, "create_time": "2024-06-01T05:34:16.296400Z"}
{"index": 462, "data": -0.003034540971566457, "create_time": "2024-06-01T05:34:16.937033Z"}
{"index": 463, "data": -0.0017471157480031252, "create_time": "2024-06-01T05:34:17.645674Z"}
{"index": 464, "data": -0.0036497273569693787, "create_time": "2024-06-01T05:34:18.275099Z"}
{"index": 465, "data": -0.00036098273121751843, "create_time": "2024-06-01T05:34:18.895159Z"}
{"index": 466, "data": 0.0045413989049848166, "create_time": "2024-06-01T05:34:19.547997Z"}
{"index": 467, "data": -0.0033326964134175797, "create_time": "2024-06-01T05:34:20.223629Z"}
{"index": 468, "data": -0.0012612623293534852, "create_time": "2024-06-01T05:34:20.970016Z"}
{"index": 469, "data": -0.0022454879130236805, "create_time": "2024-06-01T05:34:21.610480Z"}
{"index": 470, "data": -0.0018825247733275318, "create_time": "2024-06-01T05:34:22.249388Z"}
{"index": 471, "data": -0.0006317267019767314, "create_time": "2024-06-01T05:34:22.891041Z"}
{"index": 472, "data": -0.0012637837950023822, "create_time": "2024-06-01T05:34:23.522937Z"}
{"index": 473, "data": -0.0023533109721029176, "create_time": "2024-06-01T05:34:24.259658Z"}
{"index": 474, "data": 0.0001169267612567637, "create_time": "2024-06-01T05:34:24.900169Z"}
{"index": 475, "data": -0.0005960326874628663, "create_time": "2024-06-01T05:34:25.521645Z"}
{"index": 476, "data": -0.003282832018521731, "create_time": "2024-06-01T05:34:26.189052Z"}
{"index": 477, "data": -0.003697518590342952, "create_time": "2024-06-01T05:34:26.826440Z"}
{"index": 478, "data": -0.002504679255798692, "create_time": "2024-06-01T05:34:27.485838Z"}
{"index": 479, "data": -0.004020638347719796, "create_time": "2024-06-01T05:34:28.155324Z"}
{"index": 480, "data": -0.0027754997776355595, "create_time": "2024-06-01T05:34:28.842583Z"}
{"index": 481, "data": 0.0012148458161391317, "create_time": "2024-06-01T05:34:29.505671Z"}
{"index": 482, "data": -0.0023288758442504332, "create_time": "2024-06-01T05:34:30.176877Z"}
{"index": 483, "data": -0.0029423592539387757, "create_time": "2024-06-01T05:34:30.819568Z"}
{"index": 484, "data": -0.0008976447985332925, "create_time": "2024-06-01T05:34:31.491327Z"}
{"index": 485, "data": -0.0017742282750987215, "create_time": "2024-06-01T05:34:32.108761Z"}
{"index": 486, "data": -0.0023143099999288095, "create_time": "2024-06-01T05:34:32.853106Z"}
{"index": 487, "data": 0.005053219410183374, "create_time": "2024-06-01T05:34:33.476668Z"}
{"index": 488, "data": -0.003962164714175742, "create_time": "2024-06-01T05:34:34.104339Z"}
{"index": 489, "data": -0.003226035533589311, "create_time": "2024-06-01T05:34:34.751700Z"}
{"index": 490, "data": -0.002133805384801235, "create_time": "2024-06-01T05:34:35.399565Z"}
{"index": 491, "data": 0.005593392226728611, "create_time": "2024-06-01T05:34:36.051637Z"}
{"index": 492, "data": -0.004325202051404631, "create_time": "2024-06-01T05:34:36.675982Z"}
{"index": 493, "data": -0.0031860630755545572, "create_time": "2024-06-01T05:34:37.343121Z"}
{"index": 494, "data": -0.0009931354710715824, "create_time": "2024-06-01T05:34:38.017233Z"}
{"index": 495, "data": -0.0016880227805813775, "create_time": "2024-06-01T05:34:38.723324Z"}
{"index": 496, "data": -0.0005064742530521471, "create_time": "2024-06-01T05:34:39.370537Z"}
{"index": 497, "data": -0.002768188889604062, "create_time": "2024-06-01T05:34:40.030398Z"}
{"index": 498, "data": 0.005696725175948813, "create_time": "2024-06-01T05:34:40.677005Z"}
{"index": 499, "data": -0.0037137583625735716, "create_time": "2024-06-01T05:34:41.295730Z"}
{"index": 500, "data": -0.0034562538489353754, "create_time": "2024-06-01T05:34:41.953480Z"}
{"index": 501, "data": -0.0027162332757143305, "create_time": "2024-06-01T05:34:42.616742Z"}
{"index": 502, "data": -0.0022113503218861297, "create_time": "2024-06-01T05:34:43.328009Z"}
{"index": 503, "data": 0.003673018960398622, "create_time": "2024-06-01T05:34:43.978366Z"}
{"index": 504, "data": -0.0043742874637246135, "create_time": "2024-06-01T05:34:44.634332Z"}
{"index": 505, "data": -0.001862642023479566, "create_time": "2024-06-01T05:34:45.255529Z"}
{"index": 506, "data": -0.0036620572362153327, "create_time": "2024-06-01T05:34:45.932162Z"}
{"index": 507, "data": -0.002382552965354989, "create_time": "2024-06-01T05:34:46.583959Z"}
{"index": 508, "data": -0.002784867186954898, "create_time": "2024-06-01T05:34:47.307736Z"}
{"index": 509, "data": -0.0013695705845748307, "create_time": "2024-06-01T05:34:47.951894Z"}
{"index": 510, "data": -0.0023748760344460607, "create_time": "2024-06-01T05:34:48.583876Z"}
{"index": 511, "data": 0.00018199634105258155, "create_time": "2024-06-01T05:34:49.212732Z"}
{"index": 512, "data": -0.0020977918737116854, "create_time": "2024-06-01T05:34:49.840509Z"}
{"index": 513, "data": -0.001864404169464251, "create_time": "2024-06-01T05:34:50.561390Z"}
{"index": 514, "data": -0.003758756129536778, "create_time": "2024-06-01T05:34:51.265507Z"}
{"index": 515, "data": -0.0034233164551551454, "create_time": "2024-06-01T05:34:51.952460Z"}
{"index": 516, "data": -0.0006910803928803944, "create_time": "2024-06-01T05:34:52.641445Z"}
{"index": 517, "data": -0.0037693732618208744, "create_time": "2024-06-01T05:34:53.305008Z"}
{"index": 518, "data": -0.002763369443709962, "create_time": "2024-06-01T05:34:53.978654Z"}
{"index": 519, "data": -0.001623120388831012, "create_time": "2024-06-01T05:34:54.598662Z"}
{"index": 520, "data": -0.0033022005067323335, "create_time": "2024-06-01T05:34:55.218296Z"}
{"index": 521, "data": 0.0019555108796339483, "create_time": "2024-06-01T05:34:55.862255Z"}
{"index": 522, "data": -0.004298460416612216, "create_time": "2024-06-01T05:34:56.513470Z"}
{"index": 523, "data": 0.00023062042018864303, "create_time": "2024-06-01T05:34:57.176155Z"}
{"index": 524, "data": -0.0032231371151283383, "create_time": "2024-06-01T05:34:57.817501Z"}
{"index": 525, "data": -0.00022492217976832762, "create_time": "2024-06-01T05:34:58.560520Z"}
{"index": 526, "data": -0.0008765236474573612, "create_time": "2024-06-01T05:34:59.191174Z"}
{"index": 527, "data": -4.344921326264739e-05, "create_time": "2024-06-01T05:34:59.898813Z"}
{"index": 528, "data": -0.0013663667603395879, "create_time": "2024-06-01T05:35:00.533991Z"}
{"index": 529, "data": -0.003929615308879875, "create_time": "2024-06-01T05:35:01.159636Z"}
{"index": 530, "data": 0.0006889462529215962, "create_time": "2024-06-01T05:35:01.832147Z"}
{"index": 531, "data": 0.00040087881934596225, "create_time": "2024-06-01T05:35:02.493795Z"}
{"index": 532, "data": 0.0022870898687870067, "create_time": "2024-06-01T05:35:03.185544Z"}
{"index": 533, "data": -0.0042461210548935925, "create_time": "2024-06-01T05:35:03.830848Z"}
{"index": 534, "data": -0.0006956885219551623, "create_time": "2024-06-01T05:35:04.518582Z"}
{"index": 535, "data": 0.0003242917649913579, "create_time": "2024-06-01T05:35:05.138339Z"}
{"index": 536, "data": 0.00034245549468323586, "create_time": "2024-06-01T05:35:05.801355Z"}
{"index": 537, "data": -0.002348049919237383, "create_time": "2024-06-01T05:35:06.417705Z"}
{"index": 538, "data": -0.0013210717086622025, "create_time": "2024-06-01T05:35:07.138806Z"}
{"index": 539, "data": -0.0031937180398472266, "create_time": "2024-06-01T05:35:07.762294Z"}
{"index": 540, "data": -0.0006874960992718116, "create_time": "2024-06-01T05:35:08.499533Z"}
{"index": 541, "data": -0.0029290606500580905, "create_time": "2024-06-01T05:35:09.184108Z"}
{"index": 542, "data": -0.002117315873329062, "create_time": "2024-06-01T05:35:09.803301Z"}
{"index": 543, "data": 0.0006644359709753189, "create_time": "2024-06-01T05:35:10.436512Z"}
{"index": 544, "data": -0.003650014002050739, "create_time": "2024-06-01T05:35:11.162024Z"}
{"index": 545, "data": -0.0011282509090960956, "create_time": "2024-06-01T05:35:11.951975Z"}
{"index": 546, "data": -0.00206237260135822, "create_time": "2024-06-01T05:35:12.658013Z"}
{"index": 547, "data": 0.009469668260862818, "create_time": "2024-06-01T05:35:13.327340Z"}
{"index": 548, "data": -0.0008859512017806992, "create_time": "2024-06-01T05:35:14.056472Z"}
{"index": 549, "data": -0.0019245727205998264, "create_time": "2024-06-01T05:35:14.709756Z"}
{"index": 550, "data": -0.0014802818666794337, "create_time": "2024-06-01T05:35:15.403490Z"}
{"index": 551, "data": -0.003057717956835404, "create_time": "2024-06-01T05:35:16.040854Z"}
{"index": 552, "data": 0.00017594945602468216, "create_time": "2024-06-01T05:35:16.755119Z"}
{"index": 553, "data": -0.0013253931858344004, "create_time": "2024-06-01T05:35:17.379073Z"}
{"index": 554, "data": -0.0026585757518887477, "create_time": "2024-06-01T05:35:18.023014Z"}
{"index": 555, "data": -0.0001946560470969416, "create_time": "2024-06-01T05:35:18.735196Z"}
{"index": 556, "data": -0.0029631712648551913, "create_time": "2024-06-01T05:35:19.356620Z"}
{"index": 557, "data": -0.002907951028282696, "create_time": "2024-06-01T05:35:20.030975Z"}
{"index": 558, "data": -0.0015022961088106968, "create_time": "2024-06-01T05:35:20.807261Z"}
{"index": 559, "data": 0.0003908775674062781, "create_time": "2024-06-01T05:35:21.480496Z"}
{"index": 560, "data": -0.0007821615767170442, "create_time": "2024-06-01T05:35:22.241593Z"}
{"index": 561, "data": -0.004142423410667106, "create_time": "2024-06-01T05:35:22.960384Z"}
{"index": 562, "data": -0.00019756653346121312, "create_time": "2024-06-01T05:35:23.702194Z"}
{"index": 563, "data": -0.001453579578105746, "create_time": "2024-06-01T05:35:24.478086Z"}
{"index": 564, "data": -0.0019281433487776667, "create_time": "2024-06-01T05:35:25.134925Z"}
{"index": 565, "data": 0.004052176166442223, "create_time": "2024-06-01T05:35:25.785511Z"}
{"index": 566, "data": -0.0037244198225380386, "create_time": "2024-06-01T05:35:26.478916Z"}
{"index": 567, "data": -0.003844158575520851, "create_time": "2024-06-01T05:35:27.235798Z"}
{"index": 568, "data": 0.0004339075880125165, "create_time": "2024-06-01T05:35:27.966809Z"}
{"index": 569, "data": -0.0026508638460654766, "create_time": "2024-06-01T05:35:28.622259Z"}
{"index": 570, "data": -0.001996302863699384, "create_time": "2024-06-01T05:35:29.318595Z"}
{"index": 571, "data": 0.00010477638279553503, "create_time": "2024-06-01T05:35:29.978676Z"}
{"index": 572, "data": -0.00015650506684323774, "create_time": "2024-06-01T05:35:30.620446Z"}
{"index": 573, "data": -0.002249220309386146, "create_time": "2024-06-01T05:35:31.344538Z"}
{"index": 574, "data": 2.8515493613667787e-05, "create_time": "2024-06-01T05:35:31.984054Z"}
{"index": 575, "data": -0.00199589736002963, "create_time": "2024-06-01T05:35:32.731093Z"}
{"index": 576, "data": -0.0011305756197543815, "create_time": "2024-06-01T05:35:33.404190Z"}
{"index": 577, "data": 0.00042645804060157386, "create_time": "2024-06-01T05:35:34.103878Z"}
{"index": 578, "data": -0.002429863944416866, "create_time": "2024-06-01T05:35:34.857978Z"}
{"index": 579, "data": -7.288955966942013e-05, "create_time": "2024-06-01T05:35:35.538357Z"}
{"index": 580, "data": -0.0019494977066642604, "create_time": "2024-06-01T05:35:36.232476Z"}
{"index": 581, "data": 0.005527865421026945, "create_time": "2024-06-01T05:35:36.950029Z"}
{"index": 582, "data": -0.0016893923384486698, "create_time": "2024-06-01T05:35:37.607681Z"}
{"index": 583, "data": -0.0006014874496031552, "create_time": "2024-06-01T05:35:38.228289Z"}
{"index": 584, "data": -0.003514534514397383, "create_time": "2024-06-01T05:35:38.917124Z"}
{"index": 585, "data": 0.00030658583928016013, "create_time": "2024-06-01T05:35:39.594504Z"}
{"index": 586, "data": -0.00397377839544788, "create_time": "2024-06-01T05:35:40.262723Z"}
{"index": 587, "data": -0.00020814497329411097, "create_time": "2024-06-01T05:35:40.929140Z"}
{"index": 588, "data": -0.0018193003081250936, "create_time": "2024-06-01T05:35:41.695018Z"}
{"index": 589, "data": -0.002117765943694394, "create_time": "2024-06-01T05:35:42.359966Z"}
{"index": 590, "data": -0.0018424381662043743, "create_time": "2024-06-01T05:35:42.981119Z"}
{"index": 591, "data": -0.000662592556909658, "create_time": "2024-06-01T05:35:43.675884Z"}
{"index": 592, "data": -0.0022202978710993194, "create_time": "2024-06-01T05:35:44.417203Z"}
{"index": 593, "data": -0.000600536105048377, "create_time": "2024-06-01T05:35:45.116322Z"}
{"index": 594, "data": 0.001268550341774244, "create_time": "2024-06-01T05:35:45.832559Z"}
{"index": 595, "data": -0.002550852217245847, "create_time": "2024-06-01T05:35:46.522619Z"}
{"index": 596, "data": 0.001083884749095887, "create_time": "2024-06-01T05:35:47.161678Z"}
{"index": 597, "data": -0.0018143930181395262, "create_time": "2024-06-01T05:35:47.821327Z"}
{"index": 598, "data": -0.000987252389313653, "create_time": "2024-06-01T05:35:48.481982Z"}
{"index": 599, "data": 0.0012948776406119578, "create_time": "2024-06-01T05:35:49.134263Z"}
{"index": 600, "data": -0.0006205296725966036, "create_time": "2024-06-01T05:35:49.792901Z"}
{"index": 601, "data": -0.0038629447371931747, "create_time": "2024-06-01T05:35:50.494477Z"}
{"index": 602, "data": -0.00221423373586731, "create_time": "2024-06-01T05:35:51.174022Z"}
{"index": 603, "data": 0.0036684573977254333, "create_time": "2024-06-01T05:35:51.798720Z"}
{"index": 604, "data": -0.0033546630431374068, "create_time": "2024-06-01T05:35:52.497953Z"}
{"index": 605, "data": 0.00039485052548116073, "create_time": "2024-06-01T05:35:53.265056Z"}
{"index": 606, "data": -0.003088011862564599, "create_time": "2024-06-01T05:35:54.008768Z"}
{"index": 607, "data": -0.0003555422732461011, "create_time": "2024-06-01T05:35:54.694460Z"}
{"index": 608, "data": -0.00244303320068866, "create_time": "2024-06-01T05:35:55.367972Z"}
{"index": 609, "data": -0.002057380395126529, "create_time": "2024-06-01T05:35:55.984644Z"}
{"index": 610, "data": -0.0003391694917809218, "create_time": "2024-06-01T05:35:56.590667Z"}
{"index": 611, "data": 0.00156249390947778, "create_time": "2024-06-01T05:35:57.205122Z"}
{"index": 612, "data": -0.0023719752149190753, "create_time": "2024-06-01T05:35:57.816168Z"}
{"index": 613, "data": -0.0007653449829376768, "create_time": "2024-06-01T05:35:58.486801Z"}
{"index": 614, "data": -0.0003704991784616141, "create_time": "2024-06-01T05:35:59.157331Z"}
{"index": 615, "data": 0.0006396653605861502, "create_time": "2024-06-01T05:35:59.841819Z"}
{"index": 616, "data": -0.0021708617481635884, "create_time": "2024-06-01T05:36:00.506330Z"}
{"index": 617, "data": 0.0024470857344567774, "create_time": "2024-06-01T05:36:01.230124Z"}
{"index": 618, "data": -0.002428899024380371, "create_time": "2024-06-01T05:36:01.870866Z"}
{"index": 619, "data": 9.92726199910976e-05, "create_time": "2024-06-01T05:36:02.541956Z"}
{"index": 620, "data": 0.0008125342166749761, "create_time": "2024-06-01T05:36:03.250068Z"}
{"index": 621, "data": -0.003265573951648548, "create_time": "2024-06-01T05:36:03.933101Z"}
{"index": 622, "data": -0.001419977325713262, "create_time": "2024-06-01T05:36:04.544266Z"}
{"index": 623, "data": -0.0019045782042667269, "create_time": "2024-06-01T05:36:05.235773Z"}
{"index": 624, "data": 0.005524631171829242, "create_time": "2024-06-01T05:36:05.938850Z"}
{"index": 625, "data": -0.0036521040834486484, "create_time": "2024-06-01T05:36:06.596471Z"}
{"index": 626, "data": 0.0007535745877248701, "create_time": "2024-06-01T05:36:07.275490Z"}
{"index": 627, "data": -0.002355360402725637, "create_time": "2024-06-01T05:36:08.020547Z"}
{"index": 628, "data": 0.0001494314637966454, "create_time": "2024-06-01T05:36:08.730757Z"}
{"index": 629, "data": -0.001604378130286932, "create_time": "2024-06-01T05:36:09.406536Z"}
{"index": 630, "data": 0.002399625493853819, "create_time": "2024-06-01T05:36:10.092034Z"}
{"index": 631, "data": -0.002261808869934612, "create_time": "2024-06-01T05:36:10.708222Z"}
{"index": 632, "data": -0.002514595913817175, "create_time": "2024-06-01T05:36:11.405553Z"}
{"index": 633, "data": 0.0022860334982397036, "create_time": "2024-06-01T05:36:12.146605Z"}
{"index": 634, "data": 0.0008487935177981853, "create_time": "2024-06-01T05:36:12.880741Z"}
{"index": 635, "data": -0.0016239339020103216, "create_time": "2024-06-01T05:36:13.561458Z"}
{"index": 636, "data": 0.0034784186515025794, "create_time": "2024-06-01T05:36:14.278289Z"}
{"index": 637, "data": -0.004583401174750179, "create_time": "2024-06-01T05:36:14.983371Z"}
{"index": 638, "data": -0.0009495707869064063, "create_time": "2024-06-01T05:36:15.624049Z"}
{"index": 639, "data": -0.0003644394877483137, "create_time": "2024-06-01T05:36:16.267431Z"}
{"index": 640, "data": 0.002791692758910358, "create_time": "2024-06-01T05:36:16.947247Z"}
{"index": 641, "data": -0.0031572240288369356, "create_time": "2024-06-01T05:36:17.687697Z"}
{"index": 642, "data": -0.0014924189541488885, "create_time": "2024-06-01T05:36:23.434215Z"}
{"index": 643, "data": -0.0014613939172704704, "create_time": "2024-06-01T05:36:24.590509Z"}
{"index": 644, "data": -0.0022365355980582535, "create_time": "2024-06-01T05:36:25.606876Z"}
{"index": 645, "data": 0.0012980368512216956, "create_time": "2024-06-01T05:36:26.643985Z"}
{"index": 646, "data": -0.0021995425544446335, "create_time": "2024-06-01T05:36:27.704844Z"}
{"index": 647, "data": -0.00318143826443702, "create_time": "2024-06-01T05:36:28.718656Z"}
{"index": 648, "data": -0.0013007064913836074, "create_time": "2024-06-01T05:36:29.903945Z"}
