{"index": 2000, "data": 0.0017835850128903985, "create_time": "2024-06-01T06:13:29.575728Z"}
{"index": 2001, "data": 0.00019962884252890944, "create_time": "2024-06-01T06:13:30.279662Z"}
{"index": 2002, "data": -0.0007217689300887287, "create_time": "2024-06-01T06:13:30.987464Z"}
{"index": 2003, "data": 0.001205095913610421, "create_time": "2024-06-01T06:13:31.629977Z"}
{"index": 2004, "data": -0.0007727422838797793, "create_time": "2024-06-01T06:13:32.367441Z"}
{"index": 2005, "data": 0.002073307961109094, "create_time": "2024-06-01T06:13:33.025309Z"}
{"index": 2006, "data": 0.003391691648448614, "create_time": "2024-06-01T06:13:33.761355Z"}
{"index": 2007, "data": -0.0017330405844404595, "create_time": "2024-06-01T06:13:34.447594Z"}
{"index": 2008, "data": -0.0008256508423073683, "create_time": "2024-06-01T06:13:35.178120Z"}
{"index": 2009, "data": -0.002036384487291798, "create_time": "2024-06-01T06:13:35.885603Z"}
{"index": 2010, "data": 0.00045012380796833896, "create_time": "2024-06-01T06:13:36.654104Z"}
{"index": 2011, "data": -0.0014583328047592659, "create_time": "2024-06-01T06:13:37.446493Z"}
{"index": 2012, "data": 0.009889706037938595, "create_time": "2024-06-01T06:13:38.222125Z"}
{"index": 2013, "data": 0.0021033612749306483, "create_time": "2024-06-01T06:13:38.978765Z"}
{"index": 2014, "data": 0.0005657435583998449, "create_time": "2024-06-01T06:13:39.643475Z"}
{"index": 2015, "data": -0.0008985620777821168, "create_time": "2024-06-01T06:13:40.410076Z"}
{"index": 2016, "data": 0.009430577687453479, "create_time": "2024-06-01T06:13:41.112454Z"}
{"index": 2017, "data": -0.0021839362729224377, "create_time": "2024-06-01T06:13:41.764099Z"}
{"index": 2018, "data": 0.00030186292715370653, "create_time": "2024-06-01T06:13:42.521186Z"}
{"index": 2019, "data": -0.0006459601689130067, "create_time": "2024-06-01T06:13:43.286165Z"}
{"index": 2020, "data": 0.002966743378783576, "create_time": "2024-06-01T06:13:43.951763Z"}
{"index": 2021, "data": -0.0033957911422476173, "create_time": "2024-06-01T06:13:44.702277Z"}
{"index": 2022, "data": 0.0006242242561711464, "create_time": "2024-06-01T06:13:45.472435Z"}
{"index": 2023, "data": -0.001420036077615805, "create_time": "2024-06-01T06:13:46.132689Z"}
{"index": 2024, "data": -9.746691794134676e-05, "create_time": "2024-06-01T06:13:46.788042Z"}
{"index": 2025, "data": 0.0018070326303131878, "create_time": "2024-06-01T06:13:47.426884Z"}
{"index": 2026, "data": 0.0002638221951201558, "create_time": "2024-06-01T06:13:48.103878Z"}
{"index": 2027, "data": 0.005432759477116633, "create_time": "2024-06-01T06:13:48.819625Z"}
{"index": 2028, "data": -0.0016247931373072789, "create_time": "2024-06-01T06:13:49.513911Z"}
{"index": 2029, "data": 0.004689839023922104, "create_time": "2024-06-01T06:13:50.175138Z"}
{"index": 2030, "data": -0.0011006651994648563, "create_time": "2024-06-01T06:13:50.819266Z"}
{"index": 2031, "data": 2.9853024170733988e-05, "create_time": "2024-06-01T06:13:51.561728Z"}
{"index": 2032, "data": 0.007839939277619123, "create_time": "2024-06-01T06:13:52.234812Z"}
{"index": 2033, "data": 0.0024011233530472965, "create_time": "2024-06-01T06:13:52.884835Z"}
{"index": 2034, "data": -0.0006928629125468432, "create_time": "2024-06-01T06:13:53.551721Z"}
{"index": 2035, "data": 0.0009478098305407912, "create_time": "2024-06-01T06:13:54.262844Z"}
{"index": 2036, "data": -0.0012446510016161482, "create_time": "2024-06-01T06:13:54.982502Z"}
{"index": 2037, "data": 0.0002215601154603064, "create_time": "2024-06-01T06:13:55.721912Z"}
{"index": 2038, "data": -0.0014505279948934912, "create_time": "2024-06-01T06:13:56.398513Z"}
{"index": 2039, "data": 0.0020994368591345848, "create_time": "2024-06-01T06:13:57.092326Z"}
{"index": 2040, "data": 0.006175716611323878, "create_time": "2024-06-01T06:13:57.788513Z"}
{"index": 2041, "data": 0.004003675992134958, "create_time": "2024-06-01T06:13:58.441776Z"}
{"index": 2042, "data": -0.0019082158301898743, "create_time": "2024-06-01T06:13:59.120309Z"}
{"index": 2043, "data": 0.0012445750850019976, "create_time": "2024-06-01T06:13:59.772433Z"}
{"index": 2044, "data": -0.0019659696787130087, "create_time": "2024-06-01T06:14:00.515396Z"}
{"index": 2045, "data": 0.0040962595725432035, "create_time": "2024-06-01T06:14:01.167276Z"}
{"index": 2046, "data": 0.00519720642696484, "create_time": "2024-06-01T06:14:01.805880Z"}
{"index": 2047, "data": 0.0005486801965162158, "create_time": "2024-06-01T06:14:02.496281Z"}
{"index": 2048, "data": -0.0008768226951360702, "create_time": "2024-06-01T06:14:03.128950Z"}
{"index": 2049, "data": 0.0017919956582773012, "create_time": "2024-06-01T06:14:03.817779Z"}
{"index": 2050, "data": 0.0001476371311582625, "create_time": "2024-06-01T06:14:04.582736Z"}
{"index": 2051, "data": 0.009848246444016695, "create_time": "2024-06-01T06:14:05.306515Z"}
{"index": 2052, "data": 0.0017553882382344455, "create_time": "2024-06-01T06:14:06.004368Z"}
{"index": 2053, "data": -0.00039543091552332046, "create_time": "2024-06-01T06:14:06.759435Z"}
{"index": 2054, "data": -0.0010497445880901068, "create_time": "2024-06-01T06:14:07.461267Z"}
{"index": 2055, "data": 0.002110886524314992, "create_time": "2024-06-01T06:14:08.089435Z"}
{"index": 2056, "data": -0.0008115486372844316, "create_time": "2024-06-01T06:14:08.786974Z"}
{"index": 2057, "data": -0.0012820923089748248, "create_time": "2024-06-01T06:14:09.512126Z"}
{"index": 2058, "data": 0.008413261163514107, "create_time": "2024-06-01T06:14:10.142548Z"}
{"index": 2059, "data": -0.0030687854829011484, "create_time": "2024-06-01T06:14:10.786665Z"}
{"index": 2060, "data": -0.0007073189230140997, "create_time": "2024-06-01T06:14:11.422505Z"}
{"index": 2061, "data": -0.0007281354599399492, "create_time": "2024-06-01T06:14:12.160435Z"}
{"index": 2062, "data": -0.0008007238633581437, "create_time": "2024-06-01T06:14:12.839464Z"}
{"index": 2063, "data": -0.001765421156596858, "create_time": "2024-06-01T06:14:13.467411Z"}
{"index": 2064, "data": -0.001655273041978944, "create_time": "2024-06-01T06:14:14.141242Z"}
{"index": 2065, "data": -0.0021615730540361254, "create_time": "2024-06-01T06:14:14.829787Z"}
{"index": 2066, "data": -0.0009089827828574926, "create_time": "2024-06-01T06:14:15.609836Z"}
{"index": 2067, "data": 0.00018352176703047008, "create_time": "2024-06-01T06:14:16.294975Z"}
{"index": 2068, "data": -0.0002745762991253287, "create_time": "2024-06-01T06:14:17.045463Z"}
{"index": 2069, "data": 0.005345555588701245, "create_time": "2024-06-01T06:14:17.731295Z"}
{"index": 2070, "data": -0.0013978713286633138, "create_time": "2024-06-01T06:14:18.457926Z"}
{"index": 2071, "data": -0.0003373748986632563, "create_time": "2024-06-01T06:14:19.092336Z"}
{"index": 2072, "data": 0.002521298744250089, "create_time": "2024-06-01T06:14:19.712738Z"}
{"index": 2073, "data": -0.003162505857471842, "create_time": "2024-06-01T06:14:20.453942Z"}
{"index": 2074, "data": 0.0014311228160750033, "create_time": "2024-06-01T06:14:21.088574Z"}
{"index": 2075, "data": 0.00103167354100151, "create_time": "2024-06-01T06:14:21.787406Z"}
{"index": 2076, "data": -0.0026821017425390893, "create_time": "2024-06-01T06:14:22.446441Z"}
{"index": 2077, "data": 0.0004427672960446216, "create_time": "2024-06-01T06:14:23.105297Z"}
{"index": 2078, "data": 0.0029723110063059723, "create_time": "2024-06-01T06:14:23.791763Z"}
{"index": 2079, "data": -0.0013784448587102816, "create_time": "2024-06-01T06:14:24.479168Z"}
{"index": 2080, "data": 0.006923173781251535, "create_time": "2024-06-01T06:14:25.138646Z"}
{"index": 2081, "data": 0.0007080007868353278, "create_time": "2024-06-01T06:14:25.799511Z"}
{"index": 2082, "data": 0.0008567488286644221, "create_time": "2024-06-01T06:14:26.483640Z"}
{"index": 2083, "data": -0.0010980432387441396, "create_time": "2024-06-01T06:14:27.219788Z"}
{"index": 2084, "data": -6.095697171986103e-05, "create_time": "2024-06-01T06:14:27.930214Z"}
{"index": 2085, "data": 0.006729469427955337, "create_time": "2024-06-01T06:14:28.677640Z"}
{"index": 2086, "data": 0.0011962559015955775, "create_time": "2024-06-01T06:14:29.342141Z"}
{"index": 2087, "data": -0.00033471288625150917, "create_time": "2024-06-01T06:14:30.047684Z"}
{"index": 2088, "data": -0.0010871249163756148, "create_time": "2024-06-01T06:14:30.745096Z"}
{"index": 2089, "data": 0.003696536979987286, "create_time": "2024-06-01T06:14:31.411990Z"}
{"index": 2090, "data": 0.0019336407538503408, "create_time": "2024-06-01T06:14:32.068858Z"}
{"index": 2091, "data": 0.0019647421562694945, "create_time": "2024-06-01T06:14:32.780432Z"}
{"index": 2092, "data": -0.0010924975158559391, "create_time": "2024-06-01T06:14:33.515344Z"}
{"index": 2093, "data": 1.0381281026639044e-05, "create_time": "2024-06-01T06:14:34.173857Z"}
{"index": 2094, "data": 0.006826065492350608, "create_time": "2024-06-01T06:14:34.816837Z"}
{"index": 2095, "data": -0.001037980813998729, "create_time": "2024-06-01T06:14:35.499044Z"}
{"index": 2096, "data": 0.008203997189411893, "create_time": "2024-06-01T06:14:36.174334Z"}
{"index": 2097, "data": -0.0015495899424422532, "create_time": "2024-06-01T06:14:36.892595Z"}
{"index": 2098, "data": -0.001027203453668335, "create_time": "2024-06-01T06:14:37.602849Z"}
{"index": 2099, "data": 0.0016062544367741794, "create_time": "2024-06-01T06:14:38.336830Z"}
{"index": 2100, "data": 0.014016883977456018, "create_time": "2024-06-01T06:14:39.042827Z"}
{"index": 2101, "data": -0.00220417101518251, "create_time": "2024-06-01T06:14:39.798346Z"}
{"index": 2102, "data": 0.0024792759591946377, "create_time": "2024-06-01T06:14:40.447068Z"}
{"index": 2103, "data": 0.0019862677650962723, "create_time": "2024-06-01T06:14:41.194965Z"}
{"index": 2104, "data": -0.0002910220908233896, "create_time": "2024-06-01T06:14:41.888037Z"}
{"index": 2105, "data": -0.0027736666146665812, "create_time": "2024-06-01T06:14:42.617243Z"}
{"index": 2106, "data": 0.0007444988596034818, "create_time": "2024-06-01T06:14:43.268957Z"}
{"index": 2107, "data": 0.0032396657174103894, "create_time": "2024-06-01T06:14:43.961667Z"}
{"index": 2108, "data": 0.009182704536942764, "create_time": "2024-06-01T06:14:44.585080Z"}
{"index": 2109, "data": 0.005424775493156631, "create_time": "2024-06-01T06:14:45.344093Z"}
{"index": 2110, "data": -0.0010886690259212628, "create_time": "2024-06-01T06:14:45.986978Z"}
{"index": 2111, "data": 0.0021903185988776386, "create_time": "2024-06-01T06:14:46.634267Z"}
{"index": 2112, "data": 0.0009942179720383137, "create_time": "2024-06-01T06:14:47.283261Z"}
{"index": 2113, "data": 0.0019537955759005854, "create_time": "2024-06-01T06:14:47.942613Z"}
{"index": 2114, "data": -0.0003097495122347027, "create_time": "2024-06-01T06:14:48.702890Z"}
{"index": 2115, "data": 0.0007539237354649231, "create_time": "2024-06-01T06:14:49.341725Z"}
{"index": 2116, "data": -0.0012721668550511821, "create_time": "2024-06-01T06:14:50.017432Z"}
{"index": 2117, "data": 0.0011386598984245212, "create_time": "2024-06-01T06:14:50.653112Z"}
{"index": 2118, "data": 0.003448225191095844, "create_time": "2024-06-01T06:14:51.424620Z"}
{"index": 2119, "data": -0.002083885678439401, "create_time": "2024-06-01T06:14:52.056365Z"}
{"index": 2120, "data": 0.00556390608107904, "create_time": "2024-06-01T06:14:52.732166Z"}
{"index": 2121, "data": 0.001648728031432256, "create_time": "2024-06-01T06:14:53.472306Z"}
{"index": 2122, "data": -0.0006391876842826605, "create_time": "2024-06-01T06:14:54.192408Z"}
{"index": 2123, "data": 0.0009907344472594559, "create_time": "2024-06-01T06:14:54.984423Z"}
{"index": 2124, "data": 0.0010062022905913182, "create_time": "2024-06-01T06:14:55.672471Z"}
{"index": 2125, "data": 0.00171734090836253, "create_time": "2024-06-01T06:14:56.381956Z"}
{"index": 2126, "data": 0.0001604777295142412, "create_time": "2024-06-01T06:14:57.131880Z"}
{"index": 2127, "data": 0.0010446201340528205, "create_time": "2024-06-01T06:14:57.865303Z"}
{"index": 2128, "data": 0.005272397868975531, "create_time": "2024-06-01T06:14:58.544699Z"}
{"index": 2129, "data": -0.000984988990239799, "create_time": "2024-06-01T06:14:59.178969Z"}
{"index": 2130, "data": 0.005357924989220919, "create_time": "2024-06-01T06:14:59.961024Z"}
{"index": 2131, "data": 0.0002763176860753447, "create_time": "2024-06-01T06:15:00.619958Z"}
{"index": 2132, "data": 0.00035178379621356724, "create_time": "2024-06-01T06:15:01.298711Z"}
{"index": 2133, "data": -0.00044447353284340354, "create_time": "2024-06-01T06:15:01.973721Z"}
{"index": 2134, "data": -0.0007038801908493042, "create_time": "2024-06-01T06:15:02.731279Z"}
{"index": 2135, "data": -0.0002203906755312346, "create_time": "2024-06-01T06:15:03.401689Z"}
{"index": 2136, "data": 0.008686615276383236, "create_time": "2024-06-01T06:15:04.086783Z"}
{"index": 2137, "data": -0.0020622133830329402, "create_time": "2024-06-01T06:15:04.796067Z"}
{"index": 2138, "data": -0.0015655156013963279, "create_time": "2024-06-01T06:15:05.448258Z"}
{"index": 2139, "data": -0.0020664237876189873, "create_time": "2024-06-01T06:15:06.075227Z"}
{"index": 2140, "data": 0.012764052214333788, "create_time": "2024-06-01T06:15:06.745284Z"}
{"index": 2141, "data": 0.00046045830968068915, "create_time": "2024-06-01T06:15:07.412201Z"}
{"index": 2142, "data": 0.0014108059578575194, "create_time": "2024-06-01T06:15:08.143003Z"}
{"index": 2143, "data": -0.0010931221462669783, "create_time": "2024-06-01T06:15:08.794842Z"}
{"index": 2144, "data": 0.007822653809853364, "create_time": "2024-06-01T06:15:09.435214Z"}
{"index": 2145, "data": 0.006323740840889514, "create_time": "2024-06-01T06:15:10.096594Z"}
{"index": 2146, "data": 0.00349807669990696, "create_time": "2024-06-01T06:15:10.792309Z"}
{"index": 2147, "data": 0.004756915383040905, "create_time": "2024-06-01T06:15:11.451550Z"}
{"index": 2148, "data": -0.0009392133375513368, "create_time": "2024-06-01T06:15:12.242467Z"}
{"index": 2149, "data": 0.0006565404823049903, "create_time": "2024-06-01T06:15:12.883849Z"}
{"index": 2150, "data": 0.007115438432083465, "create_time": "2024-06-01T06:15:13.573028Z"}
{"index": 2151, "data": 0.001325117310625501, "create_time": "2024-06-01T06:15:14.234961Z"}
{"index": 2152, "data": 0.0033812528767157347, "create_time": "2024-06-01T06:15:14.989710Z"}
{"index": 2153, "data": 0.005445026227971539, "create_time": "2024-06-01T06:15:15.682908Z"}
{"index": 2154, "data": -0.0007765496375213843, "create_time": "2024-06-01T06:15:16.343517Z"}
{"index": 2155, "data": -0.00107966867799405, "create_time": "2024-06-01T06:15:16.992771Z"}
{"index": 2156, "data": 0.0006132193258963526, "create_time": "2024-06-01T06:15:17.626822Z"}
{"index": 2157, "data": -0.00032255976111628115, "create_time": "2024-06-01T06:15:18.363681Z"}
{"index": 2158, "data": -0.002459996500328998, "create_time": "2024-06-01T06:15:19.033956Z"}
{"index": 2159, "data": 0.005307019606698304, "create_time": "2024-06-01T06:15:19.720794Z"}
{"index": 2160, "data": -0.001751221073209308, "create_time": "2024-06-01T06:15:20.401175Z"}
{"index": 2161, "data": 0.005613378246926004, "create_time": "2024-06-01T06:15:21.066377Z"}
{"index": 2162, "data": 0.002957067027455196, "create_time": "2024-06-01T06:15:21.810046Z"}
{"index": 2163, "data": -0.0035391148703638464, "create_time": "2024-06-01T06:15:22.472987Z"}
{"index": 2164, "data": 3.912043175660074e-05, "create_time": "2024-06-01T06:15:23.155284Z"}
{"index": 2165, "data": 0.0006755133072147146, "create_time": "2024-06-01T06:15:23.791317Z"}
{"index": 2166, "data": 0.00039575298624185964, "create_time": "2024-06-01T06:15:24.474339Z"}
{"index": 2167, "data": 0.0003221812774427235, "create_time": "2024-06-01T06:15:25.137523Z"}
{"index": 2168, "data": 0.00459230417618528, "create_time": "2024-06-01T06:15:25.829232Z"}
{"index": 2169, "data": -0.0009110084123676643, "create_time": "2024-06-01T06:15:26.506119Z"}
{"index": 2170, "data": 0.004741128097521141, "create_time": "2024-06-01T06:15:27.147279Z"}
{"index": 2171, "data": -0.0006026483788446058, "create_time": "2024-06-01T06:15:27.862902Z"}
{"index": 2172, "data": -0.0030229595038690606, "create_time": "2024-06-01T06:15:28.492427Z"}
{"index": 2173, "data": 0.003970443725120276, "create_time": "2024-06-01T06:15:29.145390Z"}
{"index": 2174, "data": 0.005536090768873692, "create_time": "2024-06-01T06:15:29.872133Z"}
{"index": 2175, "data": -0.0037191568910202475, "create_time": "2024-06-01T06:15:30.576165Z"}
{"index": 2176, "data": 0.0021513758867513387, "create_time": "2024-06-01T06:15:31.249738Z"}
{"index": 2177, "data": -0.000663647530018352, "create_time": "2024-06-01T06:15:31.930477Z"}
{"index": 2178, "data": 0.0017333727038931102, "create_time": "2024-06-01T06:15:32.626033Z"}
{"index": 2179, "data": 0.0013982535747345537, "create_time": "2024-06-01T06:15:33.326323Z"}
{"index": 2180, "data": 0.00038753436820115894, "create_time": "2024-06-01T06:15:34.004425Z"}
{"index": 2181, "data": 0.0026152663747780027, "create_time": "2024-06-01T06:15:34.639942Z"}
{"index": 2182, "data": 0.003934541370836086, "create_time": "2024-06-01T06:15:35.386760Z"}
{"index": 2183, "data": 0.002318206074414775, "create_time": "2024-06-01T06:15:36.071182Z"}
{"index": 2184, "data": -0.0009194080193992704, "create_time": "2024-06-01T06:15:36.810686Z"}
{"index": 2185, "data": 0.0011969103630690369, "create_time": "2024-06-01T06:15:37.478639Z"}
{"index": 2186, "data": -0.0012408943788614125, "create_time": "2024-06-01T06:15:38.130811Z"}
{"index": 2187, "data": -0.0033051771813916277, "create_time": "2024-06-01T06:15:38.890479Z"}
{"index": 2188, "data": 0.0035787662491202354, "create_time": "2024-06-01T06:15:39.635660Z"}
{"index": 2189, "data": 0.0004791542771272361, "create_time": "2024-06-01T06:15:40.365750Z"}
{"index": 2190, "data": 0.003724241352210811, "create_time": "2024-06-01T06:15:40.999321Z"}
{"index": 2191, "data": 0.0011176362502737902, "create_time": "2024-06-01T06:15:41.660635Z"}
{"index": 2192, "data": -0.000640978361479938, "create_time": "2024-06-01T06:15:42.301286Z"}
{"index": 2193, "data": 0.001308220496866852, "create_time": "2024-06-01T06:15:42.993631Z"}
{"index": 2194, "data": -0.0012307140103075653, "create_time": "2024-06-01T06:15:43.658231Z"}
{"index": 2195, "data": 0.0026699558380641974, "create_time": "2024-06-01T06:15:44.338662Z"}
{"index": 2196, "data": 0.0005709937016945332, "create_time": "2024-06-01T06:15:44.966792Z"}
{"index": 2197, "data": -7.558860597782769e-05, "create_time": "2024-06-01T06:15:45.751924Z"}
{"index": 2198, "data": 0.0023892492026789114, "create_time": "2024-06-01T06:15:46.421274Z"}
{"index": 2199, "data": -0.0012440106977010146, "create_time": "2024-06-01T06:15:47.103574Z"}
{"index": 2200, "data": -0.0004854113794863224, "create_time": "2024-06-01T06:15:47.817084Z"}
{"index": 2201, "data": 0.007928364671533928, "create_time": "2024-06-01T06:15:48.476664Z"}
{"index": 2202, "data": -2.220169990323484e-05, "create_time": "2024-06-01T06:15:49.192717Z"}
{"index": 2203, "data": -0.0003088019226197503, "create_time": "2024-06-01T06:15:49.820633Z"}
{"index": 2204, "data": 0.004750643672741717, "create_time": "2024-06-01T06:15:50.480504Z"}
{"index": 2205, "data": -0.0012316416192334144, "create_time": "2024-06-01T06:15:51.113734Z"}
{"index": 2206, "data": 0.0012592103303177282, "create_time": "2024-06-01T06:15:51.857848Z"}
{"index": 2207, "data": -0.0014231659414690513, "create_time": "2024-06-01T06:15:52.512123Z"}
{"index": 2208, "data": 0.0010137439472600817, "create_time": "2024-06-01T06:15:53.175983Z"}
{"index": 2209, "data": 0.0002588319854112342, "create_time": "2024-06-01T06:15:53.822337Z"}
{"index": 2210, "data": 0.00642783924122341, "create_time": "2024-06-01T06:15:54.488067Z"}
{"index": 2211, "data": -0.0034523171911132523, "create_time": "2024-06-01T06:15:55.119516Z"}
{"index": 2212, "data": -0.0003401242342079058, "create_time": "2024-06-01T06:15:55.744326Z"}
{"index": 2213, "data": -0.0014929703815141694, "create_time": "2024-06-01T06:15:56.370051Z"}
{"index": 2214, "data": 0.0010381348052760585, "create_time": "2024-06-01T06:15:57.001585Z"}
{"index": 2215, "data": -0.0003651332561275922, "create_time": "2024-06-01T06:15:57.646237Z"}
{"index": 2216, "data": -0.0019427709863521158, "create_time": "2024-06-01T06:15:58.268610Z"}
{"index": 2217, "data": 0.0005735485276090913, "create_time": "2024-06-01T06:15:58.898086Z"}
{"index": 2218, "data": -0.002275992336217314, "create_time": "2024-06-01T06:15:59.523904Z"}
{"index": 2219, "data": -0.0006841126596555114, "create_time": "2024-06-01T06:16:00.156078Z"}
{"index": 2220, "data": -0.0023265091636858414, "create_time": "2024-06-01T06:16:00.813489Z"}
{"index": 2221, "data": 0.006779547787664342, "create_time": "2024-06-01T06:16:01.451642Z"}
{"index": 2222, "data": 0.001426542378612794, "create_time": "2024-06-01T06:16:02.076514Z"}
{"index": 2223, "data": 0.00280038841010537, "create_time": "2024-06-01T06:16:02.697532Z"}
{"index": 2224, "data": -0.0005571492023591418, "create_time": "2024-06-01T06:16:03.330608Z"}
{"index": 2225, "data": 0.0017246095521841198, "create_time": "2024-06-01T06:16:03.951071Z"}
{"index": 2226, "data": -0.0023278134991414844, "create_time": "2024-06-01T06:16:04.589728Z"}
{"index": 2227, "data": 0.0005564046994550153, "create_time": "2024-06-01T06:16:05.228194Z"}
{"index": 2228, "data": -0.0002803606621455401, "create_time": "2024-06-01T06:16:05.871736Z"}
{"index": 2229, "data": 0.0028211282900883817, "create_time": "2024-06-01T06:16:06.505937Z"}
{"index": 2230, "data": -0.0032914410607190804, "create_time": "2024-06-01T06:16:07.145494Z"}
{"index": 2231, "data": 0.0018070981677738018, "create_time": "2024-06-01T06:16:07.779837Z"}
{"index": 2232, "data": 0.0004477675109228585, "create_time": "2024-06-01T06:16:08.418309Z"}
{"index": 2233, "data": 0.005742652953267679, "create_time": "2024-06-01T06:16:09.044744Z"}
{"index": 2234, "data": 0.000867388037386263, "create_time": "2024-06-01T06:16:09.673917Z"}
{"index": 2235, "data": -0.002094390366983134, "create_time": "2024-06-01T06:16:10.303155Z"}
{"index": 2236, "data": -4.5813320321030913e-05, "create_time": "2024-06-01T06:16:10.925180Z"}
{"index": 2237, "data": -0.0011028379522031173, "create_time": "2024-06-01T06:16:11.543972Z"}
{"index": 2238, "data": 0.0019274604899692349, "create_time": "2024-06-01T06:16:12.167995Z"}
{"index": 2239, "data": -0.0012259836425073446, "create_time": "2024-06-01T06:16:12.817035Z"}
{"index": 2240, "data": 0.0071643546951236205, "create_time": "2024-06-01T06:16:13.445418Z"}
{"index": 2241, "data": -0.0028106226935051383, "create_time": "2024-06-01T06:16:14.076287Z"}
{"index": 2242, "data": 0.005090546060819179, "create_time": "2024-06-01T06:16:14.708227Z"}
{"index": 2243, "data": 0.004393064171017614, "create_time": "2024-06-01T06:16:15.443112Z"}
{"index": 2244, "data": -0.0030533880490111187, "create_time": "2024-06-01T06:16:16.085263Z"}
{"index": 2245, "data": 0.0002447530394420028, "create_time": "2024-06-01T06:16:16.753440Z"}
{"index": 2246, "data": 0.00040474573615938424, "create_time": "2024-06-01T06:16:17.423563Z"}
{"index": 2247, "data": 4.209622275084257e-05, "create_time": "2024-06-01T06:16:18.109206Z"}
{"index": 2248, "data": 0.003152510413201526, "create_time": "2024-06-01T06:16:18.799711Z"}
{"index": 2249, "data": 0.006118588734534569, "create_time": "2024-06-01T06:16:19.457815Z"}
{"index": 2250, "data": 0.000848782667890191, "create_time": "2024-06-01T06:16:20.120837Z"}
{"index": 2251, "data": -8.201179443858563e-05, "create_time": "2024-06-01T06:16:20.787805Z"}
{"index": 2252, "data": -0.0026990040758391844, "create_time": "2024-06-01T06:16:21.531044Z"}
{"index": 2253, "data": -0.0006547290649905335, "create_time": "2024-06-01T06:16:22.270450Z"}
{"index": 2254, "data": 0.0026841556376894006, "create_time": "2024-06-01T06:16:22.949434Z"}
{"index": 2255, "data": -0.0025676348246634006, "create_time": "2024-06-01T06:16:23.636961Z"}
{"index": 2256, "data": 0.004888439314527204, "create_time": "2024-06-01T06:16:24.386812Z"}
{"index": 2257, "data": -0.0014018586055499326, "create_time": "2024-06-01T06:16:25.062797Z"}
{"index": 2258, "data": -0.0006762754666851834, "create_time": "2024-06-01T06:16:25.714779Z"}
{"index": 2259, "data": 0.0016410174226621165, "create_time": "2024-06-01T06:16:26.479823Z"}
{"index": 2260, "data": -0.0011688129423419013, "create_time": "2024-06-01T06:16:27.202398Z"}
{"index": 2261, "data": -0.0015560651459963991, "create_time": "2024-06-01T06:16:27.892841Z"}
{"index": 2262, "data": 0.0012621635221876204, "create_time": "2024-06-01T06:16:28.592838Z"}
{"index": 2263, "data": 0.0010796394613862502, "create_time": "2024-06-01T06:16:29.273093Z"}
{"index": 2264, "data": -0.001414693082915619, "create_time": "2024-06-01T06:16:29.937416Z"}
{"index": 2265, "data": 0.00020498902958934195, "create_time": "2024-06-01T06:16:30.678945Z"}
{"index": 2266, "data": 0.0002606970345368609, "create_time": "2024-06-01T06:16:31.400617Z"}
{"index": 2267, "data": -0.0019244945724494755, "create_time": "2024-06-01T06:16:32.047608Z"}
{"index": 2268, "data": 0.0006852013186289696, "create_time": "2024-06-01T06:16:32.678133Z"}
{"index": 2269, "data": -0.0024976968954433685, "create_time": "2024-06-01T06:16:33.426089Z"}
{"index": 2270, "data": 0.006594383477931842, "create_time": "2024-06-01T06:16:34.091500Z"}
{"index": 2271, "data": -0.0032629930376060655, "create_time": "2024-06-01T06:16:34.780389Z"}
{"index": 2272, "data": 0.005618868829333224, "create_time": "2024-06-01T06:16:35.444819Z"}
{"index": 2273, "data": -0.0007514445358538068, "create_time": "2024-06-01T06:16:36.113470Z"}
{"index": 2274, "data": 0.0025002818743814713, "create_time": "2024-06-01T06:16:36.796177Z"}
{"index": 2275, "data": -0.0007726900046691298, "create_time": "2024-06-01T06:16:37.490807Z"}
{"index": 2276, "data": 0.0015214627357636346, "create_time": "2024-06-01T06:16:38.194978Z"}
{"index": 2277, "data": -0.000289608963066712, "create_time": "2024-06-01T06:16:38.905068Z"}
{"index": 2278, "data": -0.0013618094933917746, "create_time": "2024-06-01T06:16:39.656085Z"}
{"index": 2279, "data": 0.002939958218485117, "create_time": "2024-06-01T06:16:40.367795Z"}
{"index": 2280, "data": -0.0024200771120376887, "create_time": "2024-06-01T06:16:41.028633Z"}
{"index": 2281, "data": -0.0020761370869877283, "create_time": "2024-06-01T06:16:41.661691Z"}
{"index": 2282, "data": 0.0061520556715549905, "create_time": "2024-06-01T06:16:42.333937Z"}
{"index": 2283, "data": -0.003336605860386044, "create_time": "2024-06-01T06:16:42.971743Z"}
{"index": 2284, "data": 0.0015415383502840995, "create_time": "2024-06-01T06:16:43.656521Z"}
{"index": 2285, "data": -0.0002521721413359046, "create_time": "2024-06-01T06:16:44.352895Z"}
{"index": 2286, "data": 0.0043205814552493395, "create_time": "2024-06-01T06:16:45.024816Z"}
{"index": 2287, "data": -0.0016379577762563712, "create_time": "2024-06-01T06:16:45.711769Z"}
{"index": 2288, "data": 0.00024006995372474193, "create_time": "2024-06-01T06:16:46.392000Z"}
{"index": 2289, "data": 0.000979900960373925, "create_time": "2024-06-01T06:16:47.081041Z"}
{"index": 2290, "data": -0.0021475643654412123, "create_time": "2024-06-01T06:16:47.749469Z"}
{"index": 2291, "data": 0.0016061169138993137, "create_time": "2024-06-01T06:16:48.503677Z"}
{"index": 2292, "data": 0.0016248871223069727, "create_time": "2024-06-01T06:16:49.124580Z"}
{"index": 2293, "data": -0.0012750904174026801, "create_time": "2024-06-01T06:16:49.778911Z"}
{"index": 2294, "data": -0.002813653421617346, "create_time": "2024-06-01T06:16:50.513016Z"}
{"index": 2295, "data": 0.0012926844065077603, "create_time": "2024-06-01T06:16:51.203946Z"}
{"index": 2296, "data": -0.0017230921286682133, "create_time": "2024-06-01T06:16:51.970338Z"}
{"index": 2297, "data": 0.0011032275535399095, "create_time": "2024-06-01T06:16:52.698740Z"}
{"index": 2298, "data": 0.0018154681467422052, "create_time": "2024-06-01T06:16:53.372870Z"}
{"index": 2299, "data": -0.00023836892869439908, "create_time": "2024-06-01T06:16:54.062383Z"}
{"index": 2300, "data": 0.0019647417291707827, "create_time": "2024-06-01T06:16:54.784418Z"}
{"index": 2301, "data": 0.0022591636807192117, "create_time": "2024-06-01T06:16:55.476956Z"}
{"index": 2302, "data": 0.0021440625462446406, "create_time": "2024-06-01T06:16:56.123099Z"}
{"index": 2303, "data": -0.001981129834530293, "create_time": "2024-06-01T06:16:56.757119Z"}
{"index": 2304, "data": 0.0004062668129336089, "create_time": "2024-06-01T06:16:57.488828Z"}
{"index": 2305, "data": -0.0022071625862736255, "create_time": "2024-06-01T06:16:58.115546Z"}
{"index": 2306, "data": 2.8830192604800686e-05, "create_time": "2024-06-01T06:16:58.799745Z"}
{"index": 2307, "data": -0.002069989065057598, "create_time": "2024-06-01T06:16:59.506101Z"}
{"index": 2308, "data": -0.002016775088122813, "create_time": "2024-06-01T06:17:00.190772Z"}
{"index": 2309, "data": -0.0003394039813429117, "create_time": "2024-06-01T06:17:00.865082Z"}
{"index": 2310, "data": -0.002962692006258294, "create_time": "2024-06-01T06:17:01.538098Z"}
{"index": 2311, "data": 0.00674604665255174, "create_time": "2024-06-01T06:17:02.189280Z"}
{"index": 2312, "data": 0.0023027018003631385, "create_time": "2024-06-01T06:17:02.861567Z"}
{"index": 2313, "data": 0.004307150607928634, "create_time": "2024-06-01T06:17:03.521943Z"}
{"index": 2314, "data": 0.00025397687568329275, "create_time": "2024-06-01T06:17:04.156389Z"}
{"index": 2315, "data": -0.002965459835832007, "create_time": "2024-06-01T06:17:04.819014Z"}
{"index": 2316, "data": 0.0008125533251586603, "create_time": "2024-06-01T06:17:05.463341Z"}
{"index": 2317, "data": 0.007882912253262476, "create_time": "2024-06-01T06:17:06.166946Z"}
{"index": 2318, "data": 0.0012592444662004709, "create_time": "2024-06-01T06:17:06.873078Z"}
{"index": 2319, "data": -0.003532270752475597, "create_time": "2024-06-01T06:17:07.519526Z"}
{"index": 2320, "data": -0.0010177621288221417, "create_time": "2024-06-01T06:17:08.189959Z"}
{"index": 2321, "data": 0.004069278654333175, "create_time": "2024-06-01T06:17:08.871554Z"}
{"index": 2322, "data": -0.002920104580698535, "create_time": "2024-06-01T06:17:09.613511Z"}
{"index": 2323, "data": -0.0019827219206490555, "create_time": "2024-06-01T06:17:10.253106Z"}
{"index": 2324, "data": 0.009222409693757072, "create_time": "2024-06-01T06:17:10.880593Z"}
{"index": 2325, "data": -0.0014632203063229098, "create_time": "2024-06-01T06:17:11.610589Z"}
{"index": 2326, "data": 0.0013864218679373152, "create_time": "2024-06-01T06:17:12.326037Z"}
{"index": 2327, "data": 0.0002044806780759245, "create_time": "2024-06-01T06:17:12.952274Z"}
{"index": 2328, "data": -0.0012989454698981717, "create_time": "2024-06-01T06:17:13.650384Z"}
{"index": 2329, "data": 0.0002868391777155921, "create_time": "2024-06-01T06:17:14.303164Z"}
{"index": 2330, "data": 0.0007206372334621847, "create_time": "2024-06-01T06:17:15.015870Z"}
{"index": 2331, "data": -0.00284683785866946, "create_time": "2024-06-01T06:17:15.700624Z"}
{"index": 2332, "data": 0.00027160835634276737, "create_time": "2024-06-01T06:17:16.345169Z"}
{"index": 2333, "data": -0.0011364507139660419, "create_time": "2024-06-01T06:17:16.990156Z"}
{"index": 2334, "data": 0.0037964572627970485, "create_time": "2024-06-01T06:17:17.719384Z"}
{"index": 2335, "data": -0.0014051065547391773, "create_time": "2024-06-01T06:17:18.396090Z"}
{"index": 2336, "data": 0.0022225941938813776, "create_time": "2024-06-01T06:17:19.113019Z"}
{"index": 2337, "data": -0.001289560052100569, "create_time": "2024-06-01T06:17:19.777025Z"}
{"index": 2338, "data": -0.00019381012534722686, "create_time": "2024-06-01T06:17:20.500295Z"}
{"index": 2339, "data": 0.00022184369154274464, "create_time": "2024-06-01T06:17:21.195706Z"}
{"index": 2340, "data": -0.002397739760635886, "create_time": "2024-06-01T06:17:21.882962Z"}
{"index": 2341, "data": 0.0007003559614531696, "create_time": "2024-06-01T06:17:22.539670Z"}
{"index": 2342, "data": 0.003492860590631608, "create_time": "2024-06-01T06:17:23.225737Z"}
{"index": 2343, "data": -0.0004233472776832059, "create_time": "2024-06-01T06:17:23.863771Z"}
{"index": 2344, "data": -0.001214787862409139, "create_time": "2024-06-01T06:17:24.628755Z"}
{"index": 2345, "data": 0.0036104855680605397, "create_time": "2024-06-01T06:17:25.300671Z"}
{"index": 2346, "data": 0.01156873675645329, "create_time": "2024-06-01T06:17:26.026947Z"}
{"index": 2347, "data": -0.00209585982192948, "create_time": "2024-06-01T06:17:26.698248Z"}
{"index": 2348, "data": 0.0027563852141611277, "create_time": "2024-06-01T06:17:27.448410Z"}
{"index": 2349, "data": -0.0005865059851203114, "create_time": "2024-06-01T06:17:28.111018Z"}
{"index": 2350, "data": 0.005476126639405265, "create_time": "2024-06-01T06:17:28.817217Z"}
{"index": 2351, "data": 0.0019267718758783302, "create_time": "2024-06-01T06:17:29.531395Z"}
{"index": 2352, "data": 0.0038808473851531743, "create_time": "2024-06-01T06:17:30.288507Z"}
{"index": 2353, "data": 0.004705644225759897, "create_time": "2024-06-01T06:17:31.003563Z"}
{"index": 2354, "data": 0.003049817132705357, "create_time": "2024-06-01T06:17:31.690918Z"}
{"index": 2355, "data": 0.006637197895906865, "create_time": "2024-06-01T06:17:32.311812Z"}
{"index": 2356, "data": -0.0005161437780770939, "create_time": "2024-06-01T06:17:32.930216Z"}
{"index": 2357, "data": 0.003392712966888212, "create_time": "2024-06-01T06:17:33.621296Z"}
{"index": 2358, "data": -0.0013423663040157408, "create_time": "2024-06-01T06:17:34.247602Z"}
{"index": 2359, "data": -0.0012179380166344345, "create_time": "2024-06-01T06:17:34.937771Z"}
{"index": 2360, "data": 0.0039047184618539177, "create_time": "2024-06-01T06:17:35.645911Z"}
{"index": 2361, "data": -0.00036337772580736783, "create_time": "2024-06-01T06:17:36.327153Z"}
{"index": 2362, "data": 0.011302680825610877, "create_time": "2024-06-01T06:17:37.131290Z"}
{"index": 2363, "data": 0.004726504615973681, "create_time": "2024-06-01T06:17:37.765368Z"}
{"index": 2364, "data": -0.0016093673257273622, "create_time": "2024-06-01T06:17:38.465107Z"}
{"index": 2365, "data": -0.0006660562423348893, "create_time": "2024-06-01T06:17:39.114020Z"}
{"index": 2366, "data": 0.004035691237368156, "create_time": "2024-06-01T06:17:39.862174Z"}
{"index": 2367, "data": 0.0009440839319722727, "create_time": "2024-06-01T06:17:40.477234Z"}
{"index": 2368, "data": -0.0015005571905930993, "create_time": "2024-06-01T06:17:41.112777Z"}
{"index": 2369, "data": -0.002386796908103861, "create_time": "2024-06-01T06:17:41.764653Z"}
{"index": 2370, "data": 0.001979821357599576, "create_time": "2024-06-01T06:17:42.486674Z"}
{"index": 2371, "data": -0.0013171108439564705, "create_time": "2024-06-01T06:17:43.122316Z"}
{"index": 2372, "data": 0.00854043643339537, "create_time": "2024-06-01T06:17:43.763482Z"}
{"index": 2373, "data": -0.0018876695738526904, "create_time": "2024-06-01T06:17:44.462704Z"}
{"index": 2374, "data": -0.0003950194091885351, "create_time": "2024-06-01T06:17:45.157654Z"}
{"index": 2375, "data": 0.01492576936725527, "create_time": "2024-06-01T06:17:45.914356Z"}
{"index": 2376, "data": -0.0027968088263151, "create_time": "2024-06-01T06:17:46.599691Z"}
{"index": 2377, "data": 0.0008181361801689491, "create_time": "2024-06-01T06:17:47.354860Z"}
{"index": 2378, "data": 0.002914590010914253, "create_time": "2024-06-01T06:17:47.985983Z"}
{"index": 2379, "data": -0.002965789192239754, "create_time": "2024-06-01T06:17:48.761303Z"}
{"index": 2380, "data": -0.00012975821348391037, "create_time": "2024-06-01T06:17:49.484758Z"}
{"index": 2381, "data": 0.010866851019090972, "create_time": "2024-06-01T06:17:50.141349Z"}
{"index": 2382, "data": 0.001263092044973746, "create_time": "2024-06-01T06:17:50.823760Z"}
{"index": 2383, "data": 0.0007972033126861788, "create_time": "2024-06-01T06:17:51.514524Z"}
{"index": 2384, "data": 0.002206535267760046, "create_time": "2024-06-01T06:17:52.195803Z"}
{"index": 2385, "data": 0.0026480532280402256, "create_time": "2024-06-01T06:17:52.819624Z"}
{"index": 2386, "data": 0.003918897590483539, "create_time": "2024-06-01T06:17:53.560388Z"}
{"index": 2387, "data": 0.0006666562505415641, "create_time": "2024-06-01T06:17:54.299058Z"}
{"index": 2388, "data": -0.0010612473532091826, "create_time": "2024-06-01T06:17:54.937915Z"}
{"index": 2389, "data": 0.005869661866745446, "create_time": "2024-06-01T06:17:55.589669Z"}
{"index": 2390, "data": -0.0028401998337358237, "create_time": "2024-06-01T06:17:56.340559Z"}
{"index": 2391, "data": 0.00023546858137706294, "create_time": "2024-06-01T06:17:56.989317Z"}
{"index": 2392, "data": -0.003065817290917039, "create_time": "2024-06-01T06:17:57.678018Z"}
{"index": 2393, "data": 0.0010709984562708996, "create_time": "2024-06-01T06:17:58.333802Z"}
{"index": 2394, "data": 0.008976962784072385, "create_time": "2024-06-01T06:17:58.964836Z"}
{"index": 2395, "data": -0.0003222452069167048, "create_time": "2024-06-01T06:17:59.631703Z"}
{"index": 2396, "data": 0.000265810065320693, "create_time": "2024-06-01T06:18:00.299445Z"}
{"index": 2397, "data": 0.0013667527280631475, "create_time": "2024-06-01T06:18:01.040617Z"}
{"index": 2398, "data": -0.0013212973397457972, "create_time": "2024-06-01T06:18:01.700004Z"}
{"index": 2399, "data": 0.0044658216407697186, "create_time": "2024-06-01T06:18:02.383289Z"}
{"index": 2400, "data": -0.0007345882535446435, "create_time": "2024-06-01T06:18:03.019721Z"}
{"index": 2401, "data": -0.0016115686266857665, "create_time": "2024-06-01T06:18:03.827418Z"}
{"index": 2402, "data": 0.01314806700393092, "create_time": "2024-06-01T06:18:04.513078Z"}
{"index": 2403, "data": -0.0014575174718629569, "create_time": "2024-06-01T06:18:05.169243Z"}
{"index": 2404, "data": -0.0009799581370316447, "create_time": "2024-06-01T06:18:05.801133Z"}
{"index": 2405, "data": 0.00038930126902414486, "create_time": "2024-06-01T06:18:06.502167Z"}
{"index": 2406, "data": 0.0007628264895174653, "create_time": "2024-06-01T06:18:07.120360Z"}
{"index": 2407, "data": 0.005784905270047602, "create_time": "2024-06-01T06:18:07.741568Z"}
{"index": 2408, "data": -0.0009883844672003762, "create_time": "2024-06-01T06:18:08.392413Z"}
{"index": 2409, "data": 0.002998687441504444, "create_time": "2024-06-01T06:18:09.013286Z"}
{"index": 2410, "data": -0.0035890040337108074, "create_time": "2024-06-01T06:18:09.731174Z"}
{"index": 2411, "data": 0.004615980714393686, "create_time": "2024-06-01T06:18:10.407842Z"}
{"index": 2412, "data": -0.0017334901494905353, "create_time": "2024-06-01T06:18:11.027549Z"}
{"index": 2413, "data": 0.0024544458377931734, "create_time": "2024-06-01T06:18:11.697489Z"}
{"index": 2414, "data": 0.0006930537114385515, "create_time": "2024-06-01T06:18:12.336019Z"}
{"index": 2415, "data": 0.00036133677731413626, "create_time": "2024-06-01T06:18:12.991643Z"}
{"index": 2416, "data": -0.002462683478370309, "create_time": "2024-06-01T06:18:13.693835Z"}
{"index": 2417, "data": -0.0008438169839791954, "create_time": "2024-06-01T06:18:14.311658Z"}
{"index": 2418, "data": -0.0011096926784375683, "create_time": "2024-06-01T06:18:14.956179Z"}
{"index": 2419, "data": 0.00326520083763171, "create_time": "2024-06-01T06:18:15.581594Z"}
{"index": 2420, "data": -0.0030296531906060407, "create_time": "2024-06-01T06:18:16.236781Z"}
{"index": 2421, "data": -0.0005699852161342278, "create_time": "2024-06-01T06:18:16.919872Z"}
{"index": 2422, "data": 0.0004820456320885569, "create_time": "2024-06-01T06:18:17.598728Z"}
{"index": 2423, "data": 0.00044435551899368875, "create_time": "2024-06-01T06:18:18.286043Z"}
{"index": 2424, "data": -0.0021892469776503276, "create_time": "2024-06-01T06:18:18.955737Z"}
{"index": 2425, "data": -6.229608952708076e-05, "create_time": "2024-06-01T06:18:19.661759Z"}
{"index": 2426, "data": -0.0014502229510981123, "create_time": "2024-06-01T06:18:20.296475Z"}
{"index": 2427, "data": 0.0012133581010857597, "create_time": "2024-06-01T06:18:21.055959Z"}
{"index": 2428, "data": 0.01051064775310806, "create_time": "2024-06-01T06:18:21.722689Z"}
{"index": 2429, "data": -0.0031570163599099034, "create_time": "2024-06-01T06:18:22.428573Z"}
{"index": 2430, "data": 0.002641913921615924, "create_time": "2024-06-01T06:18:23.052017Z"}
{"index": 2431, "data": 0.0004986644140444696, "create_time": "2024-06-01T06:18:23.670862Z"}
{"index": 2432, "data": 0.002156469639157876, "create_time": "2024-06-01T06:18:24.411866Z"}
{"index": 2433, "data": 0.0008015845145564526, "create_time": "2024-06-01T06:18:25.052654Z"}
{"index": 2434, "data": -0.003205459901073482, "create_time": "2024-06-01T06:18:25.756705Z"}
{"index": 2435, "data": 0.0021481162315467373, "create_time": "2024-06-01T06:18:26.465026Z"}
{"index": 2436, "data": 0.00239340974658262, "create_time": "2024-06-01T06:18:27.127887Z"}
{"index": 2437, "data": -0.0005684686337190214, "create_time": "2024-06-01T06:18:27.840585Z"}
{"index": 2438, "data": 0.0018092716476530769, "create_time": "2024-06-01T06:18:28.509073Z"}
{"index": 2439, "data": -0.0016128403600305318, "create_time": "2024-06-01T06:18:29.151855Z"}
{"index": 2440, "data": 0.00691443488758523, "create_time": "2024-06-01T06:18:29.813766Z"}
{"index": 2441, "data": -0.0015731891035102308, "create_time": "2024-06-01T06:18:30.485439Z"}
{"index": 2442, "data": 0.0008453148009721189, "create_time": "2024-06-01T06:18:31.219980Z"}
{"index": 2443, "data": -0.002272028708830476, "create_time": "2024-06-01T06:18:31.868548Z"}
{"index": 2444, "data": 0.0011361312372173415, "create_time": "2024-06-01T06:18:32.487552Z"}
{"index": 2445, "data": 0.0006882196030346677, "create_time": "2024-06-01T06:18:33.224310Z"}
{"index": 2446, "data": 0.0010841275448910891, "create_time": "2024-06-01T06:18:33.842135Z"}
{"index": 2447, "data": -0.0018369083642028271, "create_time": "2024-06-01T06:18:34.559235Z"}
{"index": 2448, "data": 0.008353866686229594, "create_time": "2024-06-01T06:18:35.202807Z"}
{"index": 2449, "data": -0.0014770737674552948, "create_time": "2024-06-01T06:18:35.814806Z"}
{"index": 2450, "data": -0.0006156620955152902, "create_time": "2024-06-01T06:18:36.535838Z"}
{"index": 2451, "data": 0.002090501264319755, "create_time": "2024-06-01T06:18:37.188494Z"}
{"index": 2452, "data": 0.008634014430572278, "create_time": "2024-06-01T06:18:37.882408Z"}
{"index": 2453, "data": 0.0026090725732501596, "create_time": "2024-06-01T06:18:38.542223Z"}
{"index": 2454, "data": -0.0012221059296280146, "create_time": "2024-06-01T06:18:39.174250Z"}
{"index": 2455, "data": -0.001508086876856396, "create_time": "2024-06-01T06:18:39.861251Z"}
{"index": 2456, "data": 0.008169719878515025, "create_time": "2024-06-01T06:18:40.611221Z"}
{"index": 2457, "data": 0.0013417719543213024, "create_time": "2024-06-01T06:18:41.244469Z"}
{"index": 2458, "data": 0.0004092984323506244, "create_time": "2024-06-01T06:18:41.891780Z"}
{"index": 2459, "data": -0.0032193113962421193, "create_time": "2024-06-01T06:18:42.667277Z"}
{"index": 2460, "data": 0.0029750605172012, "create_time": "2024-06-01T06:18:43.374542Z"}
{"index": 2461, "data": 0.0022769952692215157, "create_time": "2024-06-01T06:18:44.089483Z"}
{"index": 2462, "data": 0.003947844660433475, "create_time": "2024-06-01T06:18:44.763637Z"}
{"index": 2463, "data": 0.0027740454373997637, "create_time": "2024-06-01T06:18:45.399739Z"}
{"index": 2464, "data": -0.000632774594851071, "create_time": "2024-06-01T06:18:46.098257Z"}
{"index": 2465, "data": 0.0007132043712772429, "create_time": "2024-06-01T06:18:46.755937Z"}
{"index": 2466, "data": -5.937925889156759e-05, "create_time": "2024-06-01T06:18:47.456914Z"}
{"index": 2467, "data": -0.001079326395120006, "create_time": "2024-06-01T06:18:48.073455Z"}
{"index": 2468, "data": 0.002252127043902874, "create_time": "2024-06-01T06:18:48.715587Z"}
{"index": 2469, "data": 0.004332422623701859, "create_time": "2024-06-01T06:18:49.344917Z"}
{"index": 2470, "data": -0.003034110575754312, "create_time": "2024-06-01T06:18:49.983535Z"}
{"index": 2471, "data": -0.00011938172101508827, "create_time": "2024-06-01T06:18:50.600850Z"}
{"index": 2472, "data": 0.0006330966192763299, "create_time": "2024-06-01T06:18:51.254746Z"}
{"index": 2473, "data": 0.016483095969306305, "create_time": "2024-06-01T06:18:51.963064Z"}
{"index": 2474, "data": 0.005914917172049172, "create_time": "2024-06-01T06:18:52.635430Z"}
{"index": 2475, "data": 0.002271798235597089, "create_time": "2024-06-01T06:18:53.265905Z"}
{"index": 2476, "data": -0.0003954182106099324, "create_time": "2024-06-01T06:18:53.916256Z"}
{"index": 2477, "data": 0.0016912314924411476, "create_time": "2024-06-01T06:18:54.711899Z"}
{"index": 2478, "data": 9.63857164606452e-05, "create_time": "2024-06-01T06:18:55.345508Z"}
{"index": 2479, "data": 0.005167992721544579, "create_time": "2024-06-01T06:18:55.987026Z"}
{"index": 2480, "data": -0.0017212144113727846, "create_time": "2024-06-01T06:18:56.594668Z"}
{"index": 2481, "data": -0.0002304784720763564, "create_time": "2024-06-01T06:18:57.284408Z"}
{"index": 2482, "data": -0.0007414252613671124, "create_time": "2024-06-01T06:18:57.894953Z"}
{"index": 2483, "data": -0.00010082192020490765, "create_time": "2024-06-01T06:18:58.516539Z"}
{"index": 2484, "data": -0.0006254497176996666, "create_time": "2024-06-01T06:18:59.132141Z"}
{"index": 2485, "data": -0.0029329438577406107, "create_time": "2024-06-01T06:18:59.775845Z"}
{"index": 2486, "data": 0.0019016014489352528, "create_time": "2024-06-01T06:19:00.497063Z"}
{"index": 2487, "data": 0.0014155212178593502, "create_time": "2024-06-01T06:19:01.150787Z"}
{"index": 2488, "data": -0.0014669425610918552, "create_time": "2024-06-01T06:19:01.774321Z"}
{"index": 2489, "data": 0.0006261833070311696, "create_time": "2024-06-01T06:19:02.423198Z"}
{"index": 2490, "data": 0.002434360812185332, "create_time": "2024-06-01T06:19:03.076012Z"}
{"index": 2491, "data": -0.0015491803038457873, "create_time": "2024-06-01T06:19:03.775563Z"}
{"index": 2492, "data": 0.0019411111736189924, "create_time": "2024-06-01T06:19:04.404384Z"}
{"index": 2493, "data": 0.0049412064254283905, "create_time": "2024-06-01T06:19:05.089731Z"}
{"index": 2494, "data": -0.0025433819184399907, "create_time": "2024-06-01T06:19:05.722344Z"}
{"index": 2495, "data": 0.004020273318747059, "create_time": "2024-06-01T06:19:06.344372Z"}
{"index": 2496, "data": -0.0012145556043833493, "create_time": "2024-06-01T06:19:06.989425Z"}
{"index": 2497, "data": 0.0011194972670637072, "create_time": "2024-06-01T06:19:07.684468Z"}
{"index": 2498, "data": 0.0005587625026237219, "create_time": "2024-06-01T06:19:08.306494Z"}
{"index": 2499, "data": -0.0009210325806634501, "create_time": "2024-06-01T06:19:09.006070Z"}
{"index": 2500, "data": 0.0015071752161020413, "create_time": "2024-06-01T06:19:09.621545Z"}
{"index": 2501, "data": 0.006542997152428143, "create_time": "2024-06-01T06:19:10.253037Z"}
{"index": 2502, "data": -0.003676496195839718, "create_time": "2024-06-01T06:19:10.930400Z"}
{"index": 2503, "data": -0.0023991620750166477, "create_time": "2024-06-01T06:19:11.535774Z"}
{"index": 2504, "data": 0.0010047949335785233, "create_time": "2024-06-01T06:19:12.301762Z"}
{"index": 2505, "data": -0.0024176466977223754, "create_time": "2024-06-01T06:19:12.958770Z"}
{"index": 2506, "data": 0.011346358976697956, "create_time": "2024-06-01T06:19:13.661973Z"}
{"index": 2507, "data": 0.000855027450597845, "create_time": "2024-06-01T06:19:14.353196Z"}
{"index": 2508, "data": 0.004581115507608047, "create_time": "2024-06-01T06:19:14.977862Z"}
{"index": 2509, "data": 0.001921532567939721, "create_time": "2024-06-01T06:19:15.733264Z"}
{"index": 2510, "data": 0.0016198353558138478, "create_time": "2024-06-01T06:19:16.416791Z"}
{"index": 2511, "data": 0.00020876795460935682, "create_time": "2024-06-01T06:19:17.069291Z"}
{"index": 2512, "data": 0.0012099196615508844, "create_time": "2024-06-01T06:19:17.800818Z"}
{"index": 2513, "data": -0.0005943278913036921, "create_time": "2024-06-01T06:19:18.537549Z"}
{"index": 2514, "data": 0.004046987704350613, "create_time": "2024-06-01T06:19:19.190926Z"}
{"index": 2515, "data": -0.0018481112201698124, "create_time": "2024-06-01T06:19:19.816712Z"}
{"index": 2516, "data": -5.3364364430308345e-05, "create_time": "2024-06-01T06:19:20.492154Z"}
{"index": 2517, "data": 0.0001907173587824218, "create_time": "2024-06-01T06:19:21.196590Z"}
{"index": 2518, "data": -0.001671715683187358, "create_time": "2024-06-01T06:19:21.914310Z"}
{"index": 2519, "data": 0.00046668039867654444, "create_time": "2024-06-01T06:19:22.564063Z"}
{"index": 2520, "data": 6.993623974267393e-05, "create_time": "2024-06-01T06:19:23.234962Z"}
{"index": 2521, "data": 0.0031059540216574534, "create_time": "2024-06-01T06:19:23.975496Z"}
{"index": 2522, "data": -0.0007318177420529536, "create_time": "2024-06-01T06:19:24.659578Z"}
{"index": 2523, "data": -0.00032321342441719023, "create_time": "2024-06-01T06:19:25.293159Z"}
{"index": 2524, "data": 0.0003236257907701656, "create_time": "2024-06-01T06:19:25.940827Z"}
{"index": 2525, "data": 0.0020924772339640184, "create_time": "2024-06-01T06:19:26.555838Z"}
{"index": 2526, "data": 0.0007537821587902726, "create_time": "2024-06-01T06:19:27.176340Z"}
{"index": 2527, "data": 4.416209703776986e-05, "create_time": "2024-06-01T06:19:27.838560Z"}
{"index": 2528, "data": -0.00034591836447361857, "create_time": "2024-06-01T06:19:28.454249Z"}
{"index": 2529, "data": 0.0004750987427541986, "create_time": "2024-06-01T06:19:29.119914Z"}
{"index": 2530, "data": 0.0017797604494262486, "create_time": "2024-06-01T06:19:29.737798Z"}
{"index": 2531, "data": 0.0004687043237026955, "create_time": "2024-06-01T06:19:30.517399Z"}
{"index": 2532, "data": 0.0011535887504578568, "create_time": "2024-06-01T06:19:31.183239Z"}
{"index": 2533, "data": -0.0011488958465633915, "create_time": "2024-06-01T06:19:31.814167Z"}
{"index": 2534, "data": -0.001822372754031676, "create_time": "2024-06-01T06:19:32.502399Z"}
{"index": 2535, "data": 0.007950071027153172, "create_time": "2024-06-01T06:19:33.134447Z"}
{"index": 2536, "data": 0.004156313800194766, "create_time": "2024-06-01T06:19:33.916162Z"}
{"index": 2537, "data": -0.0023684106025029907, "create_time": "2024-06-01T06:19:34.535549Z"}
{"index": 2538, "data": 0.0007016424882749561, "create_time": "2024-06-01T06:19:35.226134Z"}
{"index": 2539, "data": -0.0013499357854016125, "create_time": "2024-06-01T06:19:35.862828Z"}
{"index": 2540, "data": 0.00022355709807015957, "create_time": "2024-06-01T06:19:36.606746Z"}
{"index": 2541, "data": 0.0009445907606277614, "create_time": "2024-06-01T06:19:37.226402Z"}
{"index": 2542, "data": 8.66302289068699e-06, "create_time": "2024-06-01T06:19:37.860614Z"}
{"index": 2543, "data": -0.0007925389145384543, "create_time": "2024-06-01T06:19:38.579446Z"}
{"index": 2544, "data": -0.0017335146636469289, "create_time": "2024-06-01T06:19:39.328172Z"}
{"index": 2545, "data": 0.003666628204518929, "create_time": "2024-06-01T06:19:40.053217Z"}
{"index": 2546, "data": 4.0863217145670204e-05, "create_time": "2024-06-01T06:19:40.724009Z"}
{"index": 2547, "data": 0.004413716679118806, "create_time": "2024-06-01T06:19:41.382339Z"}
{"index": 2548, "data": 0.0011531351141456981, "create_time": "2024-06-01T06:19:42.024879Z"}
{"index": 2549, "data": -0.000130568933673203, "create_time": "2024-06-01T06:19:42.779756Z"}
{"index": 2550, "data": -0.001250905287452042, "create_time": "2024-06-01T06:19:43.425053Z"}
{"index": 2551, "data": 0.0011794352409197017, "create_time": "2024-06-01T06:19:44.165756Z"}
{"index": 2552, "data": 0.004655713803367689, "create_time": "2024-06-01T06:19:44.809496Z"}
{"index": 2553, "data": 0.0026057035982375966, "create_time": "2024-06-01T06:19:45.492394Z"}
{"index": 2554, "data": -0.0026823779495316557, "create_time": "2024-06-01T06:19:46.180585Z"}
{"index": 2555, "data": 0.002067666666698642, "create_time": "2024-06-01T06:19:46.949433Z"}
{"index": 2556, "data": -0.00025675330543890597, "create_time": "2024-06-01T06:19:47.568750Z"}
{"index": 2557, "data": 0.000642273572157137, "create_time": "2024-06-01T06:19:48.211923Z"}
{"index": 2558, "data": 0.0012518089439254253, "create_time": "2024-06-01T06:19:48.843455Z"}
{"index": 2559, "data": -5.490046751219779e-05, "create_time": "2024-06-01T06:19:49.577103Z"}
{"index": 2560, "data": -0.002764603938885557, "create_time": "2024-06-01T06:19:50.272600Z"}
{"index": 2561, "data": 0.0022451830402133053, "create_time": "2024-06-01T06:19:50.882220Z"}
{"index": 2562, "data": -0.001025845599360764, "create_time": "2024-06-01T06:19:51.595572Z"}
{"index": 2563, "data": 0.00985874203761341, "create_time": "2024-06-01T06:19:52.260092Z"}
{"index": 2564, "data": 0.0018960698510227304, "create_time": "2024-06-01T06:19:52.932358Z"}
{"index": 2565, "data": -0.004006952754571103, "create_time": "2024-06-01T06:19:53.613172Z"}
{"index": 2566, "data": 0.004927857307484374, "create_time": "2024-06-01T06:19:54.341902Z"}
{"index": 2567, "data": -0.0016800122364657, "create_time": "2024-06-01T06:19:55.062733Z"}
{"index": 2568, "data": 0.0014333216106024338, "create_time": "2024-06-01T06:19:55.685804Z"}
{"index": 2569, "data": 0.005375794536666945, "create_time": "2024-06-01T06:19:56.397585Z"}
{"index": 2570, "data": 0.005805644860083703, "create_time": "2024-06-01T06:19:57.032925Z"}
{"index": 2571, "data": 0.00019874493009410798, "create_time": "2024-06-01T06:19:57.752473Z"}
{"index": 2572, "data": -0.0012009054616100912, "create_time": "2024-06-01T06:19:58.495011Z"}
{"index": 2573, "data": 0.00619641828816384, "create_time": "2024-06-01T06:19:59.208374Z"}
{"index": 2574, "data": -0.0028272958777961323, "create_time": "2024-06-01T06:19:59.841501Z"}
{"index": 2575, "data": -0.00044034764578100295, "create_time": "2024-06-01T06:20:00.568453Z"}
{"index": 2576, "data": 2.447368751745671e-05, "create_time": "2024-06-01T06:20:01.219881Z"}
{"index": 2577, "data": -0.000641497979813721, "create_time": "2024-06-01T06:20:01.899254Z"}
{"index": 2578, "data": 0.0023332557233516128, "create_time": "2024-06-01T06:20:02.626059Z"}
{"index": 2579, "data": -0.0014748613461506466, "create_time": "2024-06-01T06:20:03.332522Z"}
{"index": 2580, "data": -0.0019596565971369273, "create_time": "2024-06-01T06:20:03.964254Z"}
{"index": 2581, "data": 0.0018843355384888128, "create_time": "2024-06-01T06:20:04.606392Z"}
{"index": 2582, "data": 0.0018633233034051956, "create_time": "2024-06-01T06:20:05.294477Z"}
{"index": 2583, "data": 0.0023982124228496106, "create_time": "2024-06-01T06:20:05.915027Z"}
{"index": 2584, "data": 0.0007918950141174719, "create_time": "2024-06-01T06:20:06.697682Z"}
{"index": 2585, "data": -0.0008096576711977832, "create_time": "2024-06-01T06:20:07.344231Z"}
{"index": 2586, "data": 0.00023343395350821082, "create_time": "2024-06-01T06:20:07.970061Z"}
{"index": 2587, "data": -0.0007998175686225295, "create_time": "2024-06-01T06:20:08.673379Z"}
{"index": 2588, "data": -0.0008626803406514228, "create_time": "2024-06-01T06:20:09.327171Z"}
{"index": 2589, "data": 0.0024778353690635413, "create_time": "2024-06-01T06:20:10.032809Z"}
{"index": 2590, "data": 0.003241813690692652, "create_time": "2024-06-01T06:20:10.735749Z"}
{"index": 2591, "data": -0.001575625385157764, "create_time": "2024-06-01T06:20:11.420685Z"}
{"index": 2592, "data": -4.243614603183232e-05, "create_time": "2024-06-01T06:20:12.075161Z"}
{"index": 2593, "data": -0.0010184982136706821, "create_time": "2024-06-01T06:20:12.723353Z"}
{"index": 2594, "data": 0.004135458171367646, "create_time": "2024-06-01T06:20:13.434355Z"}
{"index": 2595, "data": -0.0005768043862190098, "create_time": "2024-06-01T06:20:14.070098Z"}
{"index": 2596, "data": 0.0005835951946210116, "create_time": "2024-06-01T06:20:14.829676Z"}
{"index": 2597, "data": -0.001449460446019657, "create_time": "2024-06-01T06:20:15.567675Z"}
{"index": 2598, "data": 0.0023731365814455784, "create_time": "2024-06-01T06:20:16.193750Z"}
{"index": 2599, "data": 0.005512382967572194, "create_time": "2024-06-01T06:20:16.806344Z"}
{"index": 2600, "data": 0.0019225693686166778, "create_time": "2024-06-01T06:20:17.457111Z"}
{"index": 2601, "data": 0.0016614718595519661, "create_time": "2024-06-01T06:20:18.143055Z"}
{"index": 2602, "data": -0.00088617306901142, "create_time": "2024-06-01T06:20:18.807635Z"}
{"index": 2603, "data": -0.0011011519760359078, "create_time": "2024-06-01T06:20:19.444668Z"}
{"index": 2604, "data": 0.0005910983352805487, "create_time": "2024-06-01T06:20:20.070565Z"}
{"index": 2605, "data": 0.0007250567083247006, "create_time": "2024-06-01T06:20:20.715704Z"}
{"index": 2606, "data": -0.00044173397473059597, "create_time": "2024-06-01T06:20:21.391197Z"}
{"index": 2607, "data": -0.0019121332094073295, "create_time": "2024-06-01T06:20:22.042554Z"}
{"index": 2608, "data": 0.004244754635146819, "create_time": "2024-06-01T06:20:22.659963Z"}
{"index": 2609, "data": 0.002100955018249806, "create_time": "2024-06-01T06:20:23.297674Z"}
{"index": 2610, "data": -0.0006647045687714126, "create_time": "2024-06-01T06:20:23.965729Z"}
{"index": 2611, "data": -0.001236016454640776, "create_time": "2024-06-01T06:20:24.679057Z"}
{"index": 2612, "data": 0.0010306844080332667, "create_time": "2024-06-01T06:20:25.333307Z"}
{"index": 2613, "data": 0.0025226745987311006, "create_time": "2024-06-01T06:20:25.996623Z"}
{"index": 2614, "data": 0.00037353597290348264, "create_time": "2024-06-01T06:20:26.662317Z"}
{"index": 2615, "data": 0.00242462286259979, "create_time": "2024-06-01T06:20:27.306391Z"}
{"index": 2616, "data": 0.011837954260408878, "create_time": "2024-06-01T06:20:28.034604Z"}
{"index": 2617, "data": -0.002727695120847784, "create_time": "2024-06-01T06:20:28.656727Z"}
{"index": 2618, "data": 0.00048056446394184604, "create_time": "2024-06-01T06:20:29.292227Z"}
{"index": 2619, "data": 0.003830738546093926, "create_time": "2024-06-01T06:20:29.937944Z"}
{"index": 2620, "data": 0.0016721011779736727, "create_time": "2024-06-01T06:20:30.716715Z"}
{"index": 2621, "data": 0.0023974386567715555, "create_time": "2024-06-01T06:20:31.395623Z"}
{"index": 2622, "data": -0.0021388784924056383, "create_time": "2024-06-01T06:20:32.133052Z"}
{"index": 2623, "data": 0.00035792906855931507, "create_time": "2024-06-01T06:20:32.855488Z"}
{"index": 2624, "data": -0.00032299090671585875, "create_time": "2024-06-01T06:20:33.467522Z"}
{"index": 2625, "data": 0.00476459840501775, "create_time": "2024-06-01T06:20:34.188398Z"}
{"index": 2626, "data": -0.002603958992403932, "create_time": "2024-06-01T06:20:34.830073Z"}
{"index": 2627, "data": 0.0020197106739942685, "create_time": "2024-06-01T06:20:35.595073Z"}
{"index": 2628, "data": 0.004877360216050874, "create_time": "2024-06-01T06:20:36.281621Z"}
{"index": 2629, "data": -0.001833491655997932, "create_time": "2024-06-01T06:20:36.900285Z"}
{"index": 2630, "data": 0.0010266844692523591, "create_time": "2024-06-01T06:20:37.638269Z"}
{"index": 2631, "data": -0.0025986098567955195, "create_time": "2024-06-01T06:20:38.338815Z"}
{"index": 2632, "data": -0.0015186665958026424, "create_time": "2024-06-01T06:20:38.991518Z"}
{"index": 2633, "data": 0.007314268639311195, "create_time": "2024-06-01T06:20:39.749289Z"}
{"index": 2634, "data": 0.001229552534641698, "create_time": "2024-06-01T06:20:40.453176Z"}
{"index": 2635, "data": -0.0013369102864089655, "create_time": "2024-06-01T06:20:41.154783Z"}
{"index": 2636, "data": 0.004283936670981347, "create_time": "2024-06-01T06:20:41.823728Z"}
{"index": 2637, "data": 0.005517045543456334, "create_time": "2024-06-01T06:20:42.531817Z"}
{"index": 2638, "data": 0.003986549833643949, "create_time": "2024-06-01T06:20:43.179841Z"}
{"index": 2639, "data": -2.2856821306049824e-05, "create_time": "2024-06-01T06:20:43.826428Z"}
{"index": 2640, "data": -0.0019523654773365706, "create_time": "2024-06-01T06:20:44.497356Z"}
{"index": 2641, "data": 0.0011011663475073874, "create_time": "2024-06-01T06:20:45.133928Z"}
{"index": 2642, "data": 0.0021797160239657386, "create_time": "2024-06-01T06:20:45.857357Z"}
{"index": 2643, "data": -0.00014237143523132545, "create_time": "2024-06-01T06:20:46.524916Z"}
{"index": 2644, "data": -0.000533674376856652, "create_time": "2024-06-01T06:20:47.146818Z"}
{"index": 2645, "data": 0.0029902482870966195, "create_time": "2024-06-01T06:20:47.816671Z"}
{"index": 2646, "data": 0.0008652091390104033, "create_time": "2024-06-01T06:20:48.558702Z"}
{"index": 2647, "data": 0.0020479380968026818, "create_time": "2024-06-01T06:20:49.197790Z"}
{"index": 2648, "data": -0.00042392694158479574, "create_time": "2024-06-01T06:20:49.873826Z"}
{"index": 2649, "data": 0.0030649961816379802, "create_time": "2024-06-01T06:20:50.514420Z"}
{"index": 2650, "data": -0.0005985461350064725, "create_time": "2024-06-01T06:20:51.240098Z"}
{"index": 2651, "data": 0.00031896463478915394, "create_time": "2024-06-01T06:20:51.881923Z"}
{"index": 2652, "data": 0.003906646875111619, "create_time": "2024-06-01T06:20:52.537347Z"}
{"index": 2653, "data": -0.0017518795517389662, "create_time": "2024-06-01T06:20:53.197386Z"}
{"index": 2654, "data": -0.0026820404222235084, "create_time": "2024-06-01T06:20:53.815646Z"}
{"index": 2655, "data": 0.0007009870202637103, "create_time": "2024-06-01T06:20:54.541703Z"}
{"index": 2656, "data": -0.00023361471539828926, "create_time": "2024-06-01T06:20:55.205845Z"}
{"index": 2657, "data": 0.0013517564802896231, "create_time": "2024-06-01T06:20:55.892461Z"}
{"index": 2658, "data": -0.0014710649527842179, "create_time": "2024-06-01T06:20:56.593076Z"}
{"index": 2659, "data": 0.004577813798096031, "create_time": "2024-06-01T06:20:57.313699Z"}
{"index": 2660, "data": 0.007840253115864471, "create_time": "2024-06-01T06:20:57.992367Z"}
{"index": 2661, "data": 0.0023254501342307777, "create_time": "2024-06-01T06:20:58.628316Z"}
{"index": 2662, "data": -0.002753851430861687, "create_time": "2024-06-01T06:20:59.247814Z"}
{"index": 2663, "data": -0.0006478303422539966, "create_time": "2024-06-01T06:20:59.941644Z"}
{"index": 2664, "data": 0.010546765459002927, "create_time": "2024-06-01T06:21:00.679221Z"}
{"index": 2665, "data": -0.002443241438595578, "create_time": "2024-06-01T06:21:01.340679Z"}
{"index": 2666, "data": 0.00016248830797849223, "create_time": "2024-06-01T06:21:02.067371Z"}
{"index": 2667, "data": -0.0033494509232696148, "create_time": "2024-06-01T06:21:02.693375Z"}
{"index": 2668, "data": 0.0037875906855333596, "create_time": "2024-06-01T06:21:03.358674Z"}
{"index": 2669, "data": -0.00040973511058837173, "create_time": "2024-06-01T06:21:04.055574Z"}
{"index": 2670, "data": 0.0013611179441795685, "create_time": "2024-06-01T06:21:04.682536Z"}
{"index": 2671, "data": 0.0013863971107639372, "create_time": "2024-06-01T06:21:05.337218Z"}
{"index": 2672, "data": 0.003634160981164314, "create_time": "2024-06-01T06:21:05.977016Z"}
{"index": 2673, "data": -0.0024522028616047464, "create_time": "2024-06-01T06:21:06.639137Z"}
{"index": 2674, "data": -0.002003895348752849, "create_time": "2024-06-01T06:21:07.282444Z"}
{"index": 2675, "data": 0.004505520575912669, "create_time": "2024-06-01T06:21:07.905479Z"}
{"index": 2676, "data": -0.0025319637905340643, "create_time": "2024-06-01T06:21:08.606315Z"}
{"index": 2677, "data": -0.00011288497771602123, "create_time": "2024-06-01T06:21:09.263635Z"}
{"index": 2678, "data": 0.0007580109580885619, "create_time": "2024-06-01T06:21:09.919724Z"}
{"index": 2679, "data": 0.0037243258324451745, "create_time": "2024-06-01T06:21:10.600628Z"}
{"index": 2680, "data": -0.0032943206053460015, "create_time": "2024-06-01T06:21:11.345212Z"}
{"index": 2681, "data": -0.0012776482704794033, "create_time": "2024-06-01T06:21:12.016065Z"}
{"index": 2682, "data": 0.00047561243118252603, "create_time": "2024-06-01T06:21:12.676773Z"}
{"index": 2683, "data": 0.0003369978876435198, "create_time": "2024-06-01T06:21:13.416683Z"}
{"index": 2684, "data": 0.0031743743202241603, "create_time": "2024-06-01T06:21:14.139531Z"}
{"index": 2685, "data": -0.0002984273451147601, "create_time": "2024-06-01T06:21:14.866961Z"}
{"index": 2686, "data": 0.007150562832248397, "create_time": "2024-06-01T06:21:15.601407Z"}
{"index": 2687, "data": -0.0011231211828999221, "create_time": "2024-06-01T06:21:16.284004Z"}
{"index": 2688, "data": -0.0013352504756767303, "create_time": "2024-06-01T06:21:17.033277Z"}
{"index": 2689, "data": 0.0007673928761505522, "create_time": "2024-06-01T06:21:17.732976Z"}
{"index": 2690, "data": 0.004839091054361688, "create_time": "2024-06-01T06:21:18.426305Z"}
{"index": 2691, "data": -0.0005064764981398184, "create_time": "2024-06-01T06:21:19.074738Z"}
{"index": 2692, "data": 0.0022804467189416755, "create_time": "2024-06-01T06:21:19.726995Z"}
{"index": 2693, "data": -0.0022866262224852107, "create_time": "2024-06-01T06:21:20.376517Z"}
{"index": 2694, "data": 0.001140113759902306, "create_time": "2024-06-01T06:21:21.096793Z"}
{"index": 2695, "data": -0.0003510922659188509, "create_time": "2024-06-01T06:21:21.771197Z"}
{"index": 2696, "data": 0.0016289906052406877, "create_time": "2024-06-01T06:21:22.517997Z"}
{"index": 2697, "data": -0.00015036005643196405, "create_time": "2024-06-01T06:21:23.175006Z"}
{"index": 2698, "data": -0.0005326131707988679, "create_time": "2024-06-01T06:21:23.888411Z"}
{"index": 2699, "data": 0.005568585818400607, "create_time": "2024-06-01T06:21:24.610562Z"}
{"index": 2700, "data": 0.004239495944420924, "create_time": "2024-06-01T06:21:25.348098Z"}
{"index": 2701, "data": -0.00023758724491926842, "create_time": "2024-06-01T06:21:26.017991Z"}
{"index": 2702, "data": 0.0017740427312674001, "create_time": "2024-06-01T06:21:26.651943Z"}
{"index": 2703, "data": -0.001259689480139059, "create_time": "2024-06-01T06:21:27.416846Z"}
{"index": 2704, "data": 0.008568523242138327, "create_time": "2024-06-01T06:21:28.172170Z"}
{"index": 2705, "data": -0.0006304972062935122, "create_time": "2024-06-01T06:21:28.824034Z"}
{"index": 2706, "data": 0.00045372140593826773, "create_time": "2024-06-01T06:21:29.521152Z"}
{"index": 2707, "data": 0.007708808727329597, "create_time": "2024-06-01T06:21:30.192897Z"}
{"index": 2708, "data": 0.0014282603980973363, "create_time": "2024-06-01T06:21:30.945059Z"}
{"index": 2709, "data": -0.0006008099531754852, "create_time": "2024-06-01T06:21:31.657079Z"}
{"index": 2710, "data": 0.014383278943932964, "create_time": "2024-06-01T06:21:32.371677Z"}
{"index": 2711, "data": 0.0038014307199773613, "create_time": "2024-06-01T06:21:33.139009Z"}
{"index": 2712, "data": -0.003200829038541997, "create_time": "2024-06-01T06:21:33.862897Z"}
{"index": 2713, "data": 0.000892751116771251, "create_time": "2024-06-01T06:21:34.494632Z"}
{"index": 2714, "data": 0.003799075617280323, "create_time": "2024-06-01T06:21:35.120081Z"}
{"index": 2715, "data": -0.002396412758389488, "create_time": "2024-06-01T06:21:35.795673Z"}
{"index": 2716, "data": -0.0003548385779140517, "create_time": "2024-06-01T06:21:36.527076Z"}
{"index": 2717, "data": 0.0010214697947958484, "create_time": "2024-06-01T06:21:37.163841Z"}
{"index": 2718, "data": -0.0019519402478181292, "create_time": "2024-06-01T06:21:37.864259Z"}
{"index": 2719, "data": 0.00038785836659371853, "create_time": "2024-06-01T06:21:38.499447Z"}
{"index": 2720, "data": 0.003069396922364831, "create_time": "2024-06-01T06:21:39.186732Z"}
{"index": 2721, "data": -0.0007754359627142549, "create_time": "2024-06-01T06:21:39.918227Z"}
{"index": 2722, "data": 0.0022977377535426057, "create_time": "2024-06-01T06:21:40.568948Z"}
{"index": 2723, "data": 0.0016422245404100976, "create_time": "2024-06-01T06:21:41.219843Z"}
{"index": 2724, "data": 0.006505090094287879, "create_time": "2024-06-01T06:21:41.927630Z"}
{"index": 2725, "data": 0.0026338428418966942, "create_time": "2024-06-01T06:21:42.601182Z"}
{"index": 2726, "data": 0.003517652372829616, "create_time": "2024-06-01T06:21:43.218296Z"}
{"index": 2727, "data": 0.00109920694376342, "create_time": "2024-06-01T06:21:43.974276Z"}
{"index": 2728, "data": -0.0006642426422331482, "create_time": "2024-06-01T06:21:44.666254Z"}
{"index": 2729, "data": 0.002748855933896266, "create_time": "2024-06-01T06:21:45.362467Z"}
{"index": 2730, "data": 0.003544535232504131, "create_time": "2024-06-01T06:21:45.976422Z"}
{"index": 2731, "data": 0.0031116787693463268, "create_time": "2024-06-01T06:21:46.676867Z"}
{"index": 2732, "data": -0.003428075136616826, "create_time": "2024-06-01T06:21:47.295701Z"}
{"index": 2733, "data": 0.005514637549640611, "create_time": "2024-06-01T06:21:47.991830Z"}
{"index": 2734, "data": -0.0026179511653026564, "create_time": "2024-06-01T06:21:48.683652Z"}
{"index": 2735, "data": 0.0017918549361638724, "create_time": "2024-06-01T06:21:49.354571Z"}
{"index": 2736, "data": -0.00027920957581955007, "create_time": "2024-06-01T06:21:50.050309Z"}
{"index": 2737, "data": 0.009954355988884344, "create_time": "2024-06-01T06:21:50.767147Z"}
{"index": 2738, "data": -0.003271347904228605, "create_time": "2024-06-01T06:21:51.490365Z"}
{"index": 2739, "data": -0.0020377283915877344, "create_time": "2024-06-01T06:21:52.197144Z"}
{"index": 2740, "data": -0.0007006133324466646, "create_time": "2024-06-01T06:21:52.925708Z"}
{"index": 2741, "data": 0.010197024563967715, "create_time": "2024-06-01T06:21:53.594028Z"}
{"index": 2742, "data": 0.0014630704041337594, "create_time": "2024-06-01T06:21:54.232390Z"}
{"index": 2743, "data": -0.0018016736041317927, "create_time": "2024-06-01T06:21:54.993736Z"}
{"index": 2744, "data": -0.0017410632804967462, "create_time": "2024-06-01T06:21:55.690640Z"}
{"index": 2745, "data": 0.0009215174708515405, "create_time": "2024-06-01T06:21:56.459666Z"}
{"index": 2746, "data": 0.006153994199121371, "create_time": "2024-06-01T06:21:57.078983Z"}
{"index": 2747, "data": 0.006656637461856007, "create_time": "2024-06-01T06:21:57.808959Z"}
{"index": 2748, "data": -0.0025377557409228756, "create_time": "2024-06-01T06:21:58.453686Z"}
{"index": 2749, "data": 0.006793297539115883, "create_time": "2024-06-01T06:21:59.133538Z"}
{"index": 2750, "data": -0.003570111293811351, "create_time": "2024-06-01T06:21:59.790039Z"}
{"index": 2751, "data": -0.0018295019632205366, "create_time": "2024-06-01T06:22:00.571065Z"}
{"index": 2752, "data": -0.00017431783489882947, "create_time": "2024-06-01T06:22:01.287974Z"}
{"index": 2753, "data": 0.0014674197067506612, "create_time": "2024-06-01T06:22:01.970972Z"}
{"index": 2754, "data": 0.0009693644169601612, "create_time": "2024-06-01T06:22:02.620952Z"}
{"index": 2755, "data": -0.0003899216768331826, "create_time": "2024-06-01T06:22:03.265773Z"}
{"index": 2756, "data": -0.001320057148404885, "create_time": "2024-06-01T06:22:04.045509Z"}
{"index": 2757, "data": 0.0006155893963295967, "create_time": "2024-06-01T06:22:04.697694Z"}
{"index": 2758, "data": 0.00044300067384028807, "create_time": "2024-06-01T06:22:05.439154Z"}
{"index": 2759, "data": 0.0030868099240848323, "create_time": "2024-06-01T06:22:06.112505Z"}
{"index": 2760, "data": -0.0013556014630012215, "create_time": "2024-06-01T06:22:06.769498Z"}
{"index": 2761, "data": 0.0023794493317836896, "create_time": "2024-06-01T06:22:07.404128Z"}
{"index": 2762, "data": -0.0005557188997045159, "create_time": "2024-06-01T06:22:08.018000Z"}
{"index": 2763, "data": -0.0008430908492300659, "create_time": "2024-06-01T06:22:08.779032Z"}
{"index": 2764, "data": -0.00026589376357151196, "create_time": "2024-06-01T06:22:09.408857Z"}
{"index": 2765, "data": -0.00020216409320710226, "create_time": "2024-06-01T06:22:10.183159Z"}
{"index": 2766, "data": 0.0026939305855194105, "create_time": "2024-06-01T06:22:10.879780Z"}
{"index": 2767, "data": -0.0015604909171088367, "create_time": "2024-06-01T06:22:11.522714Z"}
{"index": 2768, "data": 0.00022938575712032615, "create_time": "2024-06-01T06:22:12.161298Z"}
{"index": 2769, "data": 0.0014546776268005602, "create_time": "2024-06-01T06:22:12.883056Z"}
{"index": 2770, "data": -0.001451075600925833, "create_time": "2024-06-01T06:22:13.517047Z"}
{"index": 2771, "data": -0.00040047878283075986, "create_time": "2024-06-01T06:22:14.161337Z"}
{"index": 2772, "data": -0.002356624435924459, "create_time": "2024-06-01T06:22:14.785812Z"}
{"index": 2773, "data": -9.750762401381508e-05, "create_time": "2024-06-01T06:22:15.488017Z"}
{"index": 2774, "data": 0.0009735995045048185, "create_time": "2024-06-01T06:22:16.156116Z"}
{"index": 2775, "data": 0.0007915244001196698, "create_time": "2024-06-01T06:22:16.796303Z"}
{"index": 2776, "data": 0.001954301081423182, "create_time": "2024-06-01T06:22:17.468540Z"}
{"index": 2777, "data": 0.00028330244531389327, "create_time": "2024-06-01T06:22:18.171260Z"}
{"index": 2778, "data": -0.0017077510070521384, "create_time": "2024-06-01T06:22:18.832629Z"}
{"index": 2779, "data": 0.0010457895390572959, "create_time": "2024-06-01T06:22:19.510705Z"}
{"index": 2780, "data": -0.0017887777532450855, "create_time": "2024-06-01T06:22:20.134334Z"}
{"index": 2781, "data": 2.4296933133882703e-05, "create_time": "2024-06-01T06:22:20.786124Z"}
{"index": 2782, "data": -0.0001675755251199007, "create_time": "2024-06-01T06:22:21.463912Z"}
{"index": 2783, "data": 0.0034665159029827917, "create_time": "2024-06-01T06:22:22.121279Z"}
{"index": 2784, "data": -0.0012277745059691369, "create_time": "2024-06-01T06:22:22.743674Z"}
{"index": 2785, "data": 0.0005904711520997808, "create_time": "2024-06-01T06:22:23.389540Z"}
{"index": 2786, "data": -0.0031605708732968195, "create_time": "2024-06-01T06:22:24.110073Z"}
{"index": 2787, "data": 0.0041141900204820555, "create_time": "2024-06-01T06:22:24.761377Z"}
{"index": 2788, "data": -0.001056767585396301, "create_time": "2024-06-01T06:22:25.432465Z"}
{"index": 2789, "data": -0.0023751718690618873, "create_time": "2024-06-01T06:22:26.046835Z"}
{"index": 2790, "data": -0.0011488154763355852, "create_time": "2024-06-01T06:22:26.702285Z"}
{"index": 2791, "data": 0.002350771079363767, "create_time": "2024-06-01T06:22:27.481389Z"}
{"index": 2792, "data": 0.0034984809084562586, "create_time": "2024-06-01T06:22:28.175238Z"}
{"index": 2793, "data": 0.0002978797827381641, "create_time": "2024-06-01T06:22:28.819062Z"}
{"index": 2794, "data": 0.0006413997441995889, "create_time": "2024-06-01T06:22:29.460231Z"}
{"index": 2795, "data": -0.0009667607562732882, "create_time": "2024-06-01T06:22:30.157696Z"}
{"index": 2796, "data": -0.0004730747510620859, "create_time": "2024-06-01T06:22:30.830539Z"}
{"index": 2797, "data": -0.001958125102100894, "create_time": "2024-06-01T06:22:31.451973Z"}
{"index": 2798, "data": -7.370339390035951e-05, "create_time": "2024-06-01T06:22:32.107557Z"}
{"index": 2799, "data": -0.002892649586283369, "create_time": "2024-06-01T06:22:32.800635Z"}
{"index": 2800, "data": 0.00048390793526778, "create_time": "2024-06-01T06:22:33.529149Z"}
{"index": 2801, "data": 0.0008463485244647017, "create_time": "2024-06-01T06:22:34.141731Z"}
{"index": 2802, "data": 0.0002435355170746334, "create_time": "2024-06-01T06:22:34.831237Z"}
{"index": 2803, "data": 0.001776699535548687, "create_time": "2024-06-01T06:22:35.499888Z"}
{"index": 2804, "data": -0.0006894735037349164, "create_time": "2024-06-01T06:22:36.131161Z"}
{"index": 2805, "data": 0.01136686280806316, "create_time": "2024-06-01T06:22:36.821389Z"}
{"index": 2806, "data": 0.0001276735623832792, "create_time": "2024-06-01T06:22:37.513776Z"}
{"index": 2807, "data": -5.9050173149444165e-06, "create_time": "2024-06-01T06:22:38.241880Z"}
{"index": 2808, "data": 0.003451419816701673, "create_time": "2024-06-01T06:22:38.894749Z"}
{"index": 2809, "data": -0.0006319975675069145, "create_time": "2024-06-01T06:22:39.629713Z"}
{"index": 2810, "data": 0.0013729487749515102, "create_time": "2024-06-01T06:22:40.365987Z"}
{"index": 2811, "data": -0.0010185351080508553, "create_time": "2024-06-01T06:22:41.108273Z"}
{"index": 2812, "data": -0.0014849135855911299, "create_time": "2024-06-01T06:22:41.820964Z"}
{"index": 2813, "data": 0.002177373832091689, "create_time": "2024-06-01T06:22:42.542260Z"}
{"index": 2814, "data": 0.004581327689811588, "create_time": "2024-06-01T06:22:46.074467Z"}
{"index": 2815, "data": 0.003451544023118913, "create_time": "2024-06-01T06:22:49.472386Z"}
{"index": 2816, "data": -0.0029287248966284097, "create_time": "2024-06-01T06:22:50.573991Z"}
{"index": 2817, "data": 0.002161587856244296, "create_time": "2024-06-01T06:22:51.734415Z"}
{"index": 2818, "data": -0.0011506021030072589, "create_time": "2024-06-01T06:22:52.743833Z"}
{"index": 2819, "data": 0.0005598099662165624, "create_time": "2024-06-01T06:22:53.778637Z"}
{"index": 2820, "data": -0.00049582768115215, "create_time": "2024-06-01T06:22:54.913294Z"}
