{"index": 1000, "data": -0.008174920432793442, "create_time": "2024-06-01T06:01:11.296817Z"}
{"index": 1001, "data": -0.00493754159542732, "create_time": "2024-06-01T06:01:12.089289Z"}
{"index": 1002, "data": -0.006554263707948848, "create_time": "2024-06-01T06:01:12.858427Z"}
{"index": 1003, "data": -0.0074607914430089295, "create_time": "2024-06-01T06:01:13.635491Z"}
{"index": 1004, "data": -0.00879680686048232, "create_time": "2024-06-01T06:01:14.455552Z"}
{"index": 1005, "data": -0.008100959620787763, "create_time": "2024-06-01T06:01:15.260489Z"}
{"index": 1006, "data": -0.006643793397233822, "create_time": "2024-06-01T06:01:16.117284Z"}
{"index": 1007, "data": -0.007771246143965982, "create_time": "2024-06-01T06:01:16.908724Z"}
{"index": 1008, "data": -0.007903878661454655, "create_time": "2024-06-01T06:01:17.691739Z"}
{"index": 1009, "data": -0.005273418543220032, "create_time": "2024-06-01T06:01:18.460598Z"}
{"index": 1010, "data": -0.008110201635281556, "create_time": "2024-06-01T06:01:19.220912Z"}
{"index": 1011, "data": -0.0037303392455214635, "create_time": "2024-06-01T06:01:20.016946Z"}
{"index": 1012, "data": -0.0075354072381742295, "create_time": "2024-06-01T06:01:20.845768Z"}
{"index": 1013, "data": -0.007847301487345248, "create_time": "2024-06-01T06:01:21.644200Z"}
{"index": 1014, "data": -0.003642830566968769, "create_time": "2024-06-01T06:01:22.411442Z"}
{"index": 1015, "data": -0.00790932954987511, "create_time": "2024-06-01T06:01:23.233200Z"}
{"index": 1016, "data": -0.007784398049989249, "create_time": "2024-06-01T06:01:24.001962Z"}
{"index": 1017, "data": -0.007754734976333566, "create_time": "2024-06-01T06:01:24.809203Z"}
{"index": 1018, "data": -0.00829888968146406, "create_time": "2024-06-01T06:01:25.576272Z"}
{"index": 1019, "data": -0.006808075599838048, "create_time": "2024-06-01T06:01:26.441563Z"}
{"index": 1020, "data": -0.007526035773662443, "create_time": "2024-06-01T06:01:27.279462Z"}
{"index": 1021, "data": -0.00833956860806211, "create_time": "2024-06-01T06:01:28.123462Z"}
{"index": 1022, "data": -0.008766852103872225, "create_time": "2024-06-01T06:01:28.913439Z"}
{"index": 1023, "data": -0.007504715116374428, "create_time": "2024-06-01T06:01:29.715705Z"}
{"index": 1024, "data": -0.006051306799054146, "create_time": "2024-06-01T06:01:30.591006Z"}
{"index": 1025, "data": -0.006765813485253602, "create_time": "2024-06-01T06:01:31.349214Z"}
{"index": 1026, "data": -0.005962225279654376, "create_time": "2024-06-01T06:01:32.135671Z"}
{"index": 1027, "data": -0.008074099609075347, "create_time": "2024-06-01T06:01:32.901026Z"}
{"index": 1028, "data": -0.008162178250495344, "create_time": "2024-06-01T06:01:33.655750Z"}
{"index": 1029, "data": -0.004834359209053218, "create_time": "2024-06-01T06:01:34.514694Z"}
{"index": 1030, "data": -0.007072225511092256, "create_time": "2024-06-01T06:01:35.298281Z"}
{"index": 1031, "data": -0.0077502470230683684, "create_time": "2024-06-01T06:01:36.120885Z"}
{"index": 1032, "data": -0.005761484004324302, "create_time": "2024-06-01T06:01:36.930180Z"}
{"index": 1033, "data": -0.0043203906447160986, "create_time": "2024-06-01T06:01:37.744216Z"}
{"index": 1034, "data": -0.009122979547828435, "create_time": "2024-06-01T06:01:38.532007Z"}
{"index": 1035, "data": -0.004213456308934838, "create_time": "2024-06-01T06:01:39.291867Z"}
{"index": 1036, "data": -0.008215329985250718, "create_time": "2024-06-01T06:01:40.128655Z"}
{"index": 1037, "data": -0.0057083520412561485, "create_time": "2024-06-01T06:01:40.918638Z"}
{"index": 1038, "data": -0.007110325773828663, "create_time": "2024-06-01T06:01:41.685526Z"}
{"index": 1039, "data": -0.006987653486430645, "create_time": "2024-06-01T06:01:42.508933Z"}
{"index": 1040, "data": -0.007916465657763183, "create_time": "2024-06-01T06:01:43.303550Z"}
{"index": 1041, "data": -0.008950779371662065, "create_time": "2024-06-01T06:01:44.079052Z"}
{"index": 1042, "data": -0.007315286749508232, "create_time": "2024-06-01T06:01:44.910418Z"}
{"index": 1043, "data": -0.006886369342100807, "create_time": "2024-06-01T06:01:45.677207Z"}
{"index": 1044, "data": -0.007014671758224722, "create_time": "2024-06-01T06:01:46.438141Z"}
{"index": 1045, "data": -0.008979334402829409, "create_time": "2024-06-01T06:01:47.277392Z"}
{"index": 1046, "data": -0.008307345130015164, "create_time": "2024-06-01T06:01:48.088652Z"}
{"index": 1047, "data": -0.006748815154423937, "create_time": "2024-06-01T06:01:48.834661Z"}
{"index": 1048, "data": -0.006776564579922706, "create_time": "2024-06-01T06:01:49.575997Z"}
{"index": 1049, "data": -0.008567549000144937, "create_time": "2024-06-01T06:01:50.452963Z"}
{"index": 1050, "data": -0.00394040355749894, "create_time": "2024-06-01T06:01:51.194477Z"}
{"index": 1051, "data": -0.008255400694906712, "create_time": "2024-06-01T06:01:51.977448Z"}
{"index": 1052, "data": -0.007450035843066871, "create_time": "2024-06-01T06:01:52.781362Z"}
{"index": 1053, "data": -0.008312247664434835, "create_time": "2024-06-01T06:01:53.618854Z"}
{"index": 1054, "data": -0.008557793259387835, "create_time": "2024-06-01T06:01:54.413355Z"}
{"index": 1055, "data": -0.006528321711812168, "create_time": "2024-06-01T06:01:55.168776Z"}
{"index": 1056, "data": -0.008835607729270122, "create_time": "2024-06-01T06:01:55.992142Z"}
{"index": 1057, "data": -0.005988520616665482, "create_time": "2024-06-01T06:01:56.842453Z"}
{"index": 1058, "data": -0.008163528220029548, "create_time": "2024-06-01T06:01:57.648304Z"}
{"index": 1059, "data": -0.007328882976435125, "create_time": "2024-06-01T06:01:58.427308Z"}
{"index": 1060, "data": -0.00786010961746797, "create_time": "2024-06-01T06:01:59.236040Z"}
{"index": 1061, "data": -0.00797986569814384, "create_time": "2024-06-01T06:02:00.042396Z"}
{"index": 1062, "data": -0.007408991677220911, "create_time": "2024-06-01T06:02:00.848304Z"}
{"index": 1063, "data": -0.005525569597375579, "create_time": "2024-06-01T06:02:01.625471Z"}
{"index": 1064, "data": -0.005472731898771599, "create_time": "2024-06-01T06:02:02.368374Z"}
{"index": 1065, "data": -0.006040811745333485, "create_time": "2024-06-01T06:02:03.132992Z"}
{"index": 1066, "data": -0.0051550102129112926, "create_time": "2024-06-01T06:02:03.941213Z"}
{"index": 1067, "data": -0.007507150253513828, "create_time": "2024-06-01T06:02:04.685160Z"}
{"index": 1068, "data": -0.006837833774625324, "create_time": "2024-06-01T06:02:05.574274Z"}
{"index": 1069, "data": -0.006407239791587927, "create_time": "2024-06-01T06:02:06.333482Z"}
{"index": 1070, "data": -0.00610721581033431, "create_time": "2024-06-01T06:02:07.133926Z"}
{"index": 1071, "data": -0.006556228057888802, "create_time": "2024-06-01T06:02:07.899188Z"}
{"index": 1072, "data": -0.006754589750198647, "create_time": "2024-06-01T06:02:08.671356Z"}
{"index": 1073, "data": -0.005889962450601161, "create_time": "2024-06-01T06:02:09.438877Z"}
{"index": 1074, "data": -0.005681016043672571, "create_time": "2024-06-01T06:02:10.209742Z"}
{"index": 1075, "data": -0.009485441193100996, "create_time": "2024-06-01T06:02:10.961264Z"}
{"index": 1076, "data": -0.0063964807603042574, "create_time": "2024-06-01T06:02:11.780958Z"}
{"index": 1077, "data": -0.007466653300798498, "create_time": "2024-06-01T06:02:12.556547Z"}
{"index": 1078, "data": -0.007942465459927916, "create_time": "2024-06-01T06:02:13.349792Z"}
{"index": 1079, "data": -0.007305605849251151, "create_time": "2024-06-01T06:02:14.147388Z"}
{"index": 1080, "data": -0.006348059707670472, "create_time": "2024-06-01T06:02:14.986478Z"}
{"index": 1081, "data": -0.0072288949100766334, "create_time": "2024-06-01T06:02:15.762187Z"}
{"index": 1082, "data": -0.003871178829285782, "create_time": "2024-06-01T06:02:16.594567Z"}
{"index": 1083, "data": -0.006709264472010546, "create_time": "2024-06-01T06:02:17.433911Z"}
{"index": 1084, "data": -0.007032531502773054, "create_time": "2024-06-01T06:02:18.243144Z"}
{"index": 1085, "data": -0.004495596860942896, "create_time": "2024-06-01T06:02:18.984623Z"}
{"index": 1086, "data": -0.005445128315477632, "create_time": "2024-06-01T06:02:19.723978Z"}
{"index": 1087, "data": -0.007973365092766471, "create_time": "2024-06-01T06:02:20.561748Z"}
{"index": 1088, "data": -0.006879269817727618, "create_time": "2024-06-01T06:02:21.343452Z"}
{"index": 1089, "data": -0.004475593043025583, "create_time": "2024-06-01T06:02:22.144830Z"}
{"index": 1090, "data": -0.0064086431579198685, "create_time": "2024-06-01T06:02:22.932777Z"}
{"index": 1091, "data": -0.007174258632494457, "create_time": "2024-06-01T06:02:23.713420Z"}
{"index": 1092, "data": -0.0024966073164250703, "create_time": "2024-06-01T06:02:24.524997Z"}
{"index": 1093, "data": -0.006095557607477531, "create_time": "2024-06-01T06:02:25.325674Z"}
{"index": 1094, "data": -0.00689195537706837, "create_time": "2024-06-01T06:02:26.081721Z"}
{"index": 1095, "data": -0.005354463879484683, "create_time": "2024-06-01T06:02:26.892617Z"}
{"index": 1096, "data": -0.006794920499669388, "create_time": "2024-06-01T06:02:27.731847Z"}
{"index": 1097, "data": -0.006887642733272514, "create_time": "2024-06-01T06:02:28.545264Z"}
{"index": 1098, "data": -0.006180009013041854, "create_time": "2024-06-01T06:02:29.327290Z"}
{"index": 1099, "data": -0.006643316723057069, "create_time": "2024-06-01T06:02:30.088362Z"}
{"index": 1100, "data": -0.003052705377922393, "create_time": "2024-06-01T06:02:30.874529Z"}
{"index": 1101, "data": -0.007734467083355412, "create_time": "2024-06-01T06:02:31.640442Z"}
{"index": 1102, "data": -0.005589979724027217, "create_time": "2024-06-01T06:02:32.400248Z"}
{"index": 1103, "data": -0.006358658925819327, "create_time": "2024-06-01T06:02:33.188772Z"}
{"index": 1104, "data": -0.007753857492934913, "create_time": "2024-06-01T06:02:34.013330Z"}
{"index": 1105, "data": -0.007121533993631602, "create_time": "2024-06-01T06:02:34.761435Z"}
{"index": 1106, "data": -0.007519641725230031, "create_time": "2024-06-01T06:02:35.556794Z"}
{"index": 1107, "data": -0.003923198909615166, "create_time": "2024-06-01T06:02:36.324118Z"}
{"index": 1108, "data": -0.002878780410901527, "create_time": "2024-06-01T06:02:37.144495Z"}
{"index": 1109, "data": -0.006074347627873067, "create_time": "2024-06-01T06:02:37.937028Z"}
{"index": 1110, "data": -0.008305582113098352, "create_time": "2024-06-01T06:02:38.747175Z"}
{"index": 1111, "data": -0.0064118003472685816, "create_time": "2024-06-01T06:02:39.590716Z"}
{"index": 1112, "data": -0.005936233895045007, "create_time": "2024-06-01T06:02:40.374617Z"}
{"index": 1113, "data": -0.008593826711876317, "create_time": "2024-06-01T06:02:41.131616Z"}
{"index": 1114, "data": -0.005692949093645439, "create_time": "2024-06-01T06:02:41.939287Z"}
{"index": 1115, "data": -0.0016037018736824392, "create_time": "2024-06-01T06:02:42.665902Z"}
{"index": 1116, "data": -0.006467977032298222, "create_time": "2024-06-01T06:02:43.453164Z"}
{"index": 1117, "data": -0.004115581070072949, "create_time": "2024-06-01T06:02:44.308186Z"}
{"index": 1118, "data": -0.004507884825579822, "create_time": "2024-06-01T06:02:45.127015Z"}
{"index": 1119, "data": -0.0034623922838363796, "create_time": "2024-06-01T06:02:45.898387Z"}
{"index": 1120, "data": -0.006036925647640601, "create_time": "2024-06-01T06:02:46.645331Z"}
{"index": 1121, "data": -0.007241013897510129, "create_time": "2024-06-01T06:02:47.408747Z"}
{"index": 1122, "data": -0.005398635106394068, "create_time": "2024-06-01T06:02:48.144645Z"}
{"index": 1123, "data": -0.0067320897069294006, "create_time": "2024-06-01T06:02:48.928519Z"}
{"index": 1124, "data": -0.004683696758002042, "create_time": "2024-06-01T06:02:49.660088Z"}
{"index": 1125, "data": -0.008159757952671497, "create_time": "2024-06-01T06:02:50.519780Z"}
{"index": 1126, "data": -0.003178804973140359, "create_time": "2024-06-01T06:02:51.307995Z"}
{"index": 1127, "data": -0.00915908593160566, "create_time": "2024-06-01T06:02:52.066039Z"}
{"index": 1128, "data": -0.0042363837623270225, "create_time": "2024-06-01T06:02:52.906075Z"}
{"index": 1129, "data": -0.005311400748905726, "create_time": "2024-06-01T06:02:53.762394Z"}
{"index": 1130, "data": -0.005480894623906352, "create_time": "2024-06-01T06:02:54.539715Z"}
{"index": 1131, "data": -0.005436143244151026, "create_time": "2024-06-01T06:02:55.333655Z"}
{"index": 1132, "data": -0.003163097199285403, "create_time": "2024-06-01T06:02:56.150289Z"}
{"index": 1133, "data": -0.006486901402240619, "create_time": "2024-06-01T06:02:56.968792Z"}
{"index": 1134, "data": -0.005642267770599574, "create_time": "2024-06-01T06:02:57.809556Z"}
{"index": 1135, "data": -0.0036090074863750488, "create_time": "2024-06-01T06:02:58.559901Z"}
{"index": 1136, "data": -0.006927308574086055, "create_time": "2024-06-01T06:02:59.389018Z"}
{"index": 1137, "data": -0.00521262141992338, "create_time": "2024-06-01T06:03:00.194021Z"}
{"index": 1138, "data": -0.00777490981417941, "create_time": "2024-06-01T06:03:00.935041Z"}
{"index": 1139, "data": -0.004896047894726507, "create_time": "2024-06-01T06:03:01.695717Z"}
{"index": 1140, "data": -0.003000137825438287, "create_time": "2024-06-01T06:03:02.518624Z"}
{"index": 1141, "data": -0.006872041668975726, "create_time": "2024-06-01T06:03:03.263392Z"}
{"index": 1142, "data": -0.008247290656436234, "create_time": "2024-06-01T06:03:04.030764Z"}
{"index": 1143, "data": -0.004623436566907913, "create_time": "2024-06-01T06:03:04.848764Z"}
{"index": 1144, "data": -0.0009052977984538302, "create_time": "2024-06-01T06:03:05.623079Z"}
{"index": 1145, "data": -0.0073966556694358586, "create_time": "2024-06-01T06:03:06.418993Z"}
{"index": 1146, "data": -0.005323450232390314, "create_time": "2024-06-01T06:03:07.168524Z"}
{"index": 1147, "data": -0.004987980757141486, "create_time": "2024-06-01T06:03:07.959281Z"}
{"index": 1148, "data": -0.0077823507410357705, "create_time": "2024-06-01T06:03:08.789110Z"}
{"index": 1149, "data": -0.006775638047838583, "create_time": "2024-06-01T06:03:09.610092Z"}
{"index": 1150, "data": -0.00563276867615059, "create_time": "2024-06-01T06:03:10.495978Z"}
{"index": 1151, "data": -0.005210353250731714, "create_time": "2024-06-01T06:03:11.260786Z"}
{"index": 1152, "data": -0.00624860191019252, "create_time": "2024-06-01T06:03:12.072597Z"}
{"index": 1153, "data": -0.007594198017613962, "create_time": "2024-06-01T06:03:12.846429Z"}
{"index": 1154, "data": -0.007621078268857673, "create_time": "2024-06-01T06:03:13.587582Z"}
{"index": 1155, "data": -0.00691740870825015, "create_time": "2024-06-01T06:03:14.421427Z"}
{"index": 1156, "data": -0.007071709835145157, "create_time": "2024-06-01T06:03:15.190716Z"}
{"index": 1157, "data": -0.005276785918977111, "create_time": "2024-06-01T06:03:15.936168Z"}
{"index": 1158, "data": -0.004630743726738729, "create_time": "2024-06-01T06:03:16.678357Z"}
{"index": 1159, "data": -0.0033021761249983684, "create_time": "2024-06-01T06:03:17.487540Z"}
{"index": 1160, "data": -0.006086428801063448, "create_time": "2024-06-01T06:03:18.249356Z"}
{"index": 1161, "data": -0.0027006862896087115, "create_time": "2024-06-01T06:03:19.076614Z"}
{"index": 1162, "data": -0.006952196825295687, "create_time": "2024-06-01T06:03:19.863306Z"}
{"index": 1163, "data": -0.007313783079735003, "create_time": "2024-06-01T06:03:20.712861Z"}
{"index": 1164, "data": -0.003436653714743443, "create_time": "2024-06-01T06:03:21.480944Z"}
{"index": 1165, "data": -0.007439522235654294, "create_time": "2024-06-01T06:03:22.275561Z"}
{"index": 1166, "data": -0.0073661261529196055, "create_time": "2024-06-01T06:03:23.091422Z"}
{"index": 1167, "data": -0.0040283680340507996, "create_time": "2024-06-01T06:03:23.918828Z"}
{"index": 1168, "data": -0.004669822531286627, "create_time": "2024-06-01T06:03:24.685263Z"}
{"index": 1169, "data": -0.00131302522495389, "create_time": "2024-06-01T06:03:25.413585Z"}
{"index": 1170, "data": -0.007916038241819478, "create_time": "2024-06-01T06:03:26.250238Z"}
{"index": 1171, "data": -0.005484629927377682, "create_time": "2024-06-01T06:03:26.997810Z"}
{"index": 1172, "data": -0.00606895238161087, "create_time": "2024-06-01T06:03:27.771789Z"}
{"index": 1173, "data": -0.0026601459889207036, "create_time": "2024-06-01T06:03:28.524985Z"}
{"index": 1174, "data": -0.005717869722866453, "create_time": "2024-06-01T06:03:29.358679Z"}
{"index": 1175, "data": -0.003382454490929376, "create_time": "2024-06-01T06:03:30.106587Z"}
{"index": 1176, "data": -0.004084444328327663, "create_time": "2024-06-01T06:03:30.858332Z"}
{"index": 1177, "data": -0.0048785844497615475, "create_time": "2024-06-01T06:03:31.626932Z"}
{"index": 1178, "data": -0.005449974723160267, "create_time": "2024-06-01T06:03:32.401025Z"}
{"index": 1179, "data": -0.0051519521599402655, "create_time": "2024-06-01T06:03:33.271022Z"}
{"index": 1180, "data": -0.003503322784672491, "create_time": "2024-06-01T06:03:33.999647Z"}
{"index": 1181, "data": -0.006099587364587933, "create_time": "2024-06-01T06:03:34.884118Z"}
{"index": 1182, "data": -0.005269765018601902, "create_time": "2024-06-01T06:03:35.682714Z"}
{"index": 1183, "data": -0.0008625110174762085, "create_time": "2024-06-01T06:03:36.444841Z"}
{"index": 1184, "data": -0.007672150104190223, "create_time": "2024-06-01T06:03:37.241295Z"}
{"index": 1185, "data": -0.004228546042577363, "create_time": "2024-06-01T06:03:38.118694Z"}
{"index": 1186, "data": -0.005361384712159634, "create_time": "2024-06-01T06:03:38.920628Z"}
{"index": 1187, "data": -0.008194899148656986, "create_time": "2024-06-01T06:03:39.760022Z"}
{"index": 1188, "data": -0.004581744126335252, "create_time": "2024-06-01T06:03:40.493579Z"}
{"index": 1189, "data": 0.0001934619212988764, "create_time": "2024-06-01T06:03:41.351893Z"}
{"index": 1190, "data": -0.006038524437462911, "create_time": "2024-06-01T06:03:42.154449Z"}
{"index": 1191, "data": -0.0020928781596012414, "create_time": "2024-06-01T06:03:42.946294Z"}
{"index": 1192, "data": -0.006454547756584361, "create_time": "2024-06-01T06:03:43.736045Z"}
{"index": 1193, "data": -0.008801645969651873, "create_time": "2024-06-01T06:03:44.562807Z"}
{"index": 1194, "data": -0.004050013504456729, "create_time": "2024-06-01T06:03:45.294051Z"}
{"index": 1195, "data": -0.003286111800116487, "create_time": "2024-06-01T06:03:46.073260Z"}
{"index": 1196, "data": -0.005466679076198489, "create_time": "2024-06-01T06:03:46.852793Z"}
{"index": 1197, "data": -0.005330013280945423, "create_time": "2024-06-01T06:03:47.682714Z"}
{"index": 1198, "data": -0.004849910596385598, "create_time": "2024-06-01T06:03:48.407891Z"}
{"index": 1199, "data": -0.0037467724236194045, "create_time": "2024-06-01T06:03:49.145467Z"}
{"index": 1200, "data": -0.0030848688766127452, "create_time": "2024-06-01T06:03:49.962825Z"}
{"index": 1201, "data": -0.005863881570985541, "create_time": "2024-06-01T06:03:50.731760Z"}
{"index": 1202, "data": -0.004426323974621482, "create_time": "2024-06-01T06:03:51.489823Z"}
{"index": 1203, "data": -0.002552186162211001, "create_time": "2024-06-01T06:03:52.350881Z"}
{"index": 1204, "data": -0.003208200458902866, "create_time": "2024-06-01T06:03:53.148479Z"}
{"index": 1205, "data": -0.006473932853987207, "create_time": "2024-06-01T06:03:53.976155Z"}
{"index": 1206, "data": -0.005388761090580374, "create_time": "2024-06-01T06:03:54.699899Z"}
{"index": 1207, "data": -0.003463671027566306, "create_time": "2024-06-01T06:03:55.439546Z"}
{"index": 1208, "data": -0.005216417874908075, "create_time": "2024-06-01T06:03:56.322535Z"}
{"index": 1209, "data": -0.0023011252567812336, "create_time": "2024-06-01T06:03:57.108637Z"}
{"index": 1210, "data": -0.004713243597507244, "create_time": "2024-06-01T06:03:57.925279Z"}
{"index": 1211, "data": -0.006111906486330554, "create_time": "2024-06-01T06:03:58.691354Z"}
{"index": 1212, "data": -0.00608405303391919, "create_time": "2024-06-01T06:03:59.465385Z"}
{"index": 1213, "data": -0.0028283108928008004, "create_time": "2024-06-01T06:04:00.247809Z"}
{"index": 1214, "data": -0.005907628171189572, "create_time": "2024-06-01T06:04:01.010606Z"}
{"index": 1215, "data": -0.004641460377024486, "create_time": "2024-06-01T06:04:01.763262Z"}
{"index": 1216, "data": -0.0033270279644057156, "create_time": "2024-06-01T06:04:02.619976Z"}
{"index": 1217, "data": -0.005228091155731818, "create_time": "2024-06-01T06:04:03.401322Z"}
{"index": 1218, "data": -0.0028583736857399344, "create_time": "2024-06-01T06:04:04.149036Z"}
{"index": 1219, "data": -0.004639700693951454, "create_time": "2024-06-01T06:04:04.916288Z"}
{"index": 1220, "data": 0.0002557527885073796, "create_time": "2024-06-01T06:04:05.713791Z"}
{"index": 1221, "data": -0.00682732971617952, "create_time": "2024-06-01T06:04:06.448763Z"}
{"index": 1222, "data": -0.0033682218898320572, "create_time": "2024-06-01T06:04:07.264889Z"}
{"index": 1223, "data": -0.0016970715252682567, "create_time": "2024-06-01T06:04:08.112738Z"}
{"index": 1224, "data": -0.005244106204372656, "create_time": "2024-06-01T06:04:08.959783Z"}
{"index": 1225, "data": -0.0029012827581027523, "create_time": "2024-06-01T06:04:09.745976Z"}
{"index": 1226, "data": 0.00208248374183313, "create_time": "2024-06-01T06:04:10.570923Z"}
{"index": 1227, "data": -0.0059338982373446925, "create_time": "2024-06-01T06:04:11.385111Z"}
{"index": 1228, "data": -9.344838035758584e-05, "create_time": "2024-06-01T06:04:12.126913Z"}
{"index": 1229, "data": -0.005346100064343773, "create_time": "2024-06-01T06:04:12.855520Z"}
{"index": 1230, "data": -0.0035576950860559007, "create_time": "2024-06-01T06:04:13.613462Z"}
{"index": 1231, "data": -0.006179530534427613, "create_time": "2024-06-01T06:04:14.414403Z"}
{"index": 1232, "data": -0.004365204309578985, "create_time": "2024-06-01T06:04:15.184533Z"}
{"index": 1233, "data": -0.00627125411410816, "create_time": "2024-06-01T06:04:15.970665Z"}
{"index": 1234, "data": -0.002507231754134409, "create_time": "2024-06-01T06:04:16.830237Z"}
{"index": 1235, "data": -0.002597308568238077, "create_time": "2024-06-01T06:04:17.659396Z"}
{"index": 1236, "data": -0.002972205699188635, "create_time": "2024-06-01T06:04:18.399859Z"}
{"index": 1237, "data": -0.0007116927648894489, "create_time": "2024-06-01T06:04:19.213163Z"}
{"index": 1238, "data": -0.004184781905496493, "create_time": "2024-06-01T06:04:19.999128Z"}
{"index": 1239, "data": -0.0045176080166129395, "create_time": "2024-06-01T06:04:20.839951Z"}
{"index": 1240, "data": -0.00403629216398258, "create_time": "2024-06-01T06:04:21.634633Z"}
{"index": 1241, "data": -0.0016266276492387989, "create_time": "2024-06-01T06:04:22.375485Z"}
{"index": 1242, "data": -0.0032808897725772113, "create_time": "2024-06-01T06:04:23.088189Z"}
{"index": 1243, "data": -0.005473202324355953, "create_time": "2024-06-01T06:04:23.929326Z"}
{"index": 1244, "data": -0.001699259553424781, "create_time": "2024-06-01T06:04:24.754880Z"}
{"index": 1245, "data": -0.003719913156237453, "create_time": "2024-06-01T06:04:25.565043Z"}
{"index": 1246, "data": -0.004083010061003733, "create_time": "2024-06-01T06:04:26.351327Z"}
{"index": 1247, "data": -0.00047275672986870634, "create_time": "2024-06-01T06:04:27.077982Z"}
{"index": 1248, "data": -0.005953737173695117, "create_time": "2024-06-01T06:04:27.837028Z"}
{"index": 1249, "data": -0.0031078312582394573, "create_time": "2024-06-01T06:04:28.556918Z"}
{"index": 1250, "data": -0.002565427482477389, "create_time": "2024-06-01T06:04:29.331490Z"}
{"index": 1251, "data": -0.0056320810865145175, "create_time": "2024-06-01T06:04:30.053963Z"}
{"index": 1252, "data": -0.0034504043956985696, "create_time": "2024-06-01T06:04:30.859277Z"}
{"index": 1253, "data": -0.003370329673634842, "create_time": "2024-06-01T06:04:31.598377Z"}
{"index": 1254, "data": -0.005192583351163194, "create_time": "2024-06-01T06:04:32.365897Z"}
{"index": 1255, "data": -0.005959824935871438, "create_time": "2024-06-01T06:04:33.137401Z"}
{"index": 1256, "data": 0.0037231409532978432, "create_time": "2024-06-01T06:04:33.935289Z"}
{"index": 1257, "data": -0.005610429312218912, "create_time": "2024-06-01T06:04:34.695485Z"}
{"index": 1258, "data": -0.0031322594033554195, "create_time": "2024-06-01T06:04:35.481979Z"}
{"index": 1259, "data": -0.004426131927175447, "create_time": "2024-06-01T06:04:36.319174Z"}
{"index": 1260, "data": -0.005076930084032938, "create_time": "2024-06-01T06:04:37.073277Z"}
{"index": 1261, "data": -0.00546448492896161, "create_time": "2024-06-01T06:04:37.849029Z"}
{"index": 1262, "data": -0.0028217570070410147, "create_time": "2024-06-01T06:04:38.686315Z"}
{"index": 1263, "data": -0.006381511088693515, "create_time": "2024-06-01T06:04:39.420338Z"}
{"index": 1264, "data": -0.003766142879612744, "create_time": "2024-06-01T06:04:40.161251Z"}
{"index": 1265, "data": -0.004562978845933685, "create_time": "2024-06-01T06:04:40.929157Z"}
{"index": 1266, "data": -0.002332853816187708, "create_time": "2024-06-01T06:04:41.719906Z"}
{"index": 1267, "data": -0.005875981248391326, "create_time": "2024-06-01T06:04:42.431561Z"}
{"index": 1268, "data": -0.0032615508782328105, "create_time": "2024-06-01T06:04:43.231950Z"}
{"index": 1269, "data": -0.005063403083477169, "create_time": "2024-06-01T06:04:44.070183Z"}
{"index": 1270, "data": -0.002835123235126957, "create_time": "2024-06-01T06:04:44.833166Z"}
{"index": 1271, "data": -0.0039026312027999666, "create_time": "2024-06-01T06:04:45.562036Z"}
{"index": 1272, "data": -0.0034580113842821447, "create_time": "2024-06-01T06:04:46.310166Z"}
{"index": 1273, "data": -0.003478249981162662, "create_time": "2024-06-01T06:04:47.057799Z"}
{"index": 1274, "data": -0.003563638261402957, "create_time": "2024-06-01T06:04:47.910648Z"}
{"index": 1275, "data": -0.00310543041996425, "create_time": "2024-06-01T06:04:48.712936Z"}
{"index": 1276, "data": -0.002978367664400139, "create_time": "2024-06-01T06:04:49.463330Z"}
{"index": 1277, "data": -0.005991788937535603, "create_time": "2024-06-01T06:04:50.263829Z"}
{"index": 1278, "data": -0.0037172942822508047, "create_time": "2024-06-01T06:04:51.029789Z"}
{"index": 1279, "data": -0.0029008453944697975, "create_time": "2024-06-01T06:04:51.778469Z"}
{"index": 1280, "data": -0.0022756252787075938, "create_time": "2024-06-01T06:04:52.552143Z"}
{"index": 1281, "data": -0.004145988088930607, "create_time": "2024-06-01T06:04:53.378102Z"}
{"index": 1282, "data": -0.0011936472030356527, "create_time": "2024-06-01T06:04:54.173950Z"}
{"index": 1283, "data": 0.0001832627414842136, "create_time": "2024-06-01T06:04:54.891179Z"}
{"index": 1284, "data": -0.004584526106918929, "create_time": "2024-06-01T06:04:55.652878Z"}
{"index": 1285, "data": -0.0012342722897301429, "create_time": "2024-06-01T06:04:56.514413Z"}
{"index": 1286, "data": 0.0002557523243012838, "create_time": "2024-06-01T06:04:57.349814Z"}
{"index": 1287, "data": -0.0051272836877615195, "create_time": "2024-06-01T06:04:58.074054Z"}
{"index": 1288, "data": -0.003200607473263517, "create_time": "2024-06-01T06:04:58.833880Z"}
{"index": 1289, "data": -0.0058491170289926234, "create_time": "2024-06-01T06:04:59.615334Z"}
{"index": 1290, "data": 0.005099338745185378, "create_time": "2024-06-01T06:05:00.409004Z"}
{"index": 1291, "data": -0.005038591775519308, "create_time": "2024-06-01T06:05:01.139705Z"}
{"index": 1292, "data": -0.0049095359456259756, "create_time": "2024-06-01T06:05:01.857831Z"}
{"index": 1293, "data": -0.004467481441679411, "create_time": "2024-06-01T06:05:02.656978Z"}
{"index": 1294, "data": -0.0027036057344957953, "create_time": "2024-06-01T06:05:03.433445Z"}
{"index": 1295, "data": -0.005151367299549747, "create_time": "2024-06-01T06:05:04.207052Z"}
{"index": 1296, "data": -0.0043573468865361065, "create_time": "2024-06-01T06:05:04.955291Z"}
{"index": 1297, "data": 0.0010095093239215203, "create_time": "2024-06-01T06:05:05.752411Z"}
{"index": 1298, "data": -0.005652293514867779, "create_time": "2024-06-01T06:05:06.489794Z"}
{"index": 1299, "data": -0.0060068138060159985, "create_time": "2024-06-01T06:05:07.254808Z"}
{"index": 1300, "data": -0.0028388527338393033, "create_time": "2024-06-01T06:05:07.983919Z"}
{"index": 1301, "data": -0.005675218727265019, "create_time": "2024-06-01T06:05:08.762954Z"}
{"index": 1302, "data": -0.005392748191661667, "create_time": "2024-06-01T06:05:09.462286Z"}
{"index": 1303, "data": 1.577649381943047e-05, "create_time": "2024-06-01T06:05:10.219845Z"}
{"index": 1304, "data": -0.0033004465221893042, "create_time": "2024-06-01T06:05:10.981806Z"}
{"index": 1305, "data": -0.00267256727674976, "create_time": "2024-06-01T06:05:11.770712Z"}
{"index": 1306, "data": -0.0016754720389144495, "create_time": "2024-06-01T06:05:12.493094Z"}
{"index": 1307, "data": -0.004939116447349079, "create_time": "2024-06-01T06:05:13.208583Z"}
{"index": 1308, "data": -0.0025190758547978475, "create_time": "2024-06-01T06:05:13.996771Z"}
{"index": 1309, "data": -0.0015817502193385736, "create_time": "2024-06-01T06:05:14.839134Z"}
{"index": 1310, "data": -0.0025513018743367867, "create_time": "2024-06-01T06:05:15.571447Z"}
{"index": 1311, "data": -0.004233858620864339, "create_time": "2024-06-01T06:05:16.355645Z"}
{"index": 1312, "data": 0.0010739840305177494, "create_time": "2024-06-01T06:05:17.075914Z"}
{"index": 1313, "data": -0.0027283144598186483, "create_time": "2024-06-01T06:05:17.887590Z"}
{"index": 1314, "data": -0.0034676511480938644, "create_time": "2024-06-01T06:05:18.683426Z"}
{"index": 1315, "data": -0.0002756853806204163, "create_time": "2024-06-01T06:05:19.438997Z"}
{"index": 1316, "data": -0.004238975443877279, "create_time": "2024-06-01T06:05:20.184568Z"}
{"index": 1317, "data": -0.003652230906300247, "create_time": "2024-06-01T06:05:20.939419Z"}
{"index": 1318, "data": -0.005518736032536253, "create_time": "2024-06-01T06:05:21.696795Z"}
{"index": 1319, "data": -0.003368994336051401, "create_time": "2024-06-01T06:05:22.424451Z"}
{"index": 1320, "data": -0.0041382612602319565, "create_time": "2024-06-01T06:05:23.130880Z"}
{"index": 1321, "data": -0.003302347971475683, "create_time": "2024-06-01T06:05:23.852214Z"}
{"index": 1322, "data": -0.002029365554335527, "create_time": "2024-06-01T06:05:24.565656Z"}
{"index": 1323, "data": -0.0009887794934911654, "create_time": "2024-06-01T06:05:25.354703Z"}
{"index": 1324, "data": -0.0018208528374088929, "create_time": "2024-06-01T06:05:26.071363Z"}
{"index": 1325, "data": 0.0012403339533193503, "create_time": "2024-06-01T06:05:26.783664Z"}
{"index": 1326, "data": -0.00436221226118505, "create_time": "2024-06-01T06:05:27.558733Z"}
{"index": 1327, "data": -0.002348067227285355, "create_time": "2024-06-01T06:05:28.355929Z"}
{"index": 1328, "data": -0.0023986248823348435, "create_time": "2024-06-01T06:05:29.085171Z"}
{"index": 1329, "data": -0.003026758704800159, "create_time": "2024-06-01T06:05:29.820599Z"}
{"index": 1330, "data": 0.0010330800374504178, "create_time": "2024-06-01T06:05:30.522329Z"}
{"index": 1331, "data": -0.005452442774549126, "create_time": "2024-06-01T06:05:31.359564Z"}
{"index": 1332, "data": -0.0019091540918452666, "create_time": "2024-06-01T06:05:32.090883Z"}
{"index": 1333, "data": -0.0029473960248651565, "create_time": "2024-06-01T06:05:32.866855Z"}
{"index": 1334, "data": -0.002426991339598317, "create_time": "2024-06-01T06:05:33.575232Z"}
{"index": 1335, "data": -0.006526480191678274, "create_time": "2024-06-01T06:05:34.276940Z"}
{"index": 1336, "data": -0.00266663760994561, "create_time": "2024-06-01T06:05:34.983143Z"}
{"index": 1337, "data": -0.0016608389218163212, "create_time": "2024-06-01T06:05:35.706206Z"}
{"index": 1338, "data": -0.00036349965375848114, "create_time": "2024-06-01T06:05:36.552067Z"}
{"index": 1339, "data": -0.003069619508460164, "create_time": "2024-06-01T06:05:37.320600Z"}
{"index": 1340, "data": -0.0030496035236865283, "create_time": "2024-06-01T06:05:38.065949Z"}
{"index": 1341, "data": -0.0010668264316336718, "create_time": "2024-06-01T06:05:38.775016Z"}
{"index": 1342, "data": -0.0013223433885286794, "create_time": "2024-06-01T06:05:39.614903Z"}
{"index": 1343, "data": -0.004225986470191856, "create_time": "2024-06-01T06:05:40.385223Z"}
{"index": 1344, "data": 0.0038059883896494283, "create_time": "2024-06-01T06:05:41.127478Z"}
{"index": 1345, "data": -0.0007269121299032122, "create_time": "2024-06-01T06:05:41.833336Z"}
{"index": 1346, "data": -0.006167989197092538, "create_time": "2024-06-01T06:05:42.641835Z"}
{"index": 1347, "data": -0.002203560541965999, "create_time": "2024-06-01T06:05:43.351115Z"}
{"index": 1348, "data": -0.0019225263789849124, "create_time": "2024-06-01T06:05:44.064181Z"}
{"index": 1349, "data": -0.0022107128905190622, "create_time": "2024-06-01T06:05:44.880999Z"}
{"index": 1350, "data": -0.0011438410307164303, "create_time": "2024-06-01T06:05:45.644615Z"}
{"index": 1351, "data": -0.003580650335061364, "create_time": "2024-06-01T06:05:46.404275Z"}
{"index": 1352, "data": -0.0014228962128981948, "create_time": "2024-06-01T06:05:47.183266Z"}
{"index": 1353, "data": -0.003128985259536421, "create_time": "2024-06-01T06:05:47.973259Z"}
{"index": 1354, "data": -0.0027631717108306474, "create_time": "2024-06-01T06:05:48.733764Z"}
{"index": 1355, "data": -0.0013194396509788931, "create_time": "2024-06-01T06:05:49.433004Z"}
{"index": 1356, "data": -0.0016595474211499096, "create_time": "2024-06-01T06:05:50.224550Z"}
{"index": 1357, "data": -0.0022962161470786667, "create_time": "2024-06-01T06:05:50.956878Z"}
{"index": 1358, "data": -0.00028545643435791136, "create_time": "2024-06-01T06:05:51.775109Z"}
{"index": 1359, "data": -0.0028570665628649293, "create_time": "2024-06-01T06:05:52.464772Z"}
{"index": 1360, "data": -0.0007231799019791652, "create_time": "2024-06-01T06:05:53.293846Z"}
{"index": 1361, "data": -0.0011037705407943577, "create_time": "2024-06-01T06:05:54.116776Z"}
{"index": 1362, "data": -0.0033671577664790677, "create_time": "2024-06-01T06:05:54.834599Z"}
{"index": 1363, "data": -0.0013637499985634349, "create_time": "2024-06-01T06:05:55.591517Z"}
{"index": 1364, "data": -0.004478275299575785, "create_time": "2024-06-01T06:05:56.296929Z"}
{"index": 1365, "data": -0.0029706793218792884, "create_time": "2024-06-01T06:05:57.033246Z"}
{"index": 1366, "data": 0.006261934282883885, "create_time": "2024-06-01T06:05:57.737918Z"}
{"index": 1367, "data": -0.005010224507714156, "create_time": "2024-06-01T06:05:58.487196Z"}
{"index": 1368, "data": -0.0035430127172730863, "create_time": "2024-06-01T06:05:59.294758Z"}
{"index": 1369, "data": -0.00227771318750456, "create_time": "2024-06-01T06:06:00.069254Z"}
{"index": 1370, "data": -0.002089746281853877, "create_time": "2024-06-01T06:06:00.850528Z"}
{"index": 1371, "data": -0.0009445418312679976, "create_time": "2024-06-01T06:06:01.541892Z"}
{"index": 1372, "data": -0.002801283555163536, "create_time": "2024-06-01T06:06:02.258665Z"}
{"index": 1373, "data": -0.0017347135857562535, "create_time": "2024-06-01T06:06:02.992509Z"}
{"index": 1374, "data": -0.0017986512641073205, "create_time": "2024-06-01T06:06:03.767024Z"}
{"index": 1375, "data": -0.0013110999869240913, "create_time": "2024-06-01T06:06:04.468396Z"}
{"index": 1376, "data": 0.0035277640483400317, "create_time": "2024-06-01T06:06:05.183544Z"}
{"index": 1377, "data": -0.0033180950094902073, "create_time": "2024-06-01T06:06:05.949954Z"}
{"index": 1378, "data": -0.0033700163097819314, "create_time": "2024-06-01T06:06:06.773029Z"}
{"index": 1379, "data": -0.0005528976795176277, "create_time": "2024-06-01T06:06:07.508975Z"}
{"index": 1380, "data": -0.0030939826916437595, "create_time": "2024-06-01T06:06:08.264349Z"}
{"index": 1381, "data": -0.004687088787068206, "create_time": "2024-06-01T06:06:08.942138Z"}
{"index": 1382, "data": -0.005251878462149762, "create_time": "2024-06-01T06:06:09.745176Z"}
{"index": 1383, "data": -0.0006762734250514768, "create_time": "2024-06-01T06:06:10.571054Z"}
{"index": 1384, "data": -0.0020585853009833953, "create_time": "2024-06-01T06:06:11.353712Z"}
{"index": 1385, "data": -0.0014923441951395944, "create_time": "2024-06-01T06:06:12.142077Z"}
{"index": 1386, "data": 0.0005664123644237406, "create_time": "2024-06-01T06:06:12.866555Z"}
{"index": 1387, "data": -0.0039777114405296745, "create_time": "2024-06-01T06:06:13.714754Z"}
{"index": 1388, "data": -0.0006207347509189276, "create_time": "2024-06-01T06:06:14.416453Z"}
{"index": 1389, "data": -0.003577046531427186, "create_time": "2024-06-01T06:06:15.144949Z"}
{"index": 1390, "data": 0.004678732785396278, "create_time": "2024-06-01T06:06:15.858836Z"}
{"index": 1391, "data": -0.0038793395266111474, "create_time": "2024-06-01T06:06:16.543893Z"}
{"index": 1392, "data": -0.003794934193138033, "create_time": "2024-06-01T06:06:17.227785Z"}
{"index": 1393, "data": 0.0007142599806684302, "create_time": "2024-06-01T06:06:17.906360Z"}
{"index": 1394, "data": 0.007093579738284461, "create_time": "2024-06-01T06:06:18.590361Z"}
{"index": 1395, "data": -0.004343603883171454, "create_time": "2024-06-01T06:06:19.329796Z"}
{"index": 1396, "data": -0.002625509473728016, "create_time": "2024-06-01T06:06:20.080493Z"}
{"index": 1397, "data": -0.005796587497752625, "create_time": "2024-06-01T06:06:20.774768Z"}
{"index": 1398, "data": 0.0008520509232766927, "create_time": "2024-06-01T06:06:21.561575Z"}
{"index": 1399, "data": -0.004759499162901193, "create_time": "2024-06-01T06:06:22.266519Z"}
{"index": 1400, "data": -0.002616687072440982, "create_time": "2024-06-01T06:06:23.046616Z"}
{"index": 1401, "data": -0.002882062591379508, "create_time": "2024-06-01T06:06:23.820242Z"}
{"index": 1402, "data": -0.0028340879478491844, "create_time": "2024-06-01T06:06:24.615320Z"}
{"index": 1403, "data": 0.0006162612509797328, "create_time": "2024-06-01T06:06:25.409986Z"}
{"index": 1404, "data": -0.002239082136657089, "create_time": "2024-06-01T06:06:26.105831Z"}
{"index": 1405, "data": -0.006187689580838196, "create_time": "2024-06-01T06:06:26.869972Z"}
{"index": 1406, "data": -0.0025606315291952344, "create_time": "2024-06-01T06:06:27.627366Z"}
{"index": 1407, "data": -0.0023330490046646448, "create_time": "2024-06-01T06:06:28.360413Z"}
{"index": 1408, "data": -0.004280982380441856, "create_time": "2024-06-01T06:06:29.077301Z"}
{"index": 1409, "data": 0.000950011596432887, "create_time": "2024-06-01T06:06:29.816348Z"}
{"index": 1410, "data": -0.0014357984400703572, "create_time": "2024-06-01T06:06:30.579219Z"}
{"index": 1411, "data": -0.001311214987799758, "create_time": "2024-06-01T06:06:31.392180Z"}
{"index": 1412, "data": -0.0035124509173328987, "create_time": "2024-06-01T06:06:32.124594Z"}
{"index": 1413, "data": -0.0021313922246918083, "create_time": "2024-06-01T06:06:32.854021Z"}
{"index": 1414, "data": -1.7567494069226086e-05, "create_time": "2024-06-01T06:06:33.646706Z"}
{"index": 1415, "data": -0.0007134711177059216, "create_time": "2024-06-01T06:06:34.364493Z"}
{"index": 1416, "data": -0.005464039571961621, "create_time": "2024-06-01T06:06:35.075723Z"}
{"index": 1417, "data": 0.0008908975607482717, "create_time": "2024-06-01T06:06:35.769617Z"}
{"index": 1418, "data": -0.002602421774645336, "create_time": "2024-06-01T06:06:36.609657Z"}
{"index": 1419, "data": 0.0021140300494153054, "create_time": "2024-06-01T06:06:37.300161Z"}
{"index": 1420, "data": 0.00029354432081163395, "create_time": "2024-06-01T06:06:38.002060Z"}
{"index": 1421, "data": -0.0031560242612613367, "create_time": "2024-06-01T06:06:38.713299Z"}
{"index": 1422, "data": -0.001469164619629737, "create_time": "2024-06-01T06:06:39.442500Z"}
{"index": 1423, "data": -0.00313998251222074, "create_time": "2024-06-01T06:06:40.189017Z"}
{"index": 1424, "data": 0.0007182219298556447, "create_time": "2024-06-01T06:06:40.904448Z"}
{"index": 1425, "data": 0.001579265021973697, "create_time": "2024-06-01T06:06:41.621746Z"}
{"index": 1426, "data": -0.005249888738035224, "create_time": "2024-06-01T06:06:42.364088Z"}
{"index": 1427, "data": -0.0008786856953520328, "create_time": "2024-06-01T06:06:43.050708Z"}
{"index": 1428, "data": 0.000608733156695962, "create_time": "2024-06-01T06:06:43.834149Z"}
{"index": 1429, "data": 0.00022927797253942118, "create_time": "2024-06-01T06:06:44.566881Z"}
{"index": 1430, "data": -0.004643688455689699, "create_time": "2024-06-01T06:06:45.295948Z"}
{"index": 1431, "data": -0.004592979964218103, "create_time": "2024-06-01T06:06:46.081424Z"}
{"index": 1432, "data": -0.0002970379020553082, "create_time": "2024-06-01T06:06:46.845782Z"}
{"index": 1433, "data": -0.003347326093353331, "create_time": "2024-06-01T06:06:47.610602Z"}
{"index": 1434, "data": 0.007883024093462154, "create_time": "2024-06-01T06:06:48.392568Z"}
{"index": 1435, "data": -0.0033719707673299125, "create_time": "2024-06-01T06:06:49.130870Z"}
{"index": 1436, "data": -0.002743959602958057, "create_time": "2024-06-01T06:06:49.833739Z"}
{"index": 1437, "data": 0.0004194361448753625, "create_time": "2024-06-01T06:06:50.545390Z"}
{"index": 1438, "data": -0.0007427771692164242, "create_time": "2024-06-01T06:06:51.381623Z"}
{"index": 1439, "data": -0.0033010490733431652, "create_time": "2024-06-01T06:06:52.127125Z"}
{"index": 1440, "data": -0.0024667342557222584, "create_time": "2024-06-01T06:06:52.868587Z"}
{"index": 1441, "data": -0.0011315740332065616, "create_time": "2024-06-01T06:06:53.597167Z"}
{"index": 1442, "data": -0.0027147407323354854, "create_time": "2024-06-01T06:06:54.326950Z"}
{"index": 1443, "data": 0.0005571120709646493, "create_time": "2024-06-01T06:06:55.087990Z"}
{"index": 1444, "data": -0.0023203736636787653, "create_time": "2024-06-01T06:06:55.792287Z"}
{"index": 1445, "data": -0.0042395146090711934, "create_time": "2024-06-01T06:06:56.513783Z"}
{"index": 1446, "data": -0.0003347387275425717, "create_time": "2024-06-01T06:06:57.263214Z"}
{"index": 1447, "data": -0.003976750729634659, "create_time": "2024-06-01T06:06:57.968026Z"}
{"index": 1448, "data": 0.0015211128469672986, "create_time": "2024-06-01T06:06:58.688829Z"}
{"index": 1449, "data": -0.004092631321691442, "create_time": "2024-06-01T06:06:59.434459Z"}
{"index": 1450, "data": -0.0030675692003569567, "create_time": "2024-06-01T06:07:00.174861Z"}
{"index": 1451, "data": 0.003643317062233109, "create_time": "2024-06-01T06:07:00.890817Z"}
{"index": 1452, "data": 0.0003035067056771368, "create_time": "2024-06-01T06:07:01.566350Z"}
{"index": 1453, "data": -0.00264000310562551, "create_time": "2024-06-01T06:07:02.310552Z"}
{"index": 1454, "data": -0.001236067435820587, "create_time": "2024-06-01T06:07:03.058356Z"}
{"index": 1455, "data": -0.0018317822068638634, "create_time": "2024-06-01T06:07:03.815549Z"}
{"index": 1456, "data": -0.002584729927184526, "create_time": "2024-06-01T06:07:04.526254Z"}
{"index": 1457, "data": -0.00014260866737458855, "create_time": "2024-06-01T06:07:05.290577Z"}
{"index": 1458, "data": 2.6285967032890766e-05, "create_time": "2024-06-01T06:07:06.112480Z"}
{"index": 1459, "data": -0.0019052621733862906, "create_time": "2024-06-01T06:07:06.933607Z"}
{"index": 1460, "data": 0.0014324909483548255, "create_time": "2024-06-01T06:07:07.685858Z"}
{"index": 1461, "data": 0.0004908797331154346, "create_time": "2024-06-01T06:07:08.414414Z"}
{"index": 1462, "data": -0.00208847840767703, "create_time": "2024-06-01T06:07:09.090536Z"}
{"index": 1463, "data": -0.0034622201885213142, "create_time": "2024-06-01T06:07:09.863659Z"}
{"index": 1464, "data": -0.0009503479232080281, "create_time": "2024-06-01T06:07:10.679567Z"}
{"index": 1465, "data": 0.003084894896892365, "create_time": "2024-06-01T06:07:11.399626Z"}
{"index": 1466, "data": -0.0041116114745818775, "create_time": "2024-06-01T06:07:12.193680Z"}
{"index": 1467, "data": -0.00032013544514484236, "create_time": "2024-06-01T06:07:12.919509Z"}
{"index": 1468, "data": -0.003158010139304679, "create_time": "2024-06-01T06:07:13.681283Z"}
{"index": 1469, "data": 0.0020245181297184446, "create_time": "2024-06-01T06:07:14.379024Z"}
{"index": 1470, "data": 0.0079729963443242, "create_time": "2024-06-01T06:07:15.081930Z"}
{"index": 1471, "data": -0.003982318897760706, "create_time": "2024-06-01T06:07:15.778909Z"}
{"index": 1472, "data": -0.0015465966804185881, "create_time": "2024-06-01T06:07:16.455013Z"}
{"index": 1473, "data": -4.180714313406497e-06, "create_time": "2024-06-01T06:07:17.163909Z"}
{"index": 1474, "data": -0.0020185223023872823, "create_time": "2024-06-01T06:07:17.850391Z"}
{"index": 1475, "data": 0.0019046309615077916, "create_time": "2024-06-01T06:07:18.650685Z"}
{"index": 1476, "data": -0.004054635969805531, "create_time": "2024-06-01T06:07:19.379876Z"}
{"index": 1477, "data": 0.0017542016401421278, "create_time": "2024-06-01T06:07:20.078401Z"}
{"index": 1478, "data": -0.000375631992937997, "create_time": "2024-06-01T06:07:20.794111Z"}
{"index": 1479, "data": -0.0030531858006725087, "create_time": "2024-06-01T06:07:21.599846Z"}
{"index": 1480, "data": -0.0026288752153050153, "create_time": "2024-06-01T06:07:22.375569Z"}
{"index": 1481, "data": -0.0012616301810339792, "create_time": "2024-06-01T06:07:23.077657Z"}
{"index": 1482, "data": -0.0010471647568920162, "create_time": "2024-06-01T06:07:23.806783Z"}
{"index": 1483, "data": -0.0015527420531725512, "create_time": "2024-06-01T06:07:24.575680Z"}
{"index": 1484, "data": -0.0016558820323552936, "create_time": "2024-06-01T06:07:25.275892Z"}
{"index": 1485, "data": -0.0026734008199127855, "create_time": "2024-06-01T06:07:25.998911Z"}
{"index": 1486, "data": -0.0016645836789393798, "create_time": "2024-06-01T06:07:26.665085Z"}
{"index": 1487, "data": 0.0007283669663593173, "create_time": "2024-06-01T06:07:27.435825Z"}
{"index": 1488, "data": -0.0031726701447041704, "create_time": "2024-06-01T06:07:28.112801Z"}
{"index": 1489, "data": -0.0030045994615647944, "create_time": "2024-06-01T06:07:28.847675Z"}
{"index": 1490, "data": 0.00017783886287361383, "create_time": "2024-06-01T06:07:29.550794Z"}
{"index": 1491, "data": -0.0020504918335063848, "create_time": "2024-06-01T06:07:30.389967Z"}
{"index": 1492, "data": -0.0010757971758721396, "create_time": "2024-06-01T06:07:31.097288Z"}
{"index": 1493, "data": -0.0015792847829288804, "create_time": "2024-06-01T06:07:31.793484Z"}
{"index": 1494, "data": 0.000851693024742417, "create_time": "2024-06-01T06:07:32.495189Z"}
{"index": 1495, "data": -0.0005928822414716705, "create_time": "2024-06-01T06:07:33.293725Z"}
{"index": 1496, "data": -0.0034760446644213515, "create_time": "2024-06-01T06:07:33.995959Z"}
{"index": 1497, "data": -0.0016710262192646042, "create_time": "2024-06-01T06:07:34.753385Z"}
{"index": 1498, "data": 0.006035566938953707, "create_time": "2024-06-01T06:07:35.484473Z"}
{"index": 1499, "data": -0.0019128718820866197, "create_time": "2024-06-01T06:07:36.185131Z"}
{"index": 1500, "data": -0.003972502140095457, "create_time": "2024-06-01T06:07:36.856139Z"}
{"index": 1501, "data": -0.0007743389782262966, "create_time": "2024-06-01T06:07:37.522228Z"}
{"index": 1502, "data": -0.0005880837910808623, "create_time": "2024-06-01T06:07:38.223386Z"}
{"index": 1503, "data": 0.004137569780868944, "create_time": "2024-06-01T06:07:38.909998Z"}
{"index": 1504, "data": -0.0029782256184262223, "create_time": "2024-06-01T06:07:39.665713Z"}
{"index": 1505, "data": -0.002108637138735503, "create_time": "2024-06-01T06:07:40.347175Z"}
{"index": 1506, "data": 0.0001588489452842623, "create_time": "2024-06-01T06:07:41.015724Z"}
{"index": 1507, "data": -0.0021442496217787266, "create_time": "2024-06-01T06:07:41.711506Z"}
{"index": 1508, "data": -0.002633402497303905, "create_time": "2024-06-01T06:07:42.483989Z"}
{"index": 1509, "data": 1.2688825518125667e-05, "create_time": "2024-06-01T06:07:43.152471Z"}
{"index": 1510, "data": 0.0047287179681006816, "create_time": "2024-06-01T06:07:43.858551Z"}
{"index": 1511, "data": -0.003440848513855599, "create_time": "2024-06-01T06:07:44.588403Z"}
{"index": 1512, "data": -0.0026520149511270576, "create_time": "2024-06-01T06:07:45.318177Z"}
{"index": 1513, "data": 0.004793026985134929, "create_time": "2024-06-01T06:07:46.074454Z"}
{"index": 1514, "data": -0.0012210846180096269, "create_time": "2024-06-01T06:07:46.761006Z"}
{"index": 1515, "data": 0.0003207791887689382, "create_time": "2024-06-01T06:07:47.435928Z"}
{"index": 1516, "data": -0.0028609106520889327, "create_time": "2024-06-01T06:07:48.160468Z"}
{"index": 1517, "data": -0.0007140115820220671, "create_time": "2024-06-01T06:07:48.849326Z"}
{"index": 1518, "data": 0.0003204187087249011, "create_time": "2024-06-01T06:07:49.541718Z"}
{"index": 1519, "data": 0.0013902611332014202, "create_time": "2024-06-01T06:07:50.288291Z"}
{"index": 1520, "data": 9.97308932710439e-05, "create_time": "2024-06-01T06:07:50.951971Z"}
{"index": 1521, "data": -0.0033408330782549456, "create_time": "2024-06-01T06:07:51.740527Z"}
{"index": 1522, "data": -0.000592321112708305, "create_time": "2024-06-01T06:07:52.449374Z"}
{"index": 1523, "data": 0.0011169694262207486, "create_time": "2024-06-01T06:07:53.144033Z"}
{"index": 1524, "data": -0.0006111102557042614, "create_time": "2024-06-01T06:07:53.839482Z"}
{"index": 1525, "data": 0.0024794064986053852, "create_time": "2024-06-01T06:07:54.580024Z"}
{"index": 1526, "data": -0.002120239965734072, "create_time": "2024-06-01T06:07:55.241696Z"}
{"index": 1527, "data": -0.000996177940396592, "create_time": "2024-06-01T06:07:55.960186Z"}
{"index": 1528, "data": 0.002657620802835936, "create_time": "2024-06-01T06:07:56.752236Z"}
{"index": 1529, "data": -0.003478258231189102, "create_time": "2024-06-01T06:07:57.510494Z"}
{"index": 1530, "data": -0.002809777221409604, "create_time": "2024-06-01T06:07:58.173778Z"}
{"index": 1531, "data": 0.001079041717457585, "create_time": "2024-06-01T06:07:58.912830Z"}
{"index": 1532, "data": 0.00042033765785163266, "create_time": "2024-06-01T06:07:59.639123Z"}
{"index": 1533, "data": 0.001402620173757896, "create_time": "2024-06-01T06:08:00.376263Z"}
{"index": 1534, "data": -0.00246340672892984, "create_time": "2024-06-01T06:08:01.154333Z"}
{"index": 1535, "data": 0.0106617566983914, "create_time": "2024-06-01T06:08:01.845681Z"}
{"index": 1536, "data": 0.0025945937173673882, "create_time": "2024-06-01T06:08:02.508182Z"}
{"index": 1537, "data": -0.002445615583565086, "create_time": "2024-06-01T06:08:03.300390Z"}
{"index": 1538, "data": 4.91624596179463e-05, "create_time": "2024-06-01T06:08:04.053394Z"}
{"index": 1539, "data": 0.00682745156227611, "create_time": "2024-06-01T06:08:04.779531Z"}
{"index": 1540, "data": -0.0031507080129813403, "create_time": "2024-06-01T06:08:05.458020Z"}
{"index": 1541, "data": 0.00025772798508114645, "create_time": "2024-06-01T06:08:06.143224Z"}
{"index": 1542, "data": 0.005924991017673164, "create_time": "2024-06-01T06:08:06.837790Z"}
{"index": 1543, "data": -0.00318739032081794, "create_time": "2024-06-01T06:08:07.547434Z"}
{"index": 1544, "data": -0.0002481155373970978, "create_time": "2024-06-01T06:08:08.269574Z"}
{"index": 1545, "data": 0.003501190792303532, "create_time": "2024-06-01T06:08:08.965478Z"}
{"index": 1546, "data": -8.182936799130402e-05, "create_time": "2024-06-01T06:08:09.733324Z"}
{"index": 1547, "data": 0.00999613908061292, "create_time": "2024-06-01T06:08:10.453715Z"}
{"index": 1548, "data": -0.0017492772516561673, "create_time": "2024-06-01T06:08:11.179351Z"}
{"index": 1549, "data": -0.0003665504467790015, "create_time": "2024-06-01T06:08:11.869859Z"}
{"index": 1550, "data": -0.00040495910798199475, "create_time": "2024-06-01T06:08:12.626925Z"}
{"index": 1551, "data": -5.0271660438738766e-05, "create_time": "2024-06-01T06:08:13.337012Z"}
{"index": 1552, "data": 0.004160173068521544, "create_time": "2024-06-01T06:08:14.140077Z"}
{"index": 1553, "data": -0.0016985084512270987, "create_time": "2024-06-01T06:08:14.847804Z"}
{"index": 1554, "data": -0.001045291795162484, "create_time": "2024-06-01T06:08:15.551362Z"}
{"index": 1555, "data": -0.0002616759236843791, "create_time": "2024-06-01T06:08:16.245440Z"}
{"index": 1556, "data": -0.0002541631693020463, "create_time": "2024-06-01T06:08:17.014681Z"}
{"index": 1557, "data": -0.0033141661228000886, "create_time": "2024-06-01T06:08:17.812158Z"}
{"index": 1558, "data": 0.006125860178144649, "create_time": "2024-06-01T06:08:18.591560Z"}
{"index": 1559, "data": 0.0029813528264639897, "create_time": "2024-06-01T06:08:19.325414Z"}
{"index": 1560, "data": -0.0011846503601191216, "create_time": "2024-06-01T06:08:20.032290Z"}
{"index": 1561, "data": -0.0018035512970527635, "create_time": "2024-06-01T06:08:20.738032Z"}
{"index": 1562, "data": -0.0006031199300196022, "create_time": "2024-06-01T06:08:21.429745Z"}
{"index": 1563, "data": -0.0004712661320809275, "create_time": "2024-06-01T06:08:22.158158Z"}
{"index": 1564, "data": -0.005443463299889118, "create_time": "2024-06-01T06:08:22.860501Z"}
{"index": 1565, "data": 0.001690151407092344, "create_time": "2024-06-01T06:08:23.574286Z"}
{"index": 1566, "data": 0.0015729122620541602, "create_time": "2024-06-01T06:08:24.395029Z"}
{"index": 1567, "data": -0.003339223826333182, "create_time": "2024-06-01T06:08:25.083602Z"}
{"index": 1568, "data": 0.004695492472819751, "create_time": "2024-06-01T06:08:25.796846Z"}
{"index": 1569, "data": -0.003174323897110298, "create_time": "2024-06-01T06:08:26.528482Z"}
{"index": 1570, "data": -0.0018448169284965843, "create_time": "2024-06-01T06:08:27.281339Z"}
{"index": 1571, "data": 0.0005784112800029106, "create_time": "2024-06-01T06:08:27.970988Z"}
{"index": 1572, "data": 0.0047557676589349285, "create_time": "2024-06-01T06:08:28.626744Z"}
{"index": 1573, "data": -0.004933425948547665, "create_time": "2024-06-01T06:08:29.304922Z"}
{"index": 1574, "data": -0.0019134976144414395, "create_time": "2024-06-01T06:08:30.007761Z"}
{"index": 1575, "data": 0.0006017506995704025, "create_time": "2024-06-01T06:08:30.773445Z"}
{"index": 1576, "data": -0.0007243475309223868, "create_time": "2024-06-01T06:08:31.556698Z"}
{"index": 1577, "data": 0.002895888066268526, "create_time": "2024-06-01T06:08:32.261937Z"}
{"index": 1578, "data": 0.002344718526001088, "create_time": "2024-06-01T06:08:33.011087Z"}
{"index": 1579, "data": -0.002027346461545676, "create_time": "2024-06-01T06:08:33.788462Z"}
{"index": 1580, "data": -0.0030642461002571507, "create_time": "2024-06-01T06:08:34.455524Z"}
{"index": 1581, "data": -0.0008890457014786079, "create_time": "2024-06-01T06:08:35.146367Z"}
{"index": 1582, "data": -0.00044309508521109817, "create_time": "2024-06-01T06:08:35.973480Z"}
{"index": 1583, "data": -0.0008525297365849837, "create_time": "2024-06-01T06:08:36.717228Z"}
{"index": 1584, "data": 0.0027815386187285186, "create_time": "2024-06-01T06:08:37.402471Z"}
{"index": 1585, "data": -0.0014338739740196616, "create_time": "2024-06-01T06:08:38.064329Z"}
{"index": 1586, "data": 3.339795730425976e-05, "create_time": "2024-06-01T06:08:38.816211Z"}
{"index": 1587, "data": 0.0002928204936324619, "create_time": "2024-06-01T06:08:39.572987Z"}
{"index": 1588, "data": -0.001766032823070418, "create_time": "2024-06-01T06:08:40.289030Z"}
{"index": 1589, "data": -0.0024260523408884183, "create_time": "2024-06-01T06:08:41.032809Z"}
{"index": 1590, "data": -9.14394244318828e-05, "create_time": "2024-06-01T06:08:41.708906Z"}
{"index": 1591, "data": -0.0011184608854819089, "create_time": "2024-06-01T06:08:42.482412Z"}
{"index": 1592, "data": 0.0020886042853817343, "create_time": "2024-06-01T06:08:43.204843Z"}
{"index": 1593, "data": -0.002447468461468816, "create_time": "2024-06-01T06:08:43.860692Z"}
{"index": 1594, "data": -0.0032096535065647912, "create_time": "2024-06-01T06:08:44.526803Z"}
{"index": 1595, "data": -0.0002509877231204882, "create_time": "2024-06-01T06:08:45.215602Z"}
{"index": 1596, "data": 6.040680636942852e-05, "create_time": "2024-06-01T06:08:45.928927Z"}
{"index": 1597, "data": -0.0020488343317992984, "create_time": "2024-06-01T06:08:46.601067Z"}
{"index": 1598, "data": -0.0030760699766688047, "create_time": "2024-06-01T06:08:47.289498Z"}
{"index": 1599, "data": 6.99584634276107e-05, "create_time": "2024-06-01T06:08:48.028211Z"}
{"index": 1600, "data": -0.0005352817301172763, "create_time": "2024-06-01T06:08:48.828862Z"}
{"index": 1601, "data": -0.002562304766615853, "create_time": "2024-06-01T06:08:49.485369Z"}
{"index": 1602, "data": -0.0011219162028282882, "create_time": "2024-06-01T06:08:50.174888Z"}
{"index": 1603, "data": 0.0014174383832141757, "create_time": "2024-06-01T06:08:50.828301Z"}
{"index": 1604, "data": 0.0015628326953446958, "create_time": "2024-06-01T06:08:51.558752Z"}
{"index": 1605, "data": -0.001349601979018189, "create_time": "2024-06-01T06:08:52.305568Z"}
{"index": 1606, "data": 0.004546839441172778, "create_time": "2024-06-01T06:08:53.046854Z"}
{"index": 1607, "data": 0.00022636789872194641, "create_time": "2024-06-01T06:08:53.782965Z"}
{"index": 1608, "data": -0.002253827720414847, "create_time": "2024-06-01T06:08:54.529719Z"}
{"index": 1609, "data": -0.002864101443265099, "create_time": "2024-06-01T06:08:55.202191Z"}
{"index": 1610, "data": 0.0053336717479396615, "create_time": "2024-06-01T06:08:55.993221Z"}
{"index": 1611, "data": -0.0026461613742867485, "create_time": "2024-06-01T06:08:56.729998Z"}
{"index": 1612, "data": -0.0014220116659998893, "create_time": "2024-06-01T06:08:57.500615Z"}
{"index": 1613, "data": -0.0002054929849691689, "create_time": "2024-06-01T06:08:58.219547Z"}
{"index": 1614, "data": 0.0022630833613220603, "create_time": "2024-06-01T06:08:58.904097Z"}
{"index": 1615, "data": -0.002180721814511344, "create_time": "2024-06-01T06:08:59.657280Z"}
{"index": 1616, "data": 0.0030534765508491548, "create_time": "2024-06-01T06:09:00.459579Z"}
{"index": 1617, "data": -0.0020165870140772314, "create_time": "2024-06-01T06:09:01.147817Z"}
{"index": 1618, "data": -0.0003971294077928178, "create_time": "2024-06-01T06:09:01.866659Z"}
{"index": 1619, "data": 0.00040241582555609055, "create_time": "2024-06-01T06:09:02.612339Z"}
{"index": 1620, "data": 0.0012145047636295202, "create_time": "2024-06-01T06:09:03.394907Z"}
{"index": 1621, "data": 0.004079016099422006, "create_time": "2024-06-01T06:09:04.053151Z"}
{"index": 1622, "data": -0.0027050281452829948, "create_time": "2024-06-01T06:09:04.776711Z"}
{"index": 1623, "data": -0.0005619980685878545, "create_time": "2024-06-01T06:09:05.445104Z"}
{"index": 1624, "data": -0.001258938608225435, "create_time": "2024-06-01T06:09:06.151836Z"}
{"index": 1625, "data": -0.0021612176245980664, "create_time": "2024-06-01T06:09:06.859099Z"}
{"index": 1626, "data": 0.0008074176264926791, "create_time": "2024-06-01T06:09:07.565189Z"}
{"index": 1627, "data": -0.0012438596721040085, "create_time": "2024-06-01T06:09:08.249346Z"}
{"index": 1628, "data": 0.0007843314349884167, "create_time": "2024-06-01T06:09:08.958511Z"}
{"index": 1629, "data": 9.484944748692215e-05, "create_time": "2024-06-01T06:09:09.736853Z"}
{"index": 1630, "data": 0.00019644757085188758, "create_time": "2024-06-01T06:09:10.410689Z"}
{"index": 1631, "data": 0.007850609801607789, "create_time": "2024-06-01T06:09:11.098753Z"}
{"index": 1632, "data": 0.00015853845980018377, "create_time": "2024-06-01T06:09:11.751922Z"}
{"index": 1633, "data": -0.0018705507944105193, "create_time": "2024-06-01T06:09:12.585760Z"}
{"index": 1634, "data": -8.76717793289572e-05, "create_time": "2024-06-01T06:09:13.291925Z"}
{"index": 1635, "data": -0.0003688223019707948, "create_time": "2024-06-01T06:09:13.986467Z"}
{"index": 1636, "data": 0.0004590503413055558, "create_time": "2024-06-01T06:09:14.658253Z"}
{"index": 1637, "data": -0.0008778508752584457, "create_time": "2024-06-01T06:09:15.393413Z"}
{"index": 1638, "data": 0.00015952385874697938, "create_time": "2024-06-01T06:09:16.079475Z"}
{"index": 1639, "data": -4.309033101890236e-05, "create_time": "2024-06-01T06:09:16.727370Z"}
{"index": 1640, "data": -0.002222975785844028, "create_time": "2024-06-01T06:09:17.424929Z"}
{"index": 1641, "data": 0.0009115155662584584, "create_time": "2024-06-01T06:09:18.102515Z"}
{"index": 1642, "data": -0.0017495265012257733, "create_time": "2024-06-01T06:09:18.834560Z"}
{"index": 1643, "data": 0.005009351918124594, "create_time": "2024-06-01T06:09:19.514262Z"}
{"index": 1644, "data": 0.0016533450689166784, "create_time": "2024-06-01T06:09:20.240141Z"}
{"index": 1645, "data": -0.003070903243497014, "create_time": "2024-06-01T06:09:20.903318Z"}
{"index": 1646, "data": -0.0016236366252996958, "create_time": "2024-06-01T06:09:21.652073Z"}
{"index": 1647, "data": -9.303074184572325e-05, "create_time": "2024-06-01T06:09:22.358229Z"}
{"index": 1648, "data": -0.0006383534710039385, "create_time": "2024-06-01T06:09:23.070579Z"}
{"index": 1649, "data": 0.00488415290019475, "create_time": "2024-06-01T06:09:23.739415Z"}
{"index": 1650, "data": -0.001973680057562888, "create_time": "2024-06-01T06:09:24.453567Z"}
{"index": 1651, "data": 0.0034210689322208055, "create_time": "2024-06-01T06:09:25.149206Z"}
{"index": 1652, "data": -0.0014082703874919388, "create_time": "2024-06-01T06:09:25.899076Z"}
{"index": 1653, "data": 0.0005069625141914003, "create_time": "2024-06-01T06:09:26.575071Z"}
{"index": 1654, "data": 0.0012627281917957588, "create_time": "2024-06-01T06:09:27.316401Z"}
{"index": 1655, "data": -0.001922746380046192, "create_time": "2024-06-01T06:09:28.001949Z"}
{"index": 1656, "data": 0.0023083354521077127, "create_time": "2024-06-01T06:09:28.675181Z"}
{"index": 1657, "data": 0.0006898022465634312, "create_time": "2024-06-01T06:09:29.424458Z"}
{"index": 1658, "data": -0.0005861282072146424, "create_time": "2024-06-01T06:09:30.070331Z"}
{"index": 1659, "data": -0.0012677432183409109, "create_time": "2024-06-01T06:09:30.714846Z"}
{"index": 1660, "data": 0.0016258437535725534, "create_time": "2024-06-01T06:09:31.363130Z"}
{"index": 1661, "data": 0.0005737692466937005, "create_time": "2024-06-01T06:09:32.008010Z"}
{"index": 1662, "data": 0.0018878164264606312, "create_time": "2024-06-01T06:09:32.662004Z"}
{"index": 1663, "data": -0.0006330730975605547, "create_time": "2024-06-01T06:09:33.324054Z"}
{"index": 1664, "data": -0.0034415070248769554, "create_time": "2024-06-01T06:09:34.048858Z"}
{"index": 1665, "data": 0.0012138152844272554, "create_time": "2024-06-01T06:09:34.751359Z"}
{"index": 1666, "data": -0.0024720666639041155, "create_time": "2024-06-01T06:09:35.542800Z"}
{"index": 1667, "data": 0.004892029109760188, "create_time": "2024-06-01T06:09:36.364602Z"}
{"index": 1668, "data": -0.0012235680827870966, "create_time": "2024-06-01T06:09:37.070254Z"}
{"index": 1669, "data": -0.0036391055429703554, "create_time": "2024-06-01T06:09:37.772958Z"}
{"index": 1670, "data": 9.370599509566091e-05, "create_time": "2024-06-01T06:09:38.535794Z"}
{"index": 1671, "data": -0.0017119456504588015, "create_time": "2024-06-01T06:09:39.249974Z"}
{"index": 1672, "data": 0.0035956214647740125, "create_time": "2024-06-01T06:09:39.958739Z"}
{"index": 1673, "data": -0.0031126413756283, "create_time": "2024-06-01T06:09:40.647782Z"}
{"index": 1674, "data": 0.007029172514739912, "create_time": "2024-06-01T06:09:41.309859Z"}
{"index": 1675, "data": -0.0014073352387640626, "create_time": "2024-06-01T06:09:42.047752Z"}
{"index": 1676, "data": 0.0001571299973875284, "create_time": "2024-06-01T06:09:42.809959Z"}
{"index": 1677, "data": -0.0019684207680256806, "create_time": "2024-06-01T06:09:43.486137Z"}
{"index": 1678, "data": 0.0006981569924391807, "create_time": "2024-06-01T06:09:44.244655Z"}
{"index": 1679, "data": 0.0035584583059062426, "create_time": "2024-06-01T06:09:44.892443Z"}
{"index": 1680, "data": -0.004265755609958432, "create_time": "2024-06-01T06:09:45.663092Z"}
{"index": 1681, "data": -0.001095014385646209, "create_time": "2024-06-01T06:09:46.377263Z"}
{"index": 1682, "data": -0.001283073626109399, "create_time": "2024-06-01T06:09:47.028822Z"}
{"index": 1683, "data": 0.0004357462516054511, "create_time": "2024-06-01T06:09:47.755589Z"}
{"index": 1684, "data": -0.0015246577269863338, "create_time": "2024-06-01T06:09:48.519530Z"}
{"index": 1685, "data": 0.0011569925962248817, "create_time": "2024-06-01T06:09:49.235822Z"}
{"index": 1686, "data": 0.005532328033586964, "create_time": "2024-06-01T06:09:49.883825Z"}
{"index": 1687, "data": -0.00035461185325402766, "create_time": "2024-06-01T06:09:50.577270Z"}
{"index": 1688, "data": -0.0031736235003336334, "create_time": "2024-06-01T06:09:51.344554Z"}
{"index": 1689, "data": -0.0004796594934305176, "create_time": "2024-06-01T06:09:52.072179Z"}
{"index": 1690, "data": -0.0004990176879800856, "create_time": "2024-06-01T06:09:52.784106Z"}
{"index": 1691, "data": 0.002715060510672629, "create_time": "2024-06-01T06:09:53.479905Z"}
{"index": 1692, "data": 9.228238195646554e-05, "create_time": "2024-06-01T06:09:54.227484Z"}
{"index": 1693, "data": 0.00017107768217101694, "create_time": "2024-06-01T06:09:54.886099Z"}
{"index": 1694, "data": 0.0024006802162148235, "create_time": "2024-06-01T06:09:55.564930Z"}
{"index": 1695, "data": -0.0014271967520471662, "create_time": "2024-06-01T06:09:56.210615Z"}
{"index": 1696, "data": 0.010625995497684925, "create_time": "2024-06-01T06:09:56.867571Z"}
{"index": 1697, "data": 0.0022641361560090446, "create_time": "2024-06-01T06:09:57.592034Z"}
{"index": 1698, "data": 0.004201144675607793, "create_time": "2024-06-01T06:09:58.253485Z"}
{"index": 1699, "data": -0.0014764567531528883, "create_time": "2024-06-01T06:09:58.955292Z"}
{"index": 1700, "data": -0.002889727335423231, "create_time": "2024-06-01T06:09:59.664143Z"}
{"index": 1701, "data": -0.0023764344601659103, "create_time": "2024-06-01T06:10:00.431699Z"}
{"index": 1702, "data": -0.0019313274144224124, "create_time": "2024-06-01T06:10:01.086372Z"}
{"index": 1703, "data": -0.000999862050957745, "create_time": "2024-06-01T06:10:01.792818Z"}
{"index": 1704, "data": -0.0012611386346861764, "create_time": "2024-06-01T06:10:02.462464Z"}
{"index": 1705, "data": -0.0015220396220684052, "create_time": "2024-06-01T06:10:03.177253Z"}
{"index": 1706, "data": -0.00018397847125015688, "create_time": "2024-06-01T06:10:03.908548Z"}
{"index": 1707, "data": -0.0005987343243759824, "create_time": "2024-06-01T06:10:04.669636Z"}
{"index": 1708, "data": -0.0004494476248510182, "create_time": "2024-06-01T06:10:05.326300Z"}
{"index": 1709, "data": 0.004344573616981507, "create_time": "2024-06-01T06:10:05.988835Z"}
{"index": 1710, "data": -0.00043043005862273274, "create_time": "2024-06-01T06:10:06.730549Z"}
{"index": 1711, "data": 0.0018002701690420508, "create_time": "2024-06-01T06:10:07.446862Z"}
{"index": 1712, "data": -0.0002763675642199814, "create_time": "2024-06-01T06:10:08.193444Z"}
{"index": 1713, "data": 0.0015699322582804597, "create_time": "2024-06-01T06:10:08.864490Z"}
{"index": 1714, "data": -0.003248577582417056, "create_time": "2024-06-01T06:10:09.586921Z"}
{"index": 1715, "data": -0.0020219765516230836, "create_time": "2024-06-01T06:10:10.288514Z"}
{"index": 1716, "data": 0.0038644506901619026, "create_time": "2024-06-01T06:10:10.928929Z"}
{"index": 1717, "data": -0.001972838249639608, "create_time": "2024-06-01T06:10:11.602607Z"}
{"index": 1718, "data": -0.0011290787209873089, "create_time": "2024-06-01T06:10:12.280511Z"}
{"index": 1719, "data": -0.00041061241063289344, "create_time": "2024-06-01T06:10:13.013268Z"}
{"index": 1720, "data": 0.001479601059691049, "create_time": "2024-06-01T06:10:13.683589Z"}
{"index": 1721, "data": -0.0018608805767144077, "create_time": "2024-06-01T06:10:14.353691Z"}
{"index": 1722, "data": -0.003234103826980572, "create_time": "2024-06-01T06:10:15.005415Z"}
{"index": 1723, "data": -0.00019201876239094418, "create_time": "2024-06-01T06:10:15.727830Z"}
{"index": 1724, "data": -0.0005037467926740646, "create_time": "2024-06-01T06:10:16.465467Z"}
{"index": 1725, "data": -0.0008225137331464794, "create_time": "2024-06-01T06:10:17.138609Z"}
{"index": 1726, "data": 0.00719215415592771, "create_time": "2024-06-01T06:10:17.864991Z"}
{"index": 1727, "data": -0.0020163453664281406, "create_time": "2024-06-01T06:10:18.573795Z"}
{"index": 1728, "data": -0.0003427779476623982, "create_time": "2024-06-01T06:10:19.285069Z"}
{"index": 1729, "data": -0.0028456086525693535, "create_time": "2024-06-01T06:10:19.954068Z"}
{"index": 1730, "data": -0.000372866349061951, "create_time": "2024-06-01T06:10:20.644697Z"}
{"index": 1731, "data": -0.0026963468990288675, "create_time": "2024-06-01T06:10:21.373875Z"}
{"index": 1732, "data": 0.00014418464561458678, "create_time": "2024-06-01T06:10:22.102336Z"}
{"index": 1733, "data": -0.0009376081259688362, "create_time": "2024-06-01T06:10:22.767311Z"}
{"index": 1734, "data": 0.0027420974103733895, "create_time": "2024-06-01T06:10:23.558362Z"}
{"index": 1735, "data": -0.002287791917751747, "create_time": "2024-06-01T06:10:24.260058Z"}
{"index": 1736, "data": 0.0010258369700750336, "create_time": "2024-06-01T06:10:25.025898Z"}
{"index": 1737, "data": -6.476460839621723e-05, "create_time": "2024-06-01T06:10:25.727623Z"}
{"index": 1738, "data": -0.0007690500089665875, "create_time": "2024-06-01T06:10:26.360520Z"}
{"index": 1739, "data": 0.0049570529052289205, "create_time": "2024-06-01T06:10:27.099737Z"}
{"index": 1740, "data": -0.001175032279570587, "create_time": "2024-06-01T06:10:27.774860Z"}
{"index": 1741, "data": -0.00013904215302318335, "create_time": "2024-06-01T06:10:28.502669Z"}
{"index": 1742, "data": 0.004978345187078048, "create_time": "2024-06-01T06:10:29.168910Z"}
{"index": 1743, "data": -0.003510701740742661, "create_time": "2024-06-01T06:10:29.898539Z"}
{"index": 1744, "data": -0.0010369961375545245, "create_time": "2024-06-01T06:10:30.694201Z"}
{"index": 1745, "data": 0.011814721535483842, "create_time": "2024-06-01T06:10:31.397678Z"}
{"index": 1746, "data": -0.003120492873858893, "create_time": "2024-06-01T06:10:32.040878Z"}
{"index": 1747, "data": -0.0013526659335184378, "create_time": "2024-06-01T06:10:32.813608Z"}
{"index": 1748, "data": -0.00016924054070841522, "create_time": "2024-06-01T06:10:33.495691Z"}
{"index": 1749, "data": -0.003299072856316343, "create_time": "2024-06-01T06:10:34.266760Z"}
{"index": 1750, "data": 0.0018484725776943378, "create_time": "2024-06-01T06:10:34.986556Z"}
{"index": 1751, "data": -0.00391108658950543, "create_time": "2024-06-01T06:10:35.657593Z"}
{"index": 1752, "data": 0.007066687336191535, "create_time": "2024-06-01T06:10:36.399588Z"}
{"index": 1753, "data": 0.0003623185388278216, "create_time": "2024-06-01T06:10:37.181638Z"}
{"index": 1754, "data": -0.0004710534478363115, "create_time": "2024-06-01T06:10:37.903241Z"}
{"index": 1755, "data": -0.0013490404176991432, "create_time": "2024-06-01T06:10:38.566844Z"}
{"index": 1756, "data": 0.0013799196749459952, "create_time": "2024-06-01T06:10:39.274891Z"}
{"index": 1757, "data": -0.001849038648651913, "create_time": "2024-06-01T06:10:40.002658Z"}
{"index": 1758, "data": -0.0008635780279291794, "create_time": "2024-06-01T06:10:40.702772Z"}
{"index": 1759, "data": -0.00035895945329684765, "create_time": "2024-06-01T06:10:41.399381Z"}
{"index": 1760, "data": -0.0004114598013984505, "create_time": "2024-06-01T06:10:42.035175Z"}
{"index": 1761, "data": -0.0003957552369683981, "create_time": "2024-06-01T06:10:42.811674Z"}
{"index": 1762, "data": -0.002265473682200536, "create_time": "2024-06-01T06:10:43.459407Z"}
{"index": 1763, "data": 0.000406977730744984, "create_time": "2024-06-01T06:10:44.141060Z"}
{"index": 1764, "data": -0.0015898382021987344, "create_time": "2024-06-01T06:10:44.845421Z"}
{"index": 1765, "data": 0.0002999660326167941, "create_time": "2024-06-01T06:10:45.651137Z"}
{"index": 1766, "data": -0.002953364246059209, "create_time": "2024-06-01T06:10:46.336703Z"}
{"index": 1767, "data": -0.0016007216938305647, "create_time": "2024-06-01T06:10:46.977881Z"}
{"index": 1768, "data": 0.001544772373745218, "create_time": "2024-06-01T06:10:47.709858Z"}
{"index": 1769, "data": -0.0034823836933355777, "create_time": "2024-06-01T06:10:48.413050Z"}
{"index": 1770, "data": 0.0001414904647390358, "create_time": "2024-06-01T06:10:49.055833Z"}
{"index": 1771, "data": 0.00010086337570101023, "create_time": "2024-06-01T06:10:49.770052Z"}
{"index": 1772, "data": -0.0012150998169090598, "create_time": "2024-06-01T06:10:50.503009Z"}
{"index": 1773, "data": 0.0014059512061066926, "create_time": "2024-06-01T06:10:51.246031Z"}
{"index": 1774, "data": -0.0008939385600569949, "create_time": "2024-06-01T06:10:51.922982Z"}
{"index": 1775, "data": 0.0005073676264146342, "create_time": "2024-06-01T06:10:52.586180Z"}
{"index": 1776, "data": -0.0007690876489505171, "create_time": "2024-06-01T06:10:53.283852Z"}
{"index": 1777, "data": 0.007595668157591717, "create_time": "2024-06-01T06:10:53.945903Z"}
{"index": 1778, "data": -0.0015652941961889154, "create_time": "2024-06-01T06:10:54.631955Z"}
{"index": 1779, "data": -0.0020052064654009884, "create_time": "2024-06-01T06:10:55.291068Z"}
{"index": 1780, "data": 0.007445208124408964, "create_time": "2024-06-01T06:10:55.933152Z"}
{"index": 1781, "data": -0.0010049616952528596, "create_time": "2024-06-01T06:10:56.671955Z"}
{"index": 1782, "data": 8.801215008134023e-05, "create_time": "2024-06-01T06:10:57.342938Z"}
{"index": 1783, "data": 0.0005421875888714567, "create_time": "2024-06-01T06:10:58.105830Z"}
{"index": 1784, "data": 0.0077036069124005735, "create_time": "2024-06-01T06:10:58.822225Z"}
{"index": 1785, "data": -0.002924030364852115, "create_time": "2024-06-01T06:10:59.549851Z"}
{"index": 1786, "data": -5.3502175433095545e-05, "create_time": "2024-06-01T06:11:00.259824Z"}
{"index": 1787, "data": -0.0009684358141385019, "create_time": "2024-06-01T06:11:00.995375Z"}
{"index": 1788, "data": -0.0031922911817673593, "create_time": "2024-06-01T06:11:01.724850Z"}
{"index": 1789, "data": -0.00020232729730196297, "create_time": "2024-06-01T06:11:02.521846Z"}
{"index": 1790, "data": -0.0004504650220042095, "create_time": "2024-06-01T06:11:03.294293Z"}
{"index": 1791, "data": 0.008591907843947411, "create_time": "2024-06-01T06:11:03.981617Z"}
{"index": 1792, "data": -0.0028370827087201176, "create_time": "2024-06-01T06:11:04.652048Z"}
{"index": 1793, "data": 0.002099527750397101, "create_time": "2024-06-01T06:11:05.337014Z"}
{"index": 1794, "data": 0.00920413143467158, "create_time": "2024-06-01T06:11:06.042892Z"}
{"index": 1795, "data": -0.004220219125272706, "create_time": "2024-06-01T06:11:06.772368Z"}
{"index": 1796, "data": 0.0016935851221205668, "create_time": "2024-06-01T06:11:07.477555Z"}
{"index": 1797, "data": -0.0033221287303604186, "create_time": "2024-06-01T06:11:08.162723Z"}
{"index": 1798, "data": 0.0011354616726748645, "create_time": "2024-06-01T06:11:08.901402Z"}
{"index": 1799, "data": -0.0002906009851358249, "create_time": "2024-06-01T06:11:09.670415Z"}
{"index": 1800, "data": 0.0022585808648727832, "create_time": "2024-06-01T06:11:10.387951Z"}
{"index": 1801, "data": -0.002225535764591768, "create_time": "2024-06-01T06:11:11.040498Z"}
{"index": 1802, "data": 0.0010547067155130207, "create_time": "2024-06-01T06:11:11.750160Z"}
{"index": 1803, "data": -0.00022402851318474858, "create_time": "2024-06-01T06:11:12.494660Z"}
{"index": 1804, "data": -0.0022116119056590834, "create_time": "2024-06-01T06:11:13.234804Z"}
{"index": 1805, "data": -0.00036372196482261645, "create_time": "2024-06-01T06:11:13.946247Z"}
{"index": 1806, "data": 0.002290289036318427, "create_time": "2024-06-01T06:11:14.642029Z"}
{"index": 1807, "data": -0.0014739058504346758, "create_time": "2024-06-01T06:11:15.318239Z"}
{"index": 1808, "data": -2.498613903298974e-05, "create_time": "2024-06-01T06:11:16.020398Z"}
{"index": 1809, "data": 0.001479800722154323, "create_time": "2024-06-01T06:11:16.659975Z"}
{"index": 1810, "data": 0.00149386920966208, "create_time": "2024-06-01T06:11:17.382468Z"}
{"index": 1811, "data": 0.01107700309366919, "create_time": "2024-06-01T06:11:18.048542Z"}
{"index": 1812, "data": -0.0019659472891362384, "create_time": "2024-06-01T06:11:18.820155Z"}
{"index": 1813, "data": 0.0007812288356944918, "create_time": "2024-06-01T06:11:19.489120Z"}
{"index": 1814, "data": 0.00905672681547003, "create_time": "2024-06-01T06:11:20.186986Z"}
{"index": 1815, "data": 0.006413781088485848, "create_time": "2024-06-01T06:11:20.839372Z"}
{"index": 1816, "data": -0.0011345954233547672, "create_time": "2024-06-01T06:11:21.649625Z"}
{"index": 1817, "data": -0.002824070462884265, "create_time": "2024-06-01T06:11:22.343272Z"}
{"index": 1818, "data": 0.0008749633219849784, "create_time": "2024-06-01T06:11:22.993752Z"}
{"index": 1819, "data": -0.0021878106708754785, "create_time": "2024-06-01T06:11:23.655895Z"}
{"index": 1820, "data": 0.006931544782128185, "create_time": "2024-06-01T06:11:24.370906Z"}
{"index": 1821, "data": 0.0004173250636085868, "create_time": "2024-06-01T06:11:25.029216Z"}
{"index": 1822, "data": -0.002016978268511593, "create_time": "2024-06-01T06:11:25.721608Z"}
{"index": 1823, "data": -0.0004685413121478632, "create_time": "2024-06-01T06:11:26.459824Z"}
{"index": 1824, "data": 0.0031137572426814587, "create_time": "2024-06-01T06:11:27.186035Z"}
{"index": 1825, "data": -0.0018095596887178545, "create_time": "2024-06-01T06:11:27.872864Z"}
{"index": 1826, "data": -0.0020742031920235604, "create_time": "2024-06-01T06:11:28.533143Z"}
{"index": 1827, "data": 0.0004889515614195262, "create_time": "2024-06-01T06:11:29.269095Z"}
{"index": 1828, "data": 0.0005142383102793247, "create_time": "2024-06-01T06:11:29.985906Z"}
{"index": 1829, "data": 0.0015414281602716073, "create_time": "2024-06-01T06:11:30.716534Z"}
{"index": 1830, "data": 0.0007018649426754564, "create_time": "2024-06-01T06:11:31.354382Z"}
{"index": 1831, "data": -0.0015814010423127911, "create_time": "2024-06-01T06:11:32.002825Z"}
{"index": 1832, "data": -0.00014567843318218364, "create_time": "2024-06-01T06:11:32.682769Z"}
{"index": 1833, "data": -0.003309973847353831, "create_time": "2024-06-01T06:11:33.428344Z"}
{"index": 1834, "data": -0.0010925900642178021, "create_time": "2024-06-01T06:11:34.091635Z"}
{"index": 1835, "data": -0.00046538531896658244, "create_time": "2024-06-01T06:11:34.753425Z"}
{"index": 1836, "data": -0.0009296615709899925, "create_time": "2024-06-01T06:11:35.390358Z"}
{"index": 1837, "data": 0.000992975349072367, "create_time": "2024-06-01T06:11:36.090601Z"}
{"index": 1838, "data": -0.0015963773679686711, "create_time": "2024-06-01T06:11:36.870317Z"}
{"index": 1839, "data": 0.0052312534302473065, "create_time": "2024-06-01T06:11:37.580343Z"}
{"index": 1840, "data": -0.003215310163795948, "create_time": "2024-06-01T06:11:38.265634Z"}
{"index": 1841, "data": -0.0009727314736664994, "create_time": "2024-06-01T06:11:39.027123Z"}
{"index": 1842, "data": -0.0027029680022678804, "create_time": "2024-06-01T06:11:39.755021Z"}
{"index": 1843, "data": 0.0008477733674226329, "create_time": "2024-06-01T06:11:40.442465Z"}
{"index": 1844, "data": 0.0038572738456423396, "create_time": "2024-06-01T06:11:41.220939Z"}
{"index": 1845, "data": 0.0024713796025025657, "create_time": "2024-06-01T06:11:41.867893Z"}
{"index": 1846, "data": -0.0035315225037265917, "create_time": "2024-06-01T06:11:42.523833Z"}
{"index": 1847, "data": -0.002594398036308121, "create_time": "2024-06-01T06:11:43.264487Z"}
{"index": 1848, "data": 0.0014397833303519292, "create_time": "2024-06-01T06:11:43.954016Z"}
{"index": 1849, "data": 0.0011390393425244837, "create_time": "2024-06-01T06:11:44.645575Z"}
{"index": 1850, "data": -0.0017449986007704865, "create_time": "2024-06-01T06:11:45.405220Z"}
{"index": 1851, "data": -0.002388139587128535, "create_time": "2024-06-01T06:11:46.112447Z"}
{"index": 1852, "data": 0.0032177674780541564, "create_time": "2024-06-01T06:11:46.769150Z"}
{"index": 1853, "data": 0.0009486687427852303, "create_time": "2024-06-01T06:11:47.441082Z"}
{"index": 1854, "data": -0.002019720722455531, "create_time": "2024-06-01T06:11:48.173982Z"}
{"index": 1855, "data": -0.003395937048480846, "create_time": "2024-06-01T06:11:48.853625Z"}
{"index": 1856, "data": 0.0017621269216760993, "create_time": "2024-06-01T06:11:49.517196Z"}
{"index": 1857, "data": -0.0010579807625617833, "create_time": "2024-06-01T06:11:50.220225Z"}
{"index": 1858, "data": -0.001991946509224363, "create_time": "2024-06-01T06:11:50.921551Z"}
{"index": 1859, "data": 8.556627835787367e-05, "create_time": "2024-06-01T06:11:51.653312Z"}
{"index": 1860, "data": 0.005876618367619812, "create_time": "2024-06-01T06:11:52.301623Z"}
{"index": 1861, "data": -0.0008408269583014772, "create_time": "2024-06-01T06:11:53.029081Z"}
{"index": 1862, "data": 0.0037493423791602255, "create_time": "2024-06-01T06:11:53.723055Z"}
{"index": 1863, "data": 0.0029770116777626753, "create_time": "2024-06-01T06:11:54.506245Z"}
{"index": 1864, "data": 0.0021848493270226754, "create_time": "2024-06-01T06:11:55.214917Z"}
{"index": 1865, "data": -0.003243526953883702, "create_time": "2024-06-01T06:11:55.906585Z"}
{"index": 1866, "data": -0.0008827521756757051, "create_time": "2024-06-01T06:11:56.574789Z"}
{"index": 1867, "data": 0.0013240579050034285, "create_time": "2024-06-01T06:11:57.271580Z"}
{"index": 1868, "data": -0.002625418140087277, "create_time": "2024-06-01T06:11:57.958463Z"}
{"index": 1869, "data": 0.0014476097043370829, "create_time": "2024-06-01T06:11:58.612763Z"}
{"index": 1870, "data": 0.0045859717560233545, "create_time": "2024-06-01T06:11:59.249093Z"}
{"index": 1871, "data": -8.230767416534945e-05, "create_time": "2024-06-01T06:11:59.905931Z"}
{"index": 1872, "data": -0.0024957903995527888, "create_time": "2024-06-01T06:12:00.662614Z"}
{"index": 1873, "data": 0.000753102849557763, "create_time": "2024-06-01T06:12:01.334112Z"}
{"index": 1874, "data": 6.92367204464972e-05, "create_time": "2024-06-01T06:12:02.128589Z"}
{"index": 1875, "data": 6.844375748187304e-05, "create_time": "2024-06-01T06:12:02.840784Z"}
{"index": 1876, "data": 0.002268440039733832, "create_time": "2024-06-01T06:12:03.634740Z"}
{"index": 1877, "data": 0.0034863915032474326, "create_time": "2024-06-01T06:12:04.306432Z"}
{"index": 1878, "data": 0.001840542271384038, "create_time": "2024-06-01T06:12:04.957809Z"}
{"index": 1879, "data": 0.005660684936447069, "create_time": "2024-06-01T06:12:05.617296Z"}
{"index": 1880, "data": 0.0011431047838414087, "create_time": "2024-06-01T06:12:06.317408Z"}
{"index": 1881, "data": 0.005656017709407024, "create_time": "2024-06-01T06:12:06.993149Z"}
{"index": 1882, "data": -0.001963106484618038, "create_time": "2024-06-01T06:12:07.713198Z"}
{"index": 1883, "data": 0.004699998030264396, "create_time": "2024-06-01T06:12:08.393823Z"}
{"index": 1884, "data": -0.0026061788710649127, "create_time": "2024-06-01T06:12:09.089265Z"}
{"index": 1885, "data": 0.0008632228320493596, "create_time": "2024-06-01T06:12:09.751197Z"}
{"index": 1886, "data": -0.003820091004672577, "create_time": "2024-06-01T06:12:10.467384Z"}
{"index": 1887, "data": 0.0015926166728604586, "create_time": "2024-06-01T06:12:11.153698Z"}
{"index": 1888, "data": -0.0008471974608255551, "create_time": "2024-06-01T06:12:11.881427Z"}
{"index": 1889, "data": -0.0007926134916488081, "create_time": "2024-06-01T06:12:12.608768Z"}
{"index": 1890, "data": -0.0004683183469751384, "create_time": "2024-06-01T06:12:13.270381Z"}
{"index": 1891, "data": 0.001886378147173673, "create_time": "2024-06-01T06:12:13.914669Z"}
{"index": 1892, "data": -0.001379524288859102, "create_time": "2024-06-01T06:12:14.578657Z"}
{"index": 1893, "data": 0.0023158102005254476, "create_time": "2024-06-01T06:12:15.266000Z"}
{"index": 1894, "data": -0.0001243136910488829, "create_time": "2024-06-01T06:12:15.998943Z"}
{"index": 1895, "data": -0.002535401628119871, "create_time": "2024-06-01T06:12:16.727724Z"}
{"index": 1896, "data": 0.0012106329173548146, "create_time": "2024-06-01T06:12:17.368372Z"}
{"index": 1897, "data": -0.00212888871319592, "create_time": "2024-06-01T06:12:18.085772Z"}
{"index": 1898, "data": 0.0010567377263214438, "create_time": "2024-06-01T06:12:18.801381Z"}
{"index": 1899, "data": 0.008953666951856575, "create_time": "2024-06-01T06:12:19.529032Z"}
{"index": 1900, "data": -0.0026330132415750994, "create_time": "2024-06-01T06:12:20.197955Z"}
{"index": 1901, "data": -0.0013555914236349053, "create_time": "2024-06-01T06:12:20.884410Z"}
{"index": 1902, "data": 0.0035011604195460677, "create_time": "2024-06-01T06:12:21.650197Z"}
{"index": 1903, "data": 0.0005049123938078992, "create_time": "2024-06-01T06:12:22.306430Z"}
{"index": 1904, "data": 0.0001568583829794079, "create_time": "2024-06-01T06:12:22.974520Z"}
{"index": 1905, "data": 0.001360126972940634, "create_time": "2024-06-01T06:12:23.612709Z"}
{"index": 1906, "data": 0.0030096177331870424, "create_time": "2024-06-01T06:12:24.343223Z"}
{"index": 1907, "data": 0.008517465181648731, "create_time": "2024-06-01T06:12:25.066601Z"}
{"index": 1908, "data": 0.0008808048820355907, "create_time": "2024-06-01T06:12:25.860604Z"}
{"index": 1909, "data": -0.00025133833114523443, "create_time": "2024-06-01T06:12:26.530119Z"}
{"index": 1910, "data": -0.0005745329457568005, "create_time": "2024-06-01T06:12:27.201940Z"}
{"index": 1911, "data": -0.00040842309826985004, "create_time": "2024-06-01T06:12:27.928034Z"}
{"index": 1912, "data": 0.00023113626812119037, "create_time": "2024-06-01T06:12:28.637966Z"}
{"index": 1913, "data": 0.002457007812336087, "create_time": "2024-06-01T06:12:29.323776Z"}
{"index": 1914, "data": -0.002715075715968851, "create_time": "2024-06-01T06:12:30.093646Z"}
{"index": 1915, "data": 0.0010845844830328134, "create_time": "2024-06-01T06:12:30.749616Z"}
{"index": 1916, "data": -0.00015789444150868804, "create_time": "2024-06-01T06:12:31.376049Z"}
{"index": 1917, "data": 0.0010691174800740554, "create_time": "2024-06-01T06:12:32.039104Z"}
{"index": 1918, "data": 0.0056080855269101445, "create_time": "2024-06-01T06:12:32.690137Z"}
{"index": 1919, "data": -0.0016666577837895602, "create_time": "2024-06-01T06:12:33.443105Z"}
{"index": 1920, "data": -0.0021624488610541446, "create_time": "2024-06-01T06:12:34.077927Z"}
{"index": 1921, "data": 0.0020937482884619387, "create_time": "2024-06-01T06:12:34.743360Z"}
{"index": 1922, "data": -0.0004990017332602292, "create_time": "2024-06-01T06:12:35.457181Z"}
{"index": 1923, "data": -2.9018911300227045e-05, "create_time": "2024-06-01T06:12:36.204090Z"}
{"index": 1924, "data": -0.002023010443917883, "create_time": "2024-06-01T06:12:36.936187Z"}
{"index": 1925, "data": 0.008525836159242317, "create_time": "2024-06-01T06:12:37.611901Z"}
{"index": 1926, "data": -0.0037220428173895927, "create_time": "2024-06-01T06:12:38.273280Z"}
{"index": 1927, "data": -0.00017103879945352675, "create_time": "2024-06-01T06:12:38.922149Z"}
{"index": 1928, "data": -0.001332156154967379, "create_time": "2024-06-01T06:12:39.546859Z"}
{"index": 1929, "data": -0.0015700514893978834, "create_time": "2024-06-01T06:12:40.259283Z"}
{"index": 1930, "data": -0.0014413947123102845, "create_time": "2024-06-01T06:12:40.987136Z"}
{"index": 1931, "data": 0.013131245085969568, "create_time": "2024-06-01T06:12:41.701685Z"}
{"index": 1932, "data": 0.0021438909228891135, "create_time": "2024-06-01T06:12:42.448308Z"}
{"index": 1933, "data": -0.00325192994569079, "create_time": "2024-06-01T06:12:43.075805Z"}
{"index": 1934, "data": -0.00021946327469777316, "create_time": "2024-06-01T06:12:43.703755Z"}
{"index": 1935, "data": -0.0008392416799324565, "create_time": "2024-06-01T06:12:44.377821Z"}
{"index": 1936, "data": 0.004181272268760949, "create_time": "2024-06-01T06:12:45.016360Z"}
{"index": 1937, "data": -0.003641600624541752, "create_time": "2024-06-01T06:12:45.744347Z"}
{"index": 1938, "data": -0.0010992968629579992, "create_time": "2024-06-01T06:12:46.411627Z"}
{"index": 1939, "data": 0.0024742344161495567, "create_time": "2024-06-01T06:12:47.061738Z"}
{"index": 1940, "data": -0.0002713383320951834, "create_time": "2024-06-01T06:12:47.739647Z"}
{"index": 1941, "data": 0.002668731343874242, "create_time": "2024-06-01T06:12:48.464192Z"}
{"index": 1942, "data": -0.001953543780837208, "create_time": "2024-06-01T06:12:49.098556Z"}
{"index": 1943, "data": 0.004022682618233376, "create_time": "2024-06-01T06:12:49.734071Z"}
{"index": 1944, "data": 0.0014759843790670857, "create_time": "2024-06-01T06:12:50.529960Z"}
{"index": 1945, "data": 0.006192373746307567, "create_time": "2024-06-01T06:12:51.367166Z"}
{"index": 1946, "data": -0.0018975090351887047, "create_time": "2024-06-01T06:12:52.042552Z"}
{"index": 1947, "data": 0.00011200069857295603, "create_time": "2024-06-01T06:12:52.711069Z"}
{"index": 1948, "data": -0.0007060384678652554, "create_time": "2024-06-01T06:12:53.346578Z"}
{"index": 1949, "data": -0.0014750844246009364, "create_time": "2024-06-01T06:12:53.991092Z"}
{"index": 1950, "data": -0.0018007235012191813, "create_time": "2024-06-01T06:12:54.746045Z"}
{"index": 1951, "data": -0.0015882730756402452, "create_time": "2024-06-01T06:12:55.414168Z"}
{"index": 1952, "data": 0.0034327660649069005, "create_time": "2024-06-01T06:12:56.095956Z"}
{"index": 1953, "data": -0.002372695875965292, "create_time": "2024-06-01T06:12:56.801472Z"}
{"index": 1954, "data": 0.0013380313452216797, "create_time": "2024-06-01T06:12:57.525214Z"}
{"index": 1955, "data": 0.004664486274123192, "create_time": "2024-06-01T06:12:58.303359Z"}
{"index": 1956, "data": 0.0018911403662059457, "create_time": "2024-06-01T06:12:58.981984Z"}
{"index": 1957, "data": -0.0023941623687278478, "create_time": "2024-06-01T06:12:59.667318Z"}
{"index": 1958, "data": -0.0019466563098831102, "create_time": "2024-06-01T06:13:00.410693Z"}
{"index": 1959, "data": 0.0010787481405714061, "create_time": "2024-06-01T06:13:01.085732Z"}
{"index": 1960, "data": 0.002085106681988691, "create_time": "2024-06-01T06:13:01.843195Z"}
{"index": 1961, "data": -0.0015202132130070823, "create_time": "2024-06-01T06:13:02.593910Z"}
{"index": 1962, "data": -0.0028148063967819324, "create_time": "2024-06-01T06:13:03.267249Z"}
{"index": 1963, "data": 0.008651758515043184, "create_time": "2024-06-01T06:13:03.980593Z"}
{"index": 1964, "data": 0.0012028695964545477, "create_time": "2024-06-01T06:13:04.691511Z"}
{"index": 1965, "data": 0.004108072875533253, "create_time": "2024-06-01T06:13:05.391638Z"}
{"index": 1966, "data": 0.0020641601673560216, "create_time": "2024-06-01T06:13:06.052158Z"}
{"index": 1967, "data": 0.0028951017564395444, "create_time": "2024-06-01T06:13:06.850809Z"}
{"index": 1968, "data": -0.00404247209080495, "create_time": "2024-06-01T06:13:07.485001Z"}
{"index": 1969, "data": 0.0003062119416426867, "create_time": "2024-06-01T06:13:08.179212Z"}
{"index": 1970, "data": 0.003266127272945596, "create_time": "2024-06-01T06:13:08.880348Z"}
{"index": 1971, "data": -0.0003255512041505426, "create_time": "2024-06-01T06:13:09.671170Z"}
{"index": 1972, "data": 0.00023822526563890278, "create_time": "2024-06-01T06:13:10.358636Z"}
{"index": 1973, "data": 0.0004930838360451162, "create_time": "2024-06-01T06:13:11.091302Z"}
{"index": 1974, "data": -0.001338090858735086, "create_time": "2024-06-01T06:13:11.754016Z"}
{"index": 1975, "data": 0.0009885127597954123, "create_time": "2024-06-01T06:13:12.437477Z"}
{"index": 1976, "data": -0.0015765229349199218, "create_time": "2024-06-01T06:13:13.116813Z"}
{"index": 1977, "data": 0.0008940557614550926, "create_time": "2024-06-01T06:13:13.750583Z"}
{"index": 1978, "data": -0.00022761736472602933, "create_time": "2024-06-01T06:13:14.457167Z"}
{"index": 1979, "data": 0.005379547824850306, "create_time": "2024-06-01T06:13:15.092494Z"}
{"index": 1980, "data": 0.00039614301931578666, "create_time": "2024-06-01T06:13:15.783668Z"}
{"index": 1981, "data": -0.0001787081222573761, "create_time": "2024-06-01T06:13:16.456640Z"}
{"index": 1982, "data": 0.0002472415071679279, "create_time": "2024-06-01T06:13:17.145800Z"}
{"index": 1983, "data": -0.0008941694381064735, "create_time": "2024-06-01T06:13:17.897500Z"}
{"index": 1984, "data": -0.0002504261559806764, "create_time": "2024-06-01T06:13:18.604987Z"}
{"index": 1985, "data": 0.0006735078175552189, "create_time": "2024-06-01T06:13:19.312953Z"}
{"index": 1986, "data": -0.001012714155285721, "create_time": "2024-06-01T06:13:19.979337Z"}
{"index": 1987, "data": -0.0028957609036297073, "create_time": "2024-06-01T06:13:20.619236Z"}
{"index": 1988, "data": 0.0005857055541127921, "create_time": "2024-06-01T06:13:21.378526Z"}
{"index": 1989, "data": 0.0015909334877505898, "create_time": "2024-06-01T06:13:22.072517Z"}
{"index": 1990, "data": 0.005581647559301928, "create_time": "2024-06-01T06:13:22.760795Z"}
{"index": 1991, "data": 0.0010101639278218499, "create_time": "2024-06-01T06:13:23.409568Z"}
{"index": 1992, "data": -0.0011416345194447785, "create_time": "2024-06-01T06:13:24.063000Z"}
{"index": 1993, "data": 0.0007722946000285446, "create_time": "2024-06-01T06:13:24.728263Z"}
{"index": 1994, "data": -7.94217994553037e-06, "create_time": "2024-06-01T06:13:25.395157Z"}
{"index": 1995, "data": -0.0016186622233362868, "create_time": "2024-06-01T06:13:26.100662Z"}
{"index": 1996, "data": 0.009039728972129523, "create_time": "2024-06-01T06:13:26.788724Z"}
{"index": 1997, "data": -0.001838552381377667, "create_time": "2024-06-01T06:13:27.541543Z"}
{"index": 1998, "data": 0.0008201047865441069, "create_time": "2024-06-01T06:13:28.204387Z"}
{"index": 1999, "data": -0.0012975695484783501, "create_time": "2024-06-01T06:13:28.843939Z"}
