{"index": 1000, "data": -0.002764047496020794, "create_time": "2024-05-31T10:18:38.059890Z"}
{"index": 1001, "data": -0.0014122285225312225, "create_time": "2024-05-31T10:18:38.779466Z"}
{"index": 1002, "data": -0.0015987905295332893, "create_time": "2024-05-31T10:18:39.595698Z"}
{"index": 1003, "data": -0.004161523343645968, "create_time": "2024-05-31T10:18:40.331856Z"}
{"index": 1004, "data": 0.0034486549520806875, "create_time": "2024-05-31T10:18:41.033200Z"}
{"index": 1005, "data": -0.0003173366392729804, "create_time": "2024-05-31T10:18:41.714224Z"}
{"index": 1006, "data": -0.0030897647608071565, "create_time": "2024-05-31T10:18:42.386454Z"}
{"index": 1007, "data": -0.002216101187514141, "create_time": "2024-05-31T10:18:43.041674Z"}
{"index": 1008, "data": -0.0011932429391890765, "create_time": "2024-05-31T10:18:43.707363Z"}
{"index": 1009, "data": -0.0014661517285276203, "create_time": "2024-05-31T10:18:44.357328Z"}
{"index": 1010, "data": -1.9054708536714317e-05, "create_time": "2024-05-31T10:18:45.011516Z"}
{"index": 1011, "data": -0.000935723609291017, "create_time": "2024-05-31T10:18:45.676563Z"}
{"index": 1012, "data": 0.0005342198594007642, "create_time": "2024-05-31T10:18:46.341464Z"}
{"index": 1013, "data": -0.005208622131613083, "create_time": "2024-05-31T10:18:46.996767Z"}
{"index": 1014, "data": 0.000551074807299301, "create_time": "2024-05-31T10:18:47.658728Z"}
{"index": 1015, "data": 0.0005379358983191196, "create_time": "2024-05-31T10:18:48.317442Z"}
{"index": 1016, "data": -0.0033830398984719067, "create_time": "2024-05-31T10:18:48.992390Z"}
{"index": 1017, "data": 0.000985002695233561, "create_time": "2024-05-31T10:18:49.688862Z"}
{"index": 1018, "data": -0.001198942503106082, "create_time": "2024-05-31T10:18:50.363676Z"}
{"index": 1019, "data": -0.004299233488563914, "create_time": "2024-05-31T10:18:51.018989Z"}
{"index": 1020, "data": -0.003563412719813641, "create_time": "2024-05-31T10:18:51.667063Z"}
{"index": 1021, "data": -0.003444087195384782, "create_time": "2024-05-31T10:18:52.331938Z"}
{"index": 1022, "data": -0.0001502255669038277, "create_time": "2024-05-31T10:18:52.989823Z"}
{"index": 1023, "data": 0.004717580644228292, "create_time": "2024-05-31T10:18:53.645798Z"}
{"index": 1024, "data": 0.004499387479154393, "create_time": "2024-05-31T10:18:54.302552Z"}
{"index": 1025, "data": -0.003904709809285123, "create_time": "2024-05-31T10:18:54.956829Z"}
{"index": 1026, "data": -0.0023557348933536558, "create_time": "2024-05-31T10:18:55.622834Z"}
{"index": 1027, "data": -0.0027498193056089805, "create_time": "2024-05-31T10:18:56.285000Z"}
{"index": 1028, "data": 0.004303779741167091, "create_time": "2024-05-31T10:18:56.942227Z"}
{"index": 1029, "data": -0.0025328778705443256, "create_time": "2024-05-31T10:18:57.601276Z"}
{"index": 1030, "data": -0.002986004238482565, "create_time": "2024-05-31T10:18:58.257306Z"}
{"index": 1031, "data": -0.003963716488215141, "create_time": "2024-05-31T10:18:58.922058Z"}
{"index": 1032, "data": -0.0026347427134169265, "create_time": "2024-05-31T10:18:59.651082Z"}
{"index": 1033, "data": -0.0016782512102508917, "create_time": "2024-05-31T10:19:00.328728Z"}
{"index": 1034, "data": 0.0037560164812020956, "create_time": "2024-05-31T10:19:01.125487Z"}
{"index": 1035, "data": -0.003601475601317361, "create_time": "2024-05-31T10:19:01.865423Z"}
{"index": 1036, "data": -0.0006555034313350915, "create_time": "2024-05-31T10:19:02.587540Z"}
{"index": 1037, "data": -0.006201071394025348, "create_time": "2024-05-31T10:19:03.309463Z"}
{"index": 1038, "data": 0.00818486743955873, "create_time": "2024-05-31T10:19:04.067546Z"}
{"index": 1039, "data": -0.0036870904397801494, "create_time": "2024-05-31T10:19:04.755027Z"}
{"index": 1040, "data": -0.0021702549100155013, "create_time": "2024-05-31T10:19:05.551423Z"}
{"index": 1041, "data": -5.42201945791021e-05, "create_time": "2024-05-31T10:19:06.244547Z"}
{"index": 1042, "data": -0.0038313905184622853, "create_time": "2024-05-31T10:19:06.939626Z"}
{"index": 1043, "data": -0.0022657767520286145, "create_time": "2024-05-31T10:19:07.657401Z"}
{"index": 1044, "data": -8.928530132834567e-05, "create_time": "2024-05-31T10:19:08.330614Z"}
{"index": 1045, "data": 0.002318290268885903, "create_time": "2024-05-31T10:19:09.036820Z"}
{"index": 1046, "data": -0.00353108617127873, "create_time": "2024-05-31T10:19:09.797534Z"}
{"index": 1047, "data": 0.008627384365536273, "create_time": "2024-05-31T10:19:10.526555Z"}
{"index": 1048, "data": -0.0050354077048723415, "create_time": "2024-05-31T10:19:11.202029Z"}
{"index": 1049, "data": -0.0004346187146438751, "create_time": "2024-05-31T10:19:11.881548Z"}
{"index": 1050, "data": -0.000633691978873685, "create_time": "2024-05-31T10:19:12.562291Z"}
{"index": 1051, "data": 0.0004844900613534264, "create_time": "2024-05-31T10:19:13.225609Z"}
{"index": 1052, "data": -0.00296818223905575, "create_time": "2024-05-31T10:19:13.986579Z"}
{"index": 1053, "data": -0.0031829773528443185, "create_time": "2024-05-31T10:19:14.717153Z"}
{"index": 1054, "data": -0.0006660635874141008, "create_time": "2024-05-31T10:19:15.377476Z"}
{"index": 1055, "data": -0.0014470610425632914, "create_time": "2024-05-31T10:19:16.190869Z"}
{"index": 1056, "data": 0.0012577432935358956, "create_time": "2024-05-31T10:19:17.022322Z"}
{"index": 1057, "data": -0.0045246474132, "create_time": "2024-05-31T10:19:17.858752Z"}
{"index": 1058, "data": -0.002321094460785389, "create_time": "2024-05-31T10:19:18.602444Z"}
{"index": 1059, "data": -0.0016139764280524104, "create_time": "2024-05-31T10:19:19.416474Z"}
{"index": 1060, "data": 0.0009112196567002684, "create_time": "2024-05-31T10:19:20.180431Z"}
{"index": 1061, "data": 0.0016917202632612317, "create_time": "2024-05-31T10:19:20.833941Z"}
{"index": 1062, "data": -0.0008267807657830417, "create_time": "2024-05-31T10:19:21.511983Z"}
{"index": 1063, "data": -0.004151644767262042, "create_time": "2024-05-31T10:19:22.248578Z"}
{"index": 1064, "data": -0.002954246214358136, "create_time": "2024-05-31T10:19:23.005234Z"}
{"index": 1065, "data": -0.0008324291091412305, "create_time": "2024-05-31T10:19:23.701361Z"}
{"index": 1066, "data": 0.0004536252934485674, "create_time": "2024-05-31T10:19:24.470223Z"}
{"index": 1067, "data": -0.0008529831229679985, "create_time": "2024-05-31T10:19:25.206538Z"}
{"index": 1068, "data": 0.0013074622103886214, "create_time": "2024-05-31T10:19:25.858143Z"}
{"index": 1069, "data": -0.004564650969405193, "create_time": "2024-05-31T10:19:26.547784Z"}
{"index": 1070, "data": -0.0008968706082669087, "create_time": "2024-05-31T10:19:27.323896Z"}
{"index": 1071, "data": 0.001189748040633276, "create_time": "2024-05-31T10:19:27.983226Z"}
{"index": 1072, "data": -0.002669574596802704, "create_time": "2024-05-31T10:19:28.752111Z"}
{"index": 1073, "data": 0.00220414779469138, "create_time": "2024-05-31T10:19:29.414771Z"}
{"index": 1074, "data": -0.0025248289573937656, "create_time": "2024-05-31T10:19:30.096735Z"}
{"index": 1075, "data": -0.002108114915245096, "create_time": "2024-05-31T10:19:30.780075Z"}
{"index": 1076, "data": -0.0005860624412889592, "create_time": "2024-05-31T10:19:31.535944Z"}
{"index": 1077, "data": 0.0014378523104824127, "create_time": "2024-05-31T10:19:32.241888Z"}
{"index": 1078, "data": -0.003619597214856185, "create_time": "2024-05-31T10:19:32.989677Z"}
{"index": 1079, "data": -0.0019516551794367843, "create_time": "2024-05-31T10:19:33.642364Z"}
{"index": 1080, "data": -0.0027482590718136634, "create_time": "2024-05-31T10:19:34.416702Z"}
{"index": 1081, "data": -0.003763016193988733, "create_time": "2024-05-31T10:19:35.109100Z"}
{"index": 1082, "data": -0.0004509204576606862, "create_time": "2024-05-31T10:19:35.753398Z"}
{"index": 1083, "data": -0.0024302529243868777, "create_time": "2024-05-31T10:19:36.424930Z"}
{"index": 1084, "data": -0.0014571165782399475, "create_time": "2024-05-31T10:19:37.188596Z"}
{"index": 1085, "data": -0.0037131683056941256, "create_time": "2024-05-31T10:19:37.917009Z"}
{"index": 1086, "data": -0.001854490101686679, "create_time": "2024-05-31T10:19:38.582238Z"}
{"index": 1087, "data": -0.0009575648252393876, "create_time": "2024-05-31T10:19:39.253106Z"}
{"index": 1088, "data": 0.0005713275866582989, "create_time": "2024-05-31T10:19:39.907589Z"}
{"index": 1089, "data": 0.0024650232342537494, "create_time": "2024-05-31T10:19:40.729629Z"}
{"index": 1090, "data": -0.0040743183897575365, "create_time": "2024-05-31T10:19:41.388681Z"}
{"index": 1091, "data": 0.004590206721331924, "create_time": "2024-05-31T10:19:42.066020Z"}
{"index": 1092, "data": -0.004019787647848716, "create_time": "2024-05-31T10:19:42.733756Z"}
{"index": 1093, "data": -0.00011447857832536101, "create_time": "2024-05-31T10:19:43.506934Z"}
{"index": 1094, "data": -0.0022527535395056473, "create_time": "2024-05-31T10:19:44.177037Z"}
{"index": 1095, "data": -0.0005668081153999083, "create_time": "2024-05-31T10:19:44.880738Z"}
{"index": 1096, "data": -0.0005597049996140413, "create_time": "2024-05-31T10:19:45.519448Z"}
{"index": 1097, "data": -0.003603299183305353, "create_time": "2024-05-31T10:19:46.244345Z"}
{"index": 1098, "data": -0.0005486250098329038, "create_time": "2024-05-31T10:19:46.991986Z"}
{"index": 1099, "data": -0.0009528093331027776, "create_time": "2024-05-31T10:19:47.676474Z"}
{"index": 1100, "data": -0.0004936083007123671, "create_time": "2024-05-31T10:19:48.360671Z"}
{"index": 1101, "data": 0.0021653368137776853, "create_time": "2024-05-31T10:19:49.019806Z"}
{"index": 1102, "data": -0.0016221467056311667, "create_time": "2024-05-31T10:19:49.739344Z"}
{"index": 1103, "data": -0.0002625397697556764, "create_time": "2024-05-31T10:19:50.396231Z"}
{"index": 1104, "data": -0.003998494185361778, "create_time": "2024-05-31T10:19:51.048902Z"}
{"index": 1105, "data": 0.0014470393129158766, "create_time": "2024-05-31T10:19:51.795717Z"}
{"index": 1106, "data": -0.00016773499264672865, "create_time": "2024-05-31T10:19:52.520273Z"}
{"index": 1107, "data": -0.0037157975566515233, "create_time": "2024-05-31T10:19:53.160071Z"}
{"index": 1108, "data": 0.002367971854982898, "create_time": "2024-05-31T10:19:53.885473Z"}
{"index": 1109, "data": -3.834757899312535e-05, "create_time": "2024-05-31T10:19:54.660278Z"}
{"index": 1110, "data": -0.0034381778837996534, "create_time": "2024-05-31T10:19:55.395782Z"}
{"index": 1111, "data": 0.010137367446441203, "create_time": "2024-05-31T10:19:56.037553Z"}
{"index": 1112, "data": -0.00409167115794844, "create_time": "2024-05-31T10:19:56.699281Z"}
{"index": 1113, "data": -0.0031864028162090106, "create_time": "2024-05-31T10:19:57.341745Z"}
{"index": 1114, "data": 0.0012100070191081614, "create_time": "2024-05-31T10:19:57.985017Z"}
{"index": 1115, "data": -0.0011366281658411026, "create_time": "2024-05-31T10:19:58.745694Z"}
{"index": 1116, "data": -0.0023651882773265244, "create_time": "2024-05-31T10:19:59.573891Z"}
{"index": 1117, "data": 0.000768867225269787, "create_time": "2024-05-31T10:20:00.401126Z"}
{"index": 1118, "data": 0.0004632687196135521, "create_time": "2024-05-31T10:20:01.181506Z"}
{"index": 1119, "data": -0.0024757914499787146, "create_time": "2024-05-31T10:20:01.871271Z"}
{"index": 1120, "data": 0.00211921788577456, "create_time": "2024-05-31T10:20:02.573497Z"}
{"index": 1121, "data": -0.0011829055452835745, "create_time": "2024-05-31T10:20:03.264870Z"}
{"index": 1122, "data": -0.00260719355837864, "create_time": "2024-05-31T10:20:03.958519Z"}
{"index": 1123, "data": -0.0013089296873658896, "create_time": "2024-05-31T10:20:04.696952Z"}
{"index": 1124, "data": 0.001227796841703821, "create_time": "2024-05-31T10:20:05.419820Z"}
{"index": 1125, "data": -0.0027857953202328643, "create_time": "2024-05-31T10:20:06.062224Z"}
{"index": 1126, "data": -0.00021199639013502747, "create_time": "2024-05-31T10:20:06.747187Z"}
{"index": 1127, "data": -0.0002706010396650527, "create_time": "2024-05-31T10:20:07.475131Z"}
{"index": 1128, "data": 0.0030821860360447316, "create_time": "2024-05-31T10:20:08.154361Z"}
{"index": 1129, "data": -0.0026422592360177076, "create_time": "2024-05-31T10:20:08.840191Z"}
{"index": 1130, "data": 0.0010209500120254233, "create_time": "2024-05-31T10:20:09.483876Z"}
{"index": 1131, "data": -0.002708961762255058, "create_time": "2024-05-31T10:20:10.274381Z"}
{"index": 1132, "data": -0.0018790738584357313, "create_time": "2024-05-31T10:20:10.972473Z"}
{"index": 1133, "data": -0.002349236219743034, "create_time": "2024-05-31T10:20:11.690679Z"}
{"index": 1134, "data": -0.0017767745099263265, "create_time": "2024-05-31T10:20:12.422059Z"}
{"index": 1135, "data": 0.0005769739174866118, "create_time": "2024-05-31T10:20:13.233737Z"}
{"index": 1136, "data": -0.0009822561405599117, "create_time": "2024-05-31T10:20:13.875716Z"}
{"index": 1137, "data": 0.009195191803155468, "create_time": "2024-05-31T10:20:14.615311Z"}
{"index": 1138, "data": -0.004707213876827154, "create_time": "2024-05-31T10:20:15.306802Z"}
{"index": 1139, "data": 0.004591948270535795, "create_time": "2024-05-31T10:20:15.991924Z"}
{"index": 1140, "data": -0.0017907705041579902, "create_time": "2024-05-31T10:20:16.777367Z"}
{"index": 1141, "data": -0.002242409166683501, "create_time": "2024-05-31T10:20:17.534706Z"}
{"index": 1142, "data": 0.0017516793159302324, "create_time": "2024-05-31T10:20:18.282315Z"}
{"index": 1143, "data": -0.0024777494691079482, "create_time": "2024-05-31T10:20:18.923729Z"}
{"index": 1144, "data": -0.0010196762043051422, "create_time": "2024-05-31T10:20:19.603858Z"}
{"index": 1145, "data": -0.0003243053506594151, "create_time": "2024-05-31T10:20:20.448719Z"}
{"index": 1146, "data": -0.004333218556712382, "create_time": "2024-05-31T10:20:21.202652Z"}
{"index": 1147, "data": -0.0009245800669305026, "create_time": "2024-05-31T10:20:21.907081Z"}
{"index": 1148, "data": -0.00170742109476123, "create_time": "2024-05-31T10:20:22.646451Z"}
{"index": 1149, "data": -0.0010885078641877043, "create_time": "2024-05-31T10:20:23.306975Z"}
{"index": 1150, "data": 0.0016762061917688698, "create_time": "2024-05-31T10:20:24.096065Z"}
{"index": 1151, "data": -0.0003646155644673854, "create_time": "2024-05-31T10:20:24.812575Z"}
{"index": 1152, "data": 0.0005205659661442041, "create_time": "2024-05-31T10:20:25.543207Z"}
{"index": 1153, "data": -0.003241372665797826, "create_time": "2024-05-31T10:20:26.303732Z"}
{"index": 1154, "data": 0.003743480978300795, "create_time": "2024-05-31T10:20:26.932908Z"}
{"index": 1155, "data": -0.0024941453739302233, "create_time": "2024-05-31T10:20:27.651621Z"}
{"index": 1156, "data": -0.001574703530059196, "create_time": "2024-05-31T10:20:28.433923Z"}
{"index": 1157, "data": -0.00105939022032544, "create_time": "2024-05-31T10:20:29.084616Z"}
{"index": 1158, "data": 0.0008548542798962444, "create_time": "2024-05-31T10:20:29.906083Z"}
{"index": 1159, "data": -0.0024053481611190364, "create_time": "2024-05-31T10:20:30.562540Z"}
{"index": 1160, "data": 0.0002695285074878484, "create_time": "2024-05-31T10:20:31.290263Z"}
{"index": 1161, "data": 0.0006020229266141541, "create_time": "2024-05-31T10:20:31.936050Z"}
{"index": 1162, "data": -0.0035767323817708528, "create_time": "2024-05-31T10:20:32.603464Z"}
{"index": 1163, "data": -0.004589991428656503, "create_time": "2024-05-31T10:20:33.264517Z"}
{"index": 1164, "data": 0.00014948767493478955, "create_time": "2024-05-31T10:20:33.987132Z"}
{"index": 1165, "data": -0.0009795041900360958, "create_time": "2024-05-31T10:20:34.765519Z"}
{"index": 1166, "data": 0.0020530576428427596, "create_time": "2024-05-31T10:20:35.409106Z"}
{"index": 1167, "data": -0.0017641830199863762, "create_time": "2024-05-31T10:20:36.063730Z"}
{"index": 1168, "data": 0.0010463586280820892, "create_time": "2024-05-31T10:20:36.837810Z"}
{"index": 1169, "data": -0.0046038566972129045, "create_time": "2024-05-31T10:20:37.574888Z"}
{"index": 1170, "data": -0.003150376843404956, "create_time": "2024-05-31T10:20:38.215035Z"}
{"index": 1171, "data": -0.003915100044105202, "create_time": "2024-05-31T10:20:39.036583Z"}
{"index": 1172, "data": -0.00037600387586280706, "create_time": "2024-05-31T10:20:39.674053Z"}
{"index": 1173, "data": -0.0004885287591605448, "create_time": "2024-05-31T10:20:40.446036Z"}
{"index": 1174, "data": 0.0005766499292803928, "create_time": "2024-05-31T10:20:41.167899Z"}
{"index": 1175, "data": -0.0009036215371452272, "create_time": "2024-05-31T10:20:41.841306Z"}
{"index": 1176, "data": -0.00036824217240791766, "create_time": "2024-05-31T10:20:42.518503Z"}
{"index": 1177, "data": -0.002393119694897905, "create_time": "2024-05-31T10:20:43.187005Z"}
{"index": 1178, "data": -0.00174536160484422, "create_time": "2024-05-31T10:20:43.832711Z"}
{"index": 1179, "data": 0.002811445028055459, "create_time": "2024-05-31T10:20:44.509075Z"}
{"index": 1180, "data": -0.004005970980506391, "create_time": "2024-05-31T10:20:45.239222Z"}
{"index": 1181, "data": -0.0026155984727665783, "create_time": "2024-05-31T10:20:46.000705Z"}
{"index": 1182, "data": -0.0011151100508868695, "create_time": "2024-05-31T10:20:46.741438Z"}
{"index": 1183, "data": -0.00012481026351451874, "create_time": "2024-05-31T10:20:47.400972Z"}
{"index": 1184, "data": 0.007567009287140536, "create_time": "2024-05-31T10:20:48.126129Z"}
{"index": 1185, "data": -0.00046356837556231766, "create_time": "2024-05-31T10:20:48.767027Z"}
{"index": 1186, "data": 0.0038187716156244276, "create_time": "2024-05-31T10:20:49.513374Z"}
{"index": 1187, "data": -0.0015840944135561586, "create_time": "2024-05-31T10:20:50.214297Z"}
{"index": 1188, "data": -0.0006932203599717468, "create_time": "2024-05-31T10:20:50.941903Z"}
{"index": 1189, "data": -0.0010178302880376577, "create_time": "2024-05-31T10:20:51.592513Z"}
{"index": 1190, "data": -0.0010050358076114207, "create_time": "2024-05-31T10:20:52.320849Z"}
{"index": 1191, "data": 0.007908739661797882, "create_time": "2024-05-31T10:20:53.032752Z"}
{"index": 1192, "data": -0.0005085560653242283, "create_time": "2024-05-31T10:20:53.728196Z"}
{"index": 1193, "data": 0.003508941145992139, "create_time": "2024-05-31T10:20:54.401105Z"}
{"index": 1194, "data": 0.0005629396193398862, "create_time": "2024-05-31T10:20:55.121403Z"}
{"index": 1195, "data": -0.0009517881568172015, "create_time": "2024-05-31T10:20:55.925430Z"}
{"index": 1196, "data": -0.0021524247247725727, "create_time": "2024-05-31T10:20:56.664269Z"}
{"index": 1197, "data": -0.0009268258072552271, "create_time": "2024-05-31T10:20:57.295561Z"}
{"index": 1198, "data": 0.0006725378392729908, "create_time": "2024-05-31T10:20:57.927701Z"}
{"index": 1199, "data": -0.0005388107223552651, "create_time": "2024-05-31T10:20:58.658614Z"}
{"index": 1200, "data": -0.0022523261955939232, "create_time": "2024-05-31T10:20:59.291710Z"}
{"index": 1201, "data": 0.00010337647690903396, "create_time": "2024-05-31T10:21:00.015758Z"}
{"index": 1202, "data": 1.0957600898109376e-05, "create_time": "2024-05-31T10:21:00.733389Z"}
{"index": 1203, "data": 0.0028004569503536914, "create_time": "2024-05-31T10:21:01.441735Z"}
{"index": 1204, "data": -0.001875780208501965, "create_time": "2024-05-31T10:21:02.173239Z"}
{"index": 1205, "data": 0.0025494502624496818, "create_time": "2024-05-31T10:21:02.830872Z"}
{"index": 1206, "data": -0.0004240431258949684, "create_time": "2024-05-31T10:21:03.466734Z"}
{"index": 1207, "data": -0.0005848199944011867, "create_time": "2024-05-31T10:21:04.126783Z"}
{"index": 1208, "data": -0.0021651267808920236, "create_time": "2024-05-31T10:21:04.755323Z"}
{"index": 1209, "data": -0.0009498323750449344, "create_time": "2024-05-31T10:21:05.443685Z"}
{"index": 1210, "data": -0.0006890583405038342, "create_time": "2024-05-31T10:21:06.084118Z"}
{"index": 1211, "data": -0.0011851541843498127, "create_time": "2024-05-31T10:21:06.858794Z"}
{"index": 1212, "data": -0.002846875015529804, "create_time": "2024-05-31T10:21:07.645113Z"}
{"index": 1213, "data": -0.001749510820081923, "create_time": "2024-05-31T10:21:08.398191Z"}
{"index": 1214, "data": 0.0013360646698856726, "create_time": "2024-05-31T10:21:09.166178Z"}
{"index": 1215, "data": -0.002263039144600043, "create_time": "2024-05-31T10:21:09.871234Z"}
{"index": 1216, "data": -0.0030127905018161984, "create_time": "2024-05-31T10:21:10.586683Z"}
{"index": 1217, "data": 0.0033233559603104367, "create_time": "2024-05-31T10:21:11.373274Z"}
{"index": 1218, "data": -0.0013444853626424446, "create_time": "2024-05-31T10:21:12.148182Z"}
{"index": 1219, "data": 0.0028519786836113782, "create_time": "2024-05-31T10:21:12.790685Z"}
{"index": 1220, "data": -0.00323030445506447, "create_time": "2024-05-31T10:21:13.432731Z"}
{"index": 1221, "data": 0.005085885655716993, "create_time": "2024-05-31T10:21:14.232461Z"}
{"index": 1222, "data": -0.002320353590766899, "create_time": "2024-05-31T10:21:14.881406Z"}
{"index": 1223, "data": -0.001214809252996929, "create_time": "2024-05-31T10:21:15.549102Z"}
{"index": 1224, "data": 0.005129233078332618, "create_time": "2024-05-31T10:21:16.326571Z"}
{"index": 1225, "data": -0.004076011138386093, "create_time": "2024-05-31T10:21:17.071953Z"}
{"index": 1226, "data": -0.00099382221524138, "create_time": "2024-05-31T10:21:17.799094Z"}
{"index": 1227, "data": -0.003464268255629577, "create_time": "2024-05-31T10:21:18.541066Z"}
{"index": 1228, "data": 0.004004730137239676, "create_time": "2024-05-31T10:21:19.182317Z"}
{"index": 1229, "data": -0.0010829475126229227, "create_time": "2024-05-31T10:21:19.920196Z"}
{"index": 1230, "data": -0.0014058667817153036, "create_time": "2024-05-31T10:21:20.573400Z"}
{"index": 1231, "data": 0.0015191956830676646, "create_time": "2024-05-31T10:21:21.203441Z"}
{"index": 1232, "data": 0.0004002105609629325, "create_time": "2024-05-31T10:21:21.864715Z"}
{"index": 1233, "data": -0.003336157762532821, "create_time": "2024-05-31T10:21:22.617930Z"}
{"index": 1234, "data": 0.0134049274638528, "create_time": "2024-05-31T10:21:23.275889Z"}
{"index": 1235, "data": -0.0031112478580325844, "create_time": "2024-05-31T10:21:23.965748Z"}
{"index": 1236, "data": 6.0748562100343405e-05, "create_time": "2024-05-31T10:21:24.618430Z"}
{"index": 1237, "data": -0.002474102010455681, "create_time": "2024-05-31T10:21:25.284765Z"}
{"index": 1238, "data": -0.0016101164306746795, "create_time": "2024-05-31T10:21:26.029162Z"}
{"index": 1239, "data": 0.0015420870389789344, "create_time": "2024-05-31T10:21:26.676500Z"}
{"index": 1240, "data": -0.0006926604623004095, "create_time": "2024-05-31T10:21:27.467080Z"}
{"index": 1241, "data": -0.0013157121575204656, "create_time": "2024-05-31T10:21:28.161134Z"}
{"index": 1242, "data": 0.003228387791023124, "create_time": "2024-05-31T10:21:28.914542Z"}
{"index": 1243, "data": -0.003024153201840818, "create_time": "2024-05-31T10:21:29.574711Z"}
{"index": 1244, "data": 0.00026784001383930447, "create_time": "2024-05-31T10:21:30.272372Z"}
{"index": 1245, "data": -0.001617690795683302, "create_time": "2024-05-31T10:21:30.952488Z"}
{"index": 1246, "data": -0.0014528527244692668, "create_time": "2024-05-31T10:21:31.594542Z"}
{"index": 1247, "data": 0.01367654264322482, "create_time": "2024-05-31T10:21:32.326252Z"}
{"index": 1248, "data": -0.002071512077236548, "create_time": "2024-05-31T10:21:33.064525Z"}
{"index": 1249, "data": -0.0018507695451262407, "create_time": "2024-05-31T10:21:33.773904Z"}
{"index": 1250, "data": 0.0018065689509967342, "create_time": "2024-05-31T10:21:34.461712Z"}
{"index": 1251, "data": -0.0023018863546894865, "create_time": "2024-05-31T10:21:35.193787Z"}
{"index": 1252, "data": -0.0022787059075199067, "create_time": "2024-05-31T10:21:35.855638Z"}
{"index": 1253, "data": 0.001008191442815587, "create_time": "2024-05-31T10:21:36.567364Z"}
{"index": 1254, "data": 0.0003434500998992007, "create_time": "2024-05-31T10:21:37.295326Z"}
{"index": 1255, "data": -0.0029876540007535367, "create_time": "2024-05-31T10:21:38.000301Z"}
{"index": 1256, "data": 5.080954506411217e-05, "create_time": "2024-05-31T10:21:38.764913Z"}
{"index": 1257, "data": 0.0014936902229237604, "create_time": "2024-05-31T10:21:39.466527Z"}
{"index": 1258, "data": -0.0007876862335251644, "create_time": "2024-05-31T10:21:40.198318Z"}
{"index": 1259, "data": 0.0016350802150554955, "create_time": "2024-05-31T10:21:40.865965Z"}
{"index": 1260, "data": -0.0019935908407205717, "create_time": "2024-05-31T10:21:41.577791Z"}
{"index": 1261, "data": 0.006464475387474522, "create_time": "2024-05-31T10:21:42.209515Z"}
{"index": 1262, "data": 0.0006918370752828195, "create_time": "2024-05-31T10:21:42.853510Z"}
{"index": 1263, "data": -0.0021382451173849403, "create_time": "2024-05-31T10:21:43.593045Z"}
{"index": 1264, "data": -0.0008338756510056555, "create_time": "2024-05-31T10:21:44.393053Z"}
{"index": 1265, "data": -0.0009824824141105638, "create_time": "2024-05-31T10:21:45.033970Z"}
{"index": 1266, "data": -0.0012052943173330277, "create_time": "2024-05-31T10:21:45.686834Z"}
{"index": 1267, "data": 0.004542460630182177, "create_time": "2024-05-31T10:21:46.323526Z"}
{"index": 1268, "data": -0.0038855860431795007, "create_time": "2024-05-31T10:21:47.103372Z"}
{"index": 1269, "data": 0.003147388610523194, "create_time": "2024-05-31T10:21:47.776871Z"}
{"index": 1270, "data": -0.0024810586328385398, "create_time": "2024-05-31T10:21:48.416979Z"}
{"index": 1271, "data": 0.002924767217336921, "create_time": "2024-05-31T10:21:49.042866Z"}
{"index": 1272, "data": -0.0022213601449038835, "create_time": "2024-05-31T10:21:49.768927Z"}
{"index": 1273, "data": -0.0013249254447146087, "create_time": "2024-05-31T10:21:50.400617Z"}
{"index": 1274, "data": 0.0005028768864576705, "create_time": "2024-05-31T10:21:51.108210Z"}
{"index": 1275, "data": 0.00016891711711650715, "create_time": "2024-05-31T10:21:51.736988Z"}
{"index": 1276, "data": 0.0028135768938227558, "create_time": "2024-05-31T10:21:52.409490Z"}
{"index": 1277, "data": -0.002542932578944601, "create_time": "2024-05-31T10:21:53.071480Z"}
{"index": 1278, "data": -0.00016679444925102871, "create_time": "2024-05-31T10:21:53.769873Z"}
{"index": 1279, "data": 0.004014140128856525, "create_time": "2024-05-31T10:21:54.424401Z"}
{"index": 1280, "data": 0.0007581258952995995, "create_time": "2024-05-31T10:21:55.164470Z"}
{"index": 1281, "data": -0.0019940991158364342, "create_time": "2024-05-31T10:21:55.862997Z"}
{"index": 1282, "data": 2.9459579673130064e-05, "create_time": "2024-05-31T10:21:56.601763Z"}
{"index": 1283, "data": -0.0028132029070548014, "create_time": "2024-05-31T10:21:57.235184Z"}
{"index": 1284, "data": 0.0009621779958251864, "create_time": "2024-05-31T10:21:57.914481Z"}
{"index": 1285, "data": -0.0016612734587397426, "create_time": "2024-05-31T10:21:58.693864Z"}
{"index": 1286, "data": -0.00019496989843901247, "create_time": "2024-05-31T10:21:59.384647Z"}
{"index": 1287, "data": -0.0007778616374707781, "create_time": "2024-05-31T10:22:00.067909Z"}
{"index": 1288, "data": 0.0033078313805162906, "create_time": "2024-05-31T10:22:00.817101Z"}
{"index": 1289, "data": -0.0009694237873191014, "create_time": "2024-05-31T10:22:01.612397Z"}
{"index": 1290, "data": -0.000939057443611091, "create_time": "2024-05-31T10:22:02.252050Z"}
{"index": 1291, "data": -0.002504033735021949, "create_time": "2024-05-31T10:22:02.947426Z"}
{"index": 1292, "data": 0.0027786046615801752, "create_time": "2024-05-31T10:22:03.613082Z"}
{"index": 1293, "data": -0.004077123731258325, "create_time": "2024-05-31T10:22:04.329097Z"}
{"index": 1294, "data": 0.0012866858234701795, "create_time": "2024-05-31T10:22:04.977059Z"}
{"index": 1295, "data": -0.0009152958014965407, "create_time": "2024-05-31T10:22:05.620186Z"}
{"index": 1296, "data": -0.0021418775955680757, "create_time": "2024-05-31T10:22:06.321497Z"}
{"index": 1297, "data": 0.0020978555199690162, "create_time": "2024-05-31T10:22:07.028735Z"}
{"index": 1298, "data": -0.0024396722621531806, "create_time": "2024-05-31T10:22:07.727929Z"}
{"index": 1299, "data": 0.0024770833377260717, "create_time": "2024-05-31T10:22:08.417803Z"}
{"index": 1300, "data": -0.001352951693115756, "create_time": "2024-05-31T10:22:09.060104Z"}
{"index": 1301, "data": 0.0002108577078615781, "create_time": "2024-05-31T10:22:09.714289Z"}
{"index": 1302, "data": -0.001491225835343357, "create_time": "2024-05-31T10:22:10.426484Z"}
{"index": 1303, "data": 0.009754964443709468, "create_time": "2024-05-31T10:22:11.070670Z"}
{"index": 1304, "data": -0.003533907288510818, "create_time": "2024-05-31T10:22:11.699416Z"}
{"index": 1305, "data": -0.0036804662871873007, "create_time": "2024-05-31T10:22:12.391831Z"}
{"index": 1306, "data": 0.0011771988763939589, "create_time": "2024-05-31T10:22:13.031237Z"}
{"index": 1307, "data": -0.0030601630569435656, "create_time": "2024-05-31T10:22:13.840889Z"}
{"index": 1308, "data": -0.0006433680449845269, "create_time": "2024-05-31T10:22:14.555324Z"}
{"index": 1309, "data": 1.1073786299675704e-05, "create_time": "2024-05-31T10:22:15.189099Z"}
{"index": 1310, "data": 0.0016101979039376602, "create_time": "2024-05-31T10:22:15.941851Z"}
{"index": 1311, "data": 0.0023110788024496287, "create_time": "2024-05-31T10:22:16.648564Z"}
{"index": 1312, "data": -0.0029734235780779273, "create_time": "2024-05-31T10:22:17.367796Z"}
{"index": 1313, "data": -0.0005489107104949653, "create_time": "2024-05-31T10:22:18.012549Z"}
{"index": 1314, "data": 0.0006827078555943445, "create_time": "2024-05-31T10:22:18.738592Z"}
{"index": 1315, "data": -4.0007143979892135e-05, "create_time": "2024-05-31T10:22:19.445233Z"}
{"index": 1316, "data": -0.002708985806839337, "create_time": "2024-05-31T10:22:20.141566Z"}
{"index": 1317, "data": -0.0015123408935323822, "create_time": "2024-05-31T10:22:20.776098Z"}
{"index": 1318, "data": 0.00026569386827759447, "create_time": "2024-05-31T10:22:21.472570Z"}
{"index": 1319, "data": 0.0010634963924530893, "create_time": "2024-05-31T10:22:22.194006Z"}
{"index": 1320, "data": -0.002348299384175334, "create_time": "2024-05-31T10:22:22.889109Z"}
{"index": 1321, "data": -0.0018486598855815828, "create_time": "2024-05-31T10:22:23.607001Z"}
{"index": 1322, "data": -0.00021904301247559487, "create_time": "2024-05-31T10:22:24.309665Z"}
{"index": 1323, "data": 0.006584673066390679, "create_time": "2024-05-31T10:22:24.946268Z"}
{"index": 1324, "data": -0.001567808401887305, "create_time": "2024-05-31T10:22:25.583357Z"}
{"index": 1325, "data": -0.0018041679844827741, "create_time": "2024-05-31T10:22:26.231964Z"}
{"index": 1326, "data": 0.00010119957732968032, "create_time": "2024-05-31T10:22:26.878954Z"}
{"index": 1327, "data": -0.0030862366780638694, "create_time": "2024-05-31T10:22:27.528895Z"}
{"index": 1328, "data": -0.0004194249107968062, "create_time": "2024-05-31T10:22:28.239207Z"}
{"index": 1329, "data": 0.0039627741323783995, "create_time": "2024-05-31T10:22:28.978316Z"}
{"index": 1330, "data": -0.0010408712976641254, "create_time": "2024-05-31T10:22:29.713435Z"}
{"index": 1331, "data": -0.004178807452717592, "create_time": "2024-05-31T10:22:30.425985Z"}
{"index": 1332, "data": 0.0010390234678197886, "create_time": "2024-05-31T10:22:31.208900Z"}
{"index": 1333, "data": -0.0015799492946825921, "create_time": "2024-05-31T10:22:31.885672Z"}
{"index": 1334, "data": -0.0028116744360886514, "create_time": "2024-05-31T10:22:32.591814Z"}
{"index": 1335, "data": -0.0010952529657515698, "create_time": "2024-05-31T10:22:33.360413Z"}
{"index": 1336, "data": 0.0008210383559344337, "create_time": "2024-05-31T10:22:34.079173Z"}
{"index": 1337, "data": 0.01056399085209705, "create_time": "2024-05-31T10:22:34.705816Z"}
{"index": 1338, "data": -0.002094856736948714, "create_time": "2024-05-31T10:22:35.450058Z"}
{"index": 1339, "data": -0.0006397314464265946, "create_time": "2024-05-31T10:22:36.210668Z"}
{"index": 1340, "data": 0.0007605644495924935, "create_time": "2024-05-31T10:22:36.880729Z"}
{"index": 1341, "data": -0.001703203008219134, "create_time": "2024-05-31T10:22:37.587434Z"}
{"index": 1342, "data": 0.006015343088074587, "create_time": "2024-05-31T10:22:38.315552Z"}
{"index": 1343, "data": -0.0003690433979500085, "create_time": "2024-05-31T10:22:38.940859Z"}
{"index": 1344, "data": -0.0007653080319869332, "create_time": "2024-05-31T10:22:39.613482Z"}
{"index": 1345, "data": -0.00012467583874240518, "create_time": "2024-05-31T10:22:40.310171Z"}
{"index": 1346, "data": -0.003053084775456227, "create_time": "2024-05-31T10:22:40.958218Z"}
{"index": 1347, "data": 0.0029474673228833126, "create_time": "2024-05-31T10:22:41.642320Z"}
{"index": 1348, "data": -0.0009734581864904613, "create_time": "2024-05-31T10:22:42.346437Z"}
{"index": 1349, "data": 0.000567717513331445, "create_time": "2024-05-31T10:22:42.981244Z"}
{"index": 1350, "data": -0.0007749703159788624, "create_time": "2024-05-31T10:22:43.661883Z"}
{"index": 1351, "data": 0.004340987853356637, "create_time": "2024-05-31T10:22:44.385990Z"}
{"index": 1352, "data": -0.0039059355378412873, "create_time": "2024-05-31T10:22:45.011992Z"}
{"index": 1353, "data": 0.002158711352967657, "create_time": "2024-05-31T10:22:45.744360Z"}
{"index": 1354, "data": -0.0013022398299654015, "create_time": "2024-05-31T10:22:46.377900Z"}
{"index": 1355, "data": 0.00013905358500778675, "create_time": "2024-05-31T10:22:47.121585Z"}
{"index": 1356, "data": -0.0010338484000385507, "create_time": "2024-05-31T10:22:47.753055Z"}
{"index": 1357, "data": -0.0026568291669718746, "create_time": "2024-05-31T10:22:48.462840Z"}
{"index": 1358, "data": 0.0012209200824145228, "create_time": "2024-05-31T10:22:49.152361Z"}
{"index": 1359, "data": -0.0032855527140782216, "create_time": "2024-05-31T10:22:49.776961Z"}
{"index": 1360, "data": 0.003111247665947303, "create_time": "2024-05-31T10:22:50.435448Z"}
{"index": 1361, "data": -0.003184602753026411, "create_time": "2024-05-31T10:22:51.141455Z"}
{"index": 1362, "data": -0.0007931465172077879, "create_time": "2024-05-31T10:22:51.834525Z"}
{"index": 1363, "data": 0.00223608564119786, "create_time": "2024-05-31T10:22:52.530683Z"}
{"index": 1364, "data": 0.009285291770356707, "create_time": "2024-05-31T10:22:53.207679Z"}
{"index": 1365, "data": -0.003029538446571678, "create_time": "2024-05-31T10:22:53.867677Z"}
{"index": 1366, "data": 0.0009999783076636958, "create_time": "2024-05-31T10:22:54.529775Z"}
{"index": 1367, "data": -0.0017530847835587338, "create_time": "2024-05-31T10:22:55.228041Z"}
{"index": 1368, "data": 0.0005401686576078646, "create_time": "2024-05-31T10:22:55.956303Z"}
{"index": 1369, "data": -0.0028061368610678983, "create_time": "2024-05-31T10:22:56.640328Z"}
{"index": 1370, "data": -1.5896972035989167e-05, "create_time": "2024-05-31T10:22:57.401851Z"}
{"index": 1371, "data": -0.0008921410946641118, "create_time": "2024-05-31T10:22:58.030764Z"}
{"index": 1372, "data": -0.00484686978161335, "create_time": "2024-05-31T10:22:58.667778Z"}
{"index": 1373, "data": 0.0005615966765617486, "create_time": "2024-05-31T10:22:59.297728Z"}
{"index": 1374, "data": 0.00016103941015899181, "create_time": "2024-05-31T10:23:00.016446Z"}
{"index": 1375, "data": -0.0019690154475028978, "create_time": "2024-05-31T10:23:00.718637Z"}
{"index": 1376, "data": -0.0003191016905475408, "create_time": "2024-05-31T10:23:01.370339Z"}
{"index": 1377, "data": 0.0013256908968287463, "create_time": "2024-05-31T10:23:02.129783Z"}
{"index": 1378, "data": 0.00483037722442532, "create_time": "2024-05-31T10:23:02.869875Z"}
{"index": 1379, "data": -0.002551160391885787, "create_time": "2024-05-31T10:23:03.604473Z"}
{"index": 1380, "data": -0.0016792894137324765, "create_time": "2024-05-31T10:23:04.393036Z"}
{"index": 1381, "data": -0.0015721149895398412, "create_time": "2024-05-31T10:23:05.071053Z"}
{"index": 1382, "data": -0.0005425668408861384, "create_time": "2024-05-31T10:23:05.718666Z"}
{"index": 1383, "data": -0.0005417663633124903, "create_time": "2024-05-31T10:23:06.422246Z"}
{"index": 1384, "data": 0.007416931190527975, "create_time": "2024-05-31T10:23:07.125000Z"}
{"index": 1385, "data": -0.0029889148292568278, "create_time": "2024-05-31T10:23:07.824318Z"}
{"index": 1386, "data": -0.0022845567029435186, "create_time": "2024-05-31T10:23:08.489892Z"}
{"index": 1387, "data": 0.000573456846177578, "create_time": "2024-05-31T10:23:09.199995Z"}
{"index": 1388, "data": -0.001279672369128093, "create_time": "2024-05-31T10:23:09.925339Z"}
{"index": 1389, "data": 0.0016085575931356288, "create_time": "2024-05-31T10:23:10.595398Z"}
{"index": 1390, "data": -0.002239006373565644, "create_time": "2024-05-31T10:23:11.247256Z"}
{"index": 1391, "data": 0.004270432097837329, "create_time": "2024-05-31T10:23:11.973418Z"}
{"index": 1392, "data": -0.0026869801396969704, "create_time": "2024-05-31T10:23:12.663046Z"}
{"index": 1393, "data": 0.0018236746778711676, "create_time": "2024-05-31T10:23:13.414878Z"}
{"index": 1394, "data": -0.002406436701858183, "create_time": "2024-05-31T10:23:14.134479Z"}
{"index": 1395, "data": 0.006399520938430214, "create_time": "2024-05-31T10:23:14.768944Z"}
{"index": 1396, "data": -0.0033692889352096244, "create_time": "2024-05-31T10:23:15.435998Z"}
{"index": 1397, "data": 0.0003047806319955271, "create_time": "2024-05-31T10:23:16.204892Z"}
{"index": 1398, "data": -0.001508630864555016, "create_time": "2024-05-31T10:23:16.857962Z"}
{"index": 1399, "data": -5.539376506931148e-05, "create_time": "2024-05-31T10:23:17.506919Z"}
{"index": 1400, "data": -0.0018059460981021402, "create_time": "2024-05-31T10:23:18.241815Z"}
{"index": 1401, "data": 0.01003886348407832, "create_time": "2024-05-31T10:23:18.899019Z"}
{"index": 1402, "data": -0.0027393488358939066, "create_time": "2024-05-31T10:23:19.625256Z"}
{"index": 1403, "data": -0.001016555359819904, "create_time": "2024-05-31T10:23:20.325133Z"}
{"index": 1404, "data": -0.002312144890311174, "create_time": "2024-05-31T10:23:21.088407Z"}
{"index": 1405, "data": -0.00022852521215099841, "create_time": "2024-05-31T10:23:21.788893Z"}
{"index": 1406, "data": -0.0019570729054976255, "create_time": "2024-05-31T10:23:22.418825Z"}
{"index": 1407, "data": -0.0003430635872064158, "create_time": "2024-05-31T10:23:23.198801Z"}
{"index": 1408, "data": 0.00013674524234374985, "create_time": "2024-05-31T10:23:23.826827Z"}
{"index": 1409, "data": 0.0020525755724520424, "create_time": "2024-05-31T10:23:24.481916Z"}
{"index": 1410, "data": 0.00042302491783630103, "create_time": "2024-05-31T10:23:25.171093Z"}
{"index": 1411, "data": 0.00275487557228189, "create_time": "2024-05-31T10:23:25.885342Z"}
{"index": 1412, "data": 0.00043026294151786714, "create_time": "2024-05-31T10:23:26.580031Z"}
{"index": 1413, "data": 0.0006233545776922256, "create_time": "2024-05-31T10:23:27.274613Z"}
{"index": 1414, "data": -0.0009296064701629803, "create_time": "2024-05-31T10:23:27.981815Z"}
{"index": 1415, "data": -0.001315595335472608, "create_time": "2024-05-31T10:23:28.662872Z"}
{"index": 1416, "data": -0.0020493920950684697, "create_time": "2024-05-31T10:23:29.377810Z"}
{"index": 1417, "data": 0.0007799877581419423, "create_time": "2024-05-31T10:23:30.075448Z"}
{"index": 1418, "data": -0.0024373350403038784, "create_time": "2024-05-31T10:23:30.722140Z"}
{"index": 1419, "data": 0.0024775403755484147, "create_time": "2024-05-31T10:23:31.380213Z"}
{"index": 1420, "data": -0.0024196755588491215, "create_time": "2024-05-31T10:23:32.029470Z"}
{"index": 1421, "data": -0.002342524362029508, "create_time": "2024-05-31T10:23:32.777963Z"}
{"index": 1422, "data": -0.0008709220652235672, "create_time": "2024-05-31T10:23:33.423737Z"}
{"index": 1423, "data": -0.00021033378980064298, "create_time": "2024-05-31T10:23:34.062508Z"}
{"index": 1424, "data": 0.0011635356957413023, "create_time": "2024-05-31T10:23:34.788820Z"}
{"index": 1425, "data": 0.00047824164503254, "create_time": "2024-05-31T10:23:35.460252Z"}
{"index": 1426, "data": -0.0020934414736984764, "create_time": "2024-05-31T10:23:36.121669Z"}
{"index": 1427, "data": 0.0019847757881507277, "create_time": "2024-05-31T10:23:36.750754Z"}
{"index": 1428, "data": -0.0032117171074787622, "create_time": "2024-05-31T10:23:37.387359Z"}
{"index": 1429, "data": -0.00017469938902650028, "create_time": "2024-05-31T10:23:38.015576Z"}
{"index": 1430, "data": 0.006468555752144311, "create_time": "2024-05-31T10:23:38.813833Z"}
{"index": 1431, "data": -0.0031192526163067668, "create_time": "2024-05-31T10:23:39.538657Z"}
{"index": 1432, "data": -1.1921836994588375e-05, "create_time": "2024-05-31T10:23:40.185354Z"}
{"index": 1433, "data": 0.0018597809685161337, "create_time": "2024-05-31T10:23:40.817540Z"}
{"index": 1434, "data": -0.0003142132540233433, "create_time": "2024-05-31T10:23:41.508707Z"}
{"index": 1435, "data": 0.0010230933723505587, "create_time": "2024-05-31T10:23:42.208733Z"}
{"index": 1436, "data": -0.0018795547861373053, "create_time": "2024-05-31T10:23:42.868263Z"}
{"index": 1437, "data": -0.0007218059985461877, "create_time": "2024-05-31T10:23:43.618251Z"}
{"index": 1438, "data": -0.0022808574667578796, "create_time": "2024-05-31T10:23:44.295595Z"}
{"index": 1439, "data": 0.0007770379073917866, "create_time": "2024-05-31T10:23:44.944195Z"}
{"index": 1440, "data": -0.0016989429073873906, "create_time": "2024-05-31T10:23:45.584998Z"}
{"index": 1441, "data": 0.0015119327523279934, "create_time": "2024-05-31T10:23:46.288389Z"}
{"index": 1442, "data": -0.0035613597778137774, "create_time": "2024-05-31T10:23:47.010156Z"}
{"index": 1443, "data": -0.0010607956239255146, "create_time": "2024-05-31T10:23:47.834446Z"}
{"index": 1444, "data": 0.0021048259615781715, "create_time": "2024-05-31T10:23:48.528338Z"}
{"index": 1445, "data": -0.003146249911515042, "create_time": "2024-05-31T10:23:49.230930Z"}
{"index": 1446, "data": -0.0015299306462111418, "create_time": "2024-05-31T10:23:50.021387Z"}
{"index": 1447, "data": -0.001175215153489262, "create_time": "2024-05-31T10:23:50.653333Z"}
{"index": 1448, "data": -0.0004707754356786609, "create_time": "2024-05-31T10:23:51.317309Z"}
{"index": 1449, "data": 0.00033342172973789276, "create_time": "2024-05-31T10:23:51.981467Z"}
{"index": 1450, "data": -0.002911547286203131, "create_time": "2024-05-31T10:23:52.771607Z"}
{"index": 1451, "data": 0.0012825565136154182, "create_time": "2024-05-31T10:23:53.422521Z"}
{"index": 1452, "data": -0.0009126716278842651, "create_time": "2024-05-31T10:23:54.145504Z"}
{"index": 1453, "data": -0.002059373864904046, "create_time": "2024-05-31T10:23:54.804474Z"}
{"index": 1454, "data": 0.0033407335518859326, "create_time": "2024-05-31T10:23:55.432189Z"}
{"index": 1455, "data": -0.0012414900586009026, "create_time": "2024-05-31T10:23:56.130227Z"}
{"index": 1456, "data": -0.0032398180308518933, "create_time": "2024-05-31T10:23:56.790695Z"}
{"index": 1457, "data": -0.0010220553689578083, "create_time": "2024-05-31T10:23:57.429008Z"}
{"index": 1458, "data": -0.003185207377828192, "create_time": "2024-05-31T10:23:58.053233Z"}
{"index": 1459, "data": 0.0028458960994612427, "create_time": "2024-05-31T10:23:58.747071Z"}
{"index": 1460, "data": 0.00025533684820402416, "create_time": "2024-05-31T10:23:59.427698Z"}
{"index": 1461, "data": -0.0037322876625694333, "create_time": "2024-05-31T10:24:00.074173Z"}
{"index": 1462, "data": 0.004376584020792507, "create_time": "2024-05-31T10:24:00.781297Z"}
{"index": 1463, "data": -0.0018002241631620564, "create_time": "2024-05-31T10:24:01.432145Z"}
{"index": 1464, "data": -0.0009726113945362158, "create_time": "2024-05-31T10:24:02.130960Z"}
{"index": 1465, "data": 0.00039369979640468955, "create_time": "2024-05-31T10:24:02.890969Z"}
{"index": 1466, "data": -0.003000079782214016, "create_time": "2024-05-31T10:24:03.543904Z"}
{"index": 1467, "data": -0.000527607521507889, "create_time": "2024-05-31T10:24:04.261535Z"}
{"index": 1468, "data": 0.00640262845554389, "create_time": "2024-05-31T10:24:04.962447Z"}
{"index": 1469, "data": -1.4949200703995302e-06, "create_time": "2024-05-31T10:24:05.606642Z"}
{"index": 1470, "data": -0.0006397182529326529, "create_time": "2024-05-31T10:24:06.339717Z"}
{"index": 1471, "data": -0.0031003226918983272, "create_time": "2024-05-31T10:24:06.992226Z"}
{"index": 1472, "data": 0.00010335838160244749, "create_time": "2024-05-31T10:24:07.747334Z"}
{"index": 1473, "data": -0.0009645045967772603, "create_time": "2024-05-31T10:24:08.424250Z"}
{"index": 1474, "data": 0.004265438855145476, "create_time": "2024-05-31T10:24:09.108856Z"}
{"index": 1475, "data": 0.0004945883323671296, "create_time": "2024-05-31T10:24:09.734238Z"}
{"index": 1476, "data": -0.002181231026770547, "create_time": "2024-05-31T10:24:10.435465Z"}
{"index": 1477, "data": 0.005041250784415752, "create_time": "2024-05-31T10:24:11.177910Z"}
{"index": 1478, "data": -0.004020298898103647, "create_time": "2024-05-31T10:24:11.850841Z"}
{"index": 1479, "data": -0.0023241234048327897, "create_time": "2024-05-31T10:24:12.566103Z"}
{"index": 1480, "data": -0.0024425752948445735, "create_time": "2024-05-31T10:24:13.254111Z"}
{"index": 1481, "data": 0.0027889673969184515, "create_time": "2024-05-31T10:24:13.924702Z"}
{"index": 1482, "data": -0.002841741002339404, "create_time": "2024-05-31T10:24:14.661355Z"}
{"index": 1483, "data": -0.0002673907612916082, "create_time": "2024-05-31T10:24:15.291390Z"}
{"index": 1484, "data": 0.00023549330508103593, "create_time": "2024-05-31T10:24:15.990912Z"}
{"index": 1485, "data": -0.0006281062629568624, "create_time": "2024-05-31T10:24:16.658199Z"}
{"index": 1486, "data": -0.0010874614396016113, "create_time": "2024-05-31T10:24:17.285080Z"}
{"index": 1487, "data": 0.0004897195671219378, "create_time": "2024-05-31T10:24:17.991101Z"}
{"index": 1488, "data": 0.0018297925387741997, "create_time": "2024-05-31T10:24:18.796814Z"}
{"index": 1489, "data": -0.0036815102357650176, "create_time": "2024-05-31T10:24:19.563835Z"}
{"index": 1490, "data": 0.0009999997681006789, "create_time": "2024-05-31T10:24:20.183739Z"}
{"index": 1491, "data": -0.002870675528538413, "create_time": "2024-05-31T10:24:20.922648Z"}
{"index": 1492, "data": -0.0018039859423879534, "create_time": "2024-05-31T10:24:21.581072Z"}
{"index": 1493, "data": 0.002075793527183123, "create_time": "2024-05-31T10:24:22.217507Z"}
{"index": 1494, "data": 0.0005267512678983621, "create_time": "2024-05-31T10:24:22.897704Z"}
{"index": 1495, "data": -0.001571255293674767, "create_time": "2024-05-31T10:24:23.570286Z"}
{"index": 1496, "data": -0.0008910658216336742, "create_time": "2024-05-31T10:24:24.192062Z"}
{"index": 1497, "data": -0.0006620677217142656, "create_time": "2024-05-31T10:24:24.824602Z"}
{"index": 1498, "data": -0.0033330070036754478, "create_time": "2024-05-31T10:24:25.502333Z"}
{"index": 1499, "data": 0.0010599540357361548, "create_time": "2024-05-31T10:24:26.193669Z"}
{"index": 1500, "data": -0.0025094616343267263, "create_time": "2024-05-31T10:24:26.880715Z"}
{"index": 1501, "data": 0.0005348547572793904, "create_time": "2024-05-31T10:24:27.503806Z"}
{"index": 1502, "data": 0.0012984628448975855, "create_time": "2024-05-31T10:24:28.275431Z"}
{"index": 1503, "data": -0.0019315017081680708, "create_time": "2024-05-31T10:24:28.991900Z"}
{"index": 1504, "data": -0.002150285551761044, "create_time": "2024-05-31T10:24:29.676224Z"}
{"index": 1505, "data": 0.0002144168975064531, "create_time": "2024-05-31T10:24:30.313325Z"}
{"index": 1506, "data": -0.0019082407947280445, "create_time": "2024-05-31T10:24:30.936142Z"}
{"index": 1507, "data": 0.0012205611390527337, "create_time": "2024-05-31T10:24:31.563329Z"}
{"index": 1508, "data": -0.0001808284898288548, "create_time": "2024-05-31T10:24:32.180448Z"}
{"index": 1509, "data": -0.0034541806671768427, "create_time": "2024-05-31T10:24:32.804616Z"}
{"index": 1510, "data": -0.0010003235744079574, "create_time": "2024-05-31T10:24:33.425798Z"}
{"index": 1511, "data": -0.00017976634808292147, "create_time": "2024-05-31T10:24:34.046329Z"}
{"index": 1512, "data": 0.0034841455228161065, "create_time": "2024-05-31T10:24:34.665349Z"}
{"index": 1513, "data": -0.002453183722536778, "create_time": "2024-05-31T10:24:35.283763Z"}
{"index": 1514, "data": -0.0028736159962136298, "create_time": "2024-05-31T10:24:35.910474Z"}
{"index": 1515, "data": -0.0009212001881678588, "create_time": "2024-05-31T10:24:36.533050Z"}
{"index": 1516, "data": -0.0004879899555817246, "create_time": "2024-05-31T10:24:37.156398Z"}
{"index": 1517, "data": 0.001323285888065584, "create_time": "2024-05-31T10:24:37.775458Z"}
{"index": 1518, "data": -0.0037102928130479996, "create_time": "2024-05-31T10:24:38.404764Z"}
{"index": 1519, "data": -0.00242210071082809, "create_time": "2024-05-31T10:24:39.022735Z"}
{"index": 1520, "data": -0.0012148865702329204, "create_time": "2024-05-31T10:24:39.651293Z"}
{"index": 1521, "data": -0.0015361454814410535, "create_time": "2024-05-31T10:24:40.271866Z"}
{"index": 1522, "data": -0.0030423004151089116, "create_time": "2024-05-31T10:24:40.896802Z"}
{"index": 1523, "data": 0.0005331701795512345, "create_time": "2024-05-31T10:24:41.518697Z"}
{"index": 1524, "data": 0.004588560973934364, "create_time": "2024-05-31T10:24:42.146406Z"}
{"index": 1525, "data": -0.0013575650467828383, "create_time": "2024-05-31T10:24:42.762217Z"}
{"index": 1526, "data": 0.00361718623971683, "create_time": "2024-05-31T10:24:43.389683Z"}
{"index": 1527, "data": -0.0013360930694034322, "create_time": "2024-05-31T10:24:44.015496Z"}
{"index": 1528, "data": 0.0003473697943263687, "create_time": "2024-05-31T10:24:44.638447Z"}
{"index": 1529, "data": -0.0003150257689412683, "create_time": "2024-05-31T10:24:45.264527Z"}
{"index": 1530, "data": 0.01047016591328429, "create_time": "2024-05-31T10:24:45.888669Z"}
{"index": 1531, "data": 0.003244281863590004, "create_time": "2024-05-31T10:24:46.515053Z"}
{"index": 1532, "data": -0.0017897713714774, "create_time": "2024-05-31T10:24:47.146353Z"}
{"index": 1533, "data": 0.0007109014433808625, "create_time": "2024-05-31T10:24:47.765012Z"}
{"index": 1534, "data": -0.0018737668986432254, "create_time": "2024-05-31T10:24:48.386009Z"}
{"index": 1535, "data": 0.003726131094754237, "create_time": "2024-05-31T10:24:49.014445Z"}
{"index": 1536, "data": -0.0010292398786987179, "create_time": "2024-05-31T10:24:49.630393Z"}
{"index": 1537, "data": 0.0005880854354472831, "create_time": "2024-05-31T10:24:50.260086Z"}
{"index": 1538, "data": -0.0024860094807081625, "create_time": "2024-05-31T10:24:50.896389Z"}
{"index": 1539, "data": -0.0004715865667094477, "create_time": "2024-05-31T10:24:51.516687Z"}
{"index": 1540, "data": 0.00031943323847372085, "create_time": "2024-05-31T10:24:52.142072Z"}
{"index": 1541, "data": -0.0016481531434692442, "create_time": "2024-05-31T10:24:52.783725Z"}
{"index": 1542, "data": -0.0018751801748294384, "create_time": "2024-05-31T10:24:53.432679Z"}
{"index": 1543, "data": -0.003467600923613645, "create_time": "2024-05-31T10:24:54.055004Z"}
{"index": 1544, "data": 0.0004464137047762051, "create_time": "2024-05-31T10:24:54.758574Z"}
{"index": 1545, "data": 0.0013352646812563763, "create_time": "2024-05-31T10:24:55.391613Z"}
{"index": 1546, "data": 0.0033965885086217895, "create_time": "2024-05-31T10:24:56.088757Z"}
{"index": 1547, "data": -0.0010849297956156078, "create_time": "2024-05-31T10:24:56.706737Z"}
{"index": 1548, "data": -0.0025832235580310224, "create_time": "2024-05-31T10:24:57.332519Z"}
{"index": 1549, "data": -0.0011166805013999692, "create_time": "2024-05-31T10:24:57.966472Z"}
{"index": 1550, "data": -0.0010619596112519502, "create_time": "2024-05-31T10:24:58.629702Z"}
{"index": 1551, "data": 0.0008803578850347549, "create_time": "2024-05-31T10:24:59.415774Z"}
{"index": 1552, "data": -0.0008644563175039365, "create_time": "2024-05-31T10:25:00.075399Z"}
{"index": 1553, "data": -0.003333307628054172, "create_time": "2024-05-31T10:25:00.697625Z"}
{"index": 1554, "data": 0.0008369140472495928, "create_time": "2024-05-31T10:25:01.365180Z"}
{"index": 1555, "data": 0.006434653782343957, "create_time": "2024-05-31T10:25:02.069162Z"}
{"index": 1556, "data": -0.002385423785017338, "create_time": "2024-05-31T10:25:02.724077Z"}
{"index": 1557, "data": -0.002889998200953414, "create_time": "2024-05-31T10:25:03.415144Z"}
{"index": 1558, "data": 0.004098498409439344, "create_time": "2024-05-31T10:25:04.162173Z"}
{"index": 1559, "data": 5.420745292212814e-05, "create_time": "2024-05-31T10:25:04.819915Z"}
{"index": 1560, "data": -0.0006877691383124329, "create_time": "2024-05-31T10:25:05.552825Z"}
{"index": 1561, "data": 0.0005035735593992285, "create_time": "2024-05-31T10:25:06.192901Z"}
{"index": 1562, "data": 0.00048181497841142117, "create_time": "2024-05-31T10:25:06.937044Z"}
{"index": 1563, "data": -0.0011671050953736995, "create_time": "2024-05-31T10:25:07.580377Z"}
{"index": 1564, "data": -0.00138999093323946, "create_time": "2024-05-31T10:25:08.239991Z"}
{"index": 1565, "data": 0.009148421171266819, "create_time": "2024-05-31T10:25:08.879337Z"}
{"index": 1566, "data": -0.00161988619947806, "create_time": "2024-05-31T10:25:09.650310Z"}
{"index": 1567, "data": -0.0015207232208922505, "create_time": "2024-05-31T10:25:10.282488Z"}
{"index": 1568, "data": 0.000692245044047013, "create_time": "2024-05-31T10:25:11.100784Z"}
{"index": 1569, "data": -0.002501127956202254, "create_time": "2024-05-31T10:25:11.821939Z"}
{"index": 1570, "data": 0.0014190464600687847, "create_time": "2024-05-31T10:25:12.503620Z"}
{"index": 1571, "data": -0.0005518953897990286, "create_time": "2024-05-31T10:25:13.189470Z"}
{"index": 1572, "data": -0.00016968613781500607, "create_time": "2024-05-31T10:25:13.875676Z"}
{"index": 1573, "data": -0.0025693561328807846, "create_time": "2024-05-31T10:25:14.588206Z"}
{"index": 1574, "data": 0.0028625030579860324, "create_time": "2024-05-31T10:25:15.297230Z"}
{"index": 1575, "data": -0.0012954162451933372, "create_time": "2024-05-31T10:25:15.941574Z"}
{"index": 1576, "data": 0.000991662946762517, "create_time": "2024-05-31T10:25:16.609187Z"}
{"index": 1577, "data": -0.00022331622385536322, "create_time": "2024-05-31T10:25:17.258151Z"}
{"index": 1578, "data": -0.0009723911993205547, "create_time": "2024-05-31T10:25:17.944021Z"}
{"index": 1579, "data": -0.002138490175275365, "create_time": "2024-05-31T10:25:18.649885Z"}
{"index": 1580, "data": 0.0033612308907322586, "create_time": "2024-05-31T10:25:19.325303Z"}
{"index": 1581, "data": -0.003308266100793844, "create_time": "2024-05-31T10:25:20.036385Z"}
{"index": 1582, "data": -0.0012901965954370098, "create_time": "2024-05-31T10:25:20.689364Z"}
{"index": 1583, "data": -0.00012499622534960507, "create_time": "2024-05-31T10:25:21.405867Z"}
{"index": 1584, "data": -0.0002683456434169784, "create_time": "2024-05-31T10:25:22.062339Z"}
{"index": 1585, "data": -0.00030216169616323894, "create_time": "2024-05-31T10:25:22.780577Z"}
{"index": 1586, "data": -0.0008029208111111075, "create_time": "2024-05-31T10:25:23.413932Z"}
{"index": 1587, "data": 0.0010675014229491353, "create_time": "2024-05-31T10:25:24.081052Z"}
{"index": 1588, "data": -0.0031776003539562224, "create_time": "2024-05-31T10:25:24.731705Z"}
{"index": 1589, "data": -0.0003823294697212987, "create_time": "2024-05-31T10:25:25.456004Z"}
{"index": 1590, "data": 0.0002163286553695798, "create_time": "2024-05-31T10:25:26.086134Z"}
{"index": 1591, "data": 0.0059999218574375845, "create_time": "2024-05-31T10:25:26.770978Z"}
{"index": 1592, "data": -0.002867821679683402, "create_time": "2024-05-31T10:25:27.519530Z"}
{"index": 1593, "data": -0.0017065849184291436, "create_time": "2024-05-31T10:25:28.177134Z"}
{"index": 1594, "data": -0.0011482859539682978, "create_time": "2024-05-31T10:25:28.914858Z"}
{"index": 1595, "data": -0.0031373185047414154, "create_time": "2024-05-31T10:25:29.578561Z"}
{"index": 1596, "data": 0.001484449132112786, "create_time": "2024-05-31T10:25:30.324745Z"}
{"index": 1597, "data": -0.0021276849205605687, "create_time": "2024-05-31T10:25:31.079388Z"}
{"index": 1598, "data": -0.00022623155382461846, "create_time": "2024-05-31T10:25:31.753584Z"}
{"index": 1599, "data": -0.002608073886949569, "create_time": "2024-05-31T10:25:32.550726Z"}
{"index": 1600, "data": 0.0006701185629935935, "create_time": "2024-05-31T10:25:33.229614Z"}
{"index": 1601, "data": 0.0002449807070661336, "create_time": "2024-05-31T10:25:33.901706Z"}
{"index": 1602, "data": 0.0009166418691165745, "create_time": "2024-05-31T10:25:34.514449Z"}
{"index": 1603, "data": -0.004082885824755067, "create_time": "2024-05-31T10:25:35.150046Z"}
{"index": 1604, "data": -8.077932725427672e-05, "create_time": "2024-05-31T10:25:35.805050Z"}
{"index": 1605, "data": 0.0005042442775447853, "create_time": "2024-05-31T10:25:36.496003Z"}
{"index": 1606, "data": -0.0005647829675581306, "create_time": "2024-05-31T10:25:37.135865Z"}
{"index": 1607, "data": -9.138584573520347e-07, "create_time": "2024-05-31T10:25:37.859357Z"}
{"index": 1608, "data": -0.00013797142455587163, "create_time": "2024-05-31T10:25:38.485448Z"}
{"index": 1609, "data": -0.002545209601521492, "create_time": "2024-05-31T10:25:39.187025Z"}
{"index": 1610, "data": -0.0019244742084993049, "create_time": "2024-05-31T10:25:39.965971Z"}
{"index": 1611, "data": 0.0010569619727903046, "create_time": "2024-05-31T10:25:40.680297Z"}
{"index": 1612, "data": -0.002002687028652872, "create_time": "2024-05-31T10:25:41.333054Z"}
{"index": 1613, "data": 0.0004276098858099431, "create_time": "2024-05-31T10:25:42.085821Z"}
{"index": 1614, "data": 0.0015321902232244612, "create_time": "2024-05-31T10:25:42.719734Z"}
{"index": 1615, "data": 0.00010677424288587644, "create_time": "2024-05-31T10:25:43.407950Z"}
{"index": 1616, "data": -0.0019151518601574935, "create_time": "2024-05-31T10:25:44.140321Z"}
{"index": 1617, "data": -0.0007303336242330261, "create_time": "2024-05-31T10:25:44.760876Z"}
{"index": 1618, "data": 0.0004014599951915443, "create_time": "2024-05-31T10:25:45.431979Z"}
{"index": 1619, "data": -0.002986473953933455, "create_time": "2024-05-31T10:25:46.079021Z"}
{"index": 1620, "data": 0.0015830813092179597, "create_time": "2024-05-31T10:25:46.706408Z"}
{"index": 1621, "data": 0.0017855081736342982, "create_time": "2024-05-31T10:25:47.336148Z"}
{"index": 1622, "data": 0.005696490098489449, "create_time": "2024-05-31T10:25:47.964415Z"}
{"index": 1623, "data": -0.00330882444686722, "create_time": "2024-05-31T10:25:48.645479Z"}
{"index": 1624, "data": 0.002529354620492086, "create_time": "2024-05-31T10:25:49.405752Z"}
{"index": 1625, "data": -0.0037541626268648544, "create_time": "2024-05-31T10:25:50.236423Z"}
{"index": 1626, "data": -0.0005425708834081889, "create_time": "2024-05-31T10:25:50.977588Z"}
{"index": 1627, "data": -0.0005809338312246837, "create_time": "2024-05-31T10:25:51.729385Z"}
{"index": 1628, "data": -0.0017431420194043313, "create_time": "2024-05-31T10:25:52.462857Z"}
{"index": 1629, "data": 0.0005054220819147304, "create_time": "2024-05-31T10:25:53.125076Z"}
{"index": 1630, "data": -0.0032477350992849096, "create_time": "2024-05-31T10:25:53.791154Z"}
{"index": 1631, "data": 0.009459790059918306, "create_time": "2024-05-31T10:25:54.448765Z"}
{"index": 1632, "data": -0.001592336458270438, "create_time": "2024-05-31T10:25:55.079223Z"}
{"index": 1633, "data": -0.0033276103160460478, "create_time": "2024-05-31T10:25:55.704438Z"}
{"index": 1634, "data": 0.00013875154545530676, "create_time": "2024-05-31T10:25:56.331015Z"}
{"index": 1635, "data": 0.0020756804224220105, "create_time": "2024-05-31T10:25:56.955242Z"}
{"index": 1636, "data": -0.001121256104670465, "create_time": "2024-05-31T10:25:57.577959Z"}
{"index": 1637, "data": 0.00030992206011433155, "create_time": "2024-05-31T10:25:58.202976Z"}
{"index": 1638, "data": -0.002489917736966163, "create_time": "2024-05-31T10:25:58.824995Z"}
{"index": 1639, "data": -0.00040901536121964457, "create_time": "2024-05-31T10:25:59.464006Z"}
{"index": 1640, "data": -0.0010654008423443885, "create_time": "2024-05-31T10:26:00.170822Z"}
{"index": 1641, "data": -0.0003209925955161452, "create_time": "2024-05-31T10:26:00.828865Z"}
{"index": 1642, "data": -0.0005229209724348039, "create_time": "2024-05-31T10:26:01.509709Z"}
{"index": 1643, "data": 0.003890476078959182, "create_time": "2024-05-31T10:26:02.198173Z"}
{"index": 1644, "data": -0.0034427562364726326, "create_time": "2024-05-31T10:26:02.820541Z"}
{"index": 1645, "data": 0.0004998090182198212, "create_time": "2024-05-31T10:26:03.458703Z"}
{"index": 1646, "data": -0.0031950817283359356, "create_time": "2024-05-31T10:26:04.075969Z"}
{"index": 1647, "data": -0.0010604208597214892, "create_time": "2024-05-31T10:26:04.818796Z"}
{"index": 1648, "data": -0.003229564317007316, "create_time": "2024-05-31T10:26:05.449164Z"}
{"index": 1649, "data": 0.0010374546138336882, "create_time": "2024-05-31T10:26:06.197426Z"}
{"index": 1650, "data": -0.0026418390276376157, "create_time": "2024-05-31T10:26:06.848483Z"}
{"index": 1651, "data": -0.0007598779280669987, "create_time": "2024-05-31T10:26:07.464218Z"}
{"index": 1652, "data": 0.0009160681744106114, "create_time": "2024-05-31T10:26:08.135517Z"}
{"index": 1653, "data": 0.0007696623923948209, "create_time": "2024-05-31T10:26:08.767378Z"}
{"index": 1654, "data": -0.0012116773461457342, "create_time": "2024-05-31T10:26:09.556054Z"}
{"index": 1655, "data": 0.0013252602169814055, "create_time": "2024-05-31T10:26:10.219691Z"}
{"index": 1656, "data": -0.0026258133118972184, "create_time": "2024-05-31T10:26:10.864916Z"}
{"index": 1657, "data": -0.0009465499126235955, "create_time": "2024-05-31T10:26:11.545271Z"}
{"index": 1658, "data": -0.00044461367215262724, "create_time": "2024-05-31T10:26:12.175222Z"}
{"index": 1659, "data": 0.0006206111167557538, "create_time": "2024-05-31T10:26:12.841222Z"}
{"index": 1660, "data": -0.0007280226942384616, "create_time": "2024-05-31T10:26:13.490408Z"}
{"index": 1661, "data": 0.001815362978959456, "create_time": "2024-05-31T10:26:14.129480Z"}
{"index": 1662, "data": -0.0036216862077708355, "create_time": "2024-05-31T10:26:14.764097Z"}
{"index": 1663, "data": 0.0005898441348108463, "create_time": "2024-05-31T10:26:15.426529Z"}
{"index": 1664, "data": 0.0005854555987752974, "create_time": "2024-05-31T10:26:16.059489Z"}
{"index": 1665, "data": -0.0012734270485452726, "create_time": "2024-05-31T10:26:16.681320Z"}
{"index": 1666, "data": -0.002017920822254382, "create_time": "2024-05-31T10:26:17.312559Z"}
{"index": 1667, "data": -0.00041105851414613426, "create_time": "2024-05-31T10:26:18.042827Z"}
{"index": 1668, "data": -0.0009116123372223228, "create_time": "2024-05-31T10:26:18.666237Z"}
{"index": 1669, "data": -0.0015855132456636055, "create_time": "2024-05-31T10:26:19.293903Z"}
{"index": 1670, "data": -0.0036634955496992914, "create_time": "2024-05-31T10:26:19.977671Z"}
{"index": 1671, "data": -0.0007470094991731457, "create_time": "2024-05-31T10:26:20.621756Z"}
{"index": 1672, "data": 0.00013243590365163982, "create_time": "2024-05-31T10:26:21.337401Z"}
{"index": 1673, "data": -0.0027933275152463464, "create_time": "2024-05-31T10:26:21.976905Z"}
{"index": 1674, "data": -0.0021024733010563067, "create_time": "2024-05-31T10:26:22.624248Z"}
{"index": 1675, "data": 0.004319298954214901, "create_time": "2024-05-31T10:26:23.250216Z"}
{"index": 1676, "data": 0.0011761550122173503, "create_time": "2024-05-31T10:26:23.887288Z"}
{"index": 1677, "data": 0.0006426348911190872, "create_time": "2024-05-31T10:26:24.541029Z"}
{"index": 1678, "data": -0.0021193709457293154, "create_time": "2024-05-31T10:26:25.218482Z"}
{"index": 1679, "data": 0.00011433467007009313, "create_time": "2024-05-31T10:26:25.907313Z"}
{"index": 1680, "data": -0.0008028634547372349, "create_time": "2024-05-31T10:26:26.601943Z"}
{"index": 1681, "data": -0.001229497673921287, "create_time": "2024-05-31T10:26:27.234423Z"}
{"index": 1682, "data": 0.0013210109385909164, "create_time": "2024-05-31T10:26:27.855238Z"}
{"index": 1683, "data": -0.0018039710208540781, "create_time": "2024-05-31T10:26:28.533539Z"}
{"index": 1684, "data": 8.551722567062825e-06, "create_time": "2024-05-31T10:26:29.243557Z"}
{"index": 1685, "data": -0.00045061640139465453, "create_time": "2024-05-31T10:26:29.912304Z"}
{"index": 1686, "data": -0.00011221526219742372, "create_time": "2024-05-31T10:26:30.610847Z"}
{"index": 1687, "data": -0.002184720685181674, "create_time": "2024-05-31T10:26:31.336180Z"}
{"index": 1688, "data": -0.0018587599450256675, "create_time": "2024-05-31T10:26:32.038874Z"}
{"index": 1689, "data": 0.0012376185739412903, "create_time": "2024-05-31T10:26:32.684337Z"}
{"index": 1690, "data": -0.002318314458170789, "create_time": "2024-05-31T10:26:33.387807Z"}
{"index": 1691, "data": 0.003899910120526329, "create_time": "2024-05-31T10:26:34.068614Z"}
{"index": 1692, "data": -0.0027680728075210937, "create_time": "2024-05-31T10:26:34.698287Z"}
{"index": 1693, "data": 0.00029734124400420113, "create_time": "2024-05-31T10:26:35.378555Z"}
{"index": 1694, "data": -0.0028018581986543724, "create_time": "2024-05-31T10:26:36.017523Z"}
{"index": 1695, "data": 0.011116975132608786, "create_time": "2024-05-31T10:26:36.740256Z"}
{"index": 1696, "data": -0.0036265040165744723, "create_time": "2024-05-31T10:26:37.360006Z"}
{"index": 1697, "data": -0.0008320048106725153, "create_time": "2024-05-31T10:26:38.037465Z"}
{"index": 1698, "data": -0.0011932453533518128, "create_time": "2024-05-31T10:26:38.687639Z"}
{"index": 1699, "data": 0.004982927953824401, "create_time": "2024-05-31T10:26:39.414372Z"}
{"index": 1700, "data": 0.0065779745549662035, "create_time": "2024-05-31T10:26:40.053145Z"}
{"index": 1701, "data": -0.00345411472953856, "create_time": "2024-05-31T10:26:40.787884Z"}
{"index": 1702, "data": 0.0011948377534281463, "create_time": "2024-05-31T10:26:41.458321Z"}
{"index": 1703, "data": -0.003672482141701039, "create_time": "2024-05-31T10:26:42.137813Z"}
{"index": 1704, "data": 0.002547806006623432, "create_time": "2024-05-31T10:26:42.896573Z"}
{"index": 1705, "data": -0.0005201787425903603, "create_time": "2024-05-31T10:26:43.629265Z"}
{"index": 1706, "data": 0.0025645319907198426, "create_time": "2024-05-31T10:26:44.272523Z"}
{"index": 1707, "data": 0.0017878435784950853, "create_time": "2024-05-31T10:26:44.894774Z"}
{"index": 1708, "data": -0.003265555828693323, "create_time": "2024-05-31T10:26:45.557839Z"}
{"index": 1709, "data": 0.001648325173300691, "create_time": "2024-05-31T10:26:46.282689Z"}
{"index": 1710, "data": -0.0032285997935105116, "create_time": "2024-05-31T10:26:46.930654Z"}
{"index": 1711, "data": 0.0008142096019582822, "create_time": "2024-05-31T10:26:47.683418Z"}
{"index": 1712, "data": -0.003311101265717298, "create_time": "2024-05-31T10:26:48.344711Z"}
{"index": 1713, "data": 0.0004903284538158914, "create_time": "2024-05-31T10:26:48.987305Z"}
{"index": 1714, "data": -0.0007860484533011913, "create_time": "2024-05-31T10:26:49.627485Z"}
{"index": 1715, "data": -0.002614902715686185, "create_time": "2024-05-31T10:26:50.323117Z"}
{"index": 1716, "data": 0.0005570495093706995, "create_time": "2024-05-31T10:26:50.959478Z"}
{"index": 1717, "data": -0.0033913600025698544, "create_time": "2024-05-31T10:26:51.629813Z"}
{"index": 1718, "data": 5.543858860619366e-05, "create_time": "2024-05-31T10:26:52.269075Z"}
{"index": 1719, "data": -0.0011109414539532737, "create_time": "2024-05-31T10:26:52.885448Z"}
{"index": 1720, "data": -0.0025195022346451877, "create_time": "2024-05-31T10:26:53.610656Z"}
{"index": 1721, "data": 0.0012236118636792526, "create_time": "2024-05-31T10:26:54.221187Z"}
{"index": 1722, "data": 0.0007840015925467015, "create_time": "2024-05-31T10:26:54.870871Z"}
{"index": 1723, "data": -0.0011275769560597838, "create_time": "2024-05-31T10:26:55.485895Z"}
{"index": 1724, "data": -0.0007282181060872972, "create_time": "2024-05-31T10:26:56.146639Z"}
{"index": 1725, "data": 0.0001915331755299121, "create_time": "2024-05-31T10:26:56.763433Z"}
{"index": 1726, "data": -0.0023671380418818443, "create_time": "2024-05-31T10:26:57.403155Z"}
{"index": 1727, "data": 0.00044573257910087707, "create_time": "2024-05-31T10:26:58.065549Z"}
{"index": 1728, "data": -0.0027955319703323765, "create_time": "2024-05-31T10:26:58.692803Z"}
{"index": 1729, "data": 0.0011287164787063375, "create_time": "2024-05-31T10:26:59.326297Z"}
{"index": 1730, "data": 0.0003370696009369567, "create_time": "2024-05-31T10:26:59.983982Z"}
{"index": 1731, "data": 0.006065900477187825, "create_time": "2024-05-31T10:27:00.671815Z"}
{"index": 1732, "data": 0.006210019276477396, "create_time": "2024-05-31T10:27:01.366141Z"}
{"index": 1733, "data": 0.006608790485188365, "create_time": "2024-05-31T10:27:02.005367Z"}
{"index": 1734, "data": 0.0029700310587941203, "create_time": "2024-05-31T10:27:02.630627Z"}
{"index": 1735, "data": -0.0005406610311183613, "create_time": "2024-05-31T10:27:03.333815Z"}
{"index": 1736, "data": -0.0023803578616934827, "create_time": "2024-05-31T10:27:04.000835Z"}
{"index": 1737, "data": -0.0011838526872452349, "create_time": "2024-05-31T10:27:04.789434Z"}
{"index": 1738, "data": 0.0003952538303565234, "create_time": "2024-05-31T10:27:05.469225Z"}
{"index": 1739, "data": -0.0021828774304594846, "create_time": "2024-05-31T10:27:06.252409Z"}
{"index": 1740, "data": -0.00028945768208359367, "create_time": "2024-05-31T10:27:06.957497Z"}
{"index": 1741, "data": 0.008665589499287307, "create_time": "2024-05-31T10:27:07.600498Z"}
{"index": 1742, "data": -0.0027209502237383275, "create_time": "2024-05-31T10:27:08.354228Z"}
{"index": 1743, "data": -0.0012441134516848252, "create_time": "2024-05-31T10:27:09.082335Z"}
{"index": 1744, "data": 0.004283726734865922, "create_time": "2024-05-31T10:27:09.735611Z"}
{"index": 1745, "data": 0.0023280332368813108, "create_time": "2024-05-31T10:27:10.355260Z"}
{"index": 1746, "data": -0.0018105161085259168, "create_time": "2024-05-31T10:27:11.007812Z"}
{"index": 1747, "data": -0.0025712101050885394, "create_time": "2024-05-31T10:27:11.679859Z"}
{"index": 1748, "data": 0.00011365188984200359, "create_time": "2024-05-31T10:27:12.386829Z"}
{"index": 1749, "data": -0.0039017302653519435, "create_time": "2024-05-31T10:27:13.041710Z"}
{"index": 1750, "data": 9.863566010608338e-05, "create_time": "2024-05-31T10:27:13.709445Z"}
{"index": 1751, "data": 1.557979703648016e-05, "create_time": "2024-05-31T10:27:14.323436Z"}
{"index": 1752, "data": -0.0018437495338730514, "create_time": "2024-05-31T10:27:14.956427Z"}
{"index": 1753, "data": 0.0016948176586993214, "create_time": "2024-05-31T10:27:15.586706Z"}
{"index": 1754, "data": 2.0379957277327776e-05, "create_time": "2024-05-31T10:27:16.203278Z"}
{"index": 1755, "data": -0.0013633700009449967, "create_time": "2024-05-31T10:27:16.817896Z"}
{"index": 1756, "data": 0.007986897612363464, "create_time": "2024-05-31T10:27:17.534472Z"}
{"index": 1757, "data": -0.0012702717911452055, "create_time": "2024-05-31T10:27:18.154907Z"}
{"index": 1758, "data": 0.0057125542080029845, "create_time": "2024-05-31T10:27:18.915851Z"}
{"index": 1759, "data": -0.0012030868165311404, "create_time": "2024-05-31T10:27:19.552114Z"}
{"index": 1760, "data": -0.002150815479399171, "create_time": "2024-05-31T10:27:20.168251Z"}
{"index": 1761, "data": 3.6124460166320204e-06, "create_time": "2024-05-31T10:27:20.937107Z"}
{"index": 1762, "data": 0.000921116901190544, "create_time": "2024-05-31T10:27:21.675085Z"}
{"index": 1763, "data": -0.002883683831896633, "create_time": "2024-05-31T10:27:22.431519Z"}
{"index": 1764, "data": -0.0009380194318509893, "create_time": "2024-05-31T10:27:23.077531Z"}
{"index": 1765, "data": 0.0021929270395048663, "create_time": "2024-05-31T10:27:23.787523Z"}
{"index": 1766, "data": -0.0009660081152105704, "create_time": "2024-05-31T10:27:24.442918Z"}
{"index": 1767, "data": 0.0006289244774961844, "create_time": "2024-05-31T10:27:25.101177Z"}
{"index": 1768, "data": 0.0001385862400638871, "create_time": "2024-05-31T10:27:25.854609Z"}
{"index": 1769, "data": -0.002456492293276824, "create_time": "2024-05-31T10:27:26.560603Z"}
{"index": 1770, "data": -0.001863457664148882, "create_time": "2024-05-31T10:27:27.220264Z"}
{"index": 1771, "data": 5.887888837605715e-05, "create_time": "2024-05-31T10:27:27.955546Z"}
{"index": 1772, "data": -0.001261026767315343, "create_time": "2024-05-31T10:27:28.650214Z"}
{"index": 1773, "data": -0.004069141124273301, "create_time": "2024-05-31T10:27:29.423256Z"}
{"index": 1774, "data": -0.00042195145215373486, "create_time": "2024-05-31T10:27:30.177606Z"}
{"index": 1775, "data": -0.0030694966670125725, "create_time": "2024-05-31T10:27:30.821859Z"}
{"index": 1776, "data": -0.0006128994089522166, "create_time": "2024-05-31T10:27:31.461627Z"}
{"index": 1777, "data": 8.190863009076566e-05, "create_time": "2024-05-31T10:27:32.099072Z"}
{"index": 1778, "data": -0.0017143855919130146, "create_time": "2024-05-31T10:27:32.731625Z"}
{"index": 1779, "data": 0.00039972935192054135, "create_time": "2024-05-31T10:27:33.404680Z"}
{"index": 1780, "data": -0.0010898287408053875, "create_time": "2024-05-31T10:27:36.088129Z"}
{"index": 1781, "data": 0.0007192947799921967, "create_time": "2024-05-31T10:27:36.849667Z"}
{"index": 1782, "data": 0.006719037763832603, "create_time": "2024-05-31T10:27:37.624372Z"}
{"index": 1783, "data": 0.0022967984376009555, "create_time": "2024-05-31T10:27:38.366465Z"}
{"index": 1784, "data": -0.0007487053400836885, "create_time": "2024-05-31T10:27:38.998147Z"}
{"index": 1785, "data": -0.002804881868723896, "create_time": "2024-05-31T10:27:39.735380Z"}
{"index": 1786, "data": -0.0010937194048892707, "create_time": "2024-05-31T10:27:40.466507Z"}
{"index": 1787, "data": -0.002351418758917134, "create_time": "2024-05-31T10:27:41.220060Z"}
{"index": 1788, "data": -0.00010019724541052711, "create_time": "2024-05-31T10:27:41.895077Z"}
{"index": 1789, "data": 0.00012309161538723857, "create_time": "2024-05-31T10:27:42.669804Z"}
{"index": 1790, "data": 0.0009422511274578937, "create_time": "2024-05-31T10:27:43.419089Z"}
{"index": 1791, "data": -0.0019563769899832552, "create_time": "2024-05-31T10:27:44.133992Z"}
{"index": 1792, "data": -0.001238177384948358, "create_time": "2024-05-31T10:27:44.865782Z"}
{"index": 1793, "data": -2.4809321621432902e-05, "create_time": "2024-05-31T10:27:45.596254Z"}
{"index": 1794, "data": 0.001411951970658265, "create_time": "2024-05-31T10:27:46.251420Z"}
{"index": 1795, "data": 0.0029235236368549524, "create_time": "2024-05-31T10:27:47.045893Z"}
{"index": 1796, "data": -0.0035238786484114827, "create_time": "2024-05-31T10:27:47.684216Z"}
{"index": 1797, "data": -0.0005153643549419939, "create_time": "2024-05-31T10:27:48.405398Z"}
{"index": 1798, "data": 0.0014059847700991668, "create_time": "2024-05-31T10:27:49.058800Z"}
{"index": 1799, "data": -0.0005483355882461183, "create_time": "2024-05-31T10:27:49.825662Z"}
{"index": 1800, "data": 0.0016817586326851597, "create_time": "2024-05-31T10:27:50.512742Z"}
{"index": 1801, "data": 0.005014725439832546, "create_time": "2024-05-31T10:27:51.273543Z"}
{"index": 1802, "data": -0.0032568035036092623, "create_time": "2024-05-31T10:27:52.014746Z"}
{"index": 1803, "data": -0.0030549530172720553, "create_time": "2024-05-31T10:27:52.729683Z"}
{"index": 1804, "data": -0.0006348753995553125, "create_time": "2024-05-31T10:27:53.509069Z"}
{"index": 1805, "data": -0.00096107367426157, "create_time": "2024-05-31T10:27:54.233172Z"}
{"index": 1806, "data": 0.0022749793366529047, "create_time": "2024-05-31T10:27:54.912864Z"}
{"index": 1807, "data": -0.0035214716161135586, "create_time": "2024-05-31T10:27:55.563688Z"}
{"index": 1808, "data": 0.0011426947428844869, "create_time": "2024-05-31T10:27:56.335658Z"}
{"index": 1809, "data": -0.0036641751765273513, "create_time": "2024-05-31T10:27:56.970489Z"}
{"index": 1810, "data": -0.0031556037385598755, "create_time": "2024-05-31T10:27:57.598162Z"}
{"index": 1811, "data": 0.0008328422831255011, "create_time": "2024-05-31T10:27:58.314404Z"}
{"index": 1812, "data": 0.00021257726475596428, "create_time": "2024-05-31T10:27:59.078302Z"}
{"index": 1813, "data": 0.00012229803251102568, "create_time": "2024-05-31T10:27:59.803701Z"}
{"index": 1814, "data": -0.0026464445967576467, "create_time": "2024-05-31T10:28:00.548317Z"}
{"index": 1815, "data": 0.0001793086703401059, "create_time": "2024-05-31T10:28:01.319334Z"}
{"index": 1816, "data": -0.0022371534985722976, "create_time": "2024-05-31T10:28:02.114243Z"}
{"index": 1817, "data": -0.0011228254523302894, "create_time": "2024-05-31T10:28:02.812198Z"}
{"index": 1818, "data": 0.0017709875937725883, "create_time": "2024-05-31T10:28:03.498531Z"}
{"index": 1819, "data": -0.002554394691833295, "create_time": "2024-05-31T10:28:04.203740Z"}
{"index": 1820, "data": -0.0023154141934355723, "create_time": "2024-05-31T10:28:04.884251Z"}
{"index": 1821, "data": 0.00199028761126101, "create_time": "2024-05-31T10:28:05.578941Z"}
{"index": 1822, "data": -0.0033751566981663926, "create_time": "2024-05-31T10:28:06.267504Z"}
{"index": 1823, "data": -0.0015039161102322397, "create_time": "2024-05-31T10:28:06.938648Z"}
{"index": 1824, "data": -0.003687714587431401, "create_time": "2024-05-31T10:28:07.624813Z"}
{"index": 1825, "data": -7.941613293951377e-05, "create_time": "2024-05-31T10:28:08.320321Z"}
{"index": 1826, "data": 0.004838825418846682, "create_time": "2024-05-31T10:28:09.064603Z"}
{"index": 1827, "data": 0.003489406818698626, "create_time": "2024-05-31T10:28:09.816284Z"}
{"index": 1828, "data": 9.539813618175685e-05, "create_time": "2024-05-31T10:28:10.578967Z"}
{"index": 1829, "data": -9.921348828356713e-06, "create_time": "2024-05-31T10:28:11.276030Z"}
{"index": 1830, "data": -0.0016953881888184697, "create_time": "2024-05-31T10:28:16.314140Z"}
{"index": 1831, "data": 0.0033140010618808446, "create_time": "2024-05-31T10:28:17.459983Z"}
{"index": 1832, "data": -0.003799081878969446, "create_time": "2024-05-31T10:28:18.637800Z"}
{"index": 1833, "data": -0.001867332897381857, "create_time": "2024-05-31T10:28:19.826599Z"}
{"index": 1834, "data": -0.0015096997605724028, "create_time": "2024-05-31T10:28:20.966303Z"}
{"index": 1835, "data": 0.002989720275218133, "create_time": "2024-05-31T10:28:22.036433Z"}
{"index": 1836, "data": -0.002173285305616446, "create_time": "2024-05-31T10:28:23.228577Z"}
{"index": 1837, "data": 0.0020113517792196946, "create_time": "2024-05-31T10:28:24.472680Z"}
{"index": 1838, "data": -0.002578192326473072, "create_time": "2024-05-31T10:28:25.617709Z"}
{"index": 1839, "data": -0.000741338795342017, "create_time": "2024-05-31T10:28:26.858989Z"}
{"index": 1840, "data": 0.00044762728648493064, "create_time": "2024-05-31T10:28:28.053398Z"}
{"index": 1841, "data": -0.0003217840800061822, "create_time": "2024-05-31T10:28:29.118731Z"}
{"index": 1842, "data": -0.00021519273359444925, "create_time": "2024-05-31T10:28:30.356826Z"}
{"index": 1843, "data": -0.0024550741451093926, "create_time": "2024-05-31T10:28:31.570241Z"}
{"index": 1844, "data": 0.002368756608484546, "create_time": "2024-05-31T10:28:32.689075Z"}
{"index": 1845, "data": -0.0006034268735675141, "create_time": "2024-05-31T10:28:33.887840Z"}
{"index": 1846, "data": 0.0025421336515137226, "create_time": "2024-05-31T10:28:35.015495Z"}
{"index": 1847, "data": -0.003506524080876261, "create_time": "2024-05-31T10:28:36.223886Z"}
{"index": 1848, "data": -0.0032163534735445863, "create_time": "2024-05-31T10:28:37.443990Z"}
{"index": 1849, "data": 0.00020422580710146576, "create_time": "2024-05-31T10:28:38.576181Z"}
{"index": 1850, "data": 0.0036991079017752782, "create_time": "2024-05-31T10:28:39.767807Z"}
{"index": 1851, "data": -0.0007952961270348169, "create_time": "2024-05-31T10:28:40.902859Z"}
{"index": 1852, "data": -0.0009072577951883432, "create_time": "2024-05-31T10:28:41.976525Z"}
{"index": 1853, "data": -0.0033481791615486145, "create_time": "2024-05-31T10:28:43.074223Z"}
{"index": 1854, "data": 0.0005481315456563607, "create_time": "2024-05-31T10:28:44.232938Z"}
{"index": 1855, "data": -0.0031378900534036803, "create_time": "2024-05-31T10:28:45.348631Z"}
{"index": 1856, "data": -4.8325983516406265e-05, "create_time": "2024-05-31T10:28:46.490674Z"}
{"index": 1857, "data": 0.0005806064233183861, "create_time": "2024-05-31T10:28:47.628426Z"}
{"index": 1858, "data": -0.00042931686039082706, "create_time": "2024-05-31T10:28:48.845047Z"}
{"index": 1859, "data": 0.005838841514196247, "create_time": "2024-05-31T10:28:49.964193Z"}
{"index": 1860, "data": 0.005552712129428983, "create_time": "2024-05-31T10:28:51.126803Z"}
{"index": 1861, "data": -0.0007015018636593595, "create_time": "2024-05-31T10:28:52.324676Z"}
{"index": 1862, "data": -0.0017533343885588692, "create_time": "2024-05-31T10:28:53.488974Z"}
{"index": 1863, "data": 0.00011251509422436357, "create_time": "2024-05-31T10:28:54.650738Z"}
{"index": 1864, "data": -0.0030862330866511913, "create_time": "2024-05-31T10:28:55.782944Z"}
{"index": 1865, "data": -0.0032685109807061965, "create_time": "2024-05-31T10:28:56.974584Z"}
{"index": 1866, "data": 0.005637244294484844, "create_time": "2024-05-31T10:28:58.135026Z"}
{"index": 1867, "data": -0.003042221697978675, "create_time": "2024-05-31T10:28:59.230015Z"}
{"index": 1868, "data": -0.00015485636540688575, "create_time": "2024-05-31T10:29:00.285771Z"}
{"index": 1869, "data": -0.0012103154789656402, "create_time": "2024-05-31T10:29:01.362869Z"}
{"index": 1870, "data": 0.0016492778668180108, "create_time": "2024-05-31T10:29:02.542551Z"}
{"index": 1871, "data": 0.007336251722881571, "create_time": "2024-05-31T10:29:03.769475Z"}
{"index": 1872, "data": -0.003863173391437158, "create_time": "2024-05-31T10:29:04.962521Z"}
{"index": 1873, "data": -0.0015942599387926749, "create_time": "2024-05-31T10:29:06.064165Z"}
{"index": 1874, "data": -0.0030971284431871027, "create_time": "2024-05-31T10:29:07.152080Z"}
{"index": 1875, "data": 3.0564551161660346e-05, "create_time": "2024-05-31T10:29:08.352707Z"}
{"index": 1876, "data": -0.002712579355284106, "create_time": "2024-05-31T10:29:09.503834Z"}
{"index": 1877, "data": 0.0022906746991793623, "create_time": "2024-05-31T10:29:10.615763Z"}
{"index": 1878, "data": -0.0011665870338219975, "create_time": "2024-05-31T10:29:11.759341Z"}
{"index": 1879, "data": -0.0006632756056205835, "create_time": "2024-05-31T10:29:13.044856Z"}
{"index": 1880, "data": -0.0008532544663466979, "create_time": "2024-05-31T10:29:14.171796Z"}
{"index": 1881, "data": 0.01150732785463333, "create_time": "2024-05-31T10:29:15.294406Z"}
{"index": 1882, "data": -0.001243640182656236, "create_time": "2024-05-31T10:29:16.466597Z"}
{"index": 1883, "data": -0.0010038410226115956, "create_time": "2024-05-31T10:29:17.545444Z"}
{"index": 1884, "data": -0.0013624761486425996, "create_time": "2024-05-31T10:29:18.646968Z"}
{"index": 1885, "data": 0.001103525257531146, "create_time": "2024-05-31T10:29:19.748838Z"}
{"index": 1886, "data": 0.0003863886384351645, "create_time": "2024-05-31T10:29:20.823687Z"}
{"index": 1887, "data": -0.003370746185828466, "create_time": "2024-05-31T10:29:21.895020Z"}
{"index": 1888, "data": -0.0027587441902142016, "create_time": "2024-05-31T10:29:22.948377Z"}
{"index": 1889, "data": 0.0020041560295794626, "create_time": "2024-05-31T10:29:24.156795Z"}
