{"index": 0, "data": 0.01919849555706179, "create_time": "2024-05-31T10:36:24.287850Z"}
{"index": 1, "data": -0.00033884439617395403, "create_time": "2024-05-31T10:36:25.270095Z"}
{"index": 2, "data": -0.0010209945103270002, "create_time": "2024-05-31T10:36:26.067517Z"}
{"index": 3, "data": -0.0015464455238543451, "create_time": "2024-05-31T10:36:26.914798Z"}
{"index": 4, "data": -5.273531278362498e-05, "create_time": "2024-05-31T10:36:27.719280Z"}
{"index": 5, "data": -0.0023682891242060577, "create_time": "2024-05-31T10:36:28.621488Z"}
{"index": 6, "data": -0.0023599193249538076, "create_time": "2024-05-31T10:36:29.444813Z"}
{"index": 7, "data": -0.0029130696377251296, "create_time": "2024-05-31T10:36:30.293277Z"}
{"index": 8, "data": -0.0028659282135777174, "create_time": "2024-05-31T10:36:31.164404Z"}
{"index": 9, "data": -0.002325518219731748, "create_time": "2024-05-31T10:36:31.970512Z"}
{"index": 10, "data": -0.002715292319044238, "create_time": "2024-05-31T10:36:32.799597Z"}
{"index": 11, "data": -0.002393218790530227, "create_time": "2024-05-31T10:36:33.587046Z"}
{"index": 12, "data": -0.0025361448439070954, "create_time": "2024-05-31T10:36:34.427034Z"}
{"index": 13, "data": -0.002752693137153983, "create_time": "2024-05-31T10:36:35.339739Z"}
{"index": 14, "data": 0.021992214454803614, "create_time": "2024-05-31T10:36:36.233546Z"}
{"index": 15, "data": -0.0009084348661417607, "create_time": "2024-05-31T10:36:37.133691Z"}
{"index": 16, "data": 0.0029309972436749377, "create_time": "2024-05-31T10:36:37.973931Z"}
{"index": 17, "data": 0.033859732776181775, "create_time": "2024-05-31T10:36:38.776367Z"}
{"index": 18, "data": 0.0016360537090804427, "create_time": "2024-05-31T10:36:39.643436Z"}
{"index": 19, "data": -0.0020943661307683214, "create_time": "2024-05-31T10:36:40.539557Z"}
{"index": 20, "data": 0.001657285411306475, "create_time": "2024-05-31T10:36:41.440126Z"}
{"index": 21, "data": 3.0421020346693696e-05, "create_time": "2024-05-31T10:36:42.289277Z"}
{"index": 22, "data": 0.0013885404594475403, "create_time": "2024-05-31T10:36:43.126591Z"}
{"index": 23, "data": 0.0015005910827312618, "create_time": "2024-05-31T10:36:43.991924Z"}
{"index": 24, "data": -0.003384662908501923, "create_time": "2024-05-31T10:36:44.852904Z"}
{"index": 25, "data": -0.0027229268103837966, "create_time": "2024-05-31T10:36:45.704549Z"}
{"index": 26, "data": -0.002161891240393743, "create_time": "2024-05-31T10:36:46.534488Z"}
{"index": 27, "data": -0.004319669521646574, "create_time": "2024-05-31T10:36:47.461380Z"}
{"index": 28, "data": -0.004395052441395819, "create_time": "2024-05-31T10:36:48.253340Z"}
{"index": 29, "data": -0.0032784478476969524, "create_time": "2024-05-31T10:36:49.047500Z"}
{"index": 30, "data": -0.0038661283047986216, "create_time": "2024-05-31T10:36:49.872229Z"}
{"index": 31, "data": -0.0034069663437549026, "create_time": "2024-05-31T10:36:50.736457Z"}
{"index": 32, "data": -0.004701237755944021, "create_time": "2024-05-31T10:36:51.533471Z"}
{"index": 33, "data": -0.004696996053098701, "create_time": "2024-05-31T10:36:52.444153Z"}
{"index": 34, "data": -0.005531450131093152, "create_time": "2024-05-31T10:36:53.278188Z"}
{"index": 35, "data": -0.005155667749932036, "create_time": "2024-05-31T10:36:54.114192Z"}
{"index": 36, "data": -0.00553534237697022, "create_time": "2024-05-31T10:36:54.951102Z"}
{"index": 37, "data": -0.005439470428973437, "create_time": "2024-05-31T10:36:55.809261Z"}
{"index": 38, "data": -0.005067566584330052, "create_time": "2024-05-31T10:36:56.624285Z"}
{"index": 39, "data": -0.006000132804911118, "create_time": "2024-05-31T10:36:57.492137Z"}
{"index": 40, "data": -0.006388104482903145, "create_time": "2024-05-31T10:36:58.380372Z"}
{"index": 41, "data": -0.005798940634122118, "create_time": "2024-05-31T10:36:59.237274Z"}
{"index": 42, "data": -0.005733211094047874, "create_time": "2024-05-31T10:37:00.067024Z"}
{"index": 43, "data": -0.005883548402925954, "create_time": "2024-05-31T10:37:00.927165Z"}
{"index": 44, "data": -0.0066277715930482374, "create_time": "2024-05-31T10:37:01.732348Z"}
{"index": 45, "data": -0.005308931438776199, "create_time": "2024-05-31T10:37:02.574467Z"}
{"index": 46, "data": -0.006251254610833712, "create_time": "2024-05-31T10:37:03.406805Z"}
{"index": 47, "data": -0.006430048285983503, "create_time": "2024-05-31T10:37:04.227097Z"}
{"index": 48, "data": -0.006050301261711866, "create_time": "2024-05-31T10:37:05.098277Z"}
{"index": 49, "data": -0.005952285969397053, "create_time": "2024-05-31T10:37:05.919685Z"}
{"index": 50, "data": -0.006736866299252142, "create_time": "2024-05-31T10:37:06.715524Z"}
{"index": 51, "data": -0.006409961718600243, "create_time": "2024-05-31T10:37:07.575944Z"}
{"index": 52, "data": -0.006470003072172404, "create_time": "2024-05-31T10:37:08.331896Z"}
{"index": 53, "data": -0.006361889676190913, "create_time": "2024-05-31T10:37:09.198168Z"}
{"index": 54, "data": -0.0066979671595618125, "create_time": "2024-05-31T10:37:10.016314Z"}
{"index": 55, "data": -0.006423555564833805, "create_time": "2024-05-31T10:37:10.801149Z"}
{"index": 56, "data": -0.006067534125759266, "create_time": "2024-05-31T10:37:11.703331Z"}
{"index": 57, "data": -0.007499185571214184, "create_time": "2024-05-31T10:37:12.486979Z"}
{"index": 58, "data": -0.007023918384220451, "create_time": "2024-05-31T10:37:13.339628Z"}
{"index": 59, "data": -0.00668346607562853, "create_time": "2024-05-31T10:37:14.130812Z"}
{"index": 60, "data": -0.006339400963042863, "create_time": "2024-05-31T10:37:14.929352Z"}
{"index": 61, "data": -0.007578093784104567, "create_time": "2024-05-31T10:37:15.830077Z"}
{"index": 62, "data": -0.006640544862602837, "create_time": "2024-05-31T10:37:16.666478Z"}
{"index": 63, "data": -0.00785184258238587, "create_time": "2024-05-31T10:37:17.488066Z"}
{"index": 64, "data": -0.007393806749314535, "create_time": "2024-05-31T10:37:18.280053Z"}
{"index": 65, "data": -0.007307699229568243, "create_time": "2024-05-31T10:37:19.044498Z"}
{"index": 66, "data": -0.006828272963593918, "create_time": "2024-05-31T10:37:19.834452Z"}
{"index": 67, "data": -0.007605790405068547, "create_time": "2024-05-31T10:37:20.705349Z"}
{"index": 68, "data": -0.006491884302522522, "create_time": "2024-05-31T10:37:21.631510Z"}
{"index": 69, "data": -0.007486387589597143, "create_time": "2024-05-31T10:37:22.403932Z"}
{"index": 70, "data": -0.007930323417531327, "create_time": "2024-05-31T10:37:23.136318Z"}
{"index": 71, "data": -0.00706158212851733, "create_time": "2024-05-31T10:37:24.023709Z"}
{"index": 72, "data": -0.007027645653579384, "create_time": "2024-05-31T10:37:24.824934Z"}
{"index": 73, "data": -0.008199987804982812, "create_time": "2024-05-31T10:37:25.627465Z"}
{"index": 74, "data": -0.007250459922943264, "create_time": "2024-05-31T10:37:26.455872Z"}
{"index": 75, "data": -0.0070645310159306975, "create_time": "2024-05-31T10:37:27.288625Z"}
{"index": 76, "data": -0.007925130403600633, "create_time": "2024-05-31T10:37:28.036411Z"}
{"index": 77, "data": -0.008510495419614017, "create_time": "2024-05-31T10:37:28.930639Z"}
{"index": 78, "data": -0.00697124358266592, "create_time": "2024-05-31T10:37:29.784120Z"}
{"index": 79, "data": -0.008278374315705151, "create_time": "2024-05-31T10:37:30.679685Z"}
{"index": 80, "data": -0.008056626957841217, "create_time": "2024-05-31T10:37:31.574022Z"}
{"index": 81, "data": -0.008749479139805772, "create_time": "2024-05-31T10:37:32.346951Z"}
{"index": 82, "data": -0.008477552857948467, "create_time": "2024-05-31T10:37:33.234524Z"}
{"index": 83, "data": -0.008612626062426899, "create_time": "2024-05-31T10:37:34.035243Z"}
{"index": 84, "data": -0.008155187958618627, "create_time": "2024-05-31T10:37:34.827877Z"}
{"index": 85, "data": -0.007056083396309987, "create_time": "2024-05-31T10:37:35.712694Z"}
{"index": 86, "data": -0.008361307118320838, "create_time": "2024-05-31T10:37:36.529316Z"}
{"index": 87, "data": -0.007990492787212134, "create_time": "2024-05-31T10:37:37.303636Z"}
{"index": 88, "data": -0.006578261579852552, "create_time": "2024-05-31T10:37:38.157192Z"}
{"index": 89, "data": -0.008237278709566453, "create_time": "2024-05-31T10:37:39.073569Z"}
{"index": 90, "data": -0.007798079599524499, "create_time": "2024-05-31T10:37:39.957111Z"}
{"index": 91, "data": -0.009010384720750154, "create_time": "2024-05-31T10:37:40.770914Z"}
{"index": 92, "data": -0.0077704837080091235, "create_time": "2024-05-31T10:37:41.617255Z"}
{"index": 93, "data": -0.007884165741415927, "create_time": "2024-05-31T10:37:42.414774Z"}
{"index": 94, "data": -0.007762096362421289, "create_time": "2024-05-31T10:37:43.271710Z"}
{"index": 95, "data": -0.008373114446294494, "create_time": "2024-05-31T10:37:44.048869Z"}
{"index": 96, "data": -0.007909693237161263, "create_time": "2024-05-31T10:37:44.885999Z"}
{"index": 97, "data": -0.009139068427612074, "create_time": "2024-05-31T10:37:45.835940Z"}
{"index": 98, "data": -0.007514757243916393, "create_time": "2024-05-31T10:37:46.698610Z"}
{"index": 99, "data": -0.00913532622216735, "create_time": "2024-05-31T10:37:47.520238Z"}
{"index": 100, "data": -0.00901845239177419, "create_time": "2024-05-31T10:37:48.342021Z"}
{"index": 101, "data": -0.007657353715330828, "create_time": "2024-05-31T10:37:49.089300Z"}
{"index": 102, "data": -0.0082166515145218, "create_time": "2024-05-31T10:37:49.883426Z"}
{"index": 103, "data": -0.00890925276762573, "create_time": "2024-05-31T10:37:50.717114Z"}
{"index": 104, "data": -0.008566899050492793, "create_time": "2024-05-31T10:37:51.523851Z"}
{"index": 105, "data": -0.0091400952427648, "create_time": "2024-05-31T10:37:52.279279Z"}
{"index": 106, "data": -0.008306072818231768, "create_time": "2024-05-31T10:37:53.139068Z"}
{"index": 107, "data": -0.008618767889856827, "create_time": "2024-05-31T10:37:53.916856Z"}
{"index": 108, "data": -0.008211577092879452, "create_time": "2024-05-31T10:37:54.859660Z"}
{"index": 109, "data": -0.007663676582160406, "create_time": "2024-05-31T10:37:55.832656Z"}
{"index": 110, "data": -0.009019464248558507, "create_time": "2024-05-31T10:37:56.822236Z"}
{"index": 111, "data": -0.008673569367965683, "create_time": "2024-05-31T10:37:57.693883Z"}
{"index": 112, "data": -0.00928378723328933, "create_time": "2024-05-31T10:37:58.580958Z"}
{"index": 113, "data": -0.00818343820865266, "create_time": "2024-05-31T10:37:59.439711Z"}
{"index": 114, "data": -0.009284654816292459, "create_time": "2024-05-31T10:38:00.225867Z"}
{"index": 115, "data": -0.009562451986130326, "create_time": "2024-05-31T10:38:01.077061Z"}
{"index": 116, "data": -0.007878294348483906, "create_time": "2024-05-31T10:38:01.944625Z"}
{"index": 117, "data": -0.00859696688130498, "create_time": "2024-05-31T10:38:02.766723Z"}
{"index": 118, "data": -0.008554117154562845, "create_time": "2024-05-31T10:38:03.649038Z"}
{"index": 119, "data": -0.008115777120110579, "create_time": "2024-05-31T10:38:04.460202Z"}
{"index": 120, "data": -0.008756063965847716, "create_time": "2024-05-31T10:38:05.195872Z"}
{"index": 121, "data": -0.008667199534829705, "create_time": "2024-05-31T10:38:05.924964Z"}
{"index": 122, "data": -0.008478028286481277, "create_time": "2024-05-31T10:38:06.720390Z"}
{"index": 123, "data": -0.007741795785841532, "create_time": "2024-05-31T10:38:07.522781Z"}
{"index": 124, "data": -0.009047844070664723, "create_time": "2024-05-31T10:38:08.305783Z"}
{"index": 125, "data": -0.008259505091700703, "create_time": "2024-05-31T10:38:09.085010Z"}
{"index": 126, "data": -0.009244353097165004, "create_time": "2024-05-31T10:38:09.913808Z"}
{"index": 127, "data": -0.007887769408989697, "create_time": "2024-05-31T10:38:10.704637Z"}
{"index": 128, "data": -0.008753144601359963, "create_time": "2024-05-31T10:38:11.555354Z"}
{"index": 129, "data": -0.008913687826134265, "create_time": "2024-05-31T10:38:12.382211Z"}
{"index": 130, "data": -0.007176945055834949, "create_time": "2024-05-31T10:38:13.296788Z"}
{"index": 131, "data": -0.008521153037145268, "create_time": "2024-05-31T10:38:14.118364Z"}
{"index": 132, "data": -0.008518011402338743, "create_time": "2024-05-31T10:38:14.959637Z"}
{"index": 133, "data": -0.008928489792742767, "create_time": "2024-05-31T10:38:15.700133Z"}
{"index": 134, "data": -0.00808714107843116, "create_time": "2024-05-31T10:38:16.503482Z"}
{"index": 135, "data": -0.008490261172119063, "create_time": "2024-05-31T10:38:17.289121Z"}
{"index": 136, "data": -0.009005377191351726, "create_time": "2024-05-31T10:38:18.159834Z"}
{"index": 137, "data": -0.007989278249442577, "create_time": "2024-05-31T10:38:18.967387Z"}
{"index": 138, "data": -0.00903051665663952, "create_time": "2024-05-31T10:38:19.744004Z"}
{"index": 139, "data": -0.008881607264629564, "create_time": "2024-05-31T10:38:20.634638Z"}
{"index": 140, "data": -0.008581037263502367, "create_time": "2024-05-31T10:38:21.442453Z"}
{"index": 141, "data": -0.009422419325710507, "create_time": "2024-05-31T10:38:22.269106Z"}
{"index": 142, "data": -0.00864182819495909, "create_time": "2024-05-31T10:38:23.045576Z"}
{"index": 143, "data": -0.006298963093286147, "create_time": "2024-05-31T10:38:23.840652Z"}
{"index": 144, "data": -0.008632690086960793, "create_time": "2024-05-31T10:38:24.670283Z"}
{"index": 145, "data": -0.008186112021212466, "create_time": "2024-05-31T10:38:25.457520Z"}
{"index": 146, "data": -0.0088277762173675, "create_time": "2024-05-31T10:38:26.360918Z"}
{"index": 147, "data": -0.009026347761391662, "create_time": "2024-05-31T10:38:27.227152Z"}
{"index": 148, "data": -0.009931472157222742, "create_time": "2024-05-31T10:38:27.954066Z"}
{"index": 149, "data": -0.008441319726989605, "create_time": "2024-05-31T10:38:28.838377Z"}
{"index": 150, "data": -0.009642160614021122, "create_time": "2024-05-31T10:38:29.571683Z"}
{"index": 151, "data": -0.008881216868758202, "create_time": "2024-05-31T10:38:30.322647Z"}
{"index": 152, "data": -0.008302219497272745, "create_time": "2024-05-31T10:38:31.064046Z"}
{"index": 153, "data": -0.00837586612906307, "create_time": "2024-05-31T10:38:31.828425Z"}
{"index": 154, "data": -0.009035794815281406, "create_time": "2024-05-31T10:38:32.614684Z"}
{"index": 155, "data": -0.008202673378400504, "create_time": "2024-05-31T10:38:33.372523Z"}
{"index": 156, "data": -0.008618614092847565, "create_time": "2024-05-31T10:38:34.142288Z"}
{"index": 157, "data": -0.007587133324705064, "create_time": "2024-05-31T10:38:34.961374Z"}
{"index": 158, "data": -0.008970799004146102, "create_time": "2024-05-31T10:38:35.744473Z"}
{"index": 159, "data": -0.008127859188243746, "create_time": "2024-05-31T10:38:36.569721Z"}
{"index": 160, "data": -0.0079189847339876, "create_time": "2024-05-31T10:38:37.391312Z"}
{"index": 161, "data": -0.008196975279133767, "create_time": "2024-05-31T10:38:38.126918Z"}
{"index": 162, "data": -0.008515230772900395, "create_time": "2024-05-31T10:38:38.995444Z"}
{"index": 163, "data": -0.0088210595829878, "create_time": "2024-05-31T10:38:39.877388Z"}
{"index": 164, "data": -0.00794484020298114, "create_time": "2024-05-31T10:38:40.772011Z"}
{"index": 165, "data": -0.007890211188350805, "create_time": "2024-05-31T10:38:41.538635Z"}
{"index": 166, "data": -0.008257912352564744, "create_time": "2024-05-31T10:38:42.368070Z"}
{"index": 167, "data": -0.008392588797141798, "create_time": "2024-05-31T10:38:43.141343Z"}
{"index": 168, "data": -0.00790445423917845, "create_time": "2024-05-31T10:38:43.890222Z"}
{"index": 169, "data": -0.008297197928186506, "create_time": "2024-05-31T10:38:44.674320Z"}
{"index": 170, "data": -0.008269750660110731, "create_time": "2024-05-31T10:38:45.482218Z"}
{"index": 171, "data": -0.007199897380633047, "create_time": "2024-05-31T10:38:46.245408Z"}
{"index": 172, "data": -0.00821924137417227, "create_time": "2024-05-31T10:38:47.022740Z"}
{"index": 173, "data": -0.00855186583557952, "create_time": "2024-05-31T10:38:47.769098Z"}
{"index": 174, "data": -0.007457368432369549, "create_time": "2024-05-31T10:38:48.631046Z"}
{"index": 175, "data": -0.0075882049044594165, "create_time": "2024-05-31T10:38:49.493210Z"}
{"index": 176, "data": -0.007711513573303819, "create_time": "2024-05-31T10:38:50.242766Z"}
{"index": 177, "data": -0.007526977185625583, "create_time": "2024-05-31T10:38:51.109832Z"}
{"index": 178, "data": -0.008734021981945261, "create_time": "2024-05-31T10:38:51.877965Z"}
{"index": 179, "data": -0.007421499217161909, "create_time": "2024-05-31T10:38:52.679465Z"}
{"index": 180, "data": -0.007679878624912817, "create_time": "2024-05-31T10:38:53.467223Z"}
{"index": 181, "data": -0.007768714011763223, "create_time": "2024-05-31T10:38:54.253936Z"}
{"index": 182, "data": -0.006993834851891733, "create_time": "2024-05-31T10:38:55.112638Z"}
{"index": 183, "data": -0.00846120098431129, "create_time": "2024-05-31T10:38:55.934254Z"}
{"index": 184, "data": -0.005897356598870829, "create_time": "2024-05-31T10:38:56.714965Z"}
{"index": 185, "data": -0.00705280531255994, "create_time": "2024-05-31T10:38:57.538787Z"}
{"index": 186, "data": -0.007321351789869368, "create_time": "2024-05-31T10:38:58.294018Z"}
{"index": 187, "data": -0.00965593582004658, "create_time": "2024-05-31T10:38:59.040998Z"}
{"index": 188, "data": -0.007836600950031424, "create_time": "2024-05-31T10:38:59.815247Z"}
{"index": 189, "data": -0.006297820573672652, "create_time": "2024-05-31T10:39:00.632440Z"}
{"index": 190, "data": -0.00908139415550977, "create_time": "2024-05-31T10:39:08.495157Z"}
{"index": 191, "data": -0.006388764863368123, "create_time": "2024-05-31T10:39:09.386073Z"}
{"index": 192, "data": -0.00839024159940891, "create_time": "2024-05-31T10:39:10.334824Z"}
{"index": 193, "data": -0.0070885969558730725, "create_time": "2024-05-31T10:39:11.132154Z"}
{"index": 194, "data": -0.009641114756232128, "create_time": "2024-05-31T10:39:11.931284Z"}
{"index": 195, "data": -0.006327655135828536, "create_time": "2024-05-31T10:39:12.680689Z"}
{"index": 196, "data": -0.007425360957859084, "create_time": "2024-05-31T10:39:13.526415Z"}
{"index": 197, "data": -0.008341594450030243, "create_time": "2024-05-31T10:39:14.337036Z"}
{"index": 198, "data": -0.00889890845573973, "create_time": "2024-05-31T10:39:15.135090Z"}
{"index": 199, "data": -0.007840384697919945, "create_time": "2024-05-31T10:39:15.945585Z"}
{"index": 200, "data": -0.006943121610675007, "create_time": "2024-05-31T10:39:16.698682Z"}
{"index": 201, "data": -0.007390082365600392, "create_time": "2024-05-31T10:39:17.493227Z"}
{"index": 202, "data": -0.008833949230029248, "create_time": "2024-05-31T10:39:18.318594Z"}
{"index": 203, "data": -0.0097901179746259, "create_time": "2024-05-31T10:39:19.158061Z"}
{"index": 204, "data": -0.007908917979511898, "create_time": "2024-05-31T10:39:19.991228Z"}
{"index": 205, "data": -0.008112591225653887, "create_time": "2024-05-31T10:39:20.765710Z"}
{"index": 206, "data": -0.008272152906283737, "create_time": "2024-05-31T10:39:21.617926Z"}
{"index": 207, "data": -0.007787937597277051, "create_time": "2024-05-31T10:39:22.457394Z"}
{"index": 208, "data": -0.00598635713395197, "create_time": "2024-05-31T10:39:23.295637Z"}
{"index": 209, "data": -0.006304099375847727, "create_time": "2024-05-31T10:39:24.080667Z"}
{"index": 210, "data": -0.009060696692904458, "create_time": "2024-05-31T10:39:24.950952Z"}
{"index": 211, "data": -0.008192871155915781, "create_time": "2024-05-31T10:39:25.730482Z"}
{"index": 212, "data": -0.007532069252920337, "create_time": "2024-05-31T10:39:26.537492Z"}
{"index": 213, "data": -0.006943032941126148, "create_time": "2024-05-31T10:39:27.309110Z"}
{"index": 214, "data": -0.009001269494183362, "create_time": "2024-05-31T10:39:28.155738Z"}
{"index": 215, "data": -0.008613060950301588, "create_time": "2024-05-31T10:39:28.945277Z"}
{"index": 216, "data": -0.008520395297091454, "create_time": "2024-05-31T10:39:29.708936Z"}
{"index": 217, "data": -0.006910380963381613, "create_time": "2024-05-31T10:39:30.491234Z"}
{"index": 218, "data": -0.008629685845880886, "create_time": "2024-05-31T10:39:31.297240Z"}
{"index": 219, "data": -0.0093529227306135, "create_time": "2024-05-31T10:39:32.116430Z"}
{"index": 220, "data": -0.008468206642282894, "create_time": "2024-05-31T10:39:32.971556Z"}
{"index": 221, "data": -0.00624662748305127, "create_time": "2024-05-31T10:39:33.739748Z"}
{"index": 222, "data": -0.008338854114663263, "create_time": "2024-05-31T10:39:34.518625Z"}
{"index": 223, "data": -0.00827709470759146, "create_time": "2024-05-31T10:39:35.350149Z"}
{"index": 224, "data": -0.00897541752201505, "create_time": "2024-05-31T10:39:36.199326Z"}
{"index": 225, "data": -0.007322733858745778, "create_time": "2024-05-31T10:39:37.098137Z"}
{"index": 226, "data": -0.008082664612447842, "create_time": "2024-05-31T10:39:38.006555Z"}
{"index": 227, "data": -0.006750392841058783, "create_time": "2024-05-31T10:39:38.820494Z"}
{"index": 228, "data": -0.008122105922666378, "create_time": "2024-05-31T10:39:39.713539Z"}
{"index": 229, "data": -0.007825492178744753, "create_time": "2024-05-31T10:39:40.524742Z"}
{"index": 230, "data": -0.007900747456005774, "create_time": "2024-05-31T10:39:41.283812Z"}
{"index": 231, "data": -0.008754761358432006, "create_time": "2024-05-31T10:39:42.050207Z"}
{"index": 232, "data": -0.008889497834024951, "create_time": "2024-05-31T10:39:42.880262Z"}
{"index": 233, "data": -0.008143821638077498, "create_time": "2024-05-31T10:39:43.722744Z"}
{"index": 234, "data": -0.00947043125052005, "create_time": "2024-05-31T10:39:44.540082Z"}
{"index": 235, "data": -0.008122718351660296, "create_time": "2024-05-31T10:39:45.343418Z"}
{"index": 236, "data": -0.006759653947665356, "create_time": "2024-05-31T10:39:46.231079Z"}
{"index": 237, "data": -0.006488432080368511, "create_time": "2024-05-31T10:39:46.971138Z"}
{"index": 238, "data": -0.006141958408989012, "create_time": "2024-05-31T10:39:47.857891Z"}
{"index": 239, "data": -0.007233406906016171, "create_time": "2024-05-31T10:39:48.687252Z"}
{"index": 240, "data": -0.009782936074770987, "create_time": "2024-05-31T10:39:49.560912Z"}
{"index": 241, "data": -0.008915723103564232, "create_time": "2024-05-31T10:39:50.411898Z"}
{"index": 242, "data": -0.008187578310025857, "create_time": "2024-05-31T10:39:51.231068Z"}
{"index": 243, "data": -0.008586089567688759, "create_time": "2024-05-31T10:39:52.068535Z"}
{"index": 244, "data": -0.00802080606808886, "create_time": "2024-05-31T10:39:52.899358Z"}
{"index": 245, "data": -0.0074989792832639065, "create_time": "2024-05-31T10:39:53.822012Z"}
{"index": 246, "data": -0.008069994323886932, "create_time": "2024-05-31T10:39:54.692028Z"}
{"index": 247, "data": -0.009270718759216834, "create_time": "2024-05-31T10:39:55.475989Z"}
{"index": 248, "data": -0.0076840623398311434, "create_time": "2024-05-31T10:39:56.273510Z"}
{"index": 249, "data": -0.008205226837890222, "create_time": "2024-05-31T10:39:57.198571Z"}
{"index": 250, "data": -0.008461933440412395, "create_time": "2024-05-31T10:39:58.082844Z"}
{"index": 251, "data": -0.008008074178360403, "create_time": "2024-05-31T10:39:58.979924Z"}
{"index": 252, "data": -0.007045296893920749, "create_time": "2024-05-31T10:39:59.767890Z"}
{"index": 253, "data": -0.008188641734886915, "create_time": "2024-05-31T10:40:00.609752Z"}
{"index": 254, "data": -0.008051341242389754, "create_time": "2024-05-31T10:40:01.442837Z"}
{"index": 255, "data": -0.0070605325803626325, "create_time": "2024-05-31T10:40:02.273238Z"}
{"index": 256, "data": -0.00931799424433848, "create_time": "2024-05-31T10:40:03.115254Z"}
{"index": 257, "data": -0.00864126493979711, "create_time": "2024-05-31T10:40:03.974620Z"}
{"index": 258, "data": -0.007509060193842743, "create_time": "2024-05-31T10:40:04.867603Z"}
{"index": 259, "data": -0.007467310992797138, "create_time": "2024-05-31T10:40:05.687379Z"}
{"index": 260, "data": -0.006992397961585084, "create_time": "2024-05-31T10:40:06.580888Z"}
{"index": 261, "data": -0.007801089777058223, "create_time": "2024-05-31T10:40:07.471248Z"}
{"index": 262, "data": -0.009136276791105047, "create_time": "2024-05-31T10:40:08.377231Z"}
{"index": 263, "data": -0.007503681775415316, "create_time": "2024-05-31T10:40:09.245110Z"}
{"index": 264, "data": -0.007288422138663009, "create_time": "2024-05-31T10:40:10.077334Z"}
{"index": 265, "data": -0.008589212069637142, "create_time": "2024-05-31T10:40:10.975502Z"}
{"index": 266, "data": -0.007288818010420073, "create_time": "2024-05-31T10:40:11.736449Z"}
{"index": 267, "data": -0.0070720670802984385, "create_time": "2024-05-31T10:40:12.496502Z"}
{"index": 268, "data": -0.008525360614294186, "create_time": "2024-05-31T10:40:13.253277Z"}
{"index": 269, "data": -0.00897725234972313, "create_time": "2024-05-31T10:40:14.168034Z"}
{"index": 270, "data": -0.00919779209252738, "create_time": "2024-05-31T10:40:14.932446Z"}
{"index": 271, "data": -0.0084256240632385, "create_time": "2024-05-31T10:40:15.757746Z"}
{"index": 272, "data": -0.007903856853954495, "create_time": "2024-05-31T10:40:16.619926Z"}
{"index": 273, "data": -0.006862374814227223, "create_time": "2024-05-31T10:40:17.497578Z"}
{"index": 274, "data": -0.007994558205245994, "create_time": "2024-05-31T10:40:18.303644Z"}
{"index": 275, "data": -0.009468345524510369, "create_time": "2024-05-31T10:40:19.141009Z"}
{"index": 276, "data": -0.008046889177057892, "create_time": "2024-05-31T10:40:20.051773Z"}
{"index": 277, "data": -0.009240624320955248, "create_time": "2024-05-31T10:40:20.972838Z"}
{"index": 278, "data": -0.007812522223684937, "create_time": "2024-05-31T10:40:21.856164Z"}
{"index": 279, "data": -0.007328207146565546, "create_time": "2024-05-31T10:40:22.762546Z"}
{"index": 280, "data": -0.007977291279530618, "create_time": "2024-05-31T10:40:23.650053Z"}
{"index": 281, "data": -0.007921755980351008, "create_time": "2024-05-31T10:40:24.513196Z"}
{"index": 282, "data": -0.008907748125784565, "create_time": "2024-05-31T10:40:25.359846Z"}
{"index": 283, "data": -0.008039548468514113, "create_time": "2024-05-31T10:40:26.214550Z"}
{"index": 284, "data": -0.008430244197370484, "create_time": "2024-05-31T10:40:27.077318Z"}
{"index": 285, "data": -0.009400216885842383, "create_time": "2024-05-31T10:40:27.939646Z"}
{"index": 286, "data": -0.009272225841414183, "create_time": "2024-05-31T10:40:28.761282Z"}
{"index": 287, "data": -0.007204405663651414, "create_time": "2024-05-31T10:40:29.570815Z"}
{"index": 288, "data": -0.008482055836066139, "create_time": "2024-05-31T10:40:30.468460Z"}
{"index": 289, "data": -0.008991470083128662, "create_time": "2024-05-31T10:40:31.403518Z"}
{"index": 290, "data": -0.008399507298599928, "create_time": "2024-05-31T10:40:32.349143Z"}
{"index": 291, "data": -0.008536982201621867, "create_time": "2024-05-31T10:40:33.177118Z"}
{"index": 292, "data": -0.00897480170824565, "create_time": "2024-05-31T10:40:34.077297Z"}
{"index": 293, "data": -0.007569934798084432, "create_time": "2024-05-31T10:40:34.932561Z"}
{"index": 294, "data": -0.007754628200200386, "create_time": "2024-05-31T10:40:35.755107Z"}
{"index": 295, "data": -0.007595021900488064, "create_time": "2024-05-31T10:40:36.644224Z"}
{"index": 296, "data": -0.008394524882896803, "create_time": "2024-05-31T10:40:37.524276Z"}
{"index": 297, "data": -0.00742684593424201, "create_time": "2024-05-31T10:40:38.372154Z"}
{"index": 298, "data": -0.007452757524151821, "create_time": "2024-05-31T10:40:39.204196Z"}
{"index": 299, "data": -0.008174189904821105, "create_time": "2024-05-31T10:40:40.045143Z"}
{"index": 300, "data": -0.007714965546620078, "create_time": "2024-05-31T10:40:40.987408Z"}
{"index": 301, "data": -0.008817485149484128, "create_time": "2024-05-31T10:40:41.927805Z"}
{"index": 302, "data": -0.0075449923984706405, "create_time": "2024-05-31T10:40:42.832054Z"}
{"index": 303, "data": -0.008898650639457628, "create_time": "2024-05-31T10:40:43.738030Z"}
{"index": 304, "data": -0.009167810843791813, "create_time": "2024-05-31T10:40:44.672885Z"}
{"index": 305, "data": -0.009282125264871866, "create_time": "2024-05-31T10:40:45.526031Z"}
{"index": 306, "data": -0.00848595627467148, "create_time": "2024-05-31T10:40:46.404810Z"}
{"index": 307, "data": -0.00866675034048967, "create_time": "2024-05-31T10:40:47.353337Z"}
{"index": 308, "data": -0.008924128985381686, "create_time": "2024-05-31T10:40:48.244988Z"}
{"index": 309, "data": -0.008903074514819309, "create_time": "2024-05-31T10:40:49.140972Z"}
{"index": 310, "data": -0.008324294260819442, "create_time": "2024-05-31T10:40:49.973831Z"}
{"index": 311, "data": -0.00918537737452425, "create_time": "2024-05-31T10:40:50.897599Z"}
{"index": 312, "data": -0.007727917743613944, "create_time": "2024-05-31T10:40:51.726001Z"}
{"index": 313, "data": -0.008765494776889681, "create_time": "2024-05-31T10:40:52.598689Z"}
{"index": 314, "data": -0.009172193560516462, "create_time": "2024-05-31T10:40:53.459942Z"}
{"index": 315, "data": -0.009253631124738603, "create_time": "2024-05-31T10:40:54.291245Z"}
{"index": 316, "data": -0.0088906399323605, "create_time": "2024-05-31T10:40:55.231580Z"}
{"index": 317, "data": -0.008783091272925958, "create_time": "2024-05-31T10:40:56.056718Z"}
{"index": 318, "data": -0.008046628511510789, "create_time": "2024-05-31T10:40:57.004595Z"}
{"index": 319, "data": -0.009030949085718021, "create_time": "2024-05-31T10:40:57.955848Z"}
{"index": 320, "data": -0.010300900565925985, "create_time": "2024-05-31T10:40:58.883759Z"}
{"index": 321, "data": -0.008757481636712328, "create_time": "2024-05-31T10:40:59.790222Z"}
{"index": 322, "data": -0.008177477579283731, "create_time": "2024-05-31T10:41:00.594111Z"}
{"index": 323, "data": -0.00794019816967193, "create_time": "2024-05-31T10:41:01.457521Z"}
{"index": 324, "data": -0.008550041867420078, "create_time": "2024-05-31T10:41:02.294531Z"}
{"index": 325, "data": -0.008129275654209778, "create_time": "2024-05-31T10:41:03.158631Z"}
{"index": 326, "data": -0.008231781516224146, "create_time": "2024-05-31T10:41:04.078575Z"}
{"index": 327, "data": -0.008216015893412986, "create_time": "2024-05-31T10:41:04.884141Z"}
{"index": 328, "data": -0.009631631756201386, "create_time": "2024-05-31T10:41:05.735186Z"}
{"index": 329, "data": -0.00900276425818447, "create_time": "2024-05-31T10:41:06.597447Z"}
{"index": 330, "data": -0.007561364897992462, "create_time": "2024-05-31T10:41:07.417894Z"}
{"index": 331, "data": -0.007989351561991497, "create_time": "2024-05-31T10:41:08.230264Z"}
{"index": 332, "data": -0.006853942711313721, "create_time": "2024-05-31T10:41:09.051867Z"}
{"index": 333, "data": -0.008445837674662471, "create_time": "2024-05-31T10:41:09.950364Z"}
{"index": 334, "data": -0.007265900116181001, "create_time": "2024-05-31T10:41:10.771096Z"}
{"index": 335, "data": -0.007551520495326258, "create_time": "2024-05-31T10:41:11.700004Z"}
{"index": 336, "data": -0.00808721313951537, "create_time": "2024-05-31T10:41:12.485588Z"}
{"index": 337, "data": -0.008215470076538622, "create_time": "2024-05-31T10:41:13.254779Z"}
{"index": 338, "data": -0.0068384766113013026, "create_time": "2024-05-31T10:41:14.126688Z"}
{"index": 339, "data": -0.007998485924326814, "create_time": "2024-05-31T10:41:14.949092Z"}
{"index": 340, "data": -0.008466841699555517, "create_time": "2024-05-31T10:41:15.824054Z"}
{"index": 341, "data": -0.006516189186368137, "create_time": "2024-05-31T10:41:16.659791Z"}
{"index": 342, "data": -0.007828462976613082, "create_time": "2024-05-31T10:41:17.493484Z"}
{"index": 343, "data": -0.007546253222972155, "create_time": "2024-05-31T10:41:18.304923Z"}
{"index": 344, "data": -0.007199387816945091, "create_time": "2024-05-31T10:41:19.239280Z"}
{"index": 345, "data": -0.00808422063710168, "create_time": "2024-05-31T10:41:20.151978Z"}
{"index": 346, "data": -0.008134214900201187, "create_time": "2024-05-31T10:41:21.022136Z"}
{"index": 347, "data": -0.008266879348229849, "create_time": "2024-05-31T10:41:21.822785Z"}
{"index": 348, "data": -0.008779457336640917, "create_time": "2024-05-31T10:41:22.614475Z"}
{"index": 349, "data": -0.0072271477372851224, "create_time": "2024-05-31T10:41:23.499440Z"}
{"index": 350, "data": -0.007607765623833984, "create_time": "2024-05-31T10:41:24.334207Z"}
{"index": 351, "data": -0.0071458178863395005, "create_time": "2024-05-31T10:41:25.203395Z"}
{"index": 352, "data": -0.006952574239403475, "create_time": "2024-05-31T10:41:26.027738Z"}
{"index": 353, "data": -0.00812737327069044, "create_time": "2024-05-31T10:41:26.935414Z"}
{"index": 354, "data": -0.008414598286617548, "create_time": "2024-05-31T10:41:27.854988Z"}
{"index": 355, "data": -0.007483214151579887, "create_time": "2024-05-31T10:41:28.658223Z"}
{"index": 356, "data": -0.006741335353581235, "create_time": "2024-05-31T10:41:29.552950Z"}
{"index": 357, "data": -0.008520630199927836, "create_time": "2024-05-31T10:41:30.365069Z"}
{"index": 358, "data": -0.007698077165696304, "create_time": "2024-05-31T10:41:31.157430Z"}
{"index": 359, "data": -0.008044772210996597, "create_time": "2024-05-31T10:41:32.025873Z"}
{"index": 360, "data": -0.00817094092417392, "create_time": "2024-05-31T10:41:32.891709Z"}
{"index": 361, "data": -0.008125967741943897, "create_time": "2024-05-31T10:41:33.769915Z"}
{"index": 362, "data": -0.009149379348673391, "create_time": "2024-05-31T10:41:34.638006Z"}
{"index": 363, "data": -0.008973268573754467, "create_time": "2024-05-31T10:41:35.477908Z"}
{"index": 364, "data": -0.00775787607053644, "create_time": "2024-05-31T10:41:36.323829Z"}
{"index": 365, "data": -0.0072898751503089445, "create_time": "2024-05-31T10:41:37.241863Z"}
{"index": 366, "data": -0.007816011700197124, "create_time": "2024-05-31T10:41:38.049077Z"}
{"index": 367, "data": -0.007591940494603477, "create_time": "2024-05-31T10:41:38.941689Z"}
{"index": 368, "data": -0.0075620195231749674, "create_time": "2024-05-31T10:41:39.807442Z"}
{"index": 369, "data": -0.008264918974600733, "create_time": "2024-05-31T10:41:40.725204Z"}
{"index": 370, "data": -0.007981273243785836, "create_time": "2024-05-31T10:41:41.632294Z"}
{"index": 371, "data": -0.008137398562394083, "create_time": "2024-05-31T10:41:42.435767Z"}
{"index": 372, "data": -0.007864820974646136, "create_time": "2024-05-31T10:41:43.271642Z"}
{"index": 373, "data": -0.007513551705051214, "create_time": "2024-05-31T10:41:44.113863Z"}
{"index": 374, "data": -0.007269626467677881, "create_time": "2024-05-31T10:41:45.060622Z"}
{"index": 375, "data": -0.0073876723239663985, "create_time": "2024-05-31T10:41:45.868942Z"}
{"index": 376, "data": -0.006825032935012132, "create_time": "2024-05-31T10:41:46.805349Z"}
{"index": 377, "data": -0.007996311329770833, "create_time": "2024-05-31T10:41:47.674439Z"}
{"index": 378, "data": -0.00784678005729802, "create_time": "2024-05-31T10:41:48.588202Z"}
{"index": 379, "data": -0.0081523320695851, "create_time": "2024-05-31T10:41:49.548460Z"}
{"index": 380, "data": -0.008967512886738405, "create_time": "2024-05-31T10:41:50.473553Z"}
{"index": 381, "data": -0.008874218507844488, "create_time": "2024-05-31T10:41:51.377577Z"}
{"index": 382, "data": -0.00842096373962704, "create_time": "2024-05-31T10:41:52.191697Z"}
{"index": 383, "data": -0.006548478033801075, "create_time": "2024-05-31T10:41:53.129766Z"}
{"index": 384, "data": -0.008219518425903516, "create_time": "2024-05-31T10:41:53.998947Z"}
{"index": 385, "data": -0.008569683550740592, "create_time": "2024-05-31T10:41:54.873220Z"}
{"index": 386, "data": -0.00891128990915604, "create_time": "2024-05-31T10:41:55.802974Z"}
{"index": 387, "data": -0.007213169595343061, "create_time": "2024-05-31T10:41:56.683905Z"}
{"index": 388, "data": -0.007017439173068851, "create_time": "2024-05-31T10:41:57.533463Z"}
{"index": 389, "data": -0.008111173554789275, "create_time": "2024-05-31T10:41:58.396362Z"}
{"index": 390, "data": -0.007990802021231503, "create_time": "2024-05-31T10:41:59.270896Z"}
{"index": 391, "data": -0.0074692527472507205, "create_time": "2024-05-31T10:42:00.198886Z"}
{"index": 392, "data": -0.006324788441997953, "create_time": "2024-05-31T10:42:01.116457Z"}
{"index": 393, "data": -0.008537616109242663, "create_time": "2024-05-31T10:42:02.080096Z"}
{"index": 394, "data": -0.007538712331370334, "create_time": "2024-05-31T10:42:02.976177Z"}
{"index": 395, "data": -0.007437620858036098, "create_time": "2024-05-31T10:42:03.822660Z"}
{"index": 396, "data": -0.007394308465882205, "create_time": "2024-05-31T10:42:04.602922Z"}
{"index": 397, "data": -0.007538160937838256, "create_time": "2024-05-31T10:42:05.393118Z"}
{"index": 398, "data": -0.006251588248414919, "create_time": "2024-05-31T10:42:06.318152Z"}
{"index": 399, "data": -0.008766372763784603, "create_time": "2024-05-31T10:42:07.153582Z"}
{"index": 400, "data": -0.00825437181047164, "create_time": "2024-05-31T10:42:08.062777Z"}
{"index": 401, "data": -0.00817624380797497, "create_time": "2024-05-31T10:42:08.957745Z"}
{"index": 402, "data": -0.007638132246211171, "create_time": "2024-05-31T10:42:09.756954Z"}
{"index": 403, "data": -0.005468835437204689, "create_time": "2024-05-31T10:42:10.571085Z"}
{"index": 404, "data": -0.006534823922811484, "create_time": "2024-05-31T10:42:11.425499Z"}
{"index": 405, "data": -0.008257404551841319, "create_time": "2024-05-31T10:42:12.241224Z"}
{"index": 406, "data": -0.007939931767759844, "create_time": "2024-05-31T10:42:13.164238Z"}
{"index": 407, "data": -0.007023626758018509, "create_time": "2024-05-31T10:42:14.020162Z"}
{"index": 408, "data": -0.008463921500879223, "create_time": "2024-05-31T10:42:14.866551Z"}
{"index": 409, "data": -0.006891616561551928, "create_time": "2024-05-31T10:42:15.784282Z"}
{"index": 410, "data": -0.00874493388691917, "create_time": "2024-05-31T10:42:16.684693Z"}
{"index": 411, "data": -0.008395931537961587, "create_time": "2024-05-31T10:42:17.508652Z"}
{"index": 412, "data": -0.007929513072303962, "create_time": "2024-05-31T10:42:18.340449Z"}
{"index": 413, "data": -0.006262738967780024, "create_time": "2024-05-31T10:42:19.203419Z"}
{"index": 414, "data": -0.005264067440293729, "create_time": "2024-05-31T10:42:20.081985Z"}
{"index": 415, "data": -0.008385350508615375, "create_time": "2024-05-31T10:42:20.868180Z"}
{"index": 416, "data": -0.007711815504080732, "create_time": "2024-05-31T10:42:21.735776Z"}
{"index": 417, "data": -0.008672104874858633, "create_time": "2024-05-31T10:42:22.602141Z"}
{"index": 418, "data": -0.009246527194045484, "create_time": "2024-05-31T10:42:23.535451Z"}
{"index": 419, "data": -0.007958216927363537, "create_time": "2024-05-31T10:42:24.468481Z"}
{"index": 420, "data": -0.005397400679066777, "create_time": "2024-05-31T10:42:25.335828Z"}
{"index": 421, "data": -0.008325858076568693, "create_time": "2024-05-31T10:42:26.239525Z"}
{"index": 422, "data": -0.006930050661321729, "create_time": "2024-05-31T10:42:27.103746Z"}
{"index": 423, "data": -0.008836434764089064, "create_time": "2024-05-31T10:42:27.912525Z"}
{"index": 424, "data": -0.005541207085479982, "create_time": "2024-05-31T10:42:28.814723Z"}
{"index": 425, "data": -0.0070476638327818366, "create_time": "2024-05-31T10:42:29.628174Z"}
{"index": 426, "data": -0.008314216462895273, "create_time": "2024-05-31T10:42:30.440383Z"}
{"index": 427, "data": -0.00798729816742707, "create_time": "2024-05-31T10:42:31.336877Z"}
{"index": 428, "data": -0.007133714146766579, "create_time": "2024-05-31T10:42:32.122353Z"}
{"index": 429, "data": -0.007594216795405373, "create_time": "2024-05-31T10:42:33.046843Z"}
{"index": 430, "data": -0.007699816286913119, "create_time": "2024-05-31T10:42:33.929382Z"}
{"index": 431, "data": -0.008887839270755649, "create_time": "2024-05-31T10:42:34.831171Z"}
{"index": 432, "data": -0.008081503526773304, "create_time": "2024-05-31T10:42:35.680251Z"}
{"index": 433, "data": -0.008067328747711145, "create_time": "2024-05-31T10:42:36.606565Z"}
{"index": 434, "data": -0.005975077179027721, "create_time": "2024-05-31T10:42:37.474510Z"}
{"index": 435, "data": -0.007738037378294394, "create_time": "2024-05-31T10:42:38.291069Z"}
{"index": 436, "data": -0.008776516525540502, "create_time": "2024-05-31T10:42:39.160585Z"}
{"index": 437, "data": -0.008363415421081299, "create_time": "2024-05-31T10:42:39.950815Z"}
{"index": 438, "data": -0.008496452745748683, "create_time": "2024-05-31T10:42:40.891455Z"}
{"index": 439, "data": -0.00875233628321439, "create_time": "2024-05-31T10:42:41.815319Z"}
{"index": 440, "data": -0.0064405595127027485, "create_time": "2024-05-31T10:42:42.663323Z"}
{"index": 441, "data": -0.008013365557417274, "create_time": "2024-05-31T10:42:43.442352Z"}
{"index": 442, "data": -0.00791618528892286, "create_time": "2024-05-31T10:42:44.399105Z"}
{"index": 443, "data": -0.008452585207123775, "create_time": "2024-05-31T10:42:45.228172Z"}
{"index": 444, "data": -0.0063166216918034476, "create_time": "2024-05-31T10:42:46.095313Z"}
{"index": 445, "data": -0.006834157395496731, "create_time": "2024-05-31T10:42:47.016731Z"}
{"index": 446, "data": -0.007659259278443642, "create_time": "2024-05-31T10:42:47.796597Z"}
{"index": 447, "data": -0.008143751398893073, "create_time": "2024-05-31T10:42:48.698166Z"}
{"index": 448, "data": -0.008321725629502907, "create_time": "2024-05-31T10:42:49.646256Z"}
{"index": 449, "data": -0.007991092035081238, "create_time": "2024-05-31T10:42:50.556833Z"}
{"index": 450, "data": -0.00849579235073179, "create_time": "2024-05-31T10:42:51.445330Z"}
{"index": 451, "data": -0.009200796711957082, "create_time": "2024-05-31T10:42:52.269069Z"}
{"index": 452, "data": -0.008501741194049828, "create_time": "2024-05-31T10:42:53.074768Z"}
{"index": 453, "data": -0.008017247775569558, "create_time": "2024-05-31T10:42:53.882623Z"}
{"index": 454, "data": -0.008337863051565364, "create_time": "2024-05-31T10:42:54.722640Z"}
{"index": 455, "data": -0.008984460635110736, "create_time": "2024-05-31T10:42:55.610016Z"}
{"index": 456, "data": -0.006627349256814341, "create_time": "2024-05-31T10:42:56.455176Z"}
{"index": 457, "data": -0.00853077735955594, "create_time": "2024-05-31T10:42:57.310047Z"}
{"index": 458, "data": -0.008485384813684504, "create_time": "2024-05-31T10:42:58.091608Z"}
{"index": 459, "data": -0.00805533966049552, "create_time": "2024-05-31T10:42:58.928481Z"}
{"index": 460, "data": -0.007403055319446139, "create_time": "2024-05-31T10:42:59.782678Z"}
{"index": 461, "data": -0.007776168273994699, "create_time": "2024-05-31T10:43:00.582850Z"}
{"index": 462, "data": -0.009323819447308779, "create_time": "2024-05-31T10:43:01.354254Z"}
{"index": 463, "data": -0.007714877325634006, "create_time": "2024-05-31T10:43:02.120395Z"}
{"index": 464, "data": -0.0074445699225179855, "create_time": "2024-05-31T10:43:02.977064Z"}
{"index": 465, "data": -0.007204231483046897, "create_time": "2024-05-31T10:43:03.890832Z"}
{"index": 466, "data": -0.008364302975314786, "create_time": "2024-05-31T10:43:04.747365Z"}
{"index": 467, "data": -0.0065767413543653674, "create_time": "2024-05-31T10:43:05.695577Z"}
{"index": 468, "data": -0.004385856393491849, "create_time": "2024-05-31T10:43:06.583007Z"}
{"index": 469, "data": -0.008525932265911251, "create_time": "2024-05-31T10:43:07.450836Z"}
{"index": 470, "data": -0.007416611938970164, "create_time": "2024-05-31T10:43:08.355095Z"}
{"index": 471, "data": -0.0074909202241542515, "create_time": "2024-05-31T10:43:09.187279Z"}
{"index": 472, "data": -0.005996752076316625, "create_time": "2024-05-31T10:43:09.975693Z"}
{"index": 473, "data": -0.006575869215885178, "create_time": "2024-05-31T10:43:10.873498Z"}
{"index": 474, "data": -0.00917772738612257, "create_time": "2024-05-31T10:43:11.703653Z"}
{"index": 475, "data": -0.007553333023679443, "create_time": "2024-05-31T10:43:12.605342Z"}
{"index": 476, "data": -0.007564879977144301, "create_time": "2024-05-31T10:43:13.451340Z"}
{"index": 477, "data": -0.00646414099028334, "create_time": "2024-05-31T10:43:14.313744Z"}
{"index": 478, "data": -0.007582984284090344, "create_time": "2024-05-31T10:43:15.193011Z"}
{"index": 479, "data": -0.00923237262722978, "create_time": "2024-05-31T10:43:16.111544Z"}
{"index": 480, "data": -0.006231015789671801, "create_time": "2024-05-31T10:43:16.915009Z"}
{"index": 481, "data": -0.008694483677390962, "create_time": "2024-05-31T10:43:17.721817Z"}
{"index": 482, "data": -0.008726291841594503, "create_time": "2024-05-31T10:43:18.555701Z"}
{"index": 483, "data": -0.007841237228058162, "create_time": "2024-05-31T10:43:19.499891Z"}
{"index": 484, "data": -0.007269504317082465, "create_time": "2024-05-31T10:43:20.436669Z"}
{"index": 485, "data": -0.007276813001953997, "create_time": "2024-05-31T10:43:21.294188Z"}
{"index": 486, "data": -0.00738944643526338, "create_time": "2024-05-31T10:43:22.090500Z"}
{"index": 487, "data": -0.005370374565245584, "create_time": "2024-05-31T10:43:22.928038Z"}
{"index": 488, "data": -0.006654232529399451, "create_time": "2024-05-31T10:43:23.874003Z"}
{"index": 489, "data": -0.00897154445410706, "create_time": "2024-05-31T10:43:24.801620Z"}
{"index": 490, "data": -0.008006105706954258, "create_time": "2024-05-31T10:43:25.694945Z"}
{"index": 491, "data": -0.005449539457913488, "create_time": "2024-05-31T10:43:26.565366Z"}
{"index": 492, "data": -0.008946505934000015, "create_time": "2024-05-31T10:43:27.467058Z"}
{"index": 493, "data": -0.0069565508252708245, "create_time": "2024-05-31T10:43:28.395567Z"}
{"index": 494, "data": -0.007602838355524, "create_time": "2024-05-31T10:43:29.288349Z"}
{"index": 495, "data": -0.008269654883770272, "create_time": "2024-05-31T10:43:30.187590Z"}
{"index": 496, "data": -0.004758616955950856, "create_time": "2024-05-31T10:43:31.087413Z"}
{"index": 497, "data": -0.008769972203299402, "create_time": "2024-05-31T10:43:31.955967Z"}
{"index": 498, "data": -0.008904737350530923, "create_time": "2024-05-31T10:43:32.882161Z"}
{"index": 499, "data": -0.00742121267830953, "create_time": "2024-05-31T10:43:33.748394Z"}
{"index": 500, "data": -0.008532600454054773, "create_time": "2024-05-31T10:43:34.703740Z"}
{"index": 501, "data": -0.006417171435896307, "create_time": "2024-05-31T10:43:35.591631Z"}
{"index": 502, "data": -0.008354610603419133, "create_time": "2024-05-31T10:43:36.508317Z"}
{"index": 503, "data": -0.006781911509460769, "create_time": "2024-05-31T10:43:37.441577Z"}
{"index": 504, "data": -0.005506382143357769, "create_time": "2024-05-31T10:43:38.280439Z"}
{"index": 505, "data": -0.006675448300666176, "create_time": "2024-05-31T10:43:39.161942Z"}
{"index": 506, "data": -0.005372112547047436, "create_time": "2024-05-31T10:43:39.990635Z"}
{"index": 507, "data": -0.007390820025466383, "create_time": "2024-05-31T10:43:40.853943Z"}
{"index": 508, "data": -0.00771392859169282, "create_time": "2024-05-31T10:43:41.698070Z"}
{"index": 509, "data": -0.007585509905311483, "create_time": "2024-05-31T10:43:42.535331Z"}
{"index": 510, "data": -0.008539740112610161, "create_time": "2024-05-31T10:43:43.314495Z"}
{"index": 511, "data": -0.008122536493465305, "create_time": "2024-05-31T10:43:44.187312Z"}
{"index": 512, "data": -0.007457409478956833, "create_time": "2024-05-31T10:43:45.177110Z"}
{"index": 513, "data": -0.008855158652295358, "create_time": "2024-05-31T10:43:46.029955Z"}
{"index": 514, "data": -0.008178664747720176, "create_time": "2024-05-31T10:43:46.866642Z"}
{"index": 515, "data": -0.006745833322929684, "create_time": "2024-05-31T10:43:47.659620Z"}
{"index": 516, "data": -0.006889591122308048, "create_time": "2024-05-31T10:43:48.452972Z"}
{"index": 517, "data": -0.007335016474826261, "create_time": "2024-05-31T10:43:49.315052Z"}
{"index": 518, "data": -0.00779949482093798, "create_time": "2024-05-31T10:43:50.225748Z"}
{"index": 519, "data": -0.006464469485217705, "create_time": "2024-05-31T10:43:51.109795Z"}
{"index": 520, "data": -0.009186934877652675, "create_time": "2024-05-31T10:43:51.889829Z"}
{"index": 521, "data": -0.0065536238311324265, "create_time": "2024-05-31T10:43:52.765129Z"}
{"index": 522, "data": -0.008396250038640574, "create_time": "2024-05-31T10:43:53.591388Z"}
{"index": 523, "data": -0.008151295637071598, "create_time": "2024-05-31T10:43:54.404120Z"}
{"index": 524, "data": -0.009245438600919443, "create_time": "2024-05-31T10:43:55.264761Z"}
{"index": 525, "data": -0.0063343541260110214, "create_time": "2024-05-31T10:43:56.170131Z"}
{"index": 526, "data": -0.0069059089219081216, "create_time": "2024-05-31T10:43:57.115194Z"}
{"index": 527, "data": -0.008599378327198792, "create_time": "2024-05-31T10:43:57.894849Z"}
{"index": 528, "data": -0.005972651194315404, "create_time": "2024-05-31T10:43:58.714535Z"}
{"index": 529, "data": -0.007758405955974013, "create_time": "2024-05-31T10:43:59.562030Z"}
{"index": 530, "data": -0.00805325091641862, "create_time": "2024-05-31T10:44:00.395448Z"}
{"index": 531, "data": -0.007659451116342098, "create_time": "2024-05-31T10:44:01.292396Z"}
{"index": 532, "data": -0.009353666410243022, "create_time": "2024-05-31T10:44:02.164259Z"}
{"index": 533, "data": -0.007759518403327092, "create_time": "2024-05-31T10:44:03.038539Z"}
{"index": 534, "data": -0.007909603106600115, "create_time": "2024-05-31T10:44:03.939604Z"}
{"index": 535, "data": -0.005729456280823797, "create_time": "2024-05-31T10:44:04.767462Z"}
{"index": 536, "data": -0.00916797380996286, "create_time": "2024-05-31T10:44:05.591993Z"}
{"index": 537, "data": -0.007921643421286716, "create_time": "2024-05-31T10:44:06.383504Z"}
{"index": 538, "data": -0.008618248743005097, "create_time": "2024-05-31T10:44:07.226107Z"}
{"index": 539, "data": -0.007689724926603958, "create_time": "2024-05-31T10:44:08.152245Z"}
{"index": 540, "data": -0.0072806805488653484, "create_time": "2024-05-31T10:44:08.999251Z"}
{"index": 541, "data": -0.009182411400252022, "create_time": "2024-05-31T10:44:09.964995Z"}
{"index": 542, "data": -0.008443295396864415, "create_time": "2024-05-31T10:44:10.825256Z"}
{"index": 543, "data": -0.006023526546778157, "create_time": "2024-05-31T10:44:11.740865Z"}
{"index": 544, "data": -0.007914485567016526, "create_time": "2024-05-31T10:44:12.529291Z"}
{"index": 545, "data": -0.008236102631781251, "create_time": "2024-05-31T10:44:13.403917Z"}
{"index": 546, "data": -0.009297665290068835, "create_time": "2024-05-31T10:44:14.327071Z"}
{"index": 547, "data": -0.006282706995261833, "create_time": "2024-05-31T10:44:15.182838Z"}
{"index": 548, "data": -0.0070177348659854035, "create_time": "2024-05-31T10:44:15.987258Z"}
{"index": 549, "data": -0.008877029875293374, "create_time": "2024-05-31T10:44:16.824345Z"}
{"index": 550, "data": -0.008713187673129142, "create_time": "2024-05-31T10:44:17.654271Z"}
{"index": 551, "data": -0.007786520558875054, "create_time": "2024-05-31T10:44:18.447782Z"}
{"index": 552, "data": -0.00786111504639848, "create_time": "2024-05-31T10:44:19.330454Z"}
{"index": 553, "data": -0.008840463256274234, "create_time": "2024-05-31T10:44:20.246466Z"}
{"index": 554, "data": -0.006609798024874181, "create_time": "2024-05-31T10:44:21.035872Z"}
{"index": 555, "data": -0.0063395864039193835, "create_time": "2024-05-31T10:44:21.970998Z"}
{"index": 556, "data": -0.006548130174633115, "create_time": "2024-05-31T10:44:22.853150Z"}
{"index": 557, "data": -0.005655083102101344, "create_time": "2024-05-31T10:44:23.690823Z"}
{"index": 558, "data": -0.005390307201014366, "create_time": "2024-05-31T10:44:24.495402Z"}
{"index": 559, "data": -0.008070536656305194, "create_time": "2024-05-31T10:44:25.359581Z"}
{"index": 560, "data": -0.008821257563249673, "create_time": "2024-05-31T10:44:26.288583Z"}
{"index": 561, "data": -0.007472321821842343, "create_time": "2024-05-31T10:44:27.144261Z"}
{"index": 562, "data": -0.007898708363063634, "create_time": "2024-05-31T10:44:28.007527Z"}
{"index": 563, "data": -0.008135289489291608, "create_time": "2024-05-31T10:44:28.916186Z"}
{"index": 564, "data": -0.00840578976785764, "create_time": "2024-05-31T10:44:29.767036Z"}
{"index": 565, "data": -0.008334100543288514, "create_time": "2024-05-31T10:44:30.655298Z"}
{"index": 566, "data": -0.007820601825369523, "create_time": "2024-05-31T10:44:31.549939Z"}
{"index": 567, "data": -0.008682588542433223, "create_time": "2024-05-31T10:44:32.398801Z"}
{"index": 568, "data": -0.009194109951931751, "create_time": "2024-05-31T10:44:33.229492Z"}
{"index": 569, "data": -0.008991071037598886, "create_time": "2024-05-31T10:44:34.176396Z"}
{"index": 570, "data": -0.006414636707631871, "create_time": "2024-05-31T10:44:35.040239Z"}
{"index": 571, "data": -0.00784824084257707, "create_time": "2024-05-31T10:44:35.909993Z"}
{"index": 572, "data": -0.007218640157952904, "create_time": "2024-05-31T10:44:36.749841Z"}
{"index": 573, "data": -0.008769534112070687, "create_time": "2024-05-31T10:44:37.538416Z"}
{"index": 574, "data": -0.004523379326565191, "create_time": "2024-05-31T10:44:38.343036Z"}
{"index": 575, "data": -0.007470601744716987, "create_time": "2024-05-31T10:44:39.226211Z"}
{"index": 576, "data": -0.0090678704684251, "create_time": "2024-05-31T10:44:40.120576Z"}
{"index": 577, "data": -0.007955925550777464, "create_time": "2024-05-31T10:44:41.014589Z"}
{"index": 578, "data": -0.00789842522062827, "create_time": "2024-05-31T10:44:41.891551Z"}
{"index": 579, "data": -0.009044969134265557, "create_time": "2024-05-31T10:44:42.702177Z"}
{"index": 580, "data": -0.007146968366578221, "create_time": "2024-05-31T10:44:43.546420Z"}
{"index": 581, "data": -0.009349730506073684, "create_time": "2024-05-31T10:44:44.495906Z"}
{"index": 582, "data": -0.008327267225831747, "create_time": "2024-05-31T10:44:45.416180Z"}
{"index": 583, "data": -0.006753695756196975, "create_time": "2024-05-31T10:44:46.218841Z"}
{"index": 584, "data": -0.00915891801705584, "create_time": "2024-05-31T10:44:47.103681Z"}
{"index": 585, "data": -0.008552304649492725, "create_time": "2024-05-31T10:44:47.994744Z"}
{"index": 586, "data": -0.008297845971537755, "create_time": "2024-05-31T10:44:48.854416Z"}
{"index": 587, "data": -0.008601640083361417, "create_time": "2024-05-31T10:44:49.737995Z"}
{"index": 588, "data": -0.007573198856880481, "create_time": "2024-05-31T10:44:50.515002Z"}
{"index": 589, "data": -0.00836928473872831, "create_time": "2024-05-31T10:44:51.387236Z"}
{"index": 590, "data": -0.007111011119559407, "create_time": "2024-05-31T10:44:52.181923Z"}
{"index": 591, "data": -0.007815133481562953, "create_time": "2024-05-31T10:44:53.039047Z"}
{"index": 592, "data": -0.008687688817735762, "create_time": "2024-05-31T10:44:53.906517Z"}
{"index": 593, "data": -0.005106527399038896, "create_time": "2024-05-31T10:44:54.787484Z"}
{"index": 594, "data": -0.009568826363829431, "create_time": "2024-05-31T10:44:55.687999Z"}
{"index": 595, "data": -0.009755183797096834, "create_time": "2024-05-31T10:44:56.555354Z"}
{"index": 596, "data": -0.0061108732013963165, "create_time": "2024-05-31T10:44:57.362949Z"}
{"index": 597, "data": -0.00861034972476773, "create_time": "2024-05-31T10:44:58.184227Z"}
{"index": 598, "data": -0.0065665055903082244, "create_time": "2024-05-31T10:44:59.134604Z"}
{"index": 599, "data": -0.007622561231255531, "create_time": "2024-05-31T10:45:00.044650Z"}
{"index": 600, "data": -0.007418355264235288, "create_time": "2024-05-31T10:45:00.944692Z"}
{"index": 601, "data": -0.008975766034564004, "create_time": "2024-05-31T10:45:01.760778Z"}
{"index": 602, "data": -0.008943652868038044, "create_time": "2024-05-31T10:45:02.659596Z"}
{"index": 603, "data": -0.006674957397626713, "create_time": "2024-05-31T10:45:03.531997Z"}
{"index": 604, "data": -0.008369675214635209, "create_time": "2024-05-31T10:45:04.426029Z"}
{"index": 605, "data": -0.008846369379898533, "create_time": "2024-05-31T10:45:05.249920Z"}
{"index": 606, "data": -0.007560897915391251, "create_time": "2024-05-31T10:45:06.082504Z"}
{"index": 607, "data": -0.006455575639847666, "create_time": "2024-05-31T10:45:06.846857Z"}
{"index": 608, "data": -0.007919979817233979, "create_time": "2024-05-31T10:45:07.778613Z"}
{"index": 609, "data": -0.008669476700015366, "create_time": "2024-05-31T10:45:08.671521Z"}
{"index": 610, "data": -0.007894732863269383, "create_time": "2024-05-31T10:45:09.524655Z"}
{"index": 611, "data": -0.006464227853575722, "create_time": "2024-05-31T10:45:10.431018Z"}
{"index": 612, "data": -0.008263744912983383, "create_time": "2024-05-31T10:45:11.302878Z"}
{"index": 613, "data": -0.007474712523980997, "create_time": "2024-05-31T10:45:12.205977Z"}
{"index": 614, "data": -0.008536923609790392, "create_time": "2024-05-31T10:45:13.036301Z"}
{"index": 615, "data": -0.008758719199977349, "create_time": "2024-05-31T10:45:13.816535Z"}
{"index": 616, "data": -0.0059811905026435856, "create_time": "2024-05-31T10:45:14.675454Z"}
{"index": 617, "data": -0.005482973693870008, "create_time": "2024-05-31T10:45:15.531029Z"}
{"index": 618, "data": -0.007849857589462772, "create_time": "2024-05-31T10:45:16.322832Z"}
{"index": 619, "data": -0.007377047301270067, "create_time": "2024-05-31T10:45:17.213110Z"}
{"index": 620, "data": -0.008472801267635078, "create_time": "2024-05-31T10:45:18.061975Z"}
{"index": 621, "data": -0.007529228531348053, "create_time": "2024-05-31T10:45:18.895121Z"}
{"index": 622, "data": -0.008077279152348637, "create_time": "2024-05-31T10:45:19.741877Z"}
{"index": 623, "data": -0.0029663844470633194, "create_time": "2024-05-31T10:45:20.629245Z"}
{"index": 624, "data": -0.007914715749211609, "create_time": "2024-05-31T10:45:21.500611Z"}
{"index": 625, "data": -0.009063092703581788, "create_time": "2024-05-31T10:45:22.374185Z"}
{"index": 626, "data": -0.009218403015984223, "create_time": "2024-05-31T10:45:23.310427Z"}
{"index": 627, "data": -0.00746827254188247, "create_time": "2024-05-31T10:45:24.110246Z"}
{"index": 628, "data": -0.007452447151445085, "create_time": "2024-05-31T10:45:25.009177Z"}
{"index": 629, "data": -0.00972057259932626, "create_time": "2024-05-31T10:45:25.873960Z"}
{"index": 630, "data": -0.008088818782562157, "create_time": "2024-05-31T10:45:26.723101Z"}
{"index": 631, "data": -0.0065680907766363815, "create_time": "2024-05-31T10:45:27.592283Z"}
{"index": 632, "data": -0.007008810978732072, "create_time": "2024-05-31T10:45:28.399688Z"}
{"index": 633, "data": -0.0075669728452339765, "create_time": "2024-05-31T10:45:29.207906Z"}
{"index": 634, "data": -0.007691101529781008, "create_time": "2024-05-31T10:45:30.011799Z"}
{"index": 635, "data": -0.0104044089326635, "create_time": "2024-05-31T10:45:30.840421Z"}
{"index": 636, "data": -0.007875011772557627, "create_time": "2024-05-31T10:45:31.778022Z"}
{"index": 637, "data": -0.0075601896736770865, "create_time": "2024-05-31T10:45:32.671845Z"}
{"index": 638, "data": -0.008397163217887282, "create_time": "2024-05-31T10:45:33.549799Z"}
{"index": 639, "data": -0.007735364833206404, "create_time": "2024-05-31T10:45:34.494640Z"}
{"index": 640, "data": -0.006270188908092678, "create_time": "2024-05-31T10:45:35.397084Z"}
{"index": 641, "data": -0.007772973692772212, "create_time": "2024-05-31T10:45:36.211716Z"}
{"index": 642, "data": -0.007725602015852928, "create_time": "2024-05-31T10:45:37.090120Z"}
{"index": 643, "data": -0.007120398347615265, "create_time": "2024-05-31T10:45:37.933855Z"}
{"index": 644, "data": -0.008005378659436246, "create_time": "2024-05-31T10:45:38.751313Z"}
{"index": 645, "data": -0.008258494023175444, "create_time": "2024-05-31T10:45:39.693832Z"}
{"index": 646, "data": -0.008258927908173064, "create_time": "2024-05-31T10:45:40.530615Z"}
{"index": 647, "data": -0.004923119546219823, "create_time": "2024-05-31T10:45:41.305439Z"}
{"index": 648, "data": -0.007342318640439771, "create_time": "2024-05-31T10:45:42.152541Z"}
{"index": 649, "data": -0.007902781051961938, "create_time": "2024-05-31T10:45:43.011746Z"}
{"index": 650, "data": -0.008350091663305647, "create_time": "2024-05-31T10:45:43.912162Z"}
{"index": 651, "data": -0.0075768907474412115, "create_time": "2024-05-31T10:45:44.777798Z"}
{"index": 652, "data": -0.009952577261719853, "create_time": "2024-05-31T10:45:45.557390Z"}
{"index": 653, "data": -0.007603592964005657, "create_time": "2024-05-31T10:45:46.370807Z"}
{"index": 654, "data": -0.0070109966560266915, "create_time": "2024-05-31T10:45:47.282728Z"}
{"index": 655, "data": -0.0077425705196219495, "create_time": "2024-05-31T10:45:48.124421Z"}
{"index": 656, "data": -0.007548727663561294, "create_time": "2024-05-31T10:45:48.912645Z"}
{"index": 657, "data": -0.005000746142468415, "create_time": "2024-05-31T10:45:49.796887Z"}
{"index": 658, "data": -0.008813064785499591, "create_time": "2024-05-31T10:45:50.577127Z"}
{"index": 659, "data": -0.00773274887324078, "create_time": "2024-05-31T10:45:51.405893Z"}
{"index": 660, "data": -0.007588320277864114, "create_time": "2024-05-31T10:45:52.227211Z"}
{"index": 661, "data": -0.00755270968656987, "create_time": "2024-05-31T10:45:53.050382Z"}
{"index": 662, "data": -0.008295816474128515, "create_time": "2024-05-31T10:45:53.965938Z"}
{"index": 663, "data": -0.00802182497100148, "create_time": "2024-05-31T10:45:54.843710Z"}
{"index": 664, "data": -0.008532150874816579, "create_time": "2024-05-31T10:45:55.748331Z"}
{"index": 665, "data": -0.00918652075488353, "create_time": "2024-05-31T10:45:56.662733Z"}
{"index": 666, "data": -0.009089432301698253, "create_time": "2024-05-31T10:45:57.561266Z"}
{"index": 667, "data": -0.006694015779066831, "create_time": "2024-05-31T10:45:58.501895Z"}
{"index": 668, "data": -0.00915715071023442, "create_time": "2024-05-31T10:45:59.310766Z"}
{"index": 669, "data": -0.007246951237902977, "create_time": "2024-05-31T10:46:00.220823Z"}
{"index": 670, "data": -0.009031314801541157, "create_time": "2024-05-31T10:46:01.060126Z"}
{"index": 671, "data": -0.009397754089150112, "create_time": "2024-05-31T10:46:01.891749Z"}
{"index": 672, "data": -0.0070146813814062625, "create_time": "2024-05-31T10:46:02.763457Z"}
{"index": 673, "data": -0.008469719643471763, "create_time": "2024-05-31T10:46:03.649642Z"}
{"index": 674, "data": -0.00856419934425503, "create_time": "2024-05-31T10:46:04.518643Z"}
{"index": 675, "data": -0.008640240097884088, "create_time": "2024-05-31T10:46:05.443390Z"}
{"index": 676, "data": -0.00853938058426138, "create_time": "2024-05-31T10:46:06.335227Z"}
{"index": 677, "data": -0.00866000058595091, "create_time": "2024-05-31T10:46:07.175563Z"}
{"index": 678, "data": -0.007367358970805071, "create_time": "2024-05-31T10:46:08.064272Z"}
{"index": 679, "data": -0.008855022388888755, "create_time": "2024-05-31T10:46:08.875150Z"}
{"index": 680, "data": -0.007482058324967511, "create_time": "2024-05-31T10:46:09.808392Z"}
{"index": 681, "data": -0.008135905675590038, "create_time": "2024-05-31T10:46:10.698294Z"}
{"index": 682, "data": -0.008649902938736886, "create_time": "2024-05-31T10:46:11.599741Z"}
{"index": 683, "data": -0.008047608661581763, "create_time": "2024-05-31T10:46:12.429516Z"}
{"index": 684, "data": -0.008237029606243595, "create_time": "2024-05-31T10:46:13.279965Z"}
{"index": 685, "data": -0.007670248940121383, "create_time": "2024-05-31T10:46:14.219160Z"}
{"index": 686, "data": -0.009032477377331816, "create_time": "2024-05-31T10:46:15.130456Z"}
{"index": 687, "data": -0.006796205462887883, "create_time": "2024-05-31T10:46:16.038426Z"}
{"index": 688, "data": -0.00929521853249753, "create_time": "2024-05-31T10:46:16.947457Z"}
{"index": 689, "data": -0.009059173567948164, "create_time": "2024-05-31T10:46:17.774232Z"}
{"index": 690, "data": -0.007893815223360435, "create_time": "2024-05-31T10:46:18.684412Z"}
{"index": 691, "data": -0.005698142078472301, "create_time": "2024-05-31T10:46:19.589634Z"}
{"index": 692, "data": -0.007764409111405257, "create_time": "2024-05-31T10:46:20.486239Z"}
{"index": 693, "data": -0.006471747445175424, "create_time": "2024-05-31T10:46:21.296410Z"}
{"index": 694, "data": -0.00891649840050377, "create_time": "2024-05-31T10:46:22.169354Z"}
{"index": 695, "data": -0.009014817763818428, "create_time": "2024-05-31T10:46:23.093963Z"}
{"index": 696, "data": -0.009008266730234027, "create_time": "2024-05-31T10:46:23.942824Z"}
{"index": 697, "data": -0.009213070722762496, "create_time": "2024-05-31T10:46:24.829628Z"}
{"index": 698, "data": -0.008658052510327252, "create_time": "2024-05-31T10:46:25.636585Z"}
{"index": 699, "data": -0.0068220971879782155, "create_time": "2024-05-31T10:46:26.446194Z"}
{"index": 700, "data": -0.008685235492885112, "create_time": "2024-05-31T10:46:27.377974Z"}
{"index": 701, "data": -0.0077265678904950615, "create_time": "2024-05-31T10:46:28.328474Z"}
{"index": 702, "data": -0.007471407754928805, "create_time": "2024-05-31T10:46:29.166027Z"}
{"index": 703, "data": -0.005140042561106384, "create_time": "2024-05-31T10:46:30.087831Z"}
{"index": 704, "data": -0.008907719593844376, "create_time": "2024-05-31T10:46:30.941753Z"}
{"index": 705, "data": -0.007431117672240362, "create_time": "2024-05-31T10:46:31.819628Z"}
{"index": 706, "data": -0.008255752951663453, "create_time": "2024-05-31T10:46:32.637854Z"}
{"index": 707, "data": -0.009582531120395288, "create_time": "2024-05-31T10:46:33.444636Z"}
{"index": 708, "data": -0.008609921619063243, "create_time": "2024-05-31T10:46:34.264862Z"}
{"index": 709, "data": -0.006058844045037403, "create_time": "2024-05-31T10:46:35.137842Z"}
{"index": 710, "data": -0.008630425109731731, "create_time": "2024-05-31T10:46:36.067515Z"}
{"index": 711, "data": -0.005616539617767558, "create_time": "2024-05-31T10:46:37.029645Z"}
{"index": 712, "data": -0.007953756868664641, "create_time": "2024-05-31T10:46:37.922583Z"}
{"index": 713, "data": -0.008533725142024195, "create_time": "2024-05-31T10:46:38.797547Z"}
{"index": 714, "data": -0.010048547316546318, "create_time": "2024-05-31T10:46:39.652583Z"}
{"index": 715, "data": -0.008457583595009055, "create_time": "2024-05-31T10:46:40.534003Z"}
{"index": 716, "data": -0.007811136895907111, "create_time": "2024-05-31T10:46:41.463185Z"}
{"index": 717, "data": -0.008064977017784258, "create_time": "2024-05-31T10:46:42.245831Z"}
{"index": 718, "data": -0.0070223293907474725, "create_time": "2024-05-31T10:46:43.151905Z"}
{"index": 719, "data": -0.008441747243341523, "create_time": "2024-05-31T10:46:44.024069Z"}
{"index": 720, "data": -0.007840255516930484, "create_time": "2024-05-31T10:46:44.893574Z"}
{"index": 721, "data": -0.008228695654543117, "create_time": "2024-05-31T10:46:45.787785Z"}
{"index": 722, "data": -0.009154868783662095, "create_time": "2024-05-31T10:46:46.595234Z"}
{"index": 723, "data": -0.007805606069450732, "create_time": "2024-05-31T10:46:47.481142Z"}
{"index": 724, "data": -0.006531179978628643, "create_time": "2024-05-31T10:46:48.321390Z"}
{"index": 725, "data": -0.008338217408163474, "create_time": "2024-05-31T10:46:49.114625Z"}
{"index": 726, "data": -0.007429343674448319, "create_time": "2024-05-31T10:46:50.011999Z"}
{"index": 727, "data": -0.00758452289737761, "create_time": "2024-05-31T10:46:50.960507Z"}
{"index": 728, "data": -0.007881737247225828, "create_time": "2024-05-31T10:46:51.797954Z"}
{"index": 729, "data": -0.008500724930490833, "create_time": "2024-05-31T10:46:52.614735Z"}
{"index": 730, "data": -0.008208320592530072, "create_time": "2024-05-31T10:46:53.495492Z"}
{"index": 731, "data": -0.008164066959216143, "create_time": "2024-05-31T10:46:54.345050Z"}
{"index": 732, "data": -0.005972504039527848, "create_time": "2024-05-31T10:46:55.225802Z"}
{"index": 733, "data": -0.008210398047231138, "create_time": "2024-05-31T10:46:56.108075Z"}
{"index": 734, "data": -0.003871131681080442, "create_time": "2024-05-31T10:46:56.937163Z"}
{"index": 735, "data": -0.008865755738224835, "create_time": "2024-05-31T10:46:57.844217Z"}
{"index": 736, "data": -0.009228903247276321, "create_time": "2024-05-31T10:46:58.768403Z"}
{"index": 737, "data": -0.006577302023652009, "create_time": "2024-05-31T10:46:59.679109Z"}
{"index": 738, "data": -0.0070071098074549806, "create_time": "2024-05-31T10:47:00.497619Z"}
{"index": 739, "data": -0.006970502468175255, "create_time": "2024-05-31T10:47:01.353044Z"}
{"index": 740, "data": -0.008224609850731212, "create_time": "2024-05-31T10:47:02.173948Z"}
{"index": 741, "data": -0.00830896532861516, "create_time": "2024-05-31T10:47:03.026232Z"}
{"index": 742, "data": -0.0070308565026607536, "create_time": "2024-05-31T10:47:03.966386Z"}
{"index": 743, "data": -0.006981605699184002, "create_time": "2024-05-31T10:47:04.813026Z"}
{"index": 744, "data": -0.007717600891919574, "create_time": "2024-05-31T10:47:05.744528Z"}
{"index": 745, "data": -0.00831592348695267, "create_time": "2024-05-31T10:47:06.583834Z"}
{"index": 746, "data": -0.008131625875830651, "create_time": "2024-05-31T10:47:07.403337Z"}
{"index": 747, "data": -0.007814367127139121, "create_time": "2024-05-31T10:47:08.301350Z"}
{"index": 748, "data": -0.006756795708042773, "create_time": "2024-05-31T10:47:09.145260Z"}
{"index": 749, "data": -0.006577945168828592, "create_time": "2024-05-31T10:47:09.959774Z"}
{"index": 750, "data": -0.007360338879516348, "create_time": "2024-05-31T10:47:10.869150Z"}
{"index": 751, "data": -0.004224350817821687, "create_time": "2024-05-31T10:47:11.717735Z"}
{"index": 752, "data": -0.008615424548042937, "create_time": "2024-05-31T10:47:12.620423Z"}
{"index": 753, "data": -0.008741610450670123, "create_time": "2024-05-31T10:47:13.572257Z"}
{"index": 754, "data": -0.006461200860212557, "create_time": "2024-05-31T10:47:14.353362Z"}
{"index": 755, "data": -0.008487129444256425, "create_time": "2024-05-31T10:47:15.239898Z"}
{"index": 756, "data": -0.0066606673877686266, "create_time": "2024-05-31T10:47:16.087292Z"}
{"index": 757, "data": -0.008612057063146494, "create_time": "2024-05-31T10:47:17.025192Z"}
{"index": 758, "data": -0.00779597093060147, "create_time": "2024-05-31T10:47:17.849201Z"}
{"index": 759, "data": -0.00440057279120083, "create_time": "2024-05-31T10:47:18.763344Z"}
{"index": 760, "data": -0.009180423250654712, "create_time": "2024-05-31T10:47:19.649218Z"}
{"index": 761, "data": -0.007657858688617125, "create_time": "2024-05-31T10:47:20.519577Z"}
{"index": 762, "data": -0.006820312555646524, "create_time": "2024-05-31T10:47:21.316544Z"}
{"index": 763, "data": -0.007630028144922108, "create_time": "2024-05-31T10:47:22.165050Z"}
{"index": 764, "data": -0.005998655632720329, "create_time": "2024-05-31T10:47:23.033249Z"}
{"index": 765, "data": -0.0085547862079693, "create_time": "2024-05-31T10:47:23.850062Z"}
{"index": 766, "data": -0.008066623681224882, "create_time": "2024-05-31T10:47:24.690272Z"}
{"index": 767, "data": -0.00920663945726119, "create_time": "2024-05-31T10:47:25.511052Z"}
{"index": 768, "data": -0.007950448439805769, "create_time": "2024-05-31T10:47:26.353058Z"}
{"index": 769, "data": -0.007112139509990812, "create_time": "2024-05-31T10:47:27.267636Z"}
{"index": 770, "data": -0.0070107621875649785, "create_time": "2024-05-31T10:47:28.114538Z"}
{"index": 771, "data": -0.006473814469063655, "create_time": "2024-05-31T10:47:29.005088Z"}
{"index": 772, "data": -0.00725596469710581, "create_time": "2024-05-31T10:47:29.806650Z"}
{"index": 773, "data": -0.00942586531600682, "create_time": "2024-05-31T10:47:30.668345Z"}
{"index": 774, "data": -0.007692944613518193, "create_time": "2024-05-31T10:47:31.527824Z"}
{"index": 775, "data": -0.007962218080319872, "create_time": "2024-05-31T10:47:32.415842Z"}
{"index": 776, "data": -0.007383893994847313, "create_time": "2024-05-31T10:47:33.237666Z"}
{"index": 777, "data": -0.00662772252690047, "create_time": "2024-05-31T10:47:34.127094Z"}
{"index": 778, "data": -0.006964834317659552, "create_time": "2024-05-31T10:47:34.978382Z"}
{"index": 779, "data": -0.008147296664537862, "create_time": "2024-05-31T10:47:35.891954Z"}
{"index": 780, "data": -0.006483362970175222, "create_time": "2024-05-31T10:47:36.798155Z"}
{"index": 781, "data": -0.007395442191045732, "create_time": "2024-05-31T10:47:37.566952Z"}
{"index": 782, "data": -0.006033680093241856, "create_time": "2024-05-31T10:47:38.481821Z"}
{"index": 783, "data": -0.006221435288898647, "create_time": "2024-05-31T10:47:39.314140Z"}
{"index": 784, "data": -0.0071715872851200405, "create_time": "2024-05-31T10:47:40.195124Z"}
{"index": 785, "data": -0.0065488534164614975, "create_time": "2024-05-31T10:47:40.960901Z"}
{"index": 786, "data": -0.004695563914719969, "create_time": "2024-05-31T10:47:41.805803Z"}
{"index": 787, "data": -0.008921106590423732, "create_time": "2024-05-31T10:47:42.623988Z"}
{"index": 788, "data": -0.007718248624587432, "create_time": "2024-05-31T10:47:43.546994Z"}
{"index": 789, "data": -0.007780118752270937, "create_time": "2024-05-31T10:47:44.403680Z"}
{"index": 790, "data": -0.00576865267262292, "create_time": "2024-05-31T10:47:45.273549Z"}
{"index": 791, "data": -0.0077018340918584725, "create_time": "2024-05-31T10:47:46.210594Z"}
{"index": 792, "data": -0.005799930210923776, "create_time": "2024-05-31T10:47:47.051328Z"}
{"index": 793, "data": -0.008348529186332599, "create_time": "2024-05-31T10:47:47.870977Z"}
{"index": 794, "data": -0.006474882044130936, "create_time": "2024-05-31T10:47:48.758711Z"}
{"index": 795, "data": -0.008810848739813082, "create_time": "2024-05-31T10:47:49.688889Z"}
{"index": 796, "data": -0.007976062514353543, "create_time": "2024-05-31T10:47:50.610296Z"}
{"index": 797, "data": -0.006395682496622613, "create_time": "2024-05-31T10:47:51.470356Z"}
{"index": 798, "data": -0.009370096365455539, "create_time": "2024-05-31T10:47:52.326783Z"}
{"index": 799, "data": -0.008355446287896483, "create_time": "2024-05-31T10:47:53.150683Z"}
{"index": 800, "data": -0.008249880938092247, "create_time": "2024-05-31T10:47:54.055672Z"}
{"index": 801, "data": -0.007320035884185927, "create_time": "2024-05-31T10:47:54.983798Z"}
{"index": 802, "data": -0.006123620539437979, "create_time": "2024-05-31T10:47:55.854701Z"}
{"index": 803, "data": -0.00711758004326839, "create_time": "2024-05-31T10:47:56.683689Z"}
{"index": 804, "data": -0.008751206134911626, "create_time": "2024-05-31T10:47:57.586869Z"}
{"index": 805, "data": -0.008724004519172013, "create_time": "2024-05-31T10:47:58.434926Z"}
{"index": 806, "data": -0.008934506127843633, "create_time": "2024-05-31T10:47:59.198567Z"}
{"index": 807, "data": -0.007826574752107263, "create_time": "2024-05-31T10:48:00.065441Z"}
{"index": 808, "data": -0.005992892530048266, "create_time": "2024-05-31T10:48:00.866953Z"}
{"index": 809, "data": -0.004367791589174885, "create_time": "2024-05-31T10:48:01.689340Z"}
{"index": 810, "data": -0.008091338409576565, "create_time": "2024-05-31T10:48:02.605430Z"}
{"index": 811, "data": -0.007181907461199444, "create_time": "2024-05-31T10:48:03.464326Z"}
{"index": 812, "data": -0.007076065108412877, "create_time": "2024-05-31T10:48:04.366776Z"}
{"index": 813, "data": -0.007984085351927206, "create_time": "2024-05-31T10:48:05.239615Z"}
{"index": 814, "data": -0.0065903931448701766, "create_time": "2024-05-31T10:48:06.090756Z"}
{"index": 815, "data": -0.007168609787186142, "create_time": "2024-05-31T10:48:06.994509Z"}
{"index": 816, "data": -0.007411324435815913, "create_time": "2024-05-31T10:48:07.927627Z"}
{"index": 817, "data": -0.007588656857842579, "create_time": "2024-05-31T10:48:08.822956Z"}
{"index": 818, "data": -0.007375768414931372, "create_time": "2024-05-31T10:48:09.597796Z"}
{"index": 819, "data": -0.00743101597763598, "create_time": "2024-05-31T10:48:10.476478Z"}
{"index": 820, "data": -0.006413368904031813, "create_time": "2024-05-31T10:48:11.321663Z"}
{"index": 821, "data": -0.007193658793403302, "create_time": "2024-05-31T10:48:12.202283Z"}
{"index": 822, "data": -0.005648697790456935, "create_time": "2024-05-31T10:48:13.000801Z"}
{"index": 823, "data": -0.007679105953593534, "create_time": "2024-05-31T10:48:13.868859Z"}
{"index": 824, "data": -0.008447922579944134, "create_time": "2024-05-31T10:48:14.806360Z"}
{"index": 825, "data": -0.008557781476702076, "create_time": "2024-05-31T10:48:15.704085Z"}
{"index": 826, "data": -0.007271957484772429, "create_time": "2024-05-31T10:48:16.606002Z"}
{"index": 827, "data": -0.003145116769883316, "create_time": "2024-05-31T10:48:17.428320Z"}
{"index": 828, "data": -0.007485460370662622, "create_time": "2024-05-31T10:48:18.233364Z"}
{"index": 829, "data": -0.00814784606336616, "create_time": "2024-05-31T10:48:19.081906Z"}
{"index": 830, "data": -0.009406193904578686, "create_time": "2024-05-31T10:48:19.882790Z"}
{"index": 831, "data": -0.009258912401855923, "create_time": "2024-05-31T10:48:20.685105Z"}
{"index": 832, "data": -0.00889796389019466, "create_time": "2024-05-31T10:48:21.508895Z"}
{"index": 833, "data": -0.006775176944211125, "create_time": "2024-05-31T10:48:22.314917Z"}
{"index": 834, "data": -0.006841618224279955, "create_time": "2024-05-31T10:48:23.080675Z"}
{"index": 835, "data": -0.008123929193243385, "create_time": "2024-05-31T10:48:23.920404Z"}
{"index": 836, "data": -0.009237850732461084, "create_time": "2024-05-31T10:48:24.793821Z"}
{"index": 837, "data": -0.007686870204179286, "create_time": "2024-05-31T10:48:25.728105Z"}
{"index": 838, "data": -0.00628513322044455, "create_time": "2024-05-31T10:48:26.599504Z"}
{"index": 839, "data": -0.006935404329851735, "create_time": "2024-05-31T10:48:27.508740Z"}
{"index": 840, "data": -0.008062726995558479, "create_time": "2024-05-31T10:48:28.310223Z"}
{"index": 841, "data": -0.008151726350479293, "create_time": "2024-05-31T10:48:29.210963Z"}
{"index": 842, "data": -0.007109866268001497, "create_time": "2024-05-31T10:48:30.012756Z"}
{"index": 843, "data": -0.0060419313551392404, "create_time": "2024-05-31T10:48:30.854676Z"}
{"index": 844, "data": -0.0094974871550221, "create_time": "2024-05-31T10:48:31.646112Z"}
{"index": 845, "data": -0.007046825886936859, "create_time": "2024-05-31T10:48:32.499574Z"}
{"index": 846, "data": -0.007918385427910835, "create_time": "2024-05-31T10:48:33.273908Z"}
{"index": 847, "data": -0.006237204454373568, "create_time": "2024-05-31T10:48:34.080779Z"}
{"index": 848, "data": -0.006955222834949382, "create_time": "2024-05-31T10:48:34.996020Z"}
{"index": 849, "data": -0.00869039137614891, "create_time": "2024-05-31T10:48:35.910784Z"}
{"index": 850, "data": -0.008971126303367782, "create_time": "2024-05-31T10:48:36.799479Z"}
{"index": 851, "data": -0.006177425201167352, "create_time": "2024-05-31T10:48:37.664764Z"}
{"index": 852, "data": -0.008873384352773428, "create_time": "2024-05-31T10:48:38.504717Z"}
{"index": 853, "data": -0.006230113180208718, "create_time": "2024-05-31T10:48:39.358964Z"}
{"index": 854, "data": -0.006128177042410243, "create_time": "2024-05-31T10:48:40.127636Z"}
{"index": 855, "data": -0.006783820087730419, "create_time": "2024-05-31T10:48:41.018857Z"}
{"index": 856, "data": -0.009113640818395653, "create_time": "2024-05-31T10:48:41.902646Z"}
{"index": 857, "data": -0.006839674692309927, "create_time": "2024-05-31T10:48:42.737308Z"}
{"index": 858, "data": -0.008847080712439493, "create_time": "2024-05-31T10:48:43.629793Z"}
{"index": 859, "data": -0.008314015541691333, "create_time": "2024-05-31T10:48:44.526980Z"}
{"index": 860, "data": -0.00572323985688854, "create_time": "2024-05-31T10:48:45.377589Z"}
{"index": 861, "data": -0.006051180377835408, "create_time": "2024-05-31T10:48:46.311955Z"}
{"index": 862, "data": -0.00812755938823102, "create_time": "2024-05-31T10:48:47.133297Z"}
{"index": 863, "data": -0.007548961351858452, "create_time": "2024-05-31T10:48:47.917870Z"}
{"index": 864, "data": -0.0091820530462428, "create_time": "2024-05-31T10:48:48.753039Z"}
{"index": 865, "data": -0.00825613172200974, "create_time": "2024-05-31T10:48:49.646840Z"}
{"index": 866, "data": -0.006288474010216305, "create_time": "2024-05-31T10:48:50.556612Z"}
{"index": 867, "data": -0.008045564999338239, "create_time": "2024-05-31T10:48:51.461730Z"}
{"index": 868, "data": -0.006090031529311091, "create_time": "2024-05-31T10:48:52.386149Z"}
{"index": 869, "data": -0.004241449475375703, "create_time": "2024-05-31T10:48:53.159034Z"}
{"index": 870, "data": -0.006348162425274495, "create_time": "2024-05-31T10:48:54.082842Z"}
{"index": 871, "data": -0.007034010467032203, "create_time": "2024-05-31T10:48:54.997917Z"}
{"index": 872, "data": -0.007391833668225445, "create_time": "2024-05-31T10:48:55.835656Z"}
{"index": 873, "data": -0.006243382452521473, "create_time": "2024-05-31T10:48:56.628608Z"}
{"index": 874, "data": -0.005451184514095075, "create_time": "2024-05-31T10:48:57.460635Z"}
{"index": 875, "data": -0.009578789101215079, "create_time": "2024-05-31T10:48:58.323319Z"}
{"index": 876, "data": -0.0078020300948992375, "create_time": "2024-05-31T10:48:59.178639Z"}
{"index": 877, "data": -0.007917867446667514, "create_time": "2024-05-31T10:48:59.996724Z"}
{"index": 878, "data": -0.00943067530170083, "create_time": "2024-05-31T10:49:00.834657Z"}
{"index": 879, "data": -0.006854852807009593, "create_time": "2024-05-31T10:49:01.693705Z"}
{"index": 880, "data": -0.006937959720380605, "create_time": "2024-05-31T10:49:02.557633Z"}
{"index": 881, "data": -0.008342623809585347, "create_time": "2024-05-31T10:49:03.389441Z"}
{"index": 882, "data": -0.00933992702048272, "create_time": "2024-05-31T10:49:04.213569Z"}
{"index": 883, "data": -0.006893097201827914, "create_time": "2024-05-31T10:49:05.116311Z"}
{"index": 884, "data": -0.006372554344125092, "create_time": "2024-05-31T10:49:05.920886Z"}
{"index": 885, "data": -0.005346777918748558, "create_time": "2024-05-31T10:49:06.743089Z"}
{"index": 886, "data": -0.005626614554785192, "create_time": "2024-05-31T10:49:07.641255Z"}
{"index": 887, "data": -0.00535292339800435, "create_time": "2024-05-31T10:49:08.511402Z"}
{"index": 888, "data": -0.007438778679352253, "create_time": "2024-05-31T10:49:09.422690Z"}
{"index": 889, "data": -0.005673630085948389, "create_time": "2024-05-31T10:49:10.301149Z"}
{"index": 890, "data": -0.008065655862446874, "create_time": "2024-05-31T10:49:11.208556Z"}
{"index": 891, "data": -0.006092021329095587, "create_time": "2024-05-31T10:49:12.028377Z"}
{"index": 892, "data": -0.007766255218302831, "create_time": "2024-05-31T10:49:12.915870Z"}
{"index": 893, "data": -0.00832896340143634, "create_time": "2024-05-31T10:49:13.740183Z"}
{"index": 894, "data": -0.007060237100813538, "create_time": "2024-05-31T10:49:14.613262Z"}
{"index": 895, "data": -0.0076060400213464165, "create_time": "2024-05-31T10:49:15.454044Z"}
{"index": 896, "data": -0.00660424602101557, "create_time": "2024-05-31T10:49:16.301664Z"}
{"index": 897, "data": -0.006711555088986643, "create_time": "2024-05-31T10:49:17.155418Z"}
{"index": 898, "data": -0.00789050990533724, "create_time": "2024-05-31T10:49:17.960079Z"}
{"index": 899, "data": -0.0064613725349772725, "create_time": "2024-05-31T10:49:18.847401Z"}
{"index": 900, "data": -0.0062697069835849105, "create_time": "2024-05-31T10:49:19.683277Z"}
{"index": 901, "data": -0.008148042613174766, "create_time": "2024-05-31T10:49:20.518899Z"}
{"index": 902, "data": -0.0062344225938431915, "create_time": "2024-05-31T10:49:21.423890Z"}
{"index": 903, "data": -0.008167343866080045, "create_time": "2024-05-31T10:49:22.285795Z"}
{"index": 904, "data": -0.00945459499489516, "create_time": "2024-05-31T10:49:23.190442Z"}
{"index": 905, "data": -0.0070854275050805885, "create_time": "2024-05-31T10:49:24.131312Z"}
{"index": 906, "data": -0.004817947975243442, "create_time": "2024-05-31T10:49:24.922408Z"}
{"index": 907, "data": -0.009316905040759594, "create_time": "2024-05-31T10:49:25.781199Z"}
{"index": 908, "data": -0.008672081717668334, "create_time": "2024-05-31T10:49:26.598017Z"}
{"index": 909, "data": -0.008618928235955536, "create_time": "2024-05-31T10:49:27.419001Z"}
{"index": 910, "data": -0.008021150069544092, "create_time": "2024-05-31T10:49:28.294434Z"}
{"index": 911, "data": -0.005539755098288879, "create_time": "2024-05-31T10:49:29.098447Z"}
{"index": 912, "data": -0.00924733520951122, "create_time": "2024-05-31T10:49:30.057423Z"}
{"index": 913, "data": -0.008134572120616213, "create_time": "2024-05-31T10:49:30.967054Z"}
{"index": 914, "data": -0.004530095861991867, "create_time": "2024-05-31T10:49:31.893611Z"}
{"index": 915, "data": -0.006169804069213569, "create_time": "2024-05-31T10:49:32.706451Z"}
{"index": 916, "data": -0.00563715141324792, "create_time": "2024-05-31T10:49:33.582792Z"}
{"index": 917, "data": -0.007082686753710732, "create_time": "2024-05-31T10:49:34.407712Z"}
{"index": 918, "data": -0.0022139983193483204, "create_time": "2024-05-31T10:49:35.302815Z"}
{"index": 919, "data": -0.007737370143877343, "create_time": "2024-05-31T10:49:36.089387Z"}
{"index": 920, "data": -0.007046279332462291, "create_time": "2024-05-31T10:49:36.913979Z"}
{"index": 921, "data": -0.004019393923226744, "create_time": "2024-05-31T10:49:37.761895Z"}
{"index": 922, "data": -0.007255632818487357, "create_time": "2024-05-31T10:49:38.595074Z"}
{"index": 923, "data": -0.007891734022996389, "create_time": "2024-05-31T10:49:39.433942Z"}
{"index": 924, "data": -0.005942626987234689, "create_time": "2024-05-31T10:49:40.247167Z"}
{"index": 925, "data": -0.007293750415556133, "create_time": "2024-05-31T10:49:41.157297Z"}
{"index": 926, "data": -0.007418618677183986, "create_time": "2024-05-31T10:49:42.028934Z"}
{"index": 927, "data": -0.008782946490100585, "create_time": "2024-05-31T10:49:42.802406Z"}
{"index": 928, "data": -0.008181848260574043, "create_time": "2024-05-31T10:49:43.678559Z"}
{"index": 929, "data": -0.007116388272697805, "create_time": "2024-05-31T10:49:44.548568Z"}
{"index": 930, "data": -0.007360163581324741, "create_time": "2024-05-31T10:49:45.364154Z"}
{"index": 931, "data": -0.005810851376736537, "create_time": "2024-05-31T10:49:46.157574Z"}
{"index": 932, "data": -0.007519756956025958, "create_time": "2024-05-31T10:49:47.059060Z"}
{"index": 933, "data": -0.005227965582162142, "create_time": "2024-05-31T10:49:47.892263Z"}
{"index": 934, "data": -0.007958797152969054, "create_time": "2024-05-31T10:49:48.726400Z"}
{"index": 935, "data": -0.007749505352694541, "create_time": "2024-05-31T10:49:49.647683Z"}
{"index": 936, "data": -0.006116679680417292, "create_time": "2024-05-31T10:49:50.523164Z"}
{"index": 937, "data": -0.005305588440387509, "create_time": "2024-05-31T10:49:51.390472Z"}
{"index": 938, "data": -0.006827231115312316, "create_time": "2024-05-31T10:49:52.216089Z"}
{"index": 939, "data": -0.006288017943734303, "create_time": "2024-05-31T10:49:53.087069Z"}
{"index": 940, "data": -0.005175136186880991, "create_time": "2024-05-31T10:49:53.977791Z"}
{"index": 941, "data": -0.007922252651769667, "create_time": "2024-05-31T10:49:54.874241Z"}
{"index": 942, "data": -0.006764214563463611, "create_time": "2024-05-31T10:49:55.748484Z"}
{"index": 943, "data": -0.006685284960258287, "create_time": "2024-05-31T10:49:56.547262Z"}
{"index": 944, "data": -0.006201327031885739, "create_time": "2024-05-31T10:49:57.343156Z"}
{"index": 945, "data": -0.007109672794467769, "create_time": "2024-05-31T10:49:58.121035Z"}
{"index": 946, "data": -0.008206030279689002, "create_time": "2024-05-31T10:49:58.931305Z"}
{"index": 947, "data": -0.007998455231427216, "create_time": "2024-05-31T10:49:59.728023Z"}
{"index": 948, "data": -0.006619578937534243, "create_time": "2024-05-31T10:50:00.585798Z"}
{"index": 949, "data": -0.005231125885620714, "create_time": "2024-05-31T10:50:01.427469Z"}
{"index": 950, "data": -0.005216460622614249, "create_time": "2024-05-31T10:50:02.253512Z"}
{"index": 951, "data": -0.00800486242515035, "create_time": "2024-05-31T10:50:03.066336Z"}
{"index": 952, "data": -0.007458032682188786, "create_time": "2024-05-31T10:50:03.960338Z"}
{"index": 953, "data": -0.004748193535488099, "create_time": "2024-05-31T10:50:04.723751Z"}
{"index": 954, "data": -0.008841347707493697, "create_time": "2024-05-31T10:50:05.521289Z"}
{"index": 955, "data": -0.007063291047234088, "create_time": "2024-05-31T10:50:06.374085Z"}
{"index": 956, "data": -0.006898129344335757, "create_time": "2024-05-31T10:50:07.160519Z"}
{"index": 957, "data": -0.007177104754373431, "create_time": "2024-05-31T10:50:08.078402Z"}
{"index": 958, "data": -0.007890548938303255, "create_time": "2024-05-31T10:50:08.895620Z"}
{"index": 959, "data": -0.007940442550170701, "create_time": "2024-05-31T10:50:09.721396Z"}
{"index": 960, "data": -0.007322052062954753, "create_time": "2024-05-31T10:50:10.492638Z"}
{"index": 961, "data": -0.008881913042569068, "create_time": "2024-05-31T10:50:11.261675Z"}
{"index": 962, "data": -0.00824587096576579, "create_time": "2024-05-31T10:50:12.023116Z"}
{"index": 963, "data": -0.005742780052241869, "create_time": "2024-05-31T10:50:12.795540Z"}
{"index": 964, "data": -0.0052415109588764604, "create_time": "2024-05-31T10:50:13.563998Z"}
{"index": 965, "data": -0.006848285542218946, "create_time": "2024-05-31T10:50:14.323997Z"}
{"index": 966, "data": -0.0043463188339956105, "create_time": "2024-05-31T10:50:15.080400Z"}
{"index": 967, "data": -0.00701619699539151, "create_time": "2024-05-31T10:50:15.851007Z"}
{"index": 968, "data": -0.00652240233230259, "create_time": "2024-05-31T10:50:16.628385Z"}
{"index": 969, "data": -0.002023763125180267, "create_time": "2024-05-31T10:50:17.407819Z"}
{"index": 970, "data": -0.007898725876293611, "create_time": "2024-05-31T10:50:18.204117Z"}
{"index": 971, "data": -0.005837018767488189, "create_time": "2024-05-31T10:50:19.108195Z"}
{"index": 972, "data": -0.006677151971962303, "create_time": "2024-05-31T10:50:19.923944Z"}
{"index": 973, "data": -0.00876855630922364, "create_time": "2024-05-31T10:50:20.801675Z"}
{"index": 974, "data": -0.008592859683267307, "create_time": "2024-05-31T10:50:21.702569Z"}
{"index": 975, "data": -0.0046182258680346425, "create_time": "2024-05-31T10:50:22.511831Z"}
{"index": 976, "data": -0.007371011062059551, "create_time": "2024-05-31T10:50:23.325256Z"}
{"index": 977, "data": -0.006834023765986785, "create_time": "2024-05-31T10:50:24.204485Z"}
{"index": 978, "data": -0.006694211560534314, "create_time": "2024-05-31T10:50:25.088892Z"}
{"index": 979, "data": -0.007190994662232697, "create_time": "2024-05-31T10:50:25.994205Z"}
{"index": 980, "data": -0.008539859321899712, "create_time": "2024-05-31T10:50:26.865676Z"}
{"index": 981, "data": -0.007062582537764683, "create_time": "2024-05-31T10:50:27.702755Z"}
{"index": 982, "data": -0.006309976748889312, "create_time": "2024-05-31T10:50:28.564459Z"}
{"index": 983, "data": -0.004018036153865978, "create_time": "2024-05-31T10:50:29.367356Z"}
{"index": 984, "data": -0.00840156159028993, "create_time": "2024-05-31T10:50:30.278246Z"}
{"index": 985, "data": -0.006301201409951318, "create_time": "2024-05-31T10:50:31.193102Z"}
{"index": 986, "data": -0.0024013277230551465, "create_time": "2024-05-31T10:50:32.110756Z"}
{"index": 987, "data": -0.006987310771364719, "create_time": "2024-05-31T10:50:32.954994Z"}
{"index": 988, "data": -0.008515175024513155, "create_time": "2024-05-31T10:50:33.823338Z"}
{"index": 989, "data": -0.004315111128380522, "create_time": "2024-05-31T10:50:34.726309Z"}
{"index": 990, "data": -0.002636064641410485, "create_time": "2024-05-31T10:50:35.631258Z"}
{"index": 991, "data": -0.008319882693467662, "create_time": "2024-05-31T10:50:36.486788Z"}
{"index": 992, "data": -0.006312672840431332, "create_time": "2024-05-31T10:50:37.275614Z"}
{"index": 993, "data": -0.008611590149484982, "create_time": "2024-05-31T10:50:38.174705Z"}
{"index": 994, "data": -0.00728600528818788, "create_time": "2024-05-31T10:50:39.038976Z"}
{"index": 995, "data": -0.00671867358032614, "create_time": "2024-05-31T10:50:39.836988Z"}
{"index": 996, "data": -0.006275640684179962, "create_time": "2024-05-31T10:50:40.647752Z"}
{"index": 997, "data": -0.005482987659343052, "create_time": "2024-05-31T10:50:41.415523Z"}
{"index": 998, "data": -0.006925782369216904, "create_time": "2024-05-31T10:50:42.229280Z"}
{"index": 999, "data": -0.005304527697444428, "create_time": "2024-05-31T10:50:43.039212Z"}
