swanlab: \ Creating experiment...                                                                                                    swanlab:Tracking run with swanlab version 0.3.0
swanlab:Run data will be saved locally in /home/aaron/Aaron/projects/QRC/legged_gym/legged_gym/scripts/swanlog/run-20240501_213957-87a6476e
swanlab:👋 Hi Aaron, welcome to swanlab!
swanlab:Syncing run exp_May01_21-39-57 to the cloud
swanlab:🌟 Run `swanlab watch -l /home/aaron/Aaron/projects/QRC/legged_gym/legged_gym/scripts/swanlog` to view SwanLab Experiment Dashboard locally
swanlab:🏠 View project at https://dev101.swanlab.cn/@Aaron/parkour_new
swanlab:🚀 View run at https://dev101.swanlab.cn/@Aaron/parkour_new/runs/fkzoyfjjxtwtgs8o7144y
Setting seed: 1
********************************************************************************
Start creating ground...
Converting heightmap to trimesh...
Created 1140800 vertices
Created 2277282 triangles
Adding trimesh to simulation...
Trimesh added
Finished creating ground. Time taken 3.33 s
********************************************************************************
force sensors set at: ['base', 'FL_hip', 'FL_thigh', 'FL_calf', 'FL_foot', 'FR_hip', 'FR_thigh', 'FR_calf', 'FR_foot', 'Head_upper', 'RL_hip', 'RL_thigh', 'RL_calf', 'RL_foot', 'RR_hip', 'RR_thigh', 'RR_calf', 'RR_foot']
Creating env...
swanlab:Error happened while training
swanlab: \ Waiting for uploading completeswanlab: | Waiting for uploading completeswanlab: / Waiting for uploading completeswanlab: - Waiting for uploading completeswanlab: \ Waiting for uploading completeswanlab: | Waiting for uploading complete                                                                                                    swanlab: \ Updating experiment status...                                                                                                    